मीणा	NNP	2	k1
कहा	VM	0	main
कि	CC	2	k2
परत	NN	5	r6
सुरक्षा	NN	7	rt
प्रयास	NN	7	pof
किये	VM	3	ccof
।	SYM	2	rsym

सालों	NN	11	rh
परत	NN	4	k2
नुकसान	NN	4	pof
पहुँचाने	VM	5	nmod
उत्पादों	NN	6	ccof
तथा	CC	11	k2
क्षीर्ण	JJ	8	pof
करने	VM	9	nmod
तत्वों	NN	6	ccof
खत्म	JJ	11	pof
किया	VM	0	main
।	SYM	11	rsym

इसमें	PRP	8	k7
सरकारी	JJ	3	ccof
तथा	CC	5	nmod
सरकारी	JJ	3	ccof
क्षेत्रों	NN	6	r6
भूमिका	NN	8	k1
महत्वपूर्ण	JJ	8	k1s
रही	VM	0	main
।	SYM	8	rsym

अवसर	NN	12	k7
उन्होंने	PRP	12	k1
वनों	NN	4	ccof
एवं	CC	6	r6
भूमि	NN	4	ccof
विकास	NN	12	rt
लोगों	NN	8	ccof
और	CC	12	k4
संस्थाओं	NN	8	ccof
पुरस्कार	NNP	12	k2
प्रदान	NN	12	pof
किए	VM	0	main
।	SYM	12	rsym

परत	NN	2	r6
संरक्षण	NN	4	rt
दिवस	NN	4	k2
मनाया	VM	0	main
।	SYM	4	rsym

अवसर	NN	6	k7
मीणा	NNP	6	k1
2002	NNP	6	rt
लोगों	NN	6	k4
NULL	NN	6	pof
NULL	VM	7	ccof
तथा	CC	12	ccof
2003	NNP	11	rt
लोगों	NN	11	k4
NULL	NN	11	pof
NULL	VM	12	ccof
तथा	CC	0	main
संस्थाओं	NN	16	k4
पुरस्कार	NNP	16	k2
प्रदान	NN	16	pof
किये	VM	12	ccof
।	SYM	12	rsym

पुरस्कार	NN	2	k2
पाने	VM	7	k7
उन्नाव	NNP	4	r6
कर्मचारी	NN	5	nmod
वाजपेयी	NNP	7	k1
शामिल	JJ	7	k1s
हैं	VM	0	main
।	SYM	7	rsym

उन्होंने	PRP	6	k1
क्षेत्र	NN	4	k7p
पौधे	NN	4	k2
लगाने	VM	5	r6
कार्य	NN	6	k2
किया	VM	0	main
।	SYM	6	rsym

पुरस्कार	NN	6	k7
नक़द	NN	3	ccof
और	CC	6	k2
पत्र	NN	3	ccof
प्रदान	NN	6	pof
किये	VM	0	main
।	SYM	6	rsym

इसके	PRP	6	vmod
विज्ञान	NN	6	rt
नरेंद्रन	NNP	6	k4
2004	NNP	6	k2
प्रदान	NN	6	pof
किया	VM	0	main
।	SYM	6	rsym

जबलपुर	NNP	2	r6
जमालुद्दीन	NNP	3	ccof
और	CC	6	k4
राव	NNP	3	ccof
पुरस्कार	NN	6	pof
दिया	VM	0	main
।	SYM	6	rsym

उत्तरांचल	NNP	7	k7p
संसाधनों	NN	3	r6
प्रबंधन	NN	7	rt
पुरोहित	NNP	7	k2
2003	NNP	7	k7a
सम्मानित	JJ	7	pof
किया	VM	0	main
।	SYM	7	rsym

लोगों	NN	4	k4
पुरस्कार	NN	4	k2
प्रदान	NN	4	pof
किया	VM	0	root
जिनमें	PRP	12	k7
लाल	NNP	8	ccof
लाल	NNP	8	ccof
तथा	CC	10	ccof
जर्याल	NNP	10	ccof
तथा	CC	12	k1
उनियाल	NNP	10	ccof
NULL	VM	0	root
NULL	CC	0	root
2004	NNP	23	rt
पुरस्कार	NN	23	k2
गुर्जर	NNP	21	ccof
जाट	NNP	21	ccof
मित्तल	NNP	21	ccof
अग्रवाल	NNP	21	ccof
ओझा	NNP	21	ccof
तथा	CC	23	k4
राणा	NNP	21	ccof
दिया	VM	13	ccof
।	SYM	13	rsym

