प्रकरण	NN	2	r6
समाधान	NN	7	rt
बोर्ड	NNP	7	vmod
प्रस्तावों	NN	7	k7a
बातचीत	NN	6	r6-k1
तैयारी	NN	7	pof
है	VM	0	main
।	SYM	7	rsym

पीठ	NNP	2	r6
शंकराचार्य	NN	3	nmod
सरस्वती	NNP	8	k1
समाधान	NN	8	rt
पुनः	RB	8	adv
प्रयास	NN	8	k2
आरंभ	NN	8	pof
कर	VM	0	main
।	SYM	8	rsym

विवाद	NN	2	r6
हल	NN	5	rt
समिति	NNP	4	r6-k2
गठन	NN	5	pof
किया	VM	0	main
।	SYM	5	rsym

बोर्ड	NN	9	ras-k1
बातचीत	NN	9	rt
प्रस्ताव	NN	9	k7
चर्चा	NN	9	k4
अयोध्या	NNP	9	k7p
माह	NN	7	r6
हफ्ते	NN	9	k7t
बैठक	NN	9	pof
होने	VM	0	main
।	SYM	9	rsym

केंद्र	NNP	9	k7
सरकार	NN	3	r6
गठन	NN	9	vmod
विवाद	NN	5	r6
समाधान	NN	9	rt
सिरे	NN	9	adv
प्रयास	NN	9	k1
शुरू	NN	9	pof
हो	VM	0	main
।	SYM	9	rsym

बार	NN	8	k7t
इसकी	PRP	3	r6
कमान	NN	8	k1
कामिकोटि	NNP	5	r6
शंकराचार्य	NN	6	nmod
सरस्वती	NNP	7	r6
हाथ	NN	8	k1s
है	VM	0	main
।	SYM	8	rsym

शंकराचार्य	NN	27	k1
जून	NNP	3	r6
सप्ताह	NN	4	r6
अपने	PRP	5	r6
प्रवास	NN	27	k7t
राष्ट्रों	NN	7	r6
राजदूतों	NN	19	ccof
गांधी	NNP	19	ccof
वाजपेयी	NNP	19	ccof
प्रधानमंत्री	NNP	19	ccof
लोकसभा	NN	12	nmod
प्रतिपक्ष	NN	19	ccof
मंत्रीगण	NN	19	ccof
नरसिंहाराव	NNP	19	ccof
न्यायालय	NNP	16	r6
न्यायाधीश	NN	17	nmod
मिश्र	NNP	19	ccof
कृष्णामूर्ति	NNP	19	ccof
NULL	CC	27	ras-k2
विहिप	NNP	21	r6
अध्यक्ष	NN	22	nmod
सिंघल	NNP	19	ccof
लोगों	NN	27	k2
प्रकरण	NN	25	r6
समाधान	NN	27	k7
बातचीत	NN	27	pof
की	VM	0	main
।	SYM	27	rsym

शंकराचार्य	NN	0	r6-k1
लोगों	NN	0	vmod
सामने	NST	0	k7
बात	NN	0	pof
हो	VM	0	nmod__relc
उनसे	PRP	0	k2
दूरभाष	NN	0	k7
संपर्क	NN	0	pof
करके	VM	0	vmod
प्रकरण	NN	0	r6
समाधान	NN	13	k7
योगदान	NN	13	pof
देने	VM	14	rt
कहा	VM	0	main
।	SYM	14	rsym

इनमें	PRP	16	k7
कमेटी	NNP	3	r6
संयोजक	NN	4	nmod
जिलानी	NNP	13	ccof
न्यास	NNP	6	r6
अध्यक्ष	NN	7	nmod
दास	NNP	13	ccof
अखाड़े	NNP	9	nmod
भाष्करदास	NNP	13	ccof
उनके	PRP	11	nmod
अधिवक्ता	NN	12	nmod
वर्मा	NNP	13	ccof
NULL	CC	16	k1
पीठाधीश्वर	NN	15	nmod
अवैद्यनाथ	NNP	13	ccof
हैं	VM	0	main
।	SYM	16	rsym

विवाद	NN	2	r6
समाधान	NN	9	rt
लगातार	RB	9	adv
बातचीत	NN	5	r6
दौर	NN	6	ccof
और	CC	9	k2
संपर्क	NN	6	ccof
जारी	JJ	9	pof
रखने	VM	12	rt
समिति	NNP	11	r6-k2
गठन	NN	12	pof
किया	VM	0	main
।	SYM	12	rsym

समिति	NN	6	k1
शंकराचार्य	NN	3	r6
निर्देश	NN	6	k7
कार्यो	NN	5	r6-k2
निष्पादन	NN	6	pof
करेगी	VM	0	main
।	SYM	6	rsym

इसमें	PRP	21	k7
सदस्य	NN	21	k7
अयोध्या	NNP	4	nmod
मिश्र	NNP	13	ccof
फैजाबाद	NNP	6	nmod
खान	NNP	13	ccof
चेन्नई	NNP	10	nmod
शंकराचार्य	NN	9	r6
सचिव	NN	10	nmod
सुंदर	NNP	13	ccof
अहमदाबाद	NNP	12	nmod
सिंघल	NNP	13	ccof
व	CC	21	k2
दिल्ली	NNP	19	nmod
ट्रस्ट	NNP	16	r6
अध्यक्ष	NN	17	ccof
व	CC	19	nmod
न्यासी	NN	17	ccof
रिजवी	NNP	13	ccof
नामित	JJ	21	pof
किए	VM	0	main
।	SYM	21	rsym

रिजवी	NNP	4	k1
समिति	NN	3	r6
संयोजक	NN	4	k1s
बनाए	VM	0	main
।	SYM	4	rsym

रिजवी	NNP	5	k1
समिति	NN	3	r6
गठन	NN	4	r6-k2
पुष्टि	NN	5	pof
की	VM	0	main
।	SYM	5	rsym

रिजवी	NNP	2	k1
बताया	VM	0	main
कि	CC	2	k2
समिति	NN	9	k1
अब	PRP	9	k7t
प्रकरण	NN	7	r6
समाधान	NN	9	rt
चक्र	NN	9	k2
चलाया	VM	3	ccof
।	SYM	2	rsym

ही	RP	5	sent-adv
शंकराचार्य	NN	5	k4
वस्तुस्थिति	NN	5	k2
अवगत	JJ	5	pof
कराया	VM	0	main
।	SYM	5	rsym

उन्होंने	PRP	2	k1
बताया	VM	0	main
कि	CC	2	k2
दलों	NN	5	r6
नेताओं	NN	24	ras-k1
शंकराचार्य	NN	24	k1
संगठन	NNP	8	r6
अध्यक्ष	NN	9	nmod
इलियासी	NNP	19	ccof
इंडिया	NNP	11	r6
अध्यक्ष	NN	12	nmod
मजहरी	NNP	19	ccof
मौलाना	NN	14	nmod
रुशेद	NNP	19	ccof
फैजाबाद	NNP	16	r6
पदाधिकारी	NN	17	nmod
देवबंद	NNP	18	nmod
अंसारी	NNP	19	ccof
,	SYM	24	ras-k1
कांफ्रेंस	NNP	21	nmod
सुल्तान	NNP	19	ccof
मौलानाओं	NN	24	ras-k1
विमर्श	NN	24	pof
किया	VM	3	ccof
।	SYM	2	rsym

विवाद	NN	2	r6
हल	NN	7	rt
सिरे	NN	7	adv
बोर्ड	NNP	7	ras-k1
बातचीत	NN	6	r6
रणनीति	NN	7	k1
है	VM	0	main
।	SYM	7	rsym

इसके	PRP	5	rt
प्रस्ताव	NN	5	k7
चर्चा	NN	5	k2
शुरू	NN	5	pof
होने	VM	0	main
।	SYM	5	rsym

प्रस्ताव	NN	4	k1
२००४	NNP	4	k7t
तैयार	JJ	4	pof
हो	VM	5	r6
उम्मीद	NN	6	k1
है	VM	0	main
।	SYM	6	rsym

इसकी	PRP	2	r6
बैठक	NN	7	k1
जून	NNP	4	r6
सप्ताह	NN	7	k7t
अयोध्या	NNP	7	k7p
आयोजित	JJ	7	pof
होगी	VM	0	main
।	SYM	7	rsym

इसकी	PRP	2	r6-k2
पुष्टि	NN	6	pof
समिति	NN	4	r6
संयोजक	NN	5	nmod
रिजवी	NNP	6	k1
करते	VM	0	main
।	SYM	6	rsym

रिजवी	NNP	2	k1
बताते	VM	0	main
कि	CC	2	k2
प्रस्ताव	NN	7	k7
पक्षों	NN	7	k2
विमर्श	NN	7	pof
किया	VM	8	ccof
तथा	CC	3	ccof
तौर	NN	17	k7
महाराज	NN	11	ccof
और	CC	17	k1
बोर्ड	NNP	13	r6
अध्यक्ष	NN	14	nmod
साहब	NNP	11	ccof
प्रस्ताव	NN	17	k7
निर्णय	NN	17	pof
करेंगे	VM	8	ccof
।	SYM	2	rsym

वह	PRP	2	k1
बताते	VM	0	main
कि	CC	2	k2
समिति	NN	7	k1
शंकराचार्य	NN	7	rd
उत्तरदायी	JJ	7	pof
होगी	VM	3	ccof
।	SYM	2	rsym

यह	PRP	0	k1
सरकार	NNP	0	ccof
अथवा	CC	0	k7
स्तर	NN	0	ccof
तभी	PRP	0	k7t
संपर्क	NN	0	pof
करेगी	VM	0	main
जब	PRP	0	k7t
शंकराचार्य	NN	0	rd
उनके	PRP	0	r6
सचिव	NN	0	k1
तौर	NN	0	k7
सूचित	JJ	0	pof
करेंगे	VM	0	nmod__relc
।	SYM	0	rsym

रिजवी	NNP	2	k1
बताया	VM	0	main
कि	CC	2	k2
२००४	NNP	9	k7t
दिल्ली	NNP	6	r6
भवन	NNP	9	k7p
सम्मेलन	NN	9	k2
आयोजित	JJ	9	pof
किया	VM	3	ccof
।	SYM	2	rsym

इसकी	PRP	2	r6-k2
अध्यक्षता	NN	4	pof
शंकराचार्य	NN	4	k1
करेंगे	VM	0	main
।	SYM	4	rsym

सम्मेलन	NN	6	k7
प्रकरण	NN	3	ras-k1
जुड़े	VM	4	nmod__k1inv
पक्षों	NN	6	k2
आमंत्रित	JJ	6	pof
किया	VM	0	main
।	SYM	6	rsym

प्रस्ताव	NN	4	k2
सम्मेलन	NN	4	k7
पारित	JJ	4	pof
करवाकर	VM	8	vmod
उसे	PRP	8	k2
सिंह	NNP	8	k4
आशय	NN	8	vmod
सौंपा	VM	0	main
कि	CC	8	k2s
सरकार	NNP	15	k1
न्यायालय	NNP	15	k7p
याचिका	NN	15	k7
प्रक्रिया	NN	15	k2
सुनिश्चित	JJ	15	pof
कर	VM	9	ccof
।	SYM	8	rsym

उन्होंने	PRP	3	k1
साफ	JJ	3	pof
किया	VM	0	main
कि	CC	3	k2
विषयक	NN	6	r6
जानकारी	NN	14	rt
शंकराचार्य	NN	8	r6
सचिव	NN	9	nmod
सुंदर	NNP	10	ccof
व	CC	14	k1
समिति	NN	12	r6
सदस्यगण	NN	10	ccof
प्रवक्ता	NN	14	k1s
हैं	VM	4	ccof
।	SYM	3	rsym

