सरकार	NN	10	k1
वर्ष	NN	10	k7t
क्षेत्र	NN	4	r6
उपक्रमों	NN	9	r6-k2
पीएसयू	NN	4	rs
की	PSP	4	fragof
रुपये	NN	8	r6
विनिवेश	NN	9	r6-k2
घोषणा	NN	10	pof
की	VM	0	main
।	SYM	10	rsym

सरकार	NN	7	k1
०४	NNP	3	r6
करोड़	QC	4	r6
लक्ष्य	NN	7	k7
करोड़	QC	6	r6-k2
कटौती	NN	7	pof
की	VM	0	main
।	SYM	7	rsym

चिदंबरम	NNP	5	k1
बृहस्पतिवार	NNP	5	k7t
अपने	PRP	4	r6
भाषण	NN	5	k7
कहा	VM	0	main
कि	CC	5	k2
विनिवेश	NN	8	ccof
और	CC	11	k1
निजीकरण	NN	8	ccof
उपकरण	NN	11	k1s
हैं	VM	6	ccof
।	SYM	5	rsym

उन्होंने	PRP	2	k1
कहा	VM	0	main
कि	CC	2	k2
अपनी	PRP	5	r6
नीतियों	NN	10	k7a
वह	PRP	10	k1
स्थितियों	NN	10	k7
उपकरण	NN	9	r6-k2
उपयोग	NN	10	pof
करेंगे	VM	3	ccof
।	SYM	2	rsym

चिदंबरम	NNP	10	k1
क्षेत्र	NN	3	r6
उपक्रमों	NN	4	r6
पुनर्गठन	NN	10	rt
बोर्ड	NN	8	r6
बीआरपीएसई	NNP	5	rs
के	PSP	5	fragof
गठन	NN	9	r6-k2
ऐलान	NN	10	pof
किया	VM	0	main
।	SYM	10	rsym

बोर्ड	NN	9	k1
सरकार	NN	9	k4
क्षेत्र	NN	4	r6
इकाइयों	NN	5	ccof
और	CC	9	k7
कार्यक्रमों	NN	5	ccof
सरकार	NN	9	vmod
सलाह	NN	9	pof
देगा	VM	0	main
।	SYM	9	rsym

सलाहों	NN	9	k7
हालात	NN	3	r6
आधार	NN	9	k7
विनिवेश	NN	6	ccof
बंदी	NN	6	ccof
फिर	CC	9	k2
बिक्री	NN	8	r6
विकल्प	NN	6	ccof
खुले	VM	0	main
।	SYM	9	rsym

साल	NN	4	k7t
निजीकरण	NN	4	k7
मंत्री	NNP	4	k1
कहा	VM	0	main
कि	CC	4	k2
ही	RP	16	k7t
सेबी	NNP	8	r6
रेख	NN	16	k7
सरकार	NN	10	r6
निगाह	NN	16	k1
फिलहाल	RB	16	adv
एनटीपीसी	NNP	13	r6
शेयरों	NN	14	r6
बिक्री	NN	15	r6
लक्ष्य	NN	16	k7
है	VM	5	ccof
।	SYM	4	rsym

सरकार	NN	2	r6
हिस्से	NN	3	r6
शेयरों	NN	4	r6
कीमत	NN	5	k2
वसूलने	VM	6	ccof
और	CC	21	rt
मंदी	NN	8	r6
असर	NN	10	k2
कम	QF	10	pof
करने	VM	6	ccof
सरकार	NN	21	k1
एनटीपीसी	NNP	13	r6
इश्यू	NN	16	k7
अपनी	PRP	15	r6
पकड़	NN	16	k2
बनाए	VM	21	vmod
अपने	PRP	18	r6
शेयरों	NN	19	r6
फीसदी	NN	21	k2
विनिवेश	NN	21	pof
कर	VM	0	main
।	SYM	21	rsym

चिदंबरम	NNP	2	k1
कहा	VM	0	main
कि	CC	2	k2
वर्ष	NN	9	k7t
ये	PRP	6	ccof
और	CC	9	k1
मामले	NN	6	ccof
विचाराधीन	JJ	9	k1s
हैं	VM	10	nmod__relc
उनसे	PRP	14	k5
रुपये	NN	12	r6
उगाही	NN	13	r6
उम्मीद	NN	14	k1
है	VM	3	ccof
।	SYM	2	rsym

मंत्री	NNP	2	k1
कहा	VM	0	main
कि	CC	2	k2
निजीकरण	NN	12	vmod
सरकार	NN	12	k1
क्षेत्र	NN	7	r6
उपक्रमों	NN	10	k7
अपना	PRP	9	r6-k2
नियंत्रण	NN	10	pof
रखने	VM	12	rd
दृढ़	JJ	12	k1s
है	VM	3	ccof
।	SYM	2	rsym

उन्होंने	PRP	2	k1
कहा	VM	0	main
कि	CC	2	k2
जहाँ	PRP	8	k7t
पीएसयू	NN	8	k7
नियंत्रण	NN	8	k1
क़ायम	JJ	8	k1s
है	VM	9	ccof
और	CC	3	ccof
क्षेत्र	NN	11	r6
विशेषताओं	NN	13	k7
असर	NN	13	pof
पड़ता	VM	9	ccof
।	SYM	2	rsym

सरकार	NN	8	k1
अपने	PRP	3	r6
हिस्से	NN	4	r6
शेयरों	NN	8	k3
लोगों	NN	6	r6
आवश्यकताओं	NN	8	rt
सूत्र	NN	8	k2
बनाएगी	VM	0	main
।	SYM	8	rsym

उन्होंने	PRP	0	k1
क्षेत्र	NN	0	r6
उपक्रमों	NN	0	r6
बोर्ड	NN	0	k4
बीआरपीएसई	NNP	0	rs
से	PSP	0	fragof
कहा	VM	0	main
कि	CC	0	k2
मामले	NN	0	r6
उपयोगिता	NN	0	k2
परखा	VM	0	ccof
और	CC	0	ccof
तभी	PRP	0	k7t
कार्यक्रम	NNP	0	k7a
सीएमपी	NNP	0	rs
के	PSP	0	fragof
विनिवेश	NN	0	r6-k2
सिफारिश	NN	0	pof
की	VM	0	ccof
।	SYM	0	rsym

मंत्री	NNP	14	k1
सरकार	NN	3	r6
नीति	NN	5	k7
रोशनी	NN	5	pof
डालते	VM	14	vmod
लिमिटेड	NNP	7	ccof
और	CC	12	k4
इंडस्ट्री	NNP	7	ccof
आईटीआई	NNP	8	rs
को	PSP	8	fragof
पैकेज	NN	12	k2
देने	VM	13	r6-k2
घोषणा	NN	14	pof
की	VM	0	main
।	SYM	14	rsym

एंटीबायोटिक्स	NNP	4	k4
पुनर्गठन	NN	4	k7
सहायता	NN	4	k2
दी	VM	5	ccof
जबकि	CC	0	main
आईटीआई	NNP	7	k2
बचाने	VM	10	rt
रुपए	NN	9	r6
सहायता	NN	10	k2
दी	VM	5	ccof
।	SYM	5	rsym

चिदंबरम्	NNP	13	k1
वर्ष	NN	13	rt
रेलवे	NN	11	vmod
क्षेत्र	NN	5	r6
उपक्रमों	NN	11	rt
रुपए	NN	7	r6
सहायता	NN	8	ccof
और	CC	11	k2
करोड़	QC	10	r6
ऋण	NN	8	ccof
देने	VM	12	r6-k2
ऐलान	NN	13	pof
किया	VM	0	main
।	SYM	13	rsym

उन्होंने	PRP	2	k1
बताया	VM	0	main
कि	CC	2	k2
ऊर्जा	NN	10	ccof
दूरसंचार	NN	10	ccof
रेलवे	NN	10	ccof
सड़कें	NN	10	ccof
पेट्रोलियम	NN	10	ccof
कोयला	NN	10	ccof
और	CC	12	k7a
उड्डयन	NN	10	ccof
आने	VM	13	nmod
क्षेत्र	NNC	14	r6
उपक्रमों	NN	16	rt
निवेश	NN	16	pof
किए	VM	3	ccof
।	SYM	2	rsym

विनिवेश	NN	2	k5
मिलने	VM	3	nmod
धन	NN	4	r6
इस्तेमाल	NN	6	k7
मंत्री	NNP	6	k1
कहा	VM	0	main
कि	CC	6	k2
विनिवेश	NN	9	k5
मिलने	VM	10	nmod
राजस्व	NN	14	k1
सरकार	NNP	12	r6
कोष	NN	13	r6
हिस्सा	NN	14	k1s
होगा	VM	7	ccof
।	SYM	6	rsym

उन्होंने	PRP	2	k1
कहा	VM	0	main
कि	CC	2	k2
कोष	NN	5	r6-k2
इस्तेमाल	NN	9	pof
वर्ष	NN	7	nmod
०६	NNP	8	r6
बजट	NN	9	k7
NULL	VM	10	ccof
NULL	CC	3	ccof
राजस्व	NN	12	r6-k2
उपयोग	NN	14	pof
कार्यक्रमों	NN	14	k7
होगा	VM	10	ccof
।	SYM	2	rsym

