पाकिस्तान	NNP	2	r6
प्रधानमंत्री	NNP	3	nmod
शरीफ	NNP	7	k1
मुशर्रफ	NNP	5	r6
नीति	NN	6	r6-k2
आलोचना	NN	7	pof
की	VM	0	main
।	SYM	7	rsym

उन्होंने	PRP	2	k1
कहा	VM	0	main
कि	CC	2	k2
सरकार	NNP	5	r6
नीति	NN	10	rh
मुद्दा	NN	10	k1
पाकिस्तान	NNP	8	r6
हाथ	NN	10	k5
लगभग	RB	10	adv
निकल	VM	3	ccof
।	SYM	2	rsym

शरीफ	NNP	6	k1
जेद्दा	NNP	5	k7p
चैनल	NN	5	k4
बातचीत	NN	5	pof
करते	VM	6	vmod
कहा	VM	0	main
कि	CC	6	k2
उनकी	PRP	9	r6
सरकार	NN	14	k1
भारत	NNP	14	k2
भागीदार	NN	12	r6
हैसियत	NN	14	adv
बातचीत	NN	14	pof
करती	VM	15	ccof
लेकिन	CC	7	ccof
मुशर्रफ	NNP	17	r6
नीति	NN	19	k1
इसके	PRP	19	k1s
है	VM	15	ccof
।	SYM	6	rsym

मुशर्रफ	NNP	2	r6
नीति	NN	4	k1
लचर	JJ	4	k1s
रही	VM	0	main
।	SYM	4	rsym

पाकिस्तान	NNP	2	r6
नीति	NN	4	k7
अस्थिरता	NN	4	k1
है	VM	0	main
।	SYM	4	rsym

मुशर्रफ	NNP	4	k1
कभी	PRP	4	k7t
बयान	NN	4	k2
देते	VM	5	ccof
तो	CC	0	main
कभी	PRP	8	k7t
कुछ	PRP	8	k2
NULL	VM	5	ccof
।	SYM	5	rsym

इससे	PRP	5	rh
पाकिस्तान	NNP	3	r6
साख	NN	5	k1
कमजोर	JJ	5	pof
होती	VM	0	main
।	SYM	5	rsym

उन्होंने	PRP	9	k1
मुशर्रफ	NNP	9	k7
एजेंडा	NN	4	k2
बदलने	VM	5	ccof
और	CC	8	r6
पीछे	NST	7	pof
हटने	VM	5	ccof
आरोप	NN	9	k2
लगाया	VM	0	main
।	SYM	9	rsym

उन्होंने	PRP	2	k1
कहा	VM	0	main
कि	CC	2	k2
जब	PRP	8	k7t
उनकी	PRP	6	r6
पार्टी	NN	8	k1
सत्ता	NN	8	k7
थी	VM	9	nmod__relc
NULL	PRP	13	k7t
भारत	NNP	13	ras-k1
स्तर	NN	13	k7
बातचीत	NN	13	k1
होती	VM	3	ccof
।	SYM	2	rsym

उन्होंने	PRP	5	k1
चैनल	NN	4	k4
बातचीत	NN	4	pof
करते	VM	5	vmod
कहा	VM	0	main
कि	CC	5	k2
अमेरिका	NNP	8	r6
दबाव	NN	15	vmod
भारत	NNP	10	r6
परीक्षण	NN	11	r6
जवाब	NN	15	k7
उनकी	PRP	13	r6
सरकार	NN	15	k1
परीक्षण	NN	15	pof
किया	VM	6	ccof
।	SYM	5	rsym

अमेरिका	NNP	7	k1
तब	PRP	7	k7t
उन	PRP	7	k7
परीक्षण	NN	5	pof
करने	VM	7	rt
दबाव	NN	7	pof
बनाया	VM	8	ccof
लेकिन	CC	0	main
देश	NN	10	r6
चरित्र	NN	11	r6
रक्षा	NN	15	rt
उन्होंने	PRP	15	k1
दबाव	NN	14	r6-k2
अनदेखी	JJ	15	pof
की	VM	8	ccof
।	SYM	8	rsym

उन्होंने	PRP	0	k1
यह	PRP	0	k2
कहा	VM	0	main
कि	CC	0	rs
तब	PRP	0	k7t
प्रधानमंत्री	NNP	0	nmod
वाजपेयी	NNP	0	k1
खुद	PRP	0	nmod__emph
अपनी	PRP	0	r6
मर्जी	NN	0	adv
लाहौर	NNP	0	r6-k2
यात्रा	NN	0	pof
की	VM	0	ccof
और	CC	0	ccof
घोषणा	NNP	0	k7
हस्ताक्षर	NN	0	k1
हुआ	VM	0	ccof
।	SYM	0	rsym

इसमें	PRP	4	k7
समस्या	NN	3	r6
जिक्र	NN	4	k1
था	VM	0	main
।	SYM	4	rsym

शरीफ	NNP	2	k1
कहा	VM	0	main
कि	CC	2	k2
तब	PRP	7	k7t
वाजपेयी	NNP	7	k1
मुझसे	PRP	7	k4
कहा	VM	3	ccof
कि	CC	7	k2
वे	PRP	15	k1
१९९९	NNP	15	k2
समस्या	NN	12	r6
वर्ष	NN	15	k7
याद	NN	14	pof
करना	VM	15	k2s
चाहेंगे	VM	8	ccof
।	SYM	2	rsym

अब	PRP	5	k7t
स्थिति	NN	5	k1
बिल्कुल	RB	5	adv
अलग	JJ	5	k1s
है	VM	0	main
।	SYM	5	rsym

अब	PRP	4	k7t
मुशर्रफ	NNP	4	k1
बयान	NN	4	k2
देते	VM	5	ccof
और	CC	0	main
दिन	NN	8	k7t
उस	PRP	8	k7
पलट	VM	5	ccof
।	SYM	5	rsym

ऐसे	PRP	6	k7
कश्मीर	NNP	6	k7p
हमारा	PRP	4	r6
दृष्टिकोण	NN	6	k1
कमजोर	JJ	6	pof
हुआ	VM	7	ccof
और	CC	0	main
मुद्दा	NN	12	k1
तरह	NN	12	adv
हमारे	PRP	11	r6
हाथ	NN	12	k5
निकल	VM	7	ccof
।	SYM	7	rsym

शरीफ	NNP	0	k1
यह	PRP	0	k2
कहना	VM	0	k1
है	VM	0	main
कि	CC	0	rs
पाकिस्तान	NNP	0	r6
वैज्ञानिकों	NN	0	vmod
मुकदमा	NN	0	k2
चलाया	VM	0	k1
गलत	JJ	0	k1s
है	VM	0	ccof
।	SYM	0	rsym

उन्होंने	PRP	2	k1
कहा	VM	0	main
कि	CC	2	k2
इसके	PRP	12	k7
पाकिस्तान	NNP	6	ccof
और	CC	10	k2
उसके	PRP	8	r6
कार्यक्रम	NN	6	ccof
निशाना	NN	10	pof
बनाने	VM	11	r6
उद्देश्य	NN	12	k1
छिपा	VM	3	ccof
।	SYM	2	rsym

ऐसा	PRP	4	adv
पाकिस्तान	NNP	4	k1
दबाव	NN	4	k7
कर	VM	0	main
।	SYM	4	rsym

उन्होंने	PRP	4	k1
इससे	PRP	4	rt
इनकार	NN	4	pof
किया	VM	0	main
कि	CC	4	k2
अपने	PRP	7	r6
निर्वासन	NN	11	k7t
उन्होंने	PRP	11	k1
मुशर्रफ	NNP	11	ras-k1
सौदेबाजी	NN	11	pof
की	VM	5	ccof
।	SYM	4	rsym

उन्होंने	PRP	2	k1
कहा	VM	0	main
कि	CC	2	k2
मुशर्रफ	NNP	5	r6
सरकार	NN	10	k1
तब	PRP	10	k7t
सौदेबाजी	NN	8	pof
करने	VM	9	r6-k2
कोशिश	NN	10	pof
की	VM	11	ccof
लेकिन	CC	3	ccof
उन्होंने	PRP	15	k1
इससे	PRP	15	k2
इनकार	NN	15	pof
कर	VM	11	ccof
।	SYM	2	rsym

