भारत	NNP	2	r6
जनरल	NNP	3	nmod
कॉल	NNP	4	k1
कहा	VM	0	main
कि	CC	4	k2
उपक्रमों	NN	7	r6
विनिवेश	NN	8	r6
लेखा	NN	11	k1
ऑडिटरों	NN	11	k7
चुनौती	NN	11	k7
खड़ा	VM	5	ccof
।	SYM	4	rsym

कॉल	NNP	13	k1
सोमवार	NNP	4	k7t
शुरू	NN	4	k2
हुए	VM	5	nmod__k1inv
देशों	NN	6	r6
नियंत्रकों	NN	7	ccof
एवं	CC	13	rt
ऑडिटरों	NN	7	ccof
आयोजित	JJ	10	nmod
माह	NN	11	r6
कार्यक्रम	NN	12	r6-k2
उद्घाटन	NN	13	pof
कर	VM	0	main
।	SYM	13	rsym

कार्यक्रम	NN	17	k7p
भारत	NNP	17	vmod
अफगानिस्तान	NNP	13	ccof
बांग्लादेश	NNP	13	ccof
कोरिया	NNP	13	ccof
थाईलैंड	NNP	13	ccof
वियतनाम	NNP	13	ccof
मॉरीशस	NNP	13	ccof
नेपाल	NNP	13	ccof
ओमान	NNP	13	ccof
श्रीलंका	NNP	13	ccof
घाना	NNP	13	ccof
व	CC	15	r6
उजबेकिस्तान	NNP	13	ccof
प्रतिनिधि	NN	17	k1
भाग	NN	17	k2
ले	VM	0	main
।	SYM	17	rsym

कॉल	NNP	2	k1
कहा	VM	0	main
कि	CC	2	k2
जनता	NN	5	r6
हित	NN	13	k7
विनिवेश	NN	7	r6
प्रक्रिया	NN	8	r6
जानकारी	NN	10	k2
उपलब्ध	JJ	10	pof
कराना	VM	13	k1
ऑडिटरों	NN	12	r6
जिम्मेदारी	NN	13	k1s
है	VM	3	ccof
।	SYM	2	rsym

उन्होंने	PRP	2	k1
कहा	VM	0	main
कि	CC	2	k2
अधिकरणों	NN	5	ccof
और	CC	7	r6
उपक्रमों	NN	5	ccof
पारदर्शिता	NN	11	k1
लेखा	NN	9	r6
मामले	NN	11	k7
महत्वपूर्ण	JJ	11	pof
होती	VM	3	ccof
।	SYM	2	rsym

उदारवाद	NN	2	ccof
व	CC	4	r6
भूमंडलीकरण	NN	2	ccof
प्रभाव	NN	9	rh
आज	NN	9	k7t
उपक्रमों	NN	9	k1
प्रतिस्पर्धा	NN	8	r6-k2
सामना	NN	9	pof
करना	VM	0	main
।	SYM	9	rsym

स्थिति	NN	9	k7
उपक्रमों	NN	9	k4a
अपने	PRP	4	r6
काज	NN	5	r6
तरीके	NN	9	k7
बदलाव	NN	7	k2
लाने	VM	8	r6
जरूरत	NN	9	k1
है	VM	0	main
।	SYM	9	rsym

कॉल	NNP	2	k1
कहा	VM	0	main
कि	CC	2	k2
देशों	NN	8	k7p
तरह	NN	6	r6
परिवर्तन	NN	8	k1
ज्यादा	QF	8	pof
हो	VM	3	ccof
।	SYM	2	rsym

इसलिए	PRP	11	rh
ऑडिटरों	NN	11	k1
बदलते	VM	4	nmod__k1inv
माहौल	NN	11	k7
उपक्रमों	NN	6	r6
लेखा	NN	8	k2
तैयार	JJ	8	pof
करने	VM	11	rt
कौशल	NN	11	k2
विकसित	JJ	11	pof
करने	VM	0	main
।	SYM	11	rsym

कार्यक्रम	NN	2	r6
आयोजन	NN	5	pof
ऑडिट	NNP	5	k1
नोएडा	NNP	5	k7p
किया	VM	0	main
।	SYM	5	rsym

