गांधी	NNP	3	k1
आज	NN	3	k7t
कहा	VM	0	main
कि	CC	3	k2
लोकतंत्र	NN	8	k7
वंशवाद	NN	7	r6
स्थान	NN	8	k1
है	VM	4	ccof
।	SYM	3	rsym

वरुण	NNP	6	k7a
उनका	PRP	3	r6
परिवार	NN	6	k1
पार्टी	NN	6	rd
नहीं	NEG	6	vmod
NULL	VM	7	ccof
बल्कि	CC	0	main
धाराओं	NN	10	rd
प्रतिबद्घ	JJ	10	k1
रहा	VM	7	ccof
।	SYM	7	rsym

उन्होंने	PRP	6	k1
भाजपा	NNP	4	nmod
अपने	PRP	4	r6
प्रवेश	NN	6	k3
समर्थन	NN	6	pof
किया	VM	0	main
।	SYM	6	rsym

भाजपा	NNP	2	r6
मुखा	NN	3	nmod
टुडे	NNP	4	k4
दिए	VM	5	nmod__k1inv
साक्षात्कार	NN	7	k7
वरुण	NNP	7	k1
कहा	VM	0	main
कि	CC	7	k2
वंशवाद	NN	12	k1
सामंतवाद	NN	11	r6
हिस्सा	NN	12	k1s
है	VM	8	ccof
।	SYM	7	rsym

हालाकि	CC	0	main
उन्होंने	PRP	0	k1
यह	PRP	0	k2
स्वीकार	NN	0	pof
किया	VM	0	ccof
कि	CC	0	rs
वंशवाद	NN	0	r6
समस्या	NN	0	k1
राजनीति	NN	0	k7
नहीं	NEG	0	vmod
NULL	VM	0	ccof
बल्कि	CC	0	ccof
उद्योग	NN	0	ccof
एवं	CC	0	ccof
व्यापार	NN	0	ccof
फिल्म	NN	0	ccof
कला	NN	0	ccof
और	CC	0	k7
व्यवसायों	NN	0	ccof
है	VM	0	ccof
।	SYM	0	rsym

वरुण	NNP	5	k7a
वंशवाद	NN	5	rt
नेता	NN	5	k1
जिम्मेदार	JJ	5	k1s
हैं	VM	0	main
।	SYM	5	rsym

उन्होंने	PRP	0	k1
कहा	VM	0	main
कि	CC	0	k2
अगर	CC	0	vmod
लोगों	NN	0	k4
शिक्षा	NN	0	ccof
और	CC	0	k1
अवसर	NN	0	ccof
मिले	VM	0	ccof
तो	CC	0	ccof
उनमें	PRP	0	k7
विश्वास	NN	0	k1
बढ़ता	VM	0	ccof
और	CC	0	ccof
वे	PRP	0	k1
जीवन	NN	0	k7
परिवार	NN	0	r6
समर्थन	NN	0	k2
लेंगे	VM	0	ccof
।	SYM	0	rsym

वरुण	NNP	2	k1
कहा	VM	0	main
कि	CC	2	k2
तरह	NN	8	vmod
भाजपा	NNP	8	k1
सरकार	NN	8	k2
संचालित	JJ	8	pof
किया	VM	9	ccof
और	CC	15	nmod__relc
भारत	NNP	14	k4
क्षेत्रों	NN	14	k7p
प्रतिष्ठा	NN	14	k2
प्रदान	NN	14	pof
की	VM	9	ccof
उससे	PRP	17	k5
प्रभावित	JJ	17	pof
होकर	VM	21	vmod
वे	PRP	21	k1
भाजपा	NNP	21	k7
शामिल	JJ	21	pof
हुए	VM	3	ccof
।	SYM	2	rsym

उन्होंने	PRP	2	k1
कहा	VM	0	main
कि	CC	2	k2
मैं	PRP	12	k1
भाजपा	NNP	6	r6
राष्ट्रवाद	NN	7	ccof
और	CC	9	r6
आत्मविश्वास	NN	7	ccof
धारा	NN	12	k5
तरह	NN	12	adv
प्रभावित	JJ	12	pof
हूँ	VM	3	ccof
।	SYM	2	rsym

उन्होंने	PRP	2	k1
कहा	VM	0	main
कि	CC	2	k2
लोगों	NN	7	k4a
बात	NN	7	k7
आश्चर्य	NN	7	pof
हो	VM	17	ccof
कि	CC	7	k2s
परिवार	NN	10	r6-k1
सदस्य	NN	11	pof
होने	VM	16	vmod
मैं	PRP	16	k1
भाजपा	NNP	16	k7
कैसे	WQ	16	adv
शामिल	JJ	16	pof
हो	VM	8	ccof
लेकिन	CC	3	ccof
हम	PRP	23	k1
पार्टी	NN	21	nmod
नहीं	NEG	19	nmod
धारा	NN	22	r6-k2
सम्मान	NN	23	pof
करते	VM	17	ccof
।	SYM	2	rsym

उन्होंने	PRP	7	k1
राजनीतिकों	NN	3	r6
कमजोरी	NN	6	k7
प्रतिक्रिया	NN	6	k2
व्यक्त	JJ	6	pof
करते	VM	7	vmod
कहा	VM	0	main
कि	CC	7	k2
आजकल	NN	17	k7t
राजनीति	NN	17	k1
शक्ति	NN	12	ccof
और	CC	15	pof
धन	NN	14	nmod
उपभोग	NN	12	ccof
करने	VM	16	r6-k2
माध्यम	NN	17	pof
हो	VM	8	ccof
।	SYM	7	rsym

शायद	RB	7	adv
राजनेता	NN	7	k1
अर्थों	NN	7	k7
लोगों	NN	5	r6-k2
सेवा	NN	6	pof
करना	VM	7	k2
चाहता	VM	0	main
।	SYM	7	rsym

उन्होंने	PRP	5	k1
संग्राम	NN	3	r6-k2
याद	NN	4	pof
दिलाते	VM	5	vmod
कहा	VM	0	main
कि	CC	5	k2
राजनीति	NN	10	k7
बलिदान	NN	9	r6
जरूरत	NN	10	k1
है	VM	6	ccof
।	SYM	5	rsym

वरुण	NNP	7	k7a
वे	PRP	7	k1
अपनी	PRP	4	r6
पृष्ठभूमि	NN	5	r6-k1
लाभ	NN	6	pof
उठाना	VM	7	vmod
चाहते	VM	0	main
।	SYM	7	rsym

