राज्य	NN	2	r6
मुख्यमंत्री	NNP	3	nmod
सिंह	NNP	4	r6
हत्या	NN	5	r6
आरोपी	NN	6	ccof
और	CC	10	nmod
जेल	NNP	8	k5
भागे	VM	9	nmod__k1inv
आतंकवादी	NN	6	ccof
हवारा	NNP	11	r6
गिरफ्तारी	NN	14	k7t
जहाँ	RB	14	k7
पुलिस	NN	14	k1
फूली	VM	15	rbmod__relc
वहीं	RB	18	k7
पुलिस	NN	18	k1
चुप्पी	NN	18	k2
साध	VM	0	main
।	SYM	18	rsym

पुलिस	NN	11	k1
हवारा	NNP	3	ccof
और	CC	11	k2
उसके	PRP	5	r6
साथी	NN	3	ccof
दिल्ली	NNP	7	r6
स्थान	NN	9	k5
गिरफ्तार	JJ	9	pof
करने	VM	10	nmod
दावा	NN	11	pof
किया	VM	0	main
।	SYM	11	rsym

जबकि	CC	0	main
प्रत्यक्षदर्शियों	NN	12	k7a
हवारा	NNP	4	ccof
और	CC	12	k2
उसके	PRP	6	r6
साथी	NN	4	ccof
पुलिस	NN	8	r6
ब्रांच	NN	12	k1
यूनीवर्सिटी	NNP	10	r6
द्वार	NN	12	k5
काबू	JJ	12	pof
किया	VM	1	ccof
।	SYM	1	rsym

हालांकि	CC	0	main
पुलिस	NN	7	k1
बात	NN	4	r6-k2
पुष्टि	NN	5	pof
करने	VM	7	rt
तैयार	JJ	7	k1s
है	VM	1	ccof
।	SYM	1	rsym

बताया	VM	0	main
कि	CC	1	k2
दिल्ली	NNP	4	r6
घरों	NN	5	k7p
हुए	VM	6	nmod__k1inv
विस्फोटों	NN	7	r6
आरोपी	NN	9	k2
नवांशहर	NNP	9	k5
धरने	VM	19	k7t
पुलिस	NN	19	k4
उससे	PRP	19	k5
ताछ	NN	19	k7
हवारा	NNP	14	ccof
और	CC	17	r6
उसके	PRP	16	r6
साथी	NN	14	ccof
ठिकाने	NN	19	k7p
पता	NN	19	pof
लगा	VM	2	ccof
।	SYM	1	rsym

ताछ	NN	4	k7
पुलिस	NN	4	k4
पता	NN	4	pof
लगा	VM	0	main
कि	CC	4	k2
हवारा	NNP	7	ccof
और	CC	14	k1
उसका	PRP	9	r6
साथी	NN	7	ccof
पटियाला	NNP	11	r6
यूनीवर्सिटी	NNP	14	k7p
लोगों	NN	13	k2
मिलने	VM	14	rt
गया	VM	5	ccof
।	SYM	4	rsym

इसके	PRP	6	k7t
पुलिस	NNP	6	k1
योजना	NN	6	vmod
पटियाला	NNP	6	k7p
डेरा	NN	6	k2
डाला	VM	0	main
।	SYM	6	rsym

मंगलवार	NNP	0	k7t
११	QC	0	rsp
बजे	NN	0	k7t
यूनीवर्सिटी	NN	0	r6
द्वार	NN	0	k7p
कार	NN	0	k1
रुकी	VM	0	main
जिसमें	PRP	0	k7p
लोग	NN	0	k1
बैठे	VM	0	nmod__relc
।	SYM	0	rsym

वहीं	PRP	7	k7p
कपड़ों	NN	3	jjmod
मौजूद	JJ	4	nmod
पुलिस	NN	7	k1
कार	NN	7	k7
धावा	NN	7	pof
बोल	VM	0	main
।	SYM	7	rsym

भनक	NN	2	k2
लगते	VM	6	vmod
कार	NN	4	k7p
बैठे	VM	5	nmod__k1inv
व्यक्ति	NN	6	k1
भागने	VM	0	main
।	SYM	6	rsym

मार्केट	NN	2	rd
भागा	VM	3	ccof
और	CC	0	main
एक	QC	5	r6
पिस्तौल	NN	6	ccof
व	CC	8	k1
मोबाइल	NN	6	ccof
गिर	VM	3	ccof
।	SYM	3	rsym

मार्केट	NN	2	rd
भागे	VM	3	nmod__k1inv
व्यक्ति	NN	11	k2
पुलिस	NN	11	k1
दौड़ाकर	VM	11	vmod
उसकी	PRP	7	r6
कनपटी	NN	9	k7p
पिस्तौल	NN	9	k2
लगाकर	VM	11	vmod
काबू	NN	11	pof
कर	VM	0	main
।	SYM	11	rsym

दूसरा	NN	7	k1
भागने	VM	3	r6
चक्कर	NN	7	k7
यूनीवर्सिटी	NN	5	k7p
लगी	VM	6	nmod__k1inv
तारों	NN	7	k7
फंस	VM	0	main
।	SYM	7	rsym

पुलिस	NN	7	k1
दोनों	QC	3	k4
पकड़ने	VM	7	k7t
वहाँ	PRP	7	k5
फौरन	RB	7	adv
रवाना	JJ	7	pof
हो	VM	0	main
।	SYM	7	rsym

इसकी	PRP	2	r6
सूचना	NN	4	k2
पुलिस	NN	4	k4
दी	VM	0	main
।	SYM	4	rsym

सूत्र	NN	2	k1
बताते	VM	0	main
कि	CC	2	k2
हवारा	NNP	5	r6
गिरफ्तारी	NN	6	k2
लेकर	VM	11	vmod
पुलिस	NN	8	ccof
और	CC	11	k7
पुलिस	NN	8	ccof
विवाद	NN	11	k1
चला	VM	3	ccof
।	SYM	2	rsym

पुलिस	NN	0	k1
कहना	VM	0	k1
था	VM	0	main
कि	CC	0	k2
उसके	PRP	0	r6
क्षेत्र	NN	0	k7p
हवारा	NNP	0	k2
पकड़ने	VM	0	r6-k2
कार्रवाई	NN	0	pof
उसको	PRP	0	k4
जानकारी	NN	0	k2
देने	VM	0	k7t
होनी	VM	0	ccof
।	SYM	0	rsym

कारण	NN	2	k1
है	VM	0	main
कि	CC	2	k1s
हवारा	NNP	5	r6
गिरफ्तारी	NN	8	k2
पुलिस	NN	8	k1
देर	NN	8	k7t
खोली	VM	3	ccof
।	SYM	2	rsym

पुलिस	NN	5	k4a
कार्रवाई	NN	3	r6-k2
भनक	NN	5	pof
देर	NN	5	k7t
लगी	VM	0	main
।	SYM	5	rsym

मंगलवार	NNP	2	r6
रात	NN	12	k7t
रॉय	NNP	4	r6
अगुआई	NN	12	k7
टीम	NN	12	k1
यूनीवर्सिटी	NN	7	k7p
जाकर	VM	12	vmod
वहाँ	PRP	9	r6
अधिकारी	NN	12	k2
संबंध	NN	12	k7
बात	NN	12	pof
की	VM	0	main
।	SYM	12	rsym

रॉय	NNP	0	k1
कहना	VM	0	k1
है	VM	0	main
कि	CC	0	k2
हवारा	NNP	0	r6
यहाँ	PRP	0	k5
गिरफ्तार	JJ	0	pof
होने	VM	0	k7
उन्हें	PRP	0	k4a
जानकारी	NN	0	k1
है	VM	0	ccof
।	SYM	0	rsym

