बलों	NN	2	r6
आधुनिकीकरण	NN	3	k7
हो	VM	4	nmod__k1inv
देरी	NN	6	k2
जड़	NN	6	k5
मिटाने	VM	14	rt
सरकार	NN	14	k1
बजट	NN	11	k7
फीसदी	NN	10	r6-k2
वृद्धि	NN	11	pof
करते	VM	12	nmod__k1inv
रुपये	NN	14	k2
आवंटित	JJ	14	pof
किए	VM	0	main
।	SYM	14	rsym

जबकि	CC	0	main
अनुमान	NN	4	k1
रुपये	NN	4	k1s
था	VM	1	ccof
।	SYM	1	rsym

वहीं	RB	0	sent-adv
प्रावधान	NN	0	r6
मामले	NN	0	k7
सेना	NN	0	r6-k2
अनदेखी	NN	0	pof
की	VM	0	ccof
तो	CC	0	main
वायु	NN	0	ccof
और	CC	0	nmod
नौ	NN	0	ccof
सेना	NN	0	r6
आवंटन	NN	0	k7
बढ़ोतरी	NN	0	pof
हुई	VM	0	ccof
।	SYM	0	rsym

सिंह	NNP	2	k1
कहा	VM	0	main
कि	CC	2	k2
सालों	NN	7	k7
बजट	NN	6	r6-k2
अनदेखी	NN	7	pof
की	VM	3	ccof
।	SYM	2	rsym

सरकार	NN	8	k1
साल	NN	3	r6
रुपये	NN	4	r6
प्रावधान	NN	6	k2
दोगुना	QF	6	pof
करते	VM	8	vmod
रुपये	NN	8	k2
किया	VM	0	main
।	SYM	8	rsym

०५	NNP	0	k7t
प्रावधान	NN	0	k7
वृद्धि	NN	0	pof
करते	VM	0	vmod
चिदंबरम्	NNP	0	k1
कहा	VM	0	main
कि	CC	0	k2
हथियारों	NN	0	r6
अधिग्रहण	NN	0	rt
यह	PRP	0	k1
जरूरी	JJ	0	pof
हो	VM	0	ccof
कि	CC	0	rs
साल	NN	0	k7t
आवंटन	NN	0	k1
अधिक	QF	0	k1s
हो	VM	0	ccof
।	SYM	0	rsym

प्रावधान	NN	0	k2
दोगुना	QF	0	pof
किए	VM	0	rh
संकेत	NN	0	k1
मिलते	VM	0	main
कि	CC	0	rs
सरकार	NN	0	r6
पनडुब्बी	NN	0	nmod
स्कॉर्पियो	NNP	0	ccof
२१	NNP	0	r6
स्थान	NN	0	nmod
विमान	NN	0	ccof
और	CC	0	k7
सेना	NN	0	nmod
फायरपॉवर	NN	0	ccof
इजाफा	NN	0	pof
करने	VM	0	rt
रुपये	NN	0	r6
योजना	NN	0	k7
आगे	NST	0	k7
बढ़ने	VM	0	r6
विचार	NN	0	k1
है	VM	0	ccof
।	SYM	0	rsym

बजट	NN	0	k7
वृद्धि	NN	0	vmod
भारत	NNP	0	r6
खर्च	NN	0	k1
उत्पाद	NN	0	r6
फीसदी	NN	0	k1s
है	VM	0	main
जो	PRP	0	k1
चीन	NNP	0	r6
फीसदी	NN	0	ccof
और	CC	0	k1u
पाकिस्तान	NNP	0	r6
फीसदी	NN	0	ccof
कम	QF	0	k1s
है	VM	0	nmod__relc
।	SYM	0	rsym

साल	NN	2	r6
अनुमान	NN	6	k1u
वृद्धि	NN	6	k1
फीसदी	NN	5	jjmod
अधिक	QF	6	k1s
है	VM	0	main
।	SYM	6	rsym

अगर	CC	0	vmod
प्रावधानों	NN	4	k7
नजर	NN	4	k2
दौड़ाई	VM	1	ccof
तो	CC	0	main
सेना	NN	9	rt
अनुमान	NN	9	k7
कमी	NN	9	k1
आई	VM	10	ccof
जबकि	CC	5	ccof
वायु	NN	12	ccof
और	CC	14	nmod
नौ	NN	12	ccof
सेना	NN	16	rt
वृद्धि	NN	16	pof
की	VM	10	ccof
।	SYM	5	rsym

वर्ष	NN	5	k7t
सेना	NN	5	rt
आवंटन	NN	5	k2
रुपये	NN	5	k2s
रखा	VM	6	ccof
जबकि	CC	0	main
साल	NN	8	r6
अनुमान	NN	11	k7
राशि	NN	11	k2
रुपये	NN	11	k2s
रखी	VM	6	ccof
।	SYM	6	rsym

जबकि	CC	0	main
सेना	NN	0	rt
साल	NN	0	k7t
अनुमान	NN	0	k2
करोड़	QC	0	k2s
रखा	VM	0	ccof
जिसे	PRP	0	k2
वर्ष	NN	0	k7
बढ़ा	VM	0	vmod
रुपये	NN	0	k2
कर	VM	0	nmod__relc
।	SYM	0	rsym

वहीं	RB	6	sent-adv
सेना	NN	6	rt
रुपये	NN	4	k2
बढ़ाकर	VM	6	vmod
रुपये	NN	6	k2
कर	VM	0	main
।	SYM	6	rsym

चिदंबरम्	NNP	2	ccof
और	CC	8	k1
मुखर्जी	NNP	2	ccof
शोध	NN	6	k4
बढ़ावा	NN	6	pof
देने	VM	8	k7
जोर	NN	8	pof
देते	VM	9	ccof
लेकिन	CC	0	main
सेवा	NN	11	ccof
और	CC	16	rt
विकास	NN	11	ccof
साल	NN	16	k7t
रुपये	NN	15	r6-k2
कटौती	NN	16	pof
की	VM	9	ccof
।	SYM	9	rsym

डीआरडीओ	NNP	5	k4
बजट	NN	5	k7
रुपये	NN	5	k2
आवंटित	JJ	5	pof
किए	VM	6	ccof
जबकि	CC	0	main
साल	NN	8	r6
अनुमान	NN	11	k7
रुपये	NN	10	r6
बात	NN	11	k2
कही	VM	6	ccof
।	SYM	6	rsym

