बिहार	NNP	2	r6
जेलमंत्री	NNP	3	nmod
सिंह	NNP	14	k1
राजद	NNP	5	r6
सांसद	NN	6	nmod
यादव	NNP	9	k3
जेलकर्मियों	NN	9	k2
जान	NN	9	vmod
मारने	VM	10	r6
धमकी	NN	11	r6
आरोप	NN	12	r6
जाँच	NN	13	r6-k2
आदेश	NN	14	pof
दिए	VM	0	main
।	SYM	14	rsym

महानिरीक्षक	NN	5	k1
जाँच	NN	5	k7t
उन्हें	PRP	5	k4
रिपोर्ट	NN	5	k2
सौंपेंगे	VM	0	main
।	SYM	5	rsym

शिकायत	NN	8	k7t
शाम	NN	8	k5
जेल	NN	8	k7p
मजिस्ट्रेट	NN	8	k2
भीड़	NN	6	k2
निपटने	VM	8	rt
तैनात	JJ	8	pof
कर	VM	0	main
।	SYM	8	rsym

जेल	NN	4	k7p
बल	NN	4	k2
तैनात	JJ	4	pof
किया	VM	0	main
।	SYM	4	rsym

NULL	PRP	0	k1
गौरतलब	JJ	0	k1s
है	VM	0	main
कि	CC	0	rs
प्रशासन	NN	0	k1
जब	PRP	0	k7t
नेता	NN	0	k2
उनसे	PRP	0	k2
मिलने	VM	0	rt
आए	VM	0	nmod__k1inv
लोगों	NN	0	ras-k2
भेंट	NN	0	pof
करने	VM	0	nmod__relc
तो	PRP	0	k7t
शनिवार	NNP	0	k7t
उन्होंने	PRP	0	k1
जेलकर्मियों	NN	0	k4
परिणाम	NN	0	k2
भुगतने	VM	0	r6-k2
धमकी	NN	0	pof
दी	VM	0	ccof
।	SYM	0	rsym

उन्होंने	PRP	8	k1
तौर	NN	8	k7
जेलर	NN	4	nmod
सिंह	NNP	8	k4
जान	NN	6	pof
मार	VM	7	r6-k2
धमकी	NN	8	pof
दी	VM	0	main
।	SYM	8	rsym

सिंह	NNP	2	k1
बताया	VM	0	main
कि	CC	2	k2
उन्होंने	PRP	12	k1
सिंह	NNP	12	k4
मामले	NN	7	r6-k2
जाँच	NN	8	pof
कर	VM	12	vmod
रिपोर्ट	NN	10	k2
देने	VM	11	r6-k2
निर्देश	NN	12	pof
दिया	VM	3	ccof
।	SYM	2	rsym

उन्होंने	PRP	2	k1
बताया	VM	0	main
कि	CC	2	k2
रिपोर्ट	NN	5	k1
आने	VM	7	k7
कार्रवाई	NN	7	pof
की	VM	3	ccof
।	SYM	2	rsym

जेल	NN	2	r6
जेलर	NN	3	nmod
सिंह	NNP	4	ccof
और	CC	10	k1
कर्मचारियों	NN	4	ccof
विभाग	NN	8	k4
कल	NN	8	k7t
दिए	VM	9	nmod__k2inv
आवेदन	NN	10	k7
बताया	VM	0	main
कि	CC	10	k2
विधायक	NN	13	nmod
सरकार	NNP	14	r6
हत्या	NN	15	r6
मामले	NN	27	k7
जेल	NN	17	jjmod
बंद	JJ	18	nmod
यादव	NNP	27	k1
मुलाकातियों	NN	20	k2
मिलने	VM	22	rt
मना	NN	22	pof
करने	VM	27	k7
उन्हें	PRP	27	k4
जान	NN	25	pof
मारने	VM	26	r6-k2
धमकी	NN	27	pof
दी	VM	11	ccof
।	SYM	10	rsym

उन्होंने	PRP	10	k1
परिस्थिति	NN	3	k2
निपटने	VM	10	rt
मजिस्ट्रेट	NN	5	r6
निगरानी	NN	8	k7
बल	NN	8	k2
तैनात	JJ	8	pof
करने	VM	9	r6-k2
माँग	NN	10	pof
की	VM	0	main
।	SYM	10	rsym

जेल	NN	3	k7p
संदेश	NN	3	k1
मिलने	VM	9	k7t
अधीक्षक	NN	9	k1
जेल	NN	9	k7p
बल	NN	7	r6
तैनाती	NN	8	r6-k2
निर्देश	NN	9	pof
दिए	VM	0	main
।	SYM	9	rsym

कैदियों	NN	2	k2
मिलने	VM	3	rt
आने	VM	4	r6
भीड़	NN	8	rh
जेलकर्मियों	NN	8	k1
कठिनाइयों	NN	7	r6-k2
सामना	NN	8	pof
करना	VM	0	main
।	SYM	8	rsym

अधीक्षक	NN	2	nmod
खान	NNP	13	k1
थाने	NN	4	r6
प्रभारी	NN	13	k4
मामले	NN	6	k2
देखने	VM	7	ccof
और	CC	12	r6-k2
जेल	NN	11	k7p
बल	NN	11	k2
तैनात	JJ	11	pof
करने	VM	7	ccof
आदेश	NN	13	pof
दिया	VM	0	main
।	SYM	13	rsym

बताया	VM	0	main
कि	CC	0	k2
इसके	PRP	0	k7t
मधेपुरा	NNP	0	nmod
राजद	NNP	0	r6
सांसद	NN	0	nmod
यादव	NNP	0	r6-k1
उनसे	PRP	0	k4a
मिलने	VM	0	rt
संख्या	NN	0	k7
आने	VM	0	nmod
मुलाकातियों	NN	0	k2
रोकने	VM	0	r6
मामले	NN	0	k7
महानिरीक्षक	NN	0	k2
झोंक	NN	0	pof
हो	VM	0	ccof
।	SYM	0	rsym

घटना	NN	0	k7
कोर्ट	NNP	0	r6
निगाह	NN	0	k1
है	VM	0	main
जिसने	PRP	0	k1
मामले	NN	0	r6
जाँच	NN	0	rt
सीबीआई	NNP	0	k4
कहा	VM	0	nmod__relc
।	SYM	0	rsym

