श्रीलंका	NNP	4	k7
जुलाई	NNP	4	k5
शुरू	NN	4	pof
हो	VM	5	nmod__k1inv
कप	NNP	11	rt
घोषित	JJ	7	nmod
टीम	NN	11	k7
गेंदबाज	NN	9	nmod
अगरकर	NNP	11	k4
जगह	NN	11	k2
दी	VM	0	main
।	SYM	11	rsym

वहीं	RB	12	sent-adv
पाकिस्तान	NNP	12	vmod
सिरीज	NN	5	k7
टीम	NN	5	k7
रहे	VM	7	nmod__k1inv
स्पिनर	NN	7	nmod
कुंबले	NNP	8	ccof
व	CC	12	k4
सिंह	NNP	8	ccof
टीम	NN	12	k7
स्थान	NN	12	k1
मिला	VM	0	main
।	SYM	12	rsym

बोर्ड	NNP	2	r6
सचिव	NN	3	nmod
नायर	NNP	11	k1
बुधवार	NNP	11	k7t
यहां	PRP	11	k7p
घोषित	JJ	7	nmod
टीम	NN	11	k7
पटेल	NNP	11	k4
विकेटकीपर	NN	11	k7
स्थान	NN	11	k2
दिया	VM	0	main
।	SYM	11	rsym

अगरकर	NNP	3	k2
बाहर	NST	3	pof
करने	VM	6	vmod
टीम	NN	6	k7
परिवर्तन	NN	6	pof
किया	VM	0	main
।	SYM	6	rsym

चयनकर्ताओं	NN	11	k1
पाकिस्तान	NNP	11	vmod
सिरीज	NN	6	k7
सफलता	NN	6	k2
हासिल	JJ	6	pof
करने	VM	8	nmod
दल	NN	8	r6
खिलाड़ियों	NN	11	k2
टीम	NN	11	k7
बरकरार	JJ	11	pof
रखा	VM	0	main
।	SYM	11	rsym

स्पिनर	NN	0	nmod
हरभजन	NNP	0	r6
चोट	NN	8	rh
माह	NN	6	k7t
टीम	NN	6	k7
रहने	VM	8	k7t
वापसी	NN	8	k1
हुई	VM	9	ccof
जबकि	CC	0	main
कुंबले	NNP	16	k1
पाकिस्तान	NNP	16	vmod
सिरीज	NN	13	k7
खेल	VM	16	k7t
टीम	NN	16	k7
वापसी	NN	16	pof
कर	VM	9	ccof
।	SYM	9	rsym

हाथ	NN	2	r6
गेंदबाज	NN	3	nmod
खान	NNP	4	ccof
व	CC	15	k1
नेहरा	NNP	4	ccof
श्रीलंका	NNP	9	k7p
जुलाई	NNP	9	k5
शुरू	NN	9	pof
हो	VM	10	nmod__k1inv
टूर्नामेंट	NNP	15	rt
टीम	NN	13	k7
जगह	NN	13	k2
बनाने	VM	15	k7
कामयाब	JJ	15	pof
रहे	VM	0	main
।	SYM	15	rsym

कुंबले	NNP	0	ccof
व	CC	0	nmod
हरभजन	NNP	0	ccof
गेंदबाजों	NN	0	r6
टीम	NN	0	nmod
मौजूदगी	NN	0	r6-k1
NULL	PRP	0	k1
मतलब	NN	0	pof
हुआ	VM	0	main
कि	CC	0	rs
भारत	NNP	0	k1
अरसे	NN	0	k7t
टूर्नामेंट	NN	0	k7
अपने	PRP	0	r6
क्षमता	NN	0	nmod
आक्रमण	NN	0	ras-k1
उतरेगा	VM	0	ccof
।	SYM	0	rsym

कप	NNP	2	jjmod
घोषित	JJ	3	nmod
खिलाड़ियों	NN	13	k5
अगरकर	NNP	13	vmod
गावस्कर	NNP	9	ccof
बदानी	NNP	9	ccof
पवार	NNP	9	ccof
भंडारी	NNP	9	ccof
और	CC	13	k1
कार्तिक	NNP	9	ccof
टीम	NN	13	k7
जगह	NN	13	pof
पा	VM	0	main
।	SYM	13	rsym

टीम	NN	0	main
गांगुली	NNP	16	ccof
कप्तान	NN	2	nmod
द्रविड़	NNP	16	ccof
तेंदुलकर	NNP	16	ccof
सिंह	NNP	16	ccof
लक्ष्मण	NNP	16	ccof
सहवाग	NNP	16	ccof
कैफ	NNP	16	ccof
पटेल	NNP	16	ccof
कुंबले	NNP	16	ccof
सिंह	NNP	16	ccof
खान	NNP	16	ccof
नेहरा	NNP	16	ccof
पठान	NNP	16	ccof
व	CC	1	rs
बालाजी	NNP	16	ccof
।	SYM	1	rsym

