सिंह	NNP	7	k1
शुक्रवार	NNP	7	k7t
आतंकवाद	NN	6	k2
कृत	NN	6	k2s
करार	NN	6	pof
देते	VM	7	vmod
कहा	VM	0	main
कि	CC	7	k2
लोकतंत्र	NN	16	k7
आस्था	NN	11	k2
रखने	VM	12	nmod
देशों	NN	16	k1
मिलकर	VM	16	vmod
इसका	PRP	15	r6-k2
मुकाबला	NN	16	pof
करना	VM	8	ccof
।	SYM	7	rsym

विश्वविद्यालय	NNP	8	k1
आज	NN	8	k7t
सिंह	NNP	8	k4
कानून	NNP	8	k7
डॉक्टरेट	NN	6	r6
उपाधि	NN	8	k2
प्रदान	NN	8	pof
की	VM	0	main
।	SYM	8	rsym

अवसर	NN	2	jjmod
आयोजित	JJ	3	nmod
समारोह	NN	7	k4
संबोधित	JJ	5	pof
करते	VM	7	vmod
सिंह	NNP	7	k1
कहा	VM	0	main
कि	CC	7	k2
लोकतंत्र	NN	10	ccof
और	CC	15	k7
कानून	NN	12	r6
शासन	NN	10	ccof
आस्था	NN	14	k2
रखने	VM	15	k4
चाहिए	VM	8	ccof
कि	CC	15	k2
वे	PRP	21	k1
मिलकर	VM	21	vmod
आतंकवाद	NN	20	r6-k2
मुकाबला	NN	21	pof
करें	VM	16	ccof
।	SYM	7	rsym

उन्होंने	PRP	2	k1
कहा	VM	0	main
कि	CC	2	k2
आतंकवाद	NN	6	k1
कृत	JJ	6	k1s
है	VM	7	ccof
और	CC	3	ccof
यह	PRP	10	k1
नफ़रत	NN	10	k2
फैलाता	VM	7	ccof
।	SYM	2	rsym

NULL	PRP	0	k1
गौरतलब	JJ	0	k1s
है	VM	0	main
कि	CC	0	rs
बृहस्पतिवार	NNP	0	k7t
लंदन	NNP	0	k7p
हमला	NN	0	pof
हुआ	VM	0	ccof
।	SYM	0	rsym

बाद	NST	2	nmod
एक	QC	3	nmod
विस्फोटों	NN	6	k7
यहाँ	PRP	6	k7p
लोग	NN	6	k2
मारे	VM	7	ccof
और	CC	0	main
करीब	RP	10	k7
घायल	JJ	10	pof
हुए	VM	7	ccof
।	SYM	7	rsym

घटना	NN	3	k7
शोक	NN	3	k2
जताते	VM	5	vmod
प्रधानमंत्री	NNP	5	k1
कहा	VM	0	main
कि	CC	5	k2
संकट	NN	8	r6
घड़ी	NN	11	k7
भारतीय	NN	11	k1
ब्रिटेन	NNP	11	ras-k1
हैं	VM	6	ccof
।	SYM	5	rsym

अयोध्या	NNP	6	k7p
हमले	NN	3	r6-k2
जिक्र	NN	4	pof
करते	VM	6	vmod
सिंह	NNP	6	k1
कहा	VM	0	main
कि	CC	6	k2
आतंकवाद	NN	12	k1
विश्व	NN	10	r6
देशों	NN	12	rt
खतरा	NN	12	k2
बन	VM	7	ccof
।	SYM	6	rsym

यह	PRP	6	k1
शांति	NN	3	ccof
और	CC	6	k2
मानवीयता	NN	3	ccof
नहस	NN	6	pof
कर	VM	7	ccof
और	CC	0	main
हमें	PRP	12	k1
इसका	PRP	10	r6-k2
मुकाबला	NN	12	pof
मिलकर	RB	12	vmod
करना	VM	7	ccof
।	SYM	7	rsym

उधर	NST	9	sent-adv
विश्वविद्यालय	NNP	9	rd
आज	NN	9	k7t
सिंह	NNP	9	k4
कानून	NNP	9	k7
डॉक्टरेट	NN	7	r6
उपाधि	NN	9	k2
प्रदान	NN	9	pof
की	VM	0	main
।	SYM	9	rsym

सिंह	NNP	5	k1
दशक	NN	5	k7t
विश्वविद्यालय	NN	4	r6
छात्र	NN	5	k1s
रहे	VM	0	main
।	SYM	5	rsym

सिंह	NNP	9	k1
१९५७	NNP	9	k7t
विश्वविद्यालय	NN	4	r6
कॉलेज	NNP	9	k5
अर्थशास्त्र	NNP	9	k7
फिल.	NNP	7	r6
डिग्री	NN	9	k2
हासिल	JJ	9	pof
की	VM	0	main
।	SYM	9	rsym

