भारत	NNP	2	ccof
और	CC	5	k7
पाकिस्तान	NNP	2	ccof
विश्वास	NN	5	k2
बढ़ाने	VM	6	r6
प्रक्रिया	NN	13	k7a
पाकिस्तान	NNP	13	k1
भारत	NNP	13	k4
कश्मीर	NNP	12	k7p
सैनिकों	NN	11	r6-k2
कटौती	NN	12	pof
करने	VM	13	rt
कहा	VM	0	main
।	SYM	13	rsym

देशों	NN	5	k7
सेवा	NN	5	k1
अप्रैल	NNP	5	k5
शुरू	NN	5	pof
होने	VM	0	main
।	SYM	5	rsym

पाकिस्तान	NNP	0	k1
यह	PRP	0	k2
कहना	VM	0	k1
है	VM	0	main
कि	CC	0	rs
भारत	NNP	0	k1
अगर	CC	0	vmod
नीति	NN	0	k2
हटा	VM	0	ccof
तो	CC	0	ccof
उसे	PRP	0	k4
राष्ट्र	NNP	0	r6-k2
एमएफएन	NNP	0	rs
का	PSP	0	fragof
दर्जा	NN	0	pof
देने	VM	0	k7
विचार	NN	0	pof
किया	VM	0	ccof
।	SYM	0	rsym

अखबार	NN	0	nmod
नेशन	NNP	0	k7
सूत्रों	NN	0	k5
छपी	VM	0	nmod__k1inv
खबर	NN	0	k7a
पाकिस्तान	NNP	0	k1
मानना	VM	0	k1
है	VM	0	main
कि	CC	0	k2
कश्मीर	NNP	0	k7p
सैनिकों	NN	0	r6
कटौती	NN	0	rh
देशों	NN	0	k7
बहाली	NN	0	k7
मदद	NN	0	k1
मिलेगी	VM	0	ccof
।	SYM	0	rsym

ही	RP	11	sent-adv
भारत	NNP	3	r6
कदम	NN	11	rh
समस्या	NN	5	r6
समाधान	NN	6	r6
दिशा	NN	11	k7
आधार	NN	9	k2
तैयार	JJ	9	pof
करने	VM	11	k7
सहूलियत	NN	11	pof
होगी	VM	0	main
।	SYM	11	rsym

अखबार	NN	6	k7a
कश्मीर	NNP	5	k7p
सैनिक	NN	5	k1
तैनात	JJ	5	k1s
हैं	VM	6	ccof
और	CC	0	main
इनमें	PRP	8	nmod
ज्यादातर	NN	9	r6-k2
तैनाती	NN	11	pof
घाटी	NN	11	k7p
की	VM	6	ccof
।	SYM	6	rsym

ओर	NST	0	sent-adv
भारत	NNP	0	k1
कहना	VM	0	k1
है	VM	0	main
कि	CC	0	k2
पाकिस्तान	NNP	0	r6
नियंत्रण	NN	0	nmod
कश्मीर	NNP	0	k5
कैंपों	NN	0	k2
खत्म	JJ	0	pof
करने	VM	0	k7t
सेना	NN	0	k7
कटौती	NN	0	k7
विचार	NN	0	pof
किया	VM	0	ccof
।	SYM	0	rsym

इससे	PRP	10	k7t
भारत	NNP	10	k1
दोनों	NN	10	k7
बहाली	NN	5	r6
उपायों	NN	10	k7a
कश्मीर	NNP	10	k5
सेना	NN	10	k7
कटौती	NN	9	r6-k2
घोषणा	NN	10	pof
की	VM	0	main
।	SYM	10	rsym

तब	PRP	7	k7t
डिवीजन	NN	3	ccof
और	CC	7	k5
अनंतनाग	NNP	3	ccof
जवानों	NN	7	k1
वापस	JJ	7	pof
बुला	VM	0	main
।	SYM	7	rsym

अखबार	NN	2	k1
लिखता	VM	0	main
कि	CC	2	k2
घाटी	NN	10	k5
तादाद	NN	10	k7
सैनिकों	NN	7	r6
कटौती	NN	10	k7t
लोगों	NN	9	r6
विश्वास	NN	10	k2
जीता	VM	3	ccof
।	SYM	2	rsym

NULL	PRP	0	k1
मालूम	JJ	0	k1s
हो	VM	0	main
कि	CC	0	rs
कश्मीर	NNP	0	r6
प्रतिनिधियों	NN	0	k1
सेवा	NNP	0	r6
शुरुआत	NN	0	r6-k2
स्वागत	NN	0	pof
किया	VM	0	ccof
।	SYM	0	rsym

देश	NN	0	r6-k2
दर्जा	NN	0	pof
देने	VM	0	r6
मामले	NN	0	k7
पाकिस्तान	NNP	0	r6
मंत्री	NNP	0	nmod
खान	NNP	0	k1
कहा	VM	0	main
कि	CC	0	k2
हमने	PRP	0	k1
क्षेत्रों	NN	0	r6-k2
पहचान	NN	0	pof
की	VM	0	ccof
जो	PRP	0	k1
भारत	NNP	0	r6
नीति	NN	0	rh
कुप्रभावित	JJ	0	k1s
रहे	VM	0	nmod__relc
।	SYM	0	rsym

पाकिस्तान	NNP	9	k1
भारत	NNP	9	vmod
शुल्क	NN	5	ccof
शुल्क	NN	5	ccof
और	CC	7	nmod
शुल्क	NN	5	ccof
अवरोधों	NN	8	r6-k2
शिकायत	NN	9	pof
करता	VM	0	main
।	SYM	9	rsym

भारत	NNP	2	r6
रवैये	NN	5	rh
निर्यातकों	NN	5	k4a
नुक़सान	NN	5	pof
हो	VM	0	main
।	SYM	5	rsym

पाकिस्तान	NNP	0	k1
कहना	VM	0	k1
है	VM	0	main
कि	CC	0	k2
भारत	NNP	0	rd
ही	RP	0	vmod
उसे	PRP	0	k4
एमएफएन	NNP	0	r6
दर्जा	NN	0	k1
मिला	VM	0	ccof
लेकिन	CC	0	ccof
हकीक़त	NN	0	k1
यह	PRP	0	k1s
है	VM	0	ccof
कि	CC	0	rs
भारत	NNP	0	k1
अपने	PRP	0	r6
हितों	NN	0	k2
साधने	VM	0	rt
कारोबार	NN	0	k7
अवरोध	NN	0	k2
खड़े	JJ	0	pof
कर	VM	0	ccof
।	SYM	0	rsym

