मुखर्जी	NNP	4	k1
बुधवार	NNP	4	k7p
राज्यसभा	NNP	4	k7p
कहा	VM	0	main
कि	CC	4	k2
सरकार	NNP	14	k1
कश्मीर	NNP	14	k7p
रेखा	NNP	14	k7p
एलओसी	NNP	8	rs
पर	PSP	8	fragof
बाड़	NN	12	k2
लगाने	VM	14	k7
विचार	NN	14	pof
कर	VM	5	ccof
।	SYM	4	rsym

मुखर्जी	NNP	0	k1
जवाब	NN	0	k7
कहा	VM	0	main
कि	CC	0	k2
कमेटी	NN	0	r6
निर्देशों	NN	0	jjmod
आधारित	JJ	0	nmod
स्टाफ	NN	0	r6
एकीकरण	NN	0	rt
सेल	NN	0	r6-k1
गठन	NN	0	pof
किया	VM	0	ccof
जो	PRP	0	k1
सेवाओं	NN	0	r6
प्रशिक्षण	NN	0	ccof
और	CC	0	rt
अभियानों	NN	0	ccof
२००३	NNP	0	k5
काम	NN	0	k2
कर	VM	0	nmod__relc
।	SYM	0	rsym

मुखर्जी	NNP	3	k1
संसद	NN	3	k4
बताया	VM	0	main
कि	CC	3	k2
पाकिस्तान	NNP	6	r6
जेलों	NN	10	k7p
भारत	NNP	8	r6
सैनिक	NN	10	k1
बंद	JJ	10	k1s
हैं	VM	4	ccof
।	SYM	3	rsym

उन्होंने	PRP	2	k1
कहा	VM	0	main
कि	CC	2	k2
युद्धबंदियों	NN	6	r6
जल्द	RB	6	nmod
रिहाई	NN	8	k2
सुनिश्चित	JJ	8	pof
कराकर	VM	11	vmod
उन्हें	PRP	11	k4a
भारत	NNP	11	k7p
लाने	VM	12	r6
प्रयास	NN	14	k1
जारी	JJ	14	k1s
हैं	VM	3	ccof
।	SYM	2	rsym

मुखर्जी	NNP	2	k1
कहा	VM	0	main
कि	CC	2	k2
अभियान	NNP	11	k4
स्टॉफ	NN	11	k1
प्रभावशाली	JJ	7	ccof
और	CC	9	nmod
संयुक्त	JJ	7	ccof
रूप	NN	11	adv
अंजाम	NN	11	pof
दिया	VM	3	ccof
।	SYM	2	rsym

सवाल	NN	2	r6
जवाब	NN	4	k7
उन्होंने	PRP	4	k1
कहा	VM	0	main
कि	CC	4	k2
यूनिवर्सिटी	NNP	25	k7
कमेटी	NN	25	k1
यूनिवर्सिटी	NNP	9	ccof
और	CC	16	ccof
कॉलेज	NNP	9	ccof
दिल्ली	NNP	10	nmod
एकेडमी	NNP	16	ccof
पुणे	NNP	12	nmod
मैनेजमेंट	NNP	16	ccof
सिकंदराबाद	NNP	14	nmod
और	CC	20	nmod
कॉलेज	NNP	16	ccof
वेलिंगटन	NNP	17	nmod
जैसे	PSP	17	fragof
संस्थानों	NN	23	k2
इसमें	PRP	23	k7
शामिल	JJ	23	pof
करने	VM	24	r6-k2
सिफारिश	NN	25	pof
की	VM	5	ccof
।	SYM	4	rsym

सेनाओं	NN	2	r6
आधुनिकीकरण	NN	8	k7a
सेना	NNP	5	r6
अपने	PRP	5	r6
सैटेलाइट	NN	6	r6
जरूरत	NN	8	k7
मंत्री	NNP	8	k1
कहा	VM	0	main
कि	CC	8	k2
सुरक्षा	NN	11	r6
हितों	NN	13	k2
ध्यान	NN	13	k7
रखते	VM	17	vmod
सदन	NN	17	k7
इसके	PRP	17	k7
सूचना	NN	17	pof
दी	VM	9	ccof
।	SYM	8	rsym

उन्होंने	PRP	2	k1
कहा	VM	0	main
कि	CC	2	k2
सरकार	NN	8	k1
परियोजनाओं	NN	8	k7
रुपये	NN	8	k2
व्यय	NN	8	pof
कर	VM	3	ccof
।	SYM	2	rsym

उधर	NST	5	sent-adv
अहमद	NNP	5	k1
लोकसभा	NN	5	k7
बयान	NN	5	pof
दिया	VM	0	main
कि	CC	5	k2
सेवा	NN	10	k1
अप्रैल	NNP	10	k7t
शुरू	NN	10	pof
करने	VM	15	rt
भारत	NNP	12	ccof
व	CC	15	k1
पाक	NNP	12	ccof
प्रक्रिया	NN	15	k2
अपनाई	VM	16	nmod__relc
उसमें	PRP	21	k7
मसले	NN	21	k7
देशों	NN	19	r6
स्थिति	NN	21	k7
बदलाव	NN	21	k1
आया	VM	22	ccof
और	CC	6	ccof
ही	RP	26	vmod
इसमें	PRP	26	k7
पूर्वाग्रह	NN	26	k1
है	VM	22	ccof
।	SYM	5	rsym

सदन	NN	11	k7
प्रश्नकाल	NN	11	k7t
अहमद	NNP	11	k1
पाकिस्तान	NNP	7	k4
अमेरिका	NNP	7	k1
हथियार	NN	7	k2
देने	VM	8	r6
रिपोर्ट	NN	10	k7
चिंता	NN	10	k2
जताते	VM	11	vmod
कहा	VM	0	main
कि	CC	11	k2
इससे	PRP	17	rh
भारत	NNP	17	k7p
छवि	NN	17	k2
नुकसान	NN	17	pof
पहुँचेगा	VM	12	ccof
।	SYM	11	rsym

उन्होंने	PRP	2	k1
कहा	VM	0	main
कि	CC	2	k2
इसके	PRP	5	r6
दुष्परिणामों	NN	8	k7
सरकार	NN	8	k4
अवगत	JJ	8	pof
करा	VM	3	ccof
।	SYM	2	rsym

