नेपाल	NNP	10	k7p
लोकतंत्र	NN	3	r6
बहाली	NN	10	ras-neg
अल्पसंख्यकों	NN	5	r6
हितों	NN	6	r6-k2
बात	NN	7	pof
करना	VM	10	k1
क्या	WQ	10	adv
संभव	JJ	10	pof
हो	VM	0	main
।	SYM	10	rsym

विशेषज्ञ	NN	2	k1
मानते	VM	0	main
कि	CC	2	k2
जब	PRP	8	k7t
नेपाल	NNP	8	k7p
लोकतंत्र	NN	7	r6-k1
स्थापना	NN	8	pof
होगी	VM	9	nmod__relc
तब	PRP	18	k7t
वहाँ	PRP	18	k7p
मानवाधिकार	NN	12	ccof
और	CC	14	nmod
अल्पसंख्यक	NN	12	ccof
विषयों	NN	16	k7
बात	NN	16	pof
करना	VM	18	k1
बेमानी	JJ	18	k1s
है	VM	3	ccof
।	SYM	2	rsym

अल्पसंख्यकों	NN	2	r6
हितों	NN	4	rt
काम	NN	4	k2
करने	VM	5	ccof
और	CC	18	rt
विश्व	NN	7	r6
ध्यान	NN	10	k2
उनकी	PRP	9	r6
समस्याओं	NN	10	rd
खींचने	VM	5	ccof
श्रीलंका	NNP	13	ccof
पाकिस्तान	NNP	13	ccof
और	CC	15	r6
बांग्लादेश	NNP	13	ccof
समुदायों	NN	18	k1
कोशिशें	NN	18	k2
तेज	JJ	18	pof
कर	VM	19	ccof
लेकिन	CC	0	main
नेपाल	NNP	21	k1
लेकर	VM	24	vmod
आशंका	NN	24	k2
अब	PRP	24	k7t
बनी	VM	19	ccof
।	SYM	19	rsym

हाल	NN	14	k7t
संगठन	NNP	4	fragof
सार्क	NNP	2	rs
देशों	NN	5	r6
समुदायों	NN	14	k1
अल्पसंख्यकों	NN	7	r6
शैक्षणिक	JJ	9	ccof
सामाजिक	JJ	9	ccof
और	CC	11	nmod
आर्थिक	JJ	9	ccof
बेहतरी	NN	14	rt
परिषद	NNP	13	r6-k2
गठन	NN	14	pof
किया	VM	0	main
।	SYM	14	rsym

अब	PRP	4	k7t
देशों	NN	4	k1
परिषद	NN	4	k2
बनानी	VM	0	main
ताकि	CC	4	vmod
अल्पसंख्यकों	NN	7	r6
आवाज	NN	9	k2
स्तर	NN	9	k7
उठाया	VM	5	ccof
।	SYM	4	rsym

पाकिस्तान	NNP	2	ccof
NULL	CC	8	k7p
बांग्लादेश	NNP	2	ccof
रमजान	NNP	8	k7t
परिषद	NN	6	r6
गठन	NN	7	r6
उम्मीद	NN	8	k1
है	VM	0	main
।	SYM	8	rsym

लेकिन	CC	0	main
विशेषज्ञ	NN	3	k1
मानते	VM	1	ccof
कि	CC	3	k2
नेपाल	NNP	7	k7p
लोकतंत्र	NN	7	k2
होने	VM	10	vmod
परिषद	NN	9	r6-k2
गठन	NN	10	pof
होगा	VM	11	ccof
लेकिन	CC	4	ccof
उसे	PRP	15	k4
काम	NN	14	k2
करने	VM	15	k2
दिया	VAUX	11	ccof
।	SYM	1	rsym

मामलों	NN	2	r6
विशेषज्ञ	NN	3	ccof
और	CC	6	k1
पत्रकार	NN	5	nmod
वर्मा	NNP	3	ccof
मानते	VM	0	main
कि	CC	6	k2
देश	NN	11	k7p
नागरिकों	NN	11	vmod
कार्रवाई	NN	11	pof
हो	VM	12	nmod__relc
वहाँ	PRP	16	k7p
तरह	NN	14	r6
परिषद	NN	15	r6
जरूरत	NN	16	k1
है	VM	17	ccof
लेकिन	CC	7	ccof
उसे	PRP	21	k2
काम	NN	20	k2
करने	VM	21	vmod
रोका	VM	17	ccof
।	SYM	6	rsym

उनका	PRP	0	k1
मानना	VM	0	k1
है	VM	0	main
कि	CC	0	k2
जब	PRP	0	k7t
नेपाल	NNP	0	k7p
लोकतंत्र	NN	0	r6-k2
स्थापना	NN	0	pof
हो	VM	0	nmod__relc
तब	PRP	0	k7t
वहाँ	PRP	0	r6
नागरिक	NN	0	k1
घुटते	VM	0	ccof
।	SYM	0	rsym

आनंद	NNP	2	k1
बताते	VM	0	main
कि	CC	2	k2
नेपाल	NNP	5	r6
जनजातियों	NN	6	ccof
व	CC	13	k1
अल्पसंख्यकों	NN	6	ccof
मोर्चे	NN	9	k2
बनाकर	VM	13	vmod
अपनी	PRP	11	nmod
स्वायत्तता	NN	13	vmod
जनांदोलन	NN	13	k2
छेड़	VM	3	ccof
।	SYM	2	rsym

तरफ	NST	9	sent-adv
परिषद	NNP	3	r6
भारत	NNP	4	r6
आयोजक	NN	5	ccof
और	CC	8	nmod
परिषद	NNP	7	r6
सदस्य	NN	5	ccof
हामिद	NNP	9	k1
कहते	VM	0	main
कि	CC	9	k2
सोसाइटी	NN	12	r6
लोग	NN	14	k1
हमारे	PRP	14	ras-k1
हैं	VM	10	ccof
।	SYM	9	rsym

इसलिए	PRP	8	rh
लोकतंत्र	NN	3	k1
होने	VM	8	vmod
परिषद	NN	5	r6
काज	NN	8	k7
आयोजकों	NN	8	k4a
शंका	NN	8	k1
है	VM	0	main
।	SYM	8	rsym

परिषद	NN	11	k1
अल्पसंख्यकों	NN	3	r6
सुरक्षा	NN	4	ccof
और	CC	11	rt
उनकी	PRP	6	r6
बेहतरी	NN	4	ccof
नेपाल	NNP	11	k7p
लोकतंत्र	NN	9	r6
माँग	NN	11	k7
जोर	NN	11	pof
देगी	VM	0	main
।	SYM	11	rsym

