कारगिल	NNP	2	r6
धर्मस्थल	NN	13	k7p
धर्मग्रंथ	NN	4	r6
अपमान	NN	5	k2
लेकर	VM	13	vmod
संप्रदायों	NN	13	k7
झड़पों	NN	13	k7t
लेह	NNP	9	ccof
और	CC	13	k7p
इसके	PRP	11	r6
इलाकों	NN	9	ccof
कर्फ्यू	NN	13	pof
लगा	VM	0	main
।	SYM	13	rsym

इसके	PRP	11	sent-adv
सावधानी	NN	3	pof
बरतते	VM	11	vmod
प्रशासन	NN	5	r6
मदद	NN	11	rt
सेना	NN	7	ccof
और	CC	11	k2
पुलिस	NNP	7	ccof
आईटीबीपी	NNP	8	rs
भी	RP	8	fragof
बुला	VM	0	main
।	SYM	11	rsym

हालात	NN	2	k2
देखते	VM	3	nmod__k1inv
सेना	NN	5	k1
मार्च	NN	5	pof
किया	VM	0	main
।	SYM	5	rsym

रेंज	NNP	2	r6
महानिरीक्षक	NN	3	nmod
राजेंद्र	NNP	5	k1
लेह	NNP	5	k5
बताया	VM	0	main
कि	CC	5	k2
पुलिस	NN	13	k1
झड़पों	NN	9	r6
सिलसिले	NN	13	k7
अभी	PRP	13	k7t
लोगों	NN	13	k2
गिरफ्तार	JJ	13	pof
किया	VM	6	ccof
।	SYM	5	rsym

राजेंद्र	NNP	2	k1
कहा	VM	0	main
कि	CC	2	k2
स्थिति	NN	6	k1
नियंत्रण	NN	6	k7
है	VM	7	ccof
और	CC	3	ccof
कर्फ्यू	NN	9	pof
लगा	VM	7	ccof
।	SYM	2	rsym

घटना	NN	2	k2
रोकने	VM	6	rt
सेना	NN	4	ccof
और	CC	6	k2
आईटीबीपी	NNP	4	ccof
बुलाया	VM	0	main
।	SYM	6	rsym

कारगिल	NNP	3	k5
शुरू	NN	3	pof
होकर	VM	6	vmod
तनाव	NN	6	k1
लद्दाख	NNP	6	k7p
फैल	VM	0	main
।	SYM	6	rsym

प्रवक्ता	NN	2	k1
बताया	VM	0	main
कि	CC	2	k2
लेह	NNP	7	k7p
व्यवस्था	NN	7	k2
कायम	JJ	7	pof
रखने	VM	11	rt
प्रशासन	NN	11	k1
सेना	NN	10	r6-k2
सहायता	NN	11	pof
मांगी	VM	3	ccof
।	SYM	2	rsym

इसके	PRP	5	k7t
सेना	NN	5	k1
दोपहर	NN	5	k7t
मार्च	NN	5	pof
किया	VM	0	main
।	SYM	5	rsym

सूचना	NN	9	k7a
गुस्साई	VM	3	nmod__k1inv
भीड़	NN	9	k1
कारगिल	NNP	9	k7p
घरों	NN	6	ccof
और	CC	9	k2
वाहनों	NN	6	ccof
क्षतिग्रस्त	JJ	9	pof
कर	VM	0	main
।	SYM	9	rsym

कश्मीर	NNP	2	r6
कमिश्नर	NN	3	nmod
डार	NNP	4	k1
कहा	VM	0	main
कि	CC	4	k2
स्थिति	NN	9	k1
तरह	NN	8	nmod
नियंत्रण	NN	9	k7
है	VM	5	ccof
।	SYM	4	rsym

