अकादमी	NNP	12	k7
आईएमए	NNP	1	rs
पर	PSP	1	fragof
हमले	NN	5	r6
साजिश	NN	12	k7
संगठन	NN	7	nmod
ताइबा	NNP	8	r6
आतंकी	NN	12	k2
पुलिस	NN	12	k1
देहरादून	NNP	12	k7p
गिरफ्तार	JJ	12	pof
कर	VM	0	main
।	SYM	12	rsym

आतंकी	NN	2	nmod
मलिक	NNP	5	k1
बिहार	NNP	4	vmod
रहने	VM	5	k1s
है	VM	6	ccof
और	CC	0	main
देहरादून	NNP	10	k7p
संस्थान	NN	10	k7p
छात्र	NN	10	k1
था	VM	6	ccof
।	SYM	6	rsym

पुलिस	NN	0	k4
उसके	PRP	0	r6
घर	NN	0	k5
दस्तावेजों	NN	0	vmod
परेड	NNP	0	r6
कार्ड	NN	0	k1
मिला	VM	0	main
जो	PRP	0	k1
साल	NN	0	k7t
दिसंबर	NNP	0	r6
परेड	NN	0	r6
NULL	NN	0	k1s
है	VM	0	nmod__relc
।	SYM	0	rsym

वह	PRP	6	k1
आतंकियों	NN	6	k4
आईएमए	NNP	4	jjmod
संबंधित	JJ	5	nmod
जानकारी	NN	6	k2
दे	VM	0	main
।	SYM	6	rsym

NULL	PRP	0	k1
गौरतलब	JJ	0	k1s
है	VM	0	main
कि	CC	0	rs
पुलिस	NN	0	r6
सेल	NN	0	k1
रात	NN	0	k7t
राजधानी	NN	0	k7p
आतंकियों	NN	0	vmod
तीन	QC	0	k2
मुठभेड़	NN	0	k7
ढेर	NN	0	pof
कर	VM	0	ccof
और	CC	0	ccof
उनके	PRP	0	r6
साथी	NN	0	k2
गिरफ्तार	JJ	0	pof
कर	VM	0	ccof
।	SYM	0	rsym

इसी	PRP	12	k7t
आईएमए	NNP	4	ccof
देहरादून	NNP	4	ccof
और	CC	6	jjmod
बंगलोर	NNP	4	ccof
स्थित	JJ	7	nmod
कंपनियों	NN	8	k2
उड़ाने	VM	9	r6
लश्कर	NNP	10	r6
साजिश	NN	11	r6-k1
भंडाफोड़	NN	12	pof
हुआ	VM	0	main
।	SYM	12	rsym

देहरादून	NNP	2	r6
साइंस	NNP	3	k7p
पढ़	VM	4	nmod__k1inv
मलिक	NNP	14	k2
पुलिस	NN	14	k1
रात	NN	14	k7t
आईएमए	NNP	8	k7p
सटी	VM	9	nmod__k1inv
कालोनी	NNP	10	jjmod
स्थित	JJ	12	nmod
उसके	PRP	12	r6
घर	NN	14	k5
गिरफ्तार	JJ	14	pof
किया	VM	0	main
।	SYM	14	rsym

देहरादून	NNP	2	r6
अदालत	NN	8	k1
इफ्तखार	NNP	8	k2
दिन	NN	5	r6
रिमांड	NN	8	k7
पुलिस	NN	7	r6-k2
हवाले	NN	8	pof
किया	VM	0	main
।	SYM	8	rsym

आयुक्त	NN	3	nmod
सेल	NN	1	rs
सिंह	NNP	4	k1
बताया	VM	0	main
कि	CC	4	k2
मलिक	NNP	9	k2
पूछताछ	NN	9	rt
दिल्ली	NNP	9	k2p
लाया	VM	5	ccof
।	SYM	4	rsym

इफ्तखार	NNP	7	k1
)	SYM	1	rs
यहां	PRP	7	k7p
अपने	PRP	5	r6
सहपाठी	NN	6	nmod
देव	NNP	7	ras-k1
रहता	VM	0	main
।	SYM	7	rsym

पुलिस	NN	4	k1
सुनील	NNP	4	k2
साथ	NST	4	pof
ले	VM	0	main
।	SYM	4	rsym

मकान	NN	9	k7p
डॉलफिन	NNP	3	r6
छात्र	NN	4	nmod
राशिद	NNP	6	ccof
आलम	NNP	6	ccof
व	CC	9	k1
इसलाम	NNP	6	ccof
कमरे	NN	9	k7p
रहते	VM	0	main
।	SYM	9	rsym

शाम	NN	6	k7t
पुलिस	NN	6	k1
छात्रों	NN	6	k2
पूछताछ	NN	6	rt
हिरासत	NN	6	k7p
लिया	VM	0	main
।	SYM	6	rsym

पुलिस	NN	0	r6
सूत्रों	NN	0	k7a
मुठभेड़	NN	0	k7
मारे	VM	0	nmod__k1inv
पटना	NNP	0	r6
शख्स	NN	0	r6
डायरी	NN	0	k7p
इफ्तखार	NNP	0	r6
देहरादून	NNP	0	jjmod
स्थित	JJ	0	nmod
खाते	NN	0	r6
नंबर	NN	0	r6
उल्लेख	NN	0	k1
है	VM	0	main
जिससे	PRP	0	rh
संदेह	NN	0	k1
है	VM	0	nmod__relc
कि	CC	0	k1s
इफ्तखार	NNP	0	k4
आतंकी	NN	0	k1
मदद	NN	0	pof
दे	VM	0	ccof
।	SYM	0	rsym

इफ्तखार	NNP	3	k1
पुलिस	NN	3	k4
बताया	VM	0	main
कि	CC	3	k2
उसने	PRP	11	k1
२००३	NNP	11	k7t
पटना	NNP	8	r6
कॉलेज	NNP	11	k5
१२वीं	NNP	11	k2
पास	UNK	11	pof
की	VM	4	ccof
।	SYM	3	rsym

दौरान	NST	9	k7t
वह	PRP	9	k1
पटना	NNP	4	r6
किराए	NN	5	r6
मकान	NN	6	k7
रहने	VM	9	k7t
शख्स	NN	8	r6
संपर्क	NN	9	k7
आया	VM	0	main
।	SYM	9	rsym

शख्स	NN	9	k1
उसे	PRP	9	k4
संगठन	NN	4	nmod
इंडिया	NNP	8	rt
सिमी	NNP	4	rs
के	PSP	4	fragof
काम	NN	8	k2
करने	VM	9	rt
उकसाया	VM	0	main
।	SYM	9	rsym

इफ्तखार	NNP	5	k1
सिमी	NNP	3	r6
बैठकों	NN	5	k7
हिस्सा	NN	5	pof
लिया	VM	0	main
।	SYM	5	rsym

२००३	NNP	4	k7t
इफ्तखार	NNP	4	k1
देहरादून	NNP	4	k2p
आया	VM	5	ccof
और	CC	0	main
उसने	PRP	11	k1
साइंस	NNP	11	k7p
टेक्नालॅजी	NN	9	r6
कोर्स	NN	11	k7
प्रवेश	NN	11	pof
लिया	VM	5	ccof
।	SYM	5	rsym

दौरान	NST	0	k7t
उसका	PRP	0	r6
शख्स	NN	6	ras-k1
संपर्क	NN	6	k1
बरकरार	JJ	6	pof
रहा	VM	0	main
।	SYM	6	rsym

साल	NN	5	k7t
अक्तूबर	NNP	5	k7t
शख्स	NN	5	k1
देहरादून	NNP	5	k2p
पहुंचा	VM	6	ccof
और	CC	0	main
उसने	PRP	12	k1
इफ्तखार	NNP	12	k2
ताइबा	NNP	11	k7
काम	NN	11	k2
करने	VM	12	rt
उकसाया	VM	6	ccof
।	SYM	6	rsym

शख्स	NN	5	k1
उसे	PRP	5	k4
नाम	NN	4	r6
कोड	NN	5	k2
दिया	VM	0	main
ताकि	CC	5	vmod
इफ्तखार	NNP	8	r6
पहचान	NN	9	k1
छिपी	VM	6	ccof
।	SYM	5	rsym

