जिन्ना	NNP	2	k7
की	VM	3	nmod__k2inv
टिथी	NN	4	k3
उठे	VM	5	nmod__k1inv
विवाद	NN	10	k7
भाजपा	NNP	10	k1
तरह	NN	10	adv
आडवाणी	NNP	10	ras-k1
खड़ी	JJ	10	k1s
है	VM	0	main
।	SYM	10	rsym

वाजपेयी	NNP	6	k1
खुलकर	VM	6	adv
आडवाणी	NNP	4	r6
बचाव	NN	6	k7
सामने	NST	6	pof
आ	VM	7	ccof
और	CC	0	main
बोले	VM	7	ccof
पाकिस्तान	NNP	10	r6
जनक	NN	14	k1
संघर्ष	NN	14	k7
भूमिका	NN	14	k2
अदा	NN	14	pof
की	VM	8	k2
।	SYM	7	rsym

ओर	NST	0	sent-adv
आडवाणी	NNP	0	k7
बयान	NN	0	k2
वापस	JJ	0	pof
लेने	VM	0	r6
दबाव	NN	0	k2
डालने	VM	0	nmod
संघ	NNP	0	k1
उनके	PRP	0	r6
पद	NN	15	k5
इस्तीफे	NN	15	k2
पार्टी	NN	13	r6
मामला	NN	15	k2s
करार	NN	15	pof
दिया	VM	0	main
।	SYM	15	rsym

आडवाणी	NNP	2	r6
इस्तीफे	NN	3	r6
खबर	NN	7	k3
भाजपा	NNP	5	ccof
और	CC	7	k7
संघ	NN	5	ccof
मचे	VM	8	nmod__k1inv
घमासान	NN	17	k7t
वाजयेपी	NNP	17	k1
मंगलवार	NNP	17	k7t
अपनी	PRP	12	r6
छुट्टियां	NN	14	k1
ही	RP	14	k7t
छोड़कर	VM	17	vmod
मनाली	NNP	17	k5
दिल्ली	NNP	17	k2p
आ	VM	0	main
।	SYM	17	rsym

दिल्ली	NNP	0	k2p
रवाना	JJ	0	pof
होने	VM	0	k7t
मनाली	NNP	0	k2p
NULL	VM	0	ccof
और	CC	0	vmod
फिर	RB	0	adv
बाद	NST	0	k7t
राजधानी	NN	0	k2p
पहुंचकर	VM	0	ccof
उन्होंने	PRP	0	k1
आडवाणी	NNP	0	r6-k2
जमकर	RB	15	adv
बचाव	NN	15	pof
किया	VM	0	main
।	SYM	15	rsym

उन्होंने	PRP	3	k1
आरोप	NN	3	pof
लगाया	VM	0	main
कि	CC	3	k2
आडवाणी	NNP	7	k1
कुछ	PRP	7	k2
कहा	VM	8	nmod__relc
उसके	PRP	9	r6
अर्थ	NN	10	k1
निकाले	VM	4	ccof
।	SYM	3	rsym

जिन्ना	NNP	4	k2
पाकिस्तान	NNP	3	r6
जनक	NN	4	k2g
बताते	VM	6	vmod
वाजपेयी	NNP	6	k1
कहा	VM	0	main
कि	CC	6	k2
आजम	NN	9	k1
चाहते	VM	7	ccof
कि	CC	9	k2
भारत	NNP	12	ccof
और	CC	14	r6
पाकिस्तान	NNP	12	ccof
लोग	NN	16	k1
सद्भावना	NN	16	adv
रहें	VM	17	ccof
लेकिन	CC	10	ccof
पाकिस्तान	NN	19	r6
नेताओं	NN	22	k1
उनका	PRP	21	r6-k2
समर्थन	NN	22	pof
किया	VM	17	ccof
।	SYM	6	rsym

उन्होंने	PRP	2	k1
कहा	VM	0	main
कि	CC	2	k2
नायडू	NNP	6	nmod
कांग्रेस	NNP	6	r6
नेता	NN	10	k1
जिन्ना	NNP	10	k7
तरह	NN	9	r6-k2
टिथी	NN	10	pof
की	VM	3	ccof
।	SYM	2	rsym

आडवाणी	NNP	4	k5
बयान	NN	4	k2
वापस	JJ	4	pof
लेने	VM	5	r6-k2
मांग	NN	6	pof
करने	VM	7	nmod
संघ	NN	15	k1
उन	PRP	12	k7
इस्तीफे	NN	12	rt
तरह	NN	11	r6-k2
दबाव	NN	12	pof
डालने	VM	13	r6
आरोप	NN	15	k2
इनकार	NN	15	pof
किया	VM	0	main
।	SYM	15	rsym

संघ	NN	2	r6
प्रवक्ता	NN	3	nmod
माधव	NNP	4	k1
कहा	VM	0	main
कि	CC	4	k2
आडवाणी	NNP	7	r6
इस्तीफे	NN	11	k2
आरएसएस	NNP	10	k1
कुछ	PRP	10	k2
लेना	VMC	11	k1
है	VM	12	ccof
NULL	CC	5	ccof
यह	PRP	16	k1
भाजपा	NNP	15	r6
मामला	NN	16	k1s
है	VM	12	ccof
।	SYM	4	rsym

लेकिन	CC	0	main
उन्होंने	PRP	3	k1
कहा	VM	1	ccof
कि	CC	3	k2
हम	PRP	10	k1
जिन्ना	NNP	8	k2
सेकुलर	JJ	8	k2g
बताए	VM	10	rh
सहमत	JJ	10	k1s
हैं	VM	4	ccof
।	SYM	1	rsym

आडवाणी	NNP	2	k2
मनाने	VM	5	rt
उनके	PRP	4	r6
आवास	NN	5	k2p
पहुंचे	VM	6	nmod__k1inv
नेता	NN	7	nmod
वर्मा	NNP	8	k1
कहा	VM	0	main
नेता	NN	10	nmod
तोगड़िया	NNP	11	r6
बयान	NN	14	k3
अध्यक्ष	NN	14	k1
आहत	JJ	14	k1s
हैं	VM	8	k2
।	SYM	8	rsym

विहिप	NNP	5	k1
तरह	NN	3	r6
भाषा	NN	4	r6-k2
प्रयोग	NN	5	pof
करना	VM	0	main
।	SYM	5	rsym

मैं	PRP	2	k1
चाहता	VM	0	main
कि	CC	2	k2
परिवार	NN	10	k1
दबाव	NN	6	pof
बनाकर	VM	10	vmod
तोगड़िया	NNP	8	r6
बयान	NN	10	k2
वापस	JJ	10	pof
कराए	VM	11	ccof
या	CC	3	ccof
उन्हें	PRP	14	k2
विहिप	NNP	14	k7
कर	VM	11	ccof
।	SYM	2	rsym

नेता	NN	2	nmod
महाजन	NNP	3	k1
कहा	VM	0	main
NULL	CC	3	k2
आडवाणी	NNP	8	k1
हमारे	PRP	7	r6
नेता	NN	8	k1s
हैं	VM	9	ccof
NULL	CC	4	ccof
हमें	PRP	13	k1
तोगड़िया	NNP	13	k2
मतलब	NN	13	k1s
है	VM	9	ccof
।	SYM	3	rsym

ओर	NST	5	sent-adv
भाजपा	NNP	3	r6
नेता	NN	4	nmod
भारती	NNP	5	k1
कहा	VM	0	main
कि	CC	5	k2
आडवाणी	NNP	8	r6
इस्तीफे	NN	9	ccof
और	CC	14	ras-k2
पाकिस्तान	NNP	11	k7p
की	VM	13	nmod__k2inv
उनकी	PRP	13	r6
टिप्पणियों	NN	9	ccof
जुड़े	VM	15	nmod__k1inv
मुद्दे	NN	18	k7
बहस	NN	17	r6
जरूरत	NN	18	k1
है	VM	6	ccof
।	SYM	5	rsym

इसके	PRP	7	sent-adv
उन्होंने	PRP	7	k1
परिवार	NN	7	k2
संयम	NN	5	pof
बरतने	VM	6	r6-k2
नसीहत	NN	7	pof
दे	VM	0	main
।	SYM	7	rsym

पार्टी	NN	2	r6
नेता	NN	3	nmod
हुसैन	NNP	4	k1
कहा	VM	0	main
कि	CC	4	k2
हमने	PRP	10	k1
आडवाणी	NNP	10	k2
मुददे	NN	10	k7
बात	NN	10	pof
की	VM	11	ccof
और	CC	5	ccof
हम	PRP	13	k1
चाहते	VM	11	ccof
कि	CC	13	k2
वे	PRP	17	k1
अध्यक्ष	NN	17	k1s
बने	VM	14	ccof
।	SYM	4	rsym

