प्रदेश	NNP	12	k7p
व्यवस्था	NN	3	k2
लेकर	VM	7	vmod
सांसद	NN	5	nmod
गांधी	NNP	6	r6
हमले	NN	7	rh
बौखलाए	VM	8	nmod__k1inv
यादव	NNP	12	k1
बृहस्पतिवार	NNP	12	k7t
हमला	NN	11	pof
करते	VM	12	vmod
कहा	VM	0	main
कि	CC	12	k2
मुंबई	NNP	15	ccof
और	CC	17	r6
दिल्ली	NNP	15	ccof
हालात	NN	19	k1
खराब	JJ	19	k1s
हैं	VM	20	ccof
और	CC	13	ccof
दावा	NN	22	pof
किया	VM	20	ccof
कि	CC	22	k2
उन्हें	PRP	26	k1
सत्ता	NN	26	k5
हटाना	VM	28	k1
आसान	JJ	28	k1s
है	VM	23	ccof
।	SYM	12	rsym

राज्य	NN	0	nmod
व्यवस्था	NN	0	r6
स्थिति	NN	0	ccof
और	CC	0	k2
परिवर्तन	NN	0	ccof
लेकर	VM	0	vmod
राहुल	NNP	0	r6
बयान	NN	0	k7
प्रतिक्रिया	NN	0	pof
जताते	VM	0	vmod
यादव	NNP	0	k1
कहा	VM	0	main
कि	CC	0	k2
गांधी	NNP	0	r6
हैसियत	NN	0	k1
नहीं	NEG	0	vmod
NULL	VM	0	ccof
कि	CC	0	rs
हम	PRP	0	k1
उनका	PRP	0	r6
नाम	NN	0	k2
लें	VM	0	ccof
।	SYM	0	rsym

उन्होंने	PRP	2	k1
कहा	VM	0	main
कि	CC	2	k2
प्रदेश	NNP	10	k7p
व्यवस्था	NN	6	r6
स्थिति	NN	10	k1
देश	NN	8	r6
राज्य	NN	10	k1u
बेहतर	JJ	10	k1s
है	VM	3	ccof
।	SYM	2	rsym

यादव	NNP	0	k1
कहा	VM	0	main
कि	CC	0	k2
लोग	NN	0	k1
टिप्पणियां	NN	0	pof
कर	VM	0	ccof
उन्हें	PRP	0	k1
पहले	NST	0	vmod
मुंबई	NNP	0	ccof
और	CC	0	r6
दिल्ली	NNP	0	ccof
हालात	NN	0	k2
देखने	VM	0	nmod__relc
जहां	PRP	0	k7p
अपराध	NN	0	r6
ग्राफ	NN	0	k1
ऊपर	NST	0	k7
है	VM	0	nmod__relc
।	SYM	0	rsym

यह	PRP	2	k2
पूछे	VM	0	root
कि	CC	0	root
क्या	WQ	9	adv
उनकी	PRP	6	r6
सरकार	NN	7	k2
गिराने	VM	8	r6
संदेह	NN	9	k1
है	VM	3	ccof
यादव	NNP	11	k1
कहा	VM	0	root
कि	CC	11	k2
उन्हें	PRP	14	k4
हटाना	VM	16	k1
काम	NN	16	k1s
है	VM	12	ccof
।	SYM	11	rsym

सब	PRP	2	k1
जानते	VM	0	main
कि	CC	2	k2
सरकार	NN	5	k2
हटाना	VM	7	k1
आसान	JJ	7	k1s
है	VM	3	ccof
।	SYM	2	rsym

कांग्रेस	NNP	5	ras-k1
अपने	PRP	3	r6
संबंधों	NN	5	k7
मुख्यमंत्री	NNP	5	k1
कहा	VM	0	main
कि	CC	5	k2
प्रताड़ना	NN	11	vmod
उनकी	PRP	9	r6
पार्टी	NN	11	k1
समर्थन	NN	11	k2
दे	VM	6	ccof
।	SYM	5	rsym

सिंह	NNP	2	r6
वाजपेयी	NNP	6	ras-k1
हाल	NN	4	r6
बैठक	NN	6	k7
उन्होंने	PRP	6	k1
कहा	VM	0	main
कि	CC	6	k2
इसका	PRP	9	r6
अर्थ	NN	10	k2
निकाला	VM	7	ccof
।	SYM	6	rsym

प्रधानमंत्री	NNP	2	r6
विधायक	NN	3	ccof
और	CC	13	k1
गोंडा	NNP	3	ccof
उम्मीदवार	NN	6	nmod
शुक्ला	NNP	9	r6
महीने	NN	8	k7t
हुई	VM	9	nmod__k2inv
मौत	NN	10	r6
जांच	NN	11	k2
लेकर	VM	13	vmod
शिकायतें	NN	13	pof
थीं	VM	0	main
।	SYM	13	rsym

उन्होंने	PRP	2	k1
बताया	VM	0	main
कि	CC	2	k2
सरकार	NN	8	k1
संबंध	NN	8	k7
जल्दी	RB	8	adv
फैसला	NN	8	pof
करेगी	VM	3	ccof
।	SYM	2	rsym

विधानसभा	NN	4	k7
सिंह	NNP	3	r6
मौजूदगी	NN	4	k2
लेकर	VM	8	vmod
कांग्रेस	NNP	6	r6
दावे	NN	8	k7
मुख्यमंत्री	NNP	8	k1
कहा	VM	0	main
कि	CC	8	k2
वह	PRP	14	k1
कांग्रेस	NNP	12	r6
टिकट	NN	14	k7
विधानसभा	NN	14	rt
चुने	VM	9	ccof
।	SYM	8	rsym

मुलायम	NNP	2	k1
कहा	VM	0	main
कि	CC	2	k2
जब	PRP	9	k7t
व्यक्ति	NN	9	k1
कांग्रेस	NNP	7	ccof
या	CC	9	k7
भाजपा	NNP	7	ccof
है	VM	10	nmod__relc
NULL	PRP	13	k7t
वह	PRP	13	k1
संत	NN	13	k1s
है	VM	14	ccof
लेकिन	CC	3	ccof
क्षण	NN	21	k7t
वह	PRP	21	k1
सपा	NNP	19	k2
समर्थन	NN	19	pof
देना	VM	21	k2
शुरू	NN	21	pof
कर	VM	22	nmod__relc
NULL	PRP	24	k7t
माफिया	NN	24	k2
बन	VM	14	ccof
।	SYM	2	rsym

सिंह	NNP	8	k7
रायबरेली	NNP	3	r6
नेता	NN	4	nmod
सिंह	NNP	6	k7
हमला	NN	6	pof
करने	VM	7	r6
आरोप	NN	8	k1
है	VM	0	main
।	SYM	8	rsym

अखिलेश	NNP	2	r6-k2
बचाव	NN	3	pof
करते	VM	4	nmod__k1inv
उन्होंने	PRP	5	k1
कहा	VM	0	main
कि	CC	5	k2
यदि	CC	0	root
उनके	PRP	10	ras-k1
अन्याय	NN	10	pof
होता	VM	7	ccof
तो	CC	0	root
हम	PRP	15	k1
उनका	PRP	14	r6-k2
समर्थन	NN	15	pof
करेंगे	VM	11	ccof
।	SYM	0	root

केंद्र	NNP	4	k7
सरकार	NNP	3	r6-k2
खिंचाई	NN	4	pof
करते	VM	5	nmod__k1inv
उन्होंने	PRP	6	k1
कहा	VM	0	main
कि	CC	6	k2
चलती	VM	9	nmod__k1inv
ट्रेनों	NN	12	k7
यात्रियों	NN	11	r6-k2
हत्याएं	NN	12	pof
की	VM	7	ccof
।	SYM	6	rsym

