पार्टी	NNP	3	nmod
लोजपा	NNP	1	rs
पासवान	NNP	19	k1
बिहार	NNP	5	k7p
होने	VM	6	nmod
चुनाव	NN	19	k7
बार	NN	8	rbmod
फिर	RB	19	adv
दल	NNP	11	ccof
राजद	NNP	9	rs
व	CC	19	ras-k1
पार्टी	NNP	11	ccof
भाजपा	NNP	12	rs
साथ	NST	11	fragof
प्रकार	NN	16	r6
तालमेल	NN	17	r6
संभावना	NN	19	k2
इनकार	NN	19	pof
किया	VM	0	main
।	SYM	19	rsym

ही	RP	3	sent-adv
उन्होंने	PRP	3	k1
कहा	VM	0	main
कि	CC	3	k2
उनकी	PRP	6	r6
पार्टी	NN	15	k1
कांग्रेस	NNP	15	vmod
माले	NNP	10	ccof
भाकपा	NNP	10	ccof
व	CC	15	ras-k1
माकपा	NNP	10	ccof
गठबंधन	NN	13	r6
संभावनाओं	NN	14	r6-k2
पता	NN	15	pof
लगा	VM	4	ccof
।	SYM	3	rsym

बुधवार	NNP	4	k7t
दिल्ली	NNP	4	k5
पटना	NNP	4	k2p
पहुंचने	VM	8	k7
पत्रकारों	NN	8	k4
बातचीत	NN	8	k7
पासवान	NNP	8	k1
कहा	VM	0	main
कि	CC	8	k2
राजद	NNP	11	ccof
व	CC	13	k2
भाजपा	NNP	11	ccof
लेकर	VM	19	vmod
वे	PRP	19	k1
अपने	PRP	16	r6
पहले	NST	17	r6
रुख	NN	19	k7
कायम	JJ	19	k1s
हैं	VM	9	ccof
।	SYM	8	rsym

राज्य	NN	7	k7p
यूपीए	NNP	3	r6
घटकों	NN	7	k7
गठबंधन	NN	5	r6
संभावनाओं	NN	7	k2
खारिज	JJ	7	pof
करते	VM	9	vmod
पासवान	NNP	9	k1
कहा	VM	0	main
कि	CC	9	k2
बिहार	NNP	14	k7p
गठबंधन	NN	14	k1
प्रभावी	JJ	14	k1s
है	VM	10	ccof
।	SYM	9	rsym

यह	PRP	2	k2
पूछे	VM	0	root
कि	CC	0	root
क्या	WQ	11	vmod
गांधी	NNP	6	k1
कहने	VM	11	k7
उनकी	PRP	8	r6
पार्टी	NN	11	k1
राजद	NNP	11	ras-k1
तालमेल	NN	11	pof
करेगी	VM	3	ccof
प्रश्न	NN	16	k2
पासवान	NNP	16	k1
प्रश्न	NN	16	k2s
करार	NN	16	pof
दिया	VM	0	root
।	SYM	16	rsym

पासवान	NNP	2	k1
कहा	VM	0	main
कि	CC	2	k2
उन्होंने	PRP	10	k1
मंगलवार	NNP	10	k7t
गांधी	NNP	7	ccof
व	CC	10	k2
सिंह	NNP	7	ccof
मुलाकात	NN	10	pof
की	VM	3	ccof
।	SYM	2	rsym

लेकिन	CC	0	main
बातचीत	NN	6	k7t
गठबंधन	NN	4	k2
लेकर	VM	6	vmod
चर्चा	NN	6	pof
हुई	VM	1	ccof
।	SYM	1	rsym

पासवान	NNP	2	k1
कहा	VM	0	main
कि	CC	2	k2
उन्होंने	PRP	13	k1
अपने	PRP	6	r6
कार्यकर्ताओं	NN	13	k4
राज्य	NN	8	r6
सीटों	NN	10	k5
चुनाव	NN	10	k2
लड़ने	VM	12	rt
तैयार	JJ	12	pof
रहने	VM	13	k2
कहा	VM	3	ccof
।	SYM	2	rsym

लेकिन	CC	0	main
उन्होंने	PRP	6	k1
कांग्रेस	NNP	6	ras-k1
तालमेल	NN	5	r6-k2
इच्छा	NN	6	pof
जताई	VM	1	ccof
।	SYM	1	rsym

