मामले	NNP	7	k7
जोधपुर	NNP	3	r6
अदालत	NN	7	k1
सोमवार	NNP	7	k7t
अपना	PRP	6	r6
फैसला	NN	7	k2
सुनाएगी	VM	0	main
।	SYM	7	rsym

मामले	NN	5	k7
अभिनेता	NN	3	nmod
खान	NNP	5	k1
आरोपी	JJ	5	k1s
हैं	VM	0	main
।	SYM	5	rsym

सलमान	NNP	2	r6
वकील	NN	3	nmod
सारस्वत	NNP	8	k1
रविवार	NNP	8	k7t
इसकी	PRP	6	r6
जानकारी	NN	7	k2
देते	VM	8	vmod
बताया	VM	0	main
कि	CC	8	k2
मजिस्ट्रेट	NN	14	k1
मार्च	NNP	14	k7t
पक्ष	NN	13	r6
दलील	NN	14	k2
सुनी	VM	15	ccof
और	CC	9	ccof
इसके	PRP	22	k7t
फैसला	NN	18	k2
सुनाने	VM	22	rt
अप्रैल	NNP	20	r6
तारीख	NN	22	k2
तय	JJ	22	pof
की	VM	15	ccof
।	SYM	8	rsym

दौरान	NST	12	k7t
खान	NNP	3	ccof
और	CC	12	k1
आरोपी	NN	3	ccof
आंग्रे	NNP	9	ccof
सिंह	NNP	9	ccof
सिंह	NNP	9	ccof
सिंह	NNP	9	ccof
और	CC	4	rs
सिंह	NNP	9	ccof
मौजूद	JJ	12	pof
रहेंगे	VM	0	main
।	SYM	12	rsym

मामला	NN	0	k1
१९८८	NNP	0	r6
है	VM	0	main
जब	PRP	0	k7t
फार्महाउस	NNP	0	k7p
सलमान	NNP	0	ccof
और	CC	0	k1
आरोपियों	NN	0	ccof
चिंकारा	NNP	0	k2
हिरण	NN	0	r6
प्रजाति	NN	0	rs
को	PSP	0	fragof
मार	VM	0	nmod__relc
।	SYM	0	rsym

बहरहाल	CC	0	main
सारस्वत	NNP	3	k1
कहा	VM	1	ccof
कि	CC	3	k2
अप्रैल	NNP	9	k7t
मजिस्ट्रेट	NN	9	k1
सलमान	NNP	8	r6
याचिका	NN	9	k2
ठुकरा	VM	4	ccof
।	SYM	1	rsym

याचिका	NN	2	r6
माध्यम	NN	8	k3
मामले	NN	4	r6
गवाह	NN	5	nmod
दुलानी	NNP	6	k2
बुलाने	VM	7	r6-k2
मांग	NN	8	pof
की	VM	0	main
।	SYM	8	rsym

दुलानी	NNP	5	k1
वर्षों	NN	5	k7t
अदालत	NN	5	k7p
हाजिर	JJ	5	pof
हो	VM	0	main
।	SYM	5	rsym

दुलानी	NNP	2	k7
बताया	VM	0	main
कि	CC	2	k2
वह	PRP	7	k1
मामले	NN	7	k7
गवाह	NN	7	k1s
है	VM	3	ccof
।	SYM	2	rsym

