कोर्ट	NNP	0	r6
फैसले	NN	0	jjmod
बेचैन	JJ	0	nmod
दिल्लीवासियों	NN	0	k4
राहत	NN	0	pof
देते	VM	0	nmod__k1inv
मंत्रालय	NNP	0	k1
रात	NN	0	k7t
राजधानी	NN	0	k1
२००१	NNP	0	k7t
संशोधन	NN	0	r6
अधिसूचना	NN	0	k2
जारी	JJ	0	pof
कर	VM	0	main
जिसमें	PRP	0	k7
क्षेत्रों	NN	0	k7p
यूज	NN	0	r6
प्रस्ताव	NN	0	k4
अनुमति	NN	0	pof
दी	VM	0	nmod__relc
।	SYM	0	rsym

इसके	PRP	9	k7a
राजधानी	NN	3	r6
मार्गों	NN	9	k7p
परिसरों	NN	5	r6
भूतल	NN	9	k7p
गतिविधियों	NN	9	k4
वैधता	NN	9	k2
प्रदान	NN	9	pof
की	VM	0	main
।	SYM	9	rsym

इससे	PRP	6	rh
दुकानदारों	NN	4	k4
राहत	NN	4	pof
मिलने	VM	5	r6
संभावना	NN	6	k1
है	VM	0	main
।	SYM	6	rsym

कोर्ट	NNP	2	r6
निर्देश	NN	11	k7
मार्च	NNP	5	k5
इलाकों	NN	5	k7p
चल	VM	6	nmod__k2inv
गतिविधियों	NN	8	k2
बंद	JJ	8	pof
किए	VM	9	r6
कार्रवाई	NN	11	k1
शुरू	NN	11	pof
होनी	VM	0	main
।	SYM	11	rsym

मामले	NN	0	k7
एमसीडी	NNP	0	r6
प्रवक्ता	NN	0	nmod
माथुर	NNP	0	k1
कहना	VM	0	k1
है	VM	0	main
कि	CC	0	k2
निगम	NN	0	k1
कोर्ट	NNP	0	r6
आदेश	NN	0	k3
बंधा	VM	0	ccof
।	SYM	0	rsym

सीलिंग	NN	0	r6
कार्रवाई	NN	0	rt
निगम	NN	0	k1
टीमें	NN	0	k2
गठित	JJ	0	pof
की	VM	0	main
जो	PRP	0	k1
बुधवार	NNP	0	k7t
कार्रवाई	NN	0	k2
शुरू	NN	0	pof
करेंगी	VM	0	nmod__relc
।	SYM	0	rsym

क्षेत्रों	NN	4	k7p
भूतल	NN	4	k7
दुकानें	NN	4	k1
चल	VM	5	nmod__relc
उनको	PRP	6	k2
छेड़ा	VM	7	ccof
लेकिन	CC	0	main
ऊपर	NST	9	r6
फ्लोर	NN	11	k2
सील	NN	11	pof
किया	VM	7	ccof
।	SYM	7	rsym

इसका	PRP	2	r6
हवाला	NN	4	k2
अधिसूचना	NN	4	k7
दिया	VM	0	main
।	SYM	4	rsym

माकन	NNP	7	k1
अधिसूचना	NN	4	k2
जारी	JJ	4	pof
करने	VM	7	k7t
मीडिया	NN	7	k4
बातचीत	NN	7	k7
कहा	VM	0	main
कि	CC	7	k2
१९६२	NNP	10	r6
प्लान	NN	14	k7
व्यक्तियों	NN	14	k7
दुकान	NN	13	r6-k2
प्रावधान	NN	14	pof
किया	VM	8	ccof
।	SYM	7	rsym

आज	NN	5	k7t
दिल्ली	NNP	3	r6
करोड़	QC	4	r6
आबादी	NN	5	k1
है	VM	6	ccof
NULL	CC	0	main
प्रकार	NN	9	sent-adv
दुकानें	NN	9	k1
होनी	VM	6	ccof
।	SYM	6	rsym

अभी	PRP	2	r6
जानकारी	NN	5	k7a
इसकी	PRP	4	r6
दुकानें	NN	5	k1
हैं	VM	0	main
।	SYM	5	rsym

आवश्यकता	NN	4	k7a
दुकानों	NN	3	r6
कमी	NN	4	k1
है	VM	0	main
।	SYM	4	rsym

इसलिए	PRP	0	rh
यह	PRP	0	k1
जरूरी	JJ	0	pof
हो	VM	0	main
कि	CC	0	rs
दिल्ली	NNP	0	k7p
दुकानों	NN	0	r6
कमी	NN	0	k2
पूरी	JJ	0	pof
करने	VM	0	rt
उपयोग	NN	0	r6
नीति	NN	0	k2
लागू	JJ	0	pof
किया	VM	0	ccof
।	SYM	0	rsym

उन्होंने	PRP	2	k1
बताया	VM	0	main
कि	CC	2	k2
प्रस्ताव	NN	8	k7
एसोसिएशन	NNP	6	r6
आपत्तियों	NN	8	k2
नजरंदाज	NN	8	pof
किया	VM	9	ccof
और	CC	3	ccof
इसमें	PRP	16	k7
भूतल	NN	12	k7p
बनी	VM	13	nmod__k2inv
दुकानों	NN	16	k4
अनुमति	NN	16	k2
प्रदान	NN	16	pof
की	VM	9	ccof
।	SYM	2	rsym

अधिसूचना	NN	4	rh
शोरूम	NN	4	k4
राहत	NN	4	pof
मिलती	VM	6	vmod
नजर	NN	6	pof
आ	VM	0	main
।	SYM	6	rsym

लेकिन	CC	0	main
डॉक्टर	NN	5	ccof
आर्किटेक्ट	NN	5	ccof
डिज़ाइनर	NN	5	ccof
NULL	CC	13	k1
वकील	NN	5	ccof
संपत्तियों	NN	13	k7
ऊपर	NST	9	r6
तल	NN	10	r6
हिस्से	NN	11	r6-k2
इस्तेमाल	NN	13	pof
गतिविधि	NN	13	rt
कर	VM	1	ccof
।	SYM	1	rsym

उन्होंने	PRP	2	k1
कहा	VM	0	main
कि	CC	2	k2
न्यायालय	NNP	8	k1
आदेश	NN	8	k7
दुकानदारों	NN	8	k4
राहत	NN	8	k2
दी	VM	3	ccof
।	SYM	2	rsym

दुकानों	NN	5	k4
बंद	JJ	3	pof
करने	VM	4	r6-k2
आदेश	NN	5	pof
दिया	VM	0	main
।	SYM	5	rsym

यूज़	NN	2	jjmod
संबंधी	JJ	4	nmod
मंत्रालय	NNP	4	r6
प्रस्ताव	NN	7	k1
प्रकार	NN	6	r6
NULL	NN	7	k1s
है	VM	0	main
।	SYM	7	rsym

इसमें	PRP	5	k7
१८९	QC	5	k5
मार्गों	NN	5	k2
राहत	NN	5	pof
दी	VM	0	main
।	SYM	5	rsym

अधिसूचना	NN	6	k7a
मीटर	NN	3	nmod
रोड	NN	6	k7p
गतिविधियों	NN	5	r6-k1
अनुमति	NN	6	pof
होगी	VM	0	main
।	SYM	6	rsym

प्रकार	NN	5	adv
कॉलोनियों	NN	5	k7p
मीटर	NN	4	r6
NULL	NN	5	k7
NULL	VM	6	ccof
और	CC	0	main
क्षेत्र	NN	8	nmod
लालडोरा	NNP	13	k7p
मीटर	NN	10	r6
मार्ग	NN	13	k7p
गतिविधियों	NN	12	r6
अनुमति	NN	13	k2
दी	VM	6	ccof
।	SYM	6	rsym

ट्रेडर्स	NNP	4	ccof
मोर्चा	NNP	4	ccof
एसोसिएशन	NNP	4	ccof
और	CC	11	ras-k1
एसोसिएशन	NNP	4	ccof
संगठनों	NN	11	k1
मंत्रालय	NNP	11	k3
लैंडयूज	NN	9	r6
अधिसूचना	NN	10	r6-k2
स्वागत	NN	11	pof
किया	VM	0	main
।	SYM	11	rsym

संबंध	NN	5	k7
कन्फेडरेशन	NNP	3	r6
महामंत्री	NN	4	nmod
खंडेलवाल	NNP	5	k1
कहा	VM	0	main
कि	CC	5	k2
अधिसूचना	NN	9	k1
जारी	JJ	9	pof
होने	VM	13	rh
हद	NN	13	k7
व्यापारियों	NN	13	k4
राहत	NN	13	pof
मिल	VM	6	ccof
।	SYM	5	rsym

लेकिन	CC	0	main
व्यापारियों	NN	0	r6
आंदोलन	NN	0	k1
तब	PRP	0	k7t
जारी	JJ	0	pof
रहेगा	VM	0	ccof
जब	PRP	0	k7t
दिल्ली	NNP	0	r6
व्यापारियों	NN	0	ccof
और	CC	0	rh
उनसे	PRP	0	k2
जुड़े	VM	0	nmod__k1inv
लाख	QC	0	nmod
लोगों	NN	0	ccof
भय	NN	0	r6
वातावरण	NN	0	k1
समाप्त	JJ	0	pof
हो	VM	0	nmod__relc
।	SYM	0	rsym

