प्राधिकरण	NNP	13	k1
ट्राई	NNP	1	rs
ने	PSP	1	fragof
लिमिटेड	NNP	5	ccof
और	CC	11	k1
लिमिटेड	NNP	5	ccof
फोन	NN	11	k2
वॉकी	NN	9	ccof
और	CC	11	k2s
फोन	NN	9	ccof
बताने	VM	13	k7
रुख	NN	13	pof
अपनाया	VM	0	main
।	SYM	13	rsym

प्राधिकरण	NN	11	k1
कंपनियों	NN	11	k4
फोन	NN	4	r6
वॉकी	NN	5	ccof
और	CC	11	k2u
फोन	NN	5	ccof
प्रचारित	JJ	8	pof
करने	VM	9	nmod
विज्ञापनों	NN	11	k2
हटाने	VM	11	rt
कहा	VM	0	main
।	SYM	11	rsym

प्राधिकरण	NN	7	k1
इसके	PRP	7	rt
जनवरी	NNP	7	k7t
पक्षों	NN	7	k2
जवाब	NN	6	k2
देने	VM	7	rt
कहा	VM	0	main
।	SYM	7	rsym

ट्राई	NNP	0	k4
शिकायतें	NN	0	k1
मिली	VM	0	main
कि	CC	0	rs
सेवा	NN	0	k2
उपलब्ध	JJ	0	pof
कराने	VM	0	nmod
कंपनियां	NN	0	nmod
टेलीसर्विस	NNP	0	ccof
और	CC	0	k1
इंफोकॉम	NNP	0	ccof
अपने	PRP	0	r6
सेवा	NN	0	r6-k2
तरह	NN	0	adv
प्रचार	NN	0	pof
कर	VM	0	ccof
कि	CC	0	k2
सेवाओं	NN	0	k1
मोबाइल	NN	0	pof
होने	VM	0	r6-k1
भ्रम	NN	0	pof
होता	VM	0	ccof
।	SYM	0	rsym

कंपनियां	NN	6	k1
इसके	PRP	6	k7
चार्ज	NNP	6	k2
यानि	CC	3	rs
एडीसी	NNP	4	ccof
ले	VM	7	ccof
जबकि	CC	0	main
यह	PRP	10	k1
फोन	NN	10	k1s
है	VM	7	ccof
।	SYM	7	rsym

NULL	NN	0	k1
गौरतलब	JJ	0	k1s
है	VM	0	main
कि	CC	0	rs
फोन	NN	0	k7
एडीसी	NNP	0	k2
देनी	VM	0	ccof
।	SYM	0	rsym

जबकि	CC	0	main
मोबाइल	NN	5	k7
दर	NN	5	k1
लागू	JJ	5	pof
होती	VM	1	ccof
।	SYM	1	rsym

सेवा	NN	3	k2
मुहैया	JJ	3	pof
कराने	VM	4	nmod
लिमिटेड	NNP	5	ccof
और	CC	10	k1
इंफोकॉम	NNP	5	ccof
बाजार	NN	10	k7p
समय	NN	10	k7t
फोन	NN	10	k2
उतारे	VM	0	main
।	SYM	10	rsym

टेलीसर्विस	NNP	5	k1
इसे	PRP	5	k4
वॉकी	NN	4	r6-k2
नाम	NN	5	pof
दिया	VM	6	ccof
NULL	CC	0	main
रिलायंस	NNP	10	k1
फोन	NN	10	k2
फोन	NN	10	k2g
बताती	VM	6	ccof
।	SYM	6	rsym

ट्राई	NNP	4	k1
कंपनियों	NN	4	k4
निर्देश	NN	4	pof
दिया	VM	0	main
कि	CC	4	k2
वह	PRP	20	k1
जल्द	RB	20	adv
बाजार	NN	12	k7p
अपने	PRP	10	r6
उत्पादों	NN	11	r6
प्रचार	NN	12	k2
लगाए	VM	13	nmod__k2inv
बैनर	NN	14	ccof
और	CC	16	k7
रूपों	NN	14	ccof
दी	VM	17	nmod__k2inv
जानकारी	NN	18	r6
पोस्टरों	NN	20	ras-k2
सामग्री	NN	20	k2
हटा	VM	5	ccof
।	SYM	4	rsym

ट्राई	NNP	8	k1
आदेश	NN	8	k2
१९९७	NNP	4	r6
धारा	NN	5	nmod
१३	QC	6	ccof
और	CC	8	k7a
बी	NN	6	ccof
दिया	VM	0	main
।	SYM	8	rsym

ट्राई	NNP	0	k1
कहना	VM	0	k1
है	VM	0	main
कि	CC	0	k2
मोबाइल	JJ	0	ccof
और	CC	0	nmod
वायरलेस	JJ	0	ccof
फोन	NN	0	rt
चार्ज	NN	0	ccof
और	CC	0	k1
एडीसी	NNP	0	ccof
अलग	RDP	0	k1s
है	VM	0	ccof
।	SYM	0	rsym

