राज्यसभा	NN	2	r6
सदस्य	NN	3	ccof
और	CC	15	k1
नेता	NN	5	nmod
निरुपम	NNP	3	ccof
सरकार	NN	15	k3
आईटीडीसी	NNP	8	r6
होटलों	NN	9	r6-k2
निजीकरण	NN	10	pof
करने	VM	11	r6
मामले	NN	12	r6-k2
जाँच	NN	13	pof
कराने	VM	15	rt
सिंह	NNP	15	k2
लिखा	VM	0	main
।	SYM	15	rsym

निरुपम	NNP	8	k1
मुंबई	NNP	3	r6
होटल	NNP	4	r6
बिक्री	NN	5	r6
मामला	NN	8	k2
बार	NN	8	k7t
राज्यसभा	NNP	8	k7p
उठाया	VM	0	main
।	SYM	8	rsym

उन्होंने	PRP	3	k1
आरोप	NN	3	pof
लगाया	VM	0	main
कि	CC	3	k2
होटलों	NN	6	r6-k2
खरीद	NN	8	pof
सांसदों	NN	8	k1
की	VM	4	ccof
।	SYM	3	rsym

प्रधानमंत्री	NNP	2	k4
लिखे	VM	3	nmod__k2inv
पत्र	NN	5	k7
निरुपम	NNP	5	k1
कहा	VM	0	main
कि	CC	5	k2
आईटीडीसी	NNP	8	r6
परिसंपत्तियों	NN	9	r6
कीमत	NN	11	k2
कम	QF	11	vmod
आँकी	VM	6	ccof
।	SYM	5	rsym

उन्होंने	PRP	9	k1
आयुक्त	NNP	9	k4
सीवीसी	NNP	2	nmod
से	PSP	2	fragof
मामले	NN	6	r6-k2
जाँच	NN	7	pof
कराने	VM	8	r6-k2
माँग	NN	9	pof
की	VM	0	main
।	SYM	9	rsym

हाल	NN	3	k7t
शिवसेना	NNP	3	k5
छोड़कर	VM	5	jjmod
कांग्रेस	NNP	5	jjmod
शामिल	JJ	6	nmod
संजय	NNP	11	k1
अपने	PRP	8	r6
पत्र	NN	9	r6
प्रति	NN	11	k2
गाँधी	NNP	11	k4
भेजी	VM	0	main
।	SYM	11	rsym

उन्होंने	PRP	2	k1
कहा	VM	0	main
आईटीडीसी	NNP	4	r6
होटल	NN	7	k2
रुपये	NN	6	r6
क़ीमत	NN	7	k7
बेच	VM	8	ccof
जबकि	CC	2	k2
मुंबई	NNP	14	k7p
इंडिया	NNP	11	r6
परिसंपत्तियों	NN	12	r6
क़ीमत	NN	14	k2
करोड़	QC	14	k2s
बताई	VM	8	ccof
।	SYM	2	rsym

इसमें	PRP	2	k7
कहा	VM	0	main
होटलों	NN	4	r6-k2
प्रक्रिया	NN	8	pof
जान	VMC	8	vmod
किसी	PRP	7	r6
इशारे	NN	8	k7
की	VM	9	nmod
जिसमें	PRP	13	k7
इनकी	PRP	11	r6
क़ीमत	NN	13	k2
कम	QF	13	adv
आँकी	VM	2	k2
।	SYM	2	rsym

बाद	NST	5	k7t
इसकी	PRP	3	r6
निविदा	NN	5	k2
आयोजित	JJ	5	pof
की	VM	0	main
ताकि	CC	5	vmod
सांसदों	NN	8	ccof
और	CC	12	nmod
भाजपा	NNP	11	ras-k1
करीबी	NN	11	pof
रहने	VM	8	ccof
लोगों	NN	16	k4
इन्हें	PRP	14	k2
खरीदने	VM	16	k7
आसानी	NN	16	k2
हो	VM	6	ccof
।	SYM	5	rsym

निरुपम	NNP	21	k1
आईटीडीसी	NNP	3	r6
परिसंपत्तियों	NN	4	r6
मूल्याँकन	NN	21	rt
एजेंसी	NN	6	r6
चयन	NN	7	r6
प्रक्रिया	NN	12	ccof
मूल्य	NN	10	k2
तय	JJ	10	pof
करने	VM	11	r6
शर्त	NN	12	ccof
और	CC	21	k2
पार्टी	NN	16	k4
निविदा	NN	16	rt
इजाज़त	NN	16	k2
देने	VM	12	ccof
सीवीसी	NNP	19	k2
जाँच	NN	19	pof
कराने	VM	20	r6-k2
माँग	NN	21	pof
की	VM	0	main
।	SYM	21	rsym

मई	NNP	2	k7t
लिखे	VM	3	nmod__k2inv
अपने	PRP	4	r6
पत्र	NN	6	k7
उन्होंने	PRP	6	k1
कहा	VM	0	main
एचसीआई	NNP	8	r6
स्वामित्व	NN	9	nmod
होटल	NNP	13	nmod
महानियंत्रक	NN	11	ccof
और	CC	13	r6
परीक्षक	NN	11	ccof
रिपोर्ट	NN	19	k1
जीवन	NN	15	nmod
शुचिता	NN	17	r6
मेरे	PRP	17	r6
रुख	NN	18	r6-k2
पुष्टि	NN	19	pof
की	VM	6	k2
।	SYM	6	rsym

रिपोर्ट	NN	6	k7
होटलों	NN	3	r6
बिक्री	NN	4	nmod
अनियमितता	NN	5	r6
बात	NN	6	k2
कही	VM	0	main
।	SYM	6	rsym

इस	PRP	3	k7
कार्रवाई	NN	3	pof
करते	VM	8	vmod
सरकार	NN	8	k1
निजीकरण	NN	6	r6
जाँच	NN	7	r6
आदेश	NN	8	k2
दिए	VM	0	main
।	SYM	8	rsym

