सिंह	NNP	6	k1
बजट	NN	3	k2
बनाने	VM	6	rt
चिदंबरम्	NNP	5	r6-k2
तारीफ	NN	6	pof
की	VM	0	main
।	SYM	6	rsym

उन्होंने	PRP	2	k1
कहा	VM	0	main
कि	CC	2	k2
कृषि	NN	5	ccof
और	CC	8	k4
क्षेत्र	NN	5	ccof
बढ़ावा	NN	8	pof
देकर	VM	13	vmod
विकास	NN	10	r6
गति	NN	11	k2
बढ़ाने	VM	13	k7
जोर	NN	13	adv
दिया	VM	3	ccof
।	SYM	2	rsym

ही	RP	4	sent-adv
क्षेत्र	NN	4	k7
ध्यान	NN	4	pof
दिया	VM	0	main
।	SYM	4	rsym

उन्होंने	PRP	3	k1
आश्वस्त	JJ	3	pof
किया	VM	0	main
कि	CC	3	k2
मुद्रास्फीति	NN	8	k7
घबराने	VM	7	r6
जरूरत	NN	8	k1
है	VM	9	ccof
NULL	CC	4	ccof
सरकार	NN	17	k1
सुधार	NN	12	ccof
और	CC	16	r6-k2
उसे	PRP	15	k2
समेकित	JJ	15	pof
करने	VM	12	ccof
उपाय	NN	17	pof
करेगी	VM	9	ccof
।	SYM	3	rsym

बृहस्पतिवार	NNP	5	k7t
संवाददाताओं	NN	5	k4
चीत	NN	5	k7
प्रधानमंत्री	NNP	5	k1
कहा	VM	0	main
कि	CC	5	k2
तेजी	NN	8	adv
फैल	VM	9	nmod__k1inv
ढाँचे	NN	16	k7
गरीबी	NN	12	ccof
अशिक्षा	NN	12	ccof
और	CC	14	nmod
बीमारी	NN	12	ccof
समस्याओं	NN	15	r6
समाधान	NN	16	k2
पाया	VM	6	ccof
।	SYM	5	rsym

उन्होंने	PRP	2	k1
कहा	VM	0	main
कि	CC	2	k2
छूट	NN	5	r6
सीमा	NN	6	k2
बढ़ाने	VM	11	rh
करोड़	QC	8	jjmod
अधिक	QF	9	nmod
लोगों	NN	11	k4a
फायदा	NN	11	pof
होगा	VM	3	ccof
।	SYM	2	rsym

उन्होंने	PRP	2	k1
कहा	VM	0	main
कि	CC	2	k2
देश	NN	5	r6
जिलों	NN	8	k7p
कार्यक्रम	NNP	8	k2
लागू	JJ	8	pof
किया	VM	3	ccof
।	SYM	2	rsym

उन्होंने	PRP	0	k1
कहा	VM	0	main
कि	CC	0	k2
व्यय	NN	0	k7
रुपये	NN	0	r6-k2
वृद्धि	NN	0	pof
की	VM	0	ccof
जिससे	PRP	0	rh
कार्यक्रम	NNP	0	r6
लक्ष्य	NN	0	k2
हासिल	JJ	0	pof
करने	VM	0	k7
मदद	NN	0	k1
मिलेगी	VM	0	nmod__relc
।	SYM	0	rsym

साल	NN	5	k7t
घाटा	NN	5	k2
फीसदी	NN	5	k7
सीमित	JJ	5	pof
करने	VM	6	r6
लक्ष्य	NN	9	k2
तार्किक	JJ	9	k2s
करार	NN	9	pof
देते	VM	10	vmod
कहा	VM	0	main
कि	CC	10	k2
सरकार	NN	18	k1
साल	NN	18	k7
घाटा	NN	16	k2
समाप्त	JJ	16	pof
करने	VM	18	rt
प्रतिबद्ध	JJ	18	k1s
है	VM	11	ccof
।	SYM	10	rsym

उन्होंने	PRP	0	k1
कहा	VM	0	main
मेरा	PRP	0	k1
हमेशा	RB	0	adv
मानना	VM	0	k1
है	VM	0	k2
कि	CC	0	k2
व्यवस्था	NN	0	ccof
और	CC	0	r6
दायित्वों	NN	0	ccof
पूर्ति	NN	0	rt
सुधार	NN	0	k1
जरूरी	JJ	0	k1s
है	VM	0	ccof
।	SYM	0	rsym

उन्होंने	PRP	2	k1
कहा	VM	0	main
कि	CC	2	k2
जिम्मेदारी	NN	7	rh
व्यवस्था	NN	7	k1
सुनिश्चित	JJ	7	pof
हो	VM	3	ccof
।	SYM	2	rsym

प्रधानमंत्री	NNP	4	k1
सरकार	NN	4	k7
आरोप	NN	4	pof
लगाया	VM	0	main
कि	CC	4	k2
क्षेत्र	NN	9	rt
उन्होंने	PRP	9	k1
उपाय	NN	9	pof
किए	VM	5	ccof
।	SYM	4	rsym

उन्होंने	PRP	2	k1
कहा	VM	0	main
कि	CC	2	k2
सरकार	NN	5	r6
बजट	NN	11	k7
फंड	NNP	11	rt
आरआईडीएफ	NNP	6	rs
के	PSP	6	fragof
बजट	NN	11	k7
रुपये	NN	11	k2
रखे	VM	3	ccof
।	SYM	2	rsym

कार्यक्रम	NNP	2	ccof
और	CC	6	k5
उपाय	NN	2	ccof
क्षेत्र	NN	6	k4
मजबूती	NN	6	k1
मिलेगी	VM	0	main
।	SYM	6	rsym

सब्सिडी	NN	2	r6
मसले	NN	4	k7
उन्होंने	PRP	4	k1
कहा	VM	0	main
कि	CC	4	k2
मंत्री	NNP	8	k1
वादा	NN	8	pof
किया	VM	5	ccof
कि	CC	8	k2
पॅलिसी	NNP	13	k1
मसले	NN	12	r6-k2
अध्ययन	NN	13	pof
करेगा	VM	9	ccof
।	SYM	4	rsym

संसद	NN	2	ccof
और	CC	6	k7p
मंचों	NN	2	ccof
विषय	NN	6	k7
विमर्श	NN	6	pof
होगा	VM	0	main
।	SYM	6	rsym

उन्होंने	PRP	2	k1
कहा	VM	0	main
कि	CC	2	k2
व्यवस्था	NN	6	k7
खामियाँ	NN	6	k1
हैं	VM	7	ccof
और	CC	3	ccof
सरकार	NN	10	k1
तय	JJ	10	pof
किया	VM	7	ccof
कि	CC	10	k2
साल	NN	14	k7t
ऋण	NN	14	k2
बढ़ाया	VM	11	ccof
।	SYM	2	rsym

सिंह	NNP	2	k1
कहा	VM	0	main
कि	CC	2	k2
तंत्र	NN	6	k7
गड़बड़ियाँ	NN	6	k1
हैं	VM	3	ccof
।	SYM	2	rsym

मसले	NN	0	k7
फोर्स	NN	0	k2
गठित	JJ	0	pof
की	VM	0	main
जो	PRP	0	k1
साल	NN	0	k7t
अक्तूबर	NNP	0	k7t
अपनी	PRP	0	r6
रिपोर्ट	NN	0	k2
देगी	VAUX	0	nmod__relc
।	SYM	0	rsym

प्रधानमंत्री	NNP	2	k1
कहा	VM	0	main
कि	CC	2	k2
रिपोर्ट	NN	5	r6
सिफारिश	NN	6	r6
आधार	NN	9	k7
सुधार	NN	8	r6-k2
उपाय	NN	9	pof
किए	VM	3	ccof
।	SYM	2	rsym

