चिदंबरम	NNP	11	k1
अपने	PRP	3	r6
बजट	NN	11	k2
जनता	NN	5	r6
हितों	NN	6	r6
ध्यान	NN	7	k2
रखने	VM	8	ccof
तथा	CC	11	k2s
साहसी	JJ	8	ccof
करार	NN	11	pof
दिया	VM	0	main
।	SYM	11	rsym

उन्होंने	PRP	14	k1
दूरसंचार	NN	4	ccof
उड्डयन	NN	4	ccof
और	CC	8	k7
क्षेत्र	NN	4	ccof
निवेश	NN	7	r6
सीमा	NN	8	k2
बढ़ाने	VM	9	r6
फैसले	NN	11	k7
पुनर्विचार	NN	11	pof
करने	VM	12	r6
संभावना	NN	14	k2
इनकार	NN	14	pof
किया	VM	0	main
।	SYM	14	rsym

०५	NNP	0	rt
सरकार	NN	0	r6
बजट	NN	0	k2
पेश	JJ	0	pof
करने	VM	0	k7t
चिदंबरम	NNP	0	k1
कहा	VM	0	main
कि	CC	0	k2
हमने	PRP	0	k1
यह	PRP	0	k2
दिखा	VM	0	ccof
कि	CC	0	rs
हमारी	PRP	0	r6
सरकार	NN	0	k4a
जनता	NN	0	r6
हितों	NN	0	r6
ध्यान	NN	0	k1
है	VM	0	ccof
और	CC	0	ccof
वह	PRP	0	k1
फैसले	NN	0	k2
लेने	VM	0	rt
पीछे	NST	0	k7
हटती	VM	0	ccof
।	SYM	0	rsym

उन्होंने	PRP	2	k1
कहा	VM	0	main
कि	CC	2	k2
हम	PRP	16	k1
कृषि	NN	7	ccof
अर्थव्यवस्था	NN	7	ccof
तथा	CC	9	nmod
सुविधाओं	NN	7	ccof
क्षेत्र	NN	11	k7
पेश	JJ	11	pof
आने	VM	12	nmod
समस्याओं	NN	14	k2
दूर	NST	14	pof
करने	VM	15	r6-k2
प्रयास	NN	16	pof
कर	VM	3	ccof
।	SYM	2	rsym

इसके	PRP	6	rt
हम	PRP	6	k1
कार्यक्रम	NNP	4	nmod
योजनाएं	NN	6	k2
शुरू	NN	6	pof
कर	VM	0	main
।	SYM	6	rsym

उदारीकरण	NN	2	r6
राह	NN	5	k7
आगे	NST	5	k7
कदम	NN	5	k2
बढ़ाकर	VM	8	vmod
हमने	PRP	8	k1
फैसला	NN	8	k2
लिया	VM	0	main
।	SYM	8	rsym

मंत्री	NNP	2	k1
कहा	VM	0	main
कि	CC	2	k2
एफडीआई	NNP	5	ccof
तथा	CC	9	k7
बाजार	NN	5	ccof
हमने	PRP	9	k1
निर्णय	NN	9	k2
लिए	VM	3	ccof
।	SYM	2	rsym

उन्होंने	PRP	2	k1
कहा	VM	0	main
कि	CC	2	k2
दूरसंचार	NN	5	ccof
या	CC	18	k7
उड्डयन	NN	5	ccof
क्षेत्र	NN	18	k7
बंदिशें	NN	10	k2
कम	QF	10	pof
करने	VM	11	r6
मुद्दे	NN	18	k7
उन्हें	PRP	18	k4a
प्रकार	NN	14	r6
समस्या	NN	16	k2
पेश	JJ	16	pof
आने	VM	17	r6
आशंका	NN	18	k1
है	VM	3	ccof
।	SYM	2	rsym

दूरसंचार	NN	2	r6
क्षेत्र	NN	5	k7
प्रावधान	NN	5	k1
ही	RP	5	k7t
थे	VM	6	ccof
लेकिन	CC	0	main
स्पष्ट	JJ	8	k1
थे	VM	6	ccof
।	SYM	6	rsym

हमने	PRP	4	k1
प्रावधानों	NN	4	k2
पारदर्शी	JJ	4	k2s
बना	VM	0	main
।	SYM	4	rsym

उन्होंने	PRP	0	k1
कहा	VM	0	main
कि	CC	0	k2
क्षेत्र	NN	0	k7
ही	RP	0	k7t
फीसदी	NN	0	nmod
एफडीआई	NNP	0	r6
अनुमति	NN	0	k1
थी	VM	0	ccof
जिसमें	PRP	0	k5
फीसदी	NN	0	k1
प्रत्यक्ष	JJ	0	k1s
NULL	VM	0	ccof
और	CC	0	nmod__relc
शेष	NN	0	k1
अप्रत्यक्ष	JJ	0	k1s
थी	VM	0	ccof
।	SYM	0	rsym

अब	PRP	8	k7t
फीसदी	NN	3	nmod
एफडीआई	NNP	8	k1
प्रत्यक्ष	JJ	5	ccof
और	CC	7	nmod
पारदर्शी	JJ	5	ccof
ढंग	NN	8	adv
होगा	VM	0	main
।	SYM	8	rsym

यह	PRP	0	k2
पूछने	VM	0	k7
कि	CC	0	rs
क्या	WQ	0	adv
उन्हें	PRP	0	k4a
चिंता	NN	0	k1
सता	VM	0	ccof
कि	CC	0	rs
एफडीआई	NNP	10	r6
सीमा	NN	11	k2
बढ़ाने	VM	15	rh
दल	NN	15	k1
उन्हें	PRP	15	k2
निशाना	NN	15	pof
बना	VM	8	ccof
चिदंबरम	NNP	17	k1
कहा	VM	0	main
कि	CC	17	k2
हमें	PRP	22	k4a
आलोचना	NN	21	r6
उम्मीद	NN	22	k1
है	VM	18	ccof
।	SYM	17	rsym

मैं	PRP	5	k1
उनके	PRP	3	r6
नेताओं	NN	5	k4
बातचीत	NN	5	pof
करूंगा	VM	0	main
।	SYM	5	rsym

फिलहाल	RB	7	vmod
इससे	PRP	3	k2
निपटने	VM	7	rt
तरह	NN	5	r6
विकल्पों	NN	7	k7
विचार	NN	7	pof
कर	VM	0	main
।	SYM	7	rsym

सवाल	NN	12	k7
कि	CC	1	rs
क्या	WQ	10	adv
सीमा	NN	5	k2
बढ़ाने	VM	6	r6
फैसले	NN	10	k7
पुनर्विचार	NN	8	pof
करने	VM	9	r6
संभावना	NN	10	k1
है	VM	2	ccof
उन्होंने	PRP	12	k1
कहा	VM	0	main
कि	CC	12	k2
विमर्श	NN	16	k7t
फैसला	NN	16	pof
किया	VM	13	ccof
।	SYM	12	rsym

इसमें	PRP	4	k7
प्रधानमंत्री	NNP	4	k1
शामिल	JJ	4	k1s
थे	VM	0	main
।	SYM	4	rsym

हमने	PRP	0	k1
क्षेत्रों	NN	0	r6
जरूरतों	NN	0	k7
विचार	NN	0	pof
किया	VM	0	ccof
और	CC	0	main
उसके	PRP	0	k7t
निष्कर्ष	NN	0	k7
पहुंचे	VM	0	ccof
कि	CC	0	rs
राष्ट्रहित	NN	0	k7
यह	PRP	0	k1
जरूरी	JJ	0	k1s
है	VM	0	ccof
।	SYM	0	rsym

उन्होंने	PRP	2	k1
कहा	VM	0	main
कि	CC	2	k2
उड्डयन	NN	5	r6
क्षेत्र	NN	8	k7
ही	RP	8	k7t
सीमा	NN	8	k1
थी	VM	3	ccof
।	SYM	2	rsym

मेरा	PRP	0	k1
मानना	VM	0	k1
है	VM	0	main
कि	CC	0	k2
४०	QC	0	ccof
और	CC	0	nmod
४९	QC	0	ccof
फीसदी	NN	0	k7
अंतर	NN	0	k1
है	VM	0	ccof
।	SYM	0	rsym

यदि	CC	0	vmod
इससे	PRP	6	rh
)	SYM	4	nmod
निवेशकों	NN	6	k2
आकर्षित	JJ	6	pof
किया	VM	1	ccof
तो	CC	0	main
हमें	PRP	10	k1
ऐसा	PRP	10	adv
करना	VM	7	ccof
।	SYM	7	rsym

