पंजाब	NNP	3	ccof
हरियाणा	NNP	3	ccof
और	CC	6	k7p
चंडीगढ़	NNP	3	ccof
सुबह	NN	6	k7t
हुई	VM	7	nmod__k1inv
बारिश	NN	12	rh
लोगों	NN	9	r6
चेहरे	NN	12	k1
खुशी	NN	12	adv
जरूर	RB	12	adv
खिल	VM	13	ccof
लेकिन	CC	0	main
मानसून	NN	19	rt
अभी	PRP	19	k7t
उन्हें	PRP	19	k1
दिन	NN	19	k7t
इंतजार	NN	19	pof
करना	VM	13	ccof
।	SYM	13	rsym

विभाग	NN	2	k1
बताया	VM	0	main
कि	CC	2	k2
जगहों	NN	6	k7p
सुबह	NN	6	k7t
हुई	VM	7	nmod__k1inv
बारिश	NN	10	k1
मानसून	NN	9	r6
वर्षा	NN	10	k1s
थी	VM	3	ccof
।	SYM	2	rsym

लोगों	NN	5	k1
इसके	PRP	5	rt
दिन	NN	5	k7t
इंतजार	NN	5	pof
करना	VM	0	main
।	SYM	5	rsym

चंडीगढ़	NNP	0	ccof
व	CC	0	jjmod
दिल्ली	NNP	0	r6
सफदरजंग	NNP	0	ccof
स्थित	JJ	0	nmod
विभाग	NN	0	k1
कहना	VM	0	k1
है	VM	0	main
कि	CC	0	k2
राज्यों	NN	0	k7p
मानसून	NN	0	rt
स्थिति	NN	0	k1
अनुकूल	JJ	0	k1s
बन	VM	0	ccof
।	SYM	0	rsym

राज्यों	NN	4	k7p
मानसून	NN	4	k2
प्रवेश	NN	4	pof
करने	VM	7	k7
दिन	NN	7	k1
और	QF	7	pof
लगेंगे	VM	0	main
।	SYM	7	rsym

विभाग	NN	9	k7a
जिले	NN	3	r6
छछरौली	NNP	4	ccof
और	CC	9	k7p
जिले	NN	6	r6
पलवल	NNP	4	ccof
बुधवार	NNP	9	k7t
बारिश	NN	9	k1
हुई	VM	0	main
।	SYM	9	rsym

चंडीगढ़	NNP	5	k7p
सुबह	NN	5	k7t
आकाश	NN	5	k7p
बादल	NN	5	k1
छाये	VM	0	main
।	SYM	5	rsym

सुबह	NN	2	k7t
हुई	VM	3	nmod__k1inv
बारिश	NN	6	rh
तापमान	NN	6	k1
कम	QF	6	k1s
हुआ	VM	7	ccof
और	CC	0	main
लोगों	NN	11	k4
गर्मी	NN	11	k5
राहत	NN	11	k1
मिली	VM	7	ccof
।	SYM	7	rsym

अमृतसर	NNP	0	k7p
बुधवार	NNP	4	k7t
२.७	QC	4	k1
NULL	VM	5	ccof
और	CC	0	main
इलाके	NN	8	k7p
वर्षा	NN	8	k1
हुई	VM	5	ccof
।	SYM	5	rsym

उधर	NST	5	sent-adv
जम्मू	NNP	5	k7p
बुधवार	NNP	5	k7t
वर्षा	NN	5	pof
हुई	VM	6	ccof
NULL	CC	0	main
यहां	PRP	9	pof
वर्षा	NN	9	k1
हुई	VM	6	ccof
।	SYM	6	rsym

उधर	NST	5	sent-adv
मानसून	NN	5	k1
प्रदेश	NNP	5	k7p
प्रवेश	NN	5	pof
कर	VM	6	ccof
NULL	CC	0	main
कारण	NN	11	rh
राज्य	NN	11	k7p
कहीं	PRP	11	k7p
मध्यम	JJ	11	pof
NULL	VM	12	ccof
और	CC	6	ccof
कहीं	PRP	16	k7p
भारी	JJ	15	nmod
बारिश	NN	16	pof
हो	VM	12	ccof
।	SYM	6	rsym

शिमला	NNP	3	k7p
एक	QC	3	k1
NULL	VM	19	ccof
धर्मशाला	NNP	6	k7p
६८.६	QC	6	k1
NULL	VM	19	ccof
उना	NNP	9	k7p
१२	QC	9	k1
NULL	VM	19	ccof
सुंदरनगर	NNP	12	k7p
५.९	QC	12	k1
NULL	VM	19	ccof
पंडोह	NNP	15	k7p
५.५	QC	15	k1
NULL	VM	19	ccof
कासोल	NNP	18	k7p
२३.२	QC	18	k1
NULL	VM	19	ccof
और	CC	0	main
नादौन	NNP	23	k7p
४४	QC	22	nmod
वर्षा	NN	23	k1
हुई	VM	19	ccof
।	SYM	19	rsym

