इंफाल	NNP	9	k7p
राइफल	NNP	3	r6
कर्मी	NN	4	nmod
देवी	NN	5	r6
हत्या	NN	9	k7a
महिलाओं	NN	9	k1
शुक्रवार	NNP	9	k7t
कर्फ्र्यू	NN	9	k2
तोड़ने	VM	10	ccof
और	CC	13	r6
जुलूस	NN	12	k2
निकालने	VM	10	ccof
कोशिश	NN	18	k7
हिंसा	NN	15	k2
भड़कने	VM	18	rh
लोग	NN	18	k2
घायल	JJ	18	pof
हो	VM	0	main
।	SYM	18	rsym

घायलों	NN	4	k7
महिलाएं	NN	4	k1
शामिल	JJ	4	k1s
हैं	VM	0	main
।	SYM	4	rsym

सूत्रों	NN	2	k1
कहा	VM	0	main
कि	CC	2	k2
लोग	NN	13	k1
जुलाई	NNP	13	k7t
देवी	NN	7	r6
हत्या	NN	13	k7a
कर्फ्र्यू	NN	9	k2
तोड़	VM	13	vmod
जुलूस	NN	11	k2
निकालने	VM	12	r6-k2
कोशिश	NN	13	pof
कर	VM	3	ccof
।	SYM	2	rsym

रिपोर्ट	NN	11	k7a
स्थानों	NN	3	k5
आए	VM	4	nmod__k1inv
सैंकड़ों	QC	5	r6
संख्या	NN	6	nmod
लोग	NN	11	k1
कर्फ्र्यू	NN	8	k2
तोड़ते	VM	11	vmod
इंफाल	NNP	11	k7p
इकट्ठे	JJ	11	adv
हो	VM	12	ccof
और	CC	0	main
कोगंबा	NNP	16	ccof
संगांगफाम	NNP	16	ccof
टेरा	NNP	16	ccof
NULL	CC	21	k7p
उचेकोन	NNP	16	ccof
राजधानी	NN	19	r6
क्षेत्रों	NN	16	ccof
अवरोधक	NN	21	k2
तोड़ने	VM	22	r6-k2
कोशिश	NN	23	pof
करने	VM	12	ccof
।	SYM	12	rsym

भड़की	VM	2	nmod__k2inv
हिंसा	NN	9	k7t
भीड़	NN	5	k2
बितर	JJ	5	pof
करने	VM	9	rt
पुलिस	NN	9	k1
गैस	NN	8	r6
गोले	NN	9	k2
छोड़े	VM	10	ccof
व	CC	0	main
हवा	NN	14	k7
रबर	NN	13	r6
गोलियाँ	NN	14	k2
चलाई	VM	10	ccof
।	SYM	10	rsym

जिससे	PRP	4	rh
लोग	NN	4	k1
घायल	JJ	4	pof
हो	VM	0	main
।	SYM	4	rsym

पुलिस	NN	2	r6
कार्रवाई	NN	10	k7
इलाके	NN	4	nmod
महिलाएँ	NN	5	ccof
और	CC	10	k2
इलाके	NN	7	nmod
लोग	NN	5	ccof
रूप	NN	10	adv
घायल	JJ	10	pof
हुए	VM	0	main
।	SYM	10	rsym

सूत्रों	NN	10	k7a
लोगों	NN	10	k1
कर्फ्र्यू	NN	4	r6
नियमों	NN	5	r6-k2
उल्लंघन	NN	6	pof
कर	VM	10	vmod
रात	NN	10	k7t
कार्यालयों	NN	10	k7p
आग	NN	10	k2
लगा	VM	0	main
।	SYM	10	rsym

