भारत	NNP	17	k1
जल्द	RB	17	adv
विदेशों	NN	5	k7p
काम	NN	5	k2
कर	VM	6	nmod__k1inv
नागरिकों	NN	8	k4a
पेश	JJ	8	pof
आ	VM	9	nmod__k1inv
समस्याओं	NN	10	ccof
और	CC	17	rt
स्वदेश	NN	12	nmod
वापसी	NN	13	r6
योजनाओं	NN	14	nmod
सहयोग	NN	10	ccof
देशों	NN	17	k7p
कार्यालय	NN	17	k2
खोलेगा	VM	0	main
।	SYM	17	rsym

इसके	PRP	0	vmod
सरकार	NN	0	k1
सत्र	NN	0	k7t
संसद	NN	0	k7
बिल	NN	0	k2
लाएगी	VM	0	main
जिससे	PRP	0	rh
भारतीयों	NN	0	k4
मताधिकार	NN	0	k1
मिलेगा	VM	0	nmod__relc
।	SYM	0	rsym

मामलों	NN	2	r6
मंत्री	NN	3	nmod
रवि	NNP	5	k1
संवाददाताओं	NN	5	k4
बताया	VM	0	main
कि	CC	5	k2
एशिया	NNP	10	ccof
यूरोप	NNP	10	ccof
अमेरिका	NNP	10	ccof
और	CC	12	k7p
एशिया	NNP	10	ccof
खोले	VM	13	nmod
कार्यालय	NN	15	k1
केंद्र	NNP	15	k1s
कहलाएँगे	VM	6	ccof
।	SYM	5	rsym

केंद्र	NN	8	k1
विदेशों	NN	8	k7
मामलों	NN	4	r6
मंत्रालय	NN	7	r6
एमओआईए	NNP	4	rs
के	PSP	4	fragof
नियंत्रण	NN	8	k7
रहेंगे	VM	0	main
।	SYM	8	rsym

केंद्र	NN	5	k1
मुद्दों	NN	3	ccof
NULL	CC	5	k2
समस्याओं	NN	3	ccof
निपटाएँगे	VM	6	ccof
और	CC	0	main
उनकी	PRP	8	r6
सामाजिक	JJ	9	ccof
व	CC	11	nmod
साँस्कृतिक	JJ	9	ccof
जरूरतों	NN	13	k2
पूरा	JJ	13	pof
करेंगे	VM	6	ccof
।	SYM	6	rsym

उन्होंने	PRP	2	k1
बताया	VM	0	main
कि	CC	2	k2
एशिया	NNP	6	k7p
केंद्र	NN	6	k1
खुलेंगे	VM	3	ccof
।	SYM	2	rsym

यहां	PRP	4	k7p
तादाद	NN	4	k7
भारतीय	NN	4	k1
रहते	VM	0	main
।	SYM	4	rsym

इसके	PRP	4	vmod
मामलों	NN	3	r6
मंत्री	NN	4	k1
बताया	VM	0	main
कि	CC	4	k2
सरकार	NN	15	k1
सत्र	NN	10	k7
विधेयक	NN	10	k2
पारित	JJ	10	pof
कराके	VM	15	vmod
भारतीयों	NN	15	k4
वोट	NN	13	k2
डालने	VM	14	r6-k2
अधिकार	NN	15	pof
दिलाएगी	VM	5	ccof
।	SYM	4	rsym

उन्होंने	PRP	2	k1
कहा	VM	0	main
कि	CC	2	k2
इसके	PRP	8	r6
अधिनियम	NNP	6	r6
20	NNP	8	k7
संशोधन	NN	8	pof
करना	VM	3	ccof
।	SYM	2	rsym

विधेयक	NN	2	r6
मसौदे	NN	6	k4
मंत्रिमंडल	NNP	6	k1
बुधवार	NNP	6	k7t
मंजूरी	NN	6	pof
दी	VM	0	main
।	SYM	6	rsym

कानून	NN	8	k7
संशोधन	NN	8	k3
विदेशों	NN	8	k7
रोज़गार	NN	6	ccof
शिक्षा	NN	6	ccof
या	CC	8	rh
कारणों	NN	6	ccof
रहे	VAUX	9	nmod__k1inv
नागरिकों	NN	18	k2
भारत	NNP	11	jjmod
स्थित	JJ	13	nmod
अपने	PRP	13	r6
निवास	NN	14	r6
आधार	NN	18	k7
सूची	NN	18	k7
अपना	PRP	17	r6-k1
नाम	NN	18	pof
डलवाने	VM	19	ccof
और	CC	22	r6
मताधिकार	NN	21	nmod
प्रयोग	NN	19	ccof
अधिकार	NN	23	k1
होगा	VM	0	main
।	SYM	23	rsym

