सरकार	NNP	11	k1
कार्यपालिका	NN	4	ccof
न्यायपालिका	NN	4	ccof
और	CC	6	r6
विधायिका	NN	4	ccof
अंगों	NN	9	k2
लोकपाल	NN	8	r6
दायरे	NN	9	k7
लाने	VM	11	k7
विचार	NN	11	pof
कर	VM	0	main
।	SYM	11	rsym

राष्ट्रपति	NNP	3	ccof
प्रधानमंत्री	NNP	3	ccof
व	CC	7	k2
न्यायाधीश	NN	3	ccof
इससे	PRP	7	k5
बाहर	NST	7	pof
रखा	VM	0	main
।	SYM	7	rsym

जनशिकायतों	NN	2	r6
सुनवाई	NN	5	k2
विधेयक	NN	5	k7
तरजीह	NN	5	k2s
दी	VM	0	main
।	SYM	5	rsym

सरकार	NN	7	k1
इसके	PRP	3	r6
पहलुओं	NN	7	k7
विचार	NN	7	rt
समिति	NN	7	k2
गठित	JJ	7	pof
की	VM	0	main
।	SYM	7	rsym

लोकपाल	NN	7	k4
पुलिस	NN	3	ccof
व	CC	5	nmod
सीबीआई	NNP	3	ccof
एजेंसी	NN	6	r6
समर्थन	NN	7	k2
दिए	VM	8	r6-k2
प्रयास	NN	9	pof
किए	VM	0	main
।	SYM	9	rsym

सत्र	NN	0	r6
व्यस्तता	NN	0	k7
विधेयक	NN	0	k1
आने	VM	0	r6
संभावना	NN	0	k1
कम	QF	0	k1s
है	VM	0	ccof
लेकिन	CC	0	main
मंत्रालय	NNP	0	k1
इसे	PRP	0	k2
जल्दी	RB	0	adv
पेश	JJ	0	pof
करना	VM	0	k2
चाहता	VM	0	ccof
।	SYM	0	rsym

भारद्वाज	NNP	12	k7a
सरकार	NN	12	k1
कार्यपालिका	NN	5	ccof
न्यायपालिका	NN	5	ccof
और	CC	12	k4
विधायिका	NN	5	ccof
लोकपाल	NN	12	k3
कार्यक्षम	JJ	9	ccof
व	CC	11	k2
बेदाग	JJ	9	ccof
बनाना	VM	12	k2
चाहती	VM	0	main
।	SYM	12	rsym

प्रकरण	NN	7	k7t
सदस्यों	NN	3	ccof
व	CC	7	k4
प्रतिनिधियों	NN	3	ccof
सेवक	NN	7	k2
करार	NN	7	pof
दिया	VM	8	ccof
और	CC	0	main
उनसे	PRP	13	k2
किस्म	NN	11	r6
ईमानदारी	NN	12	r6-k2
उम्मीद	NN	13	pof
की	VM	8	ccof
।	SYM	8	rsym

तरह	NN	0	sent-adv
न्यायाधीशों	NN	0	r6
मामले	NN	0	k7
ऐसा	PRP	0	k1
हुआ	VM	0	main
कि	CC	0	rs
जब	PRP	0	k7t
भ्रष्टाचार	NN	0	r6
आरोप	NN	0	k2
लगे	VM	0	nmod__relc
NULL	PRP	0	k7t
जजों	NN	0	k1
खुद	PRP	0	nmod__emph
उसकी	PRP	0	r6-k2
जांच	NN	0	pof
की	VM	0	ccof
और	CC	0	ccof
बार	NN	0	k7t
कार्रवाई	NN	0	r6
जरूरत	NN	0	k1
बताई	VM	0	ccof
।	SYM	0	rsym

न्यायाधीशों	NN	4	k7
जांच	NN	3	r6
एजेंसी	NN	4	k1
होती	VM	0	main
।	SYM	4	rsym

अब	PRP	0	k7t
जनता	NN	0	k7
यह	PRP	0	k2
महसूस	JJ	0	pof
किया	VM	0	main
कि	CC	0	rs
न्यायाधीशों	NN	0	r6
मामले	NN	0	k7
जांच	NN	0	ccof
व	CC	0	r6
दंड	NN	0	ccof
प्रावधान	NN	0	k1
होना	VM	0	ccof
।	SYM	0	rsym

जब	PRP	0	k7t
उनसे	PRP	0	k4
पूछा	VM	0	main
कि	CC	0	k2
लोकपाल	NN	0	r6
दायरे	NN	0	k7
न्यायपालिका	NN	0	k2
लाने	VM	0	r6
मुद्दे	NN	0	k7
क्या	WQ	0	adv
भारत	NNP	0	r6
न्यायाधीश	NN	0	k2
राय	NN	0	pof
ली	VM	0	ccof
?	SYM	0	rsym

उन्होंने	PRP	2	k1
कहा	VM	0	main
कि	CC	2	k2
मंत्रियों	NN	5	r6
समिति	NN	8	k1
न्यायाधीश	NN	7	r6
राय	NN	8	k2
लेगी	VM	9	ccof
और	CC	3	ccof
रूप	NN	13	adv
अपने	PRP	12	r6
सुझाव	NN	13	k1
देगी	VM	9	ccof
।	SYM	2	rsym

भारद्वाज	NNP	0	k1
यह	DEM	0	k2
घोषणा	NN	0	pof
की	VM	0	main
कि	CC	0	rs
मंत्रियों	NN	0	r6
समिति	NN	0	r6
अध्यक्षता	NN	0	nmod
मुखर्जी	NNP	0	k1
करेंगे	VM	0	ccof
।	SYM	0	rsym

इसमें	PRP	8	k7
स्वयं	PRP	3	nmod
उनके	PRP	4	ccof
और	CC	8	vmod
सिब्बल	NNP	4	ccof
चार	QC	7	nmod
मंत्री	NN	8	k1
रहेंगे	VM	0	main
।	SYM	8	rsym

NULL	PRP	0	k1
उल्लेखनीय	JJ	0	k1s
है	VM	0	main
कि	CC	0	rs
सरकार	NN	0	k1
लोकपाल	NN	0	r6
दिशा	NN	0	k7
प्रयास	NN	0	pof
किए	VM	0	ccof
और	CC	0	ccof
वाजपेयी	NNP	0	ccof
व	CC	0	k1
उनके	PRP	0	r6
साथियों	NN	0	ccof
प्रधानमंत्री	NNP	0	k2
लोकपाल	NN	0	r6
दायरे	NN	0	k7
रखने	VM	0	r6-k2
प्रयास	NN	0	pof
किया	VM	0	ccof
।	SYM	0	rsym

भारद्वाज	NNP	10	k7a
मुखर्जी	NNP	3	r6
कमेटी	NN	10	k1
समय	NN	10	k7t
प्रधानमंत्री	NNP	8	k2p
लोकपाल	NN	7	r6
दायरे	NN	8	k7
रखने	VM	9	r6-k2
सुझाव	NN	10	pof
दिया	VM	0	main
।	SYM	10	rsym

सिंह	NNP	0	k1
प्रधानमंत्री	NNP	0	k2
लोकपाल	NN	0	r6
दायरे	NN	0	k7
लाने	VM	0	r6-k2
बार	NN	8	k7t
समर्थन	NN	8	pof
किया	VM	0	main
।	SYM	8	rsym

लेकिन	CC	0	main
लोगों	NN	0	k1
मानना	VM	0	k1
है	VM	0	ccof
कि	CC	0	k2
राष्ट्रपति	NNP	0	ccof
प्रधानमंत्री	NNP	0	ccof
और	CC	0	k1
न्यायाधीश	NN	0	ccof
कम	QF	0	adv
इससे	PRP	0	k5
बाहर	NST	0	pof
होना	VM	0	ccof
।	SYM	0	rsym

प्रधानमंत्री	NNP	4	k1
संसद	NN	4	rd
उत्तरदायी	JJ	4	pof
होना	VM	5	ccof
और	CC	0	main
राष्ट्रपति	NNP	8	k7
बहस	NN	8	pof
होनी	VM	5	ccof
।	SYM	5	rsym

भारद्वाज	NNP	0	k1
मानना	VM	0	k1
है	VM	0	main
कि	CC	0	k2
जजों	NN	0	k7
न्यायपालिका	NN	0	k1
जल्दी	NN	0	k7
दिखती	VM	0	ccof
।	SYM	0	rsym

इसलिए	PRP	4	rh
सरकार	NN	4	k1
तय	JJ	4	pof
किया	VM	0	main
कि	CC	4	k2
इस	PRP	9	k7
सभी	PRP	9	rt
कानून	NN	9	k2
लाया	VM	5	ccof
।	SYM	4	rsym

जिसमें	PRP	0	k7
लोगों	NN	0	k1
यह	PRP	0	k2
जानने	VM	0	r6
हक	NN	0	k1
मिले	VM	0	main
कि	CC	0	rs
प्रकरण	NN	0	r6
स्थिति	NN	0	k1
क्या	WQ	0	adv
चल	VM	0	ccof
?	SYM	0	rsym

लोकपाल	NN	6	k3
जजों	NN	3	r6
महाभियोग	NN	4	r6
प्रक्रिया	NN	6	k2
तय	JJ	6	pof
किया	VM	0	main
।	SYM	6	rsym

हालांकि	CC	0	main
पदों	NN	5	k7
भ्रष्टाचार	NN	5	k7
निगाह	NN	5	pof
रखने	VM	12	rt
आयोग	NNP	9	r6
सीवीसी	NNP	6	rs
का	PSP	6	fragof
पद	NN	12	k2
हाल	NN	12	k7t
सृजित	JJ	12	pof
किया	VM	1	ccof
।	SYM	1	rsym

भारद्वाज	NNP	0	k1
मानना	VM	0	k1
है	VM	0	main
कि	CC	0	k2
सीवीसी	NNP	0	k1
सीबीआई	NNP	0	r6
निदेशक	NN	0	ccof
और	CC	0	r6
निदेशालय	NNP	0	r6
निदेशकों	NN	0	ccof
नियुक्ति	NN	0	r6-k2
अनुमोदन	NN	0	pof
करने	VM	0	r6
अधिकार	NN	0	k2
रखता	VM	0	ccof
लेकिन	CC	0	ccof
उसके	PRP	0	k7
अधिकार	NN	0	k1
हैं	VM	0	ccof
।	SYM	0	rsym

सदस्यों	NN	2	r6
मामले	NN	8	k7
अब	PRP	8	k7t
समिति	NN	5	ccof
या	CC	8	k3
स्पीकर	NN	5	ccof
जांच	NN	8	pof
हुई	VM	9	ccof
लेकिन	CC	0	main
उनके	PRP	12	rt
उपाय	NN	12	k1
है	VM	9	ccof
।	SYM	9	rsym

भारद्वाज	NNP	0	k1
कहना	VM	0	k1
है	VM	0	main
कि	CC	0	k2
वह	PRP	0	k1
विधेयक	NN	0	k3
इसे	PRP	0	k2
संपूर्ण	JJ	0	pof
बनाना	VM	0	k2
चाहते	VM	0	ccof
जिसमें	PRP	0	k7
लोग	NN	0	k1
स्तर	NN	0	k7
अपने	PRP	0	r6
काम	NN	0	k2
रुकने	VM	0	ccof
या	CC	0	r6-k2
भ्रष्टाचार	NN	0	r6
शिकायतें	NN	0	pof
कर	VM	0	nmod__relc
।	SYM	0	rsym

