रिपोर्ट	NNP	11	k7
कमलनाथ	NNP	3	ccof
और	CC	11	k4
कांग्रेस	NNP	5	r6
नेता	NN	6	nmod
साठे	NNP	3	ccof
१९८४	NNP	8	r6
दंगों	NN	9	r6
मामले	NN	11	k7
चिट	NN	11	k2
दी	VM	0	main
।	SYM	11	rsym

रिपोर्ट	NN	0	k7
कहा	VM	0	main
कि	CC	0	k2
आयोग	NN	0	k4
साक्ष्य	NN	0	k1
मिला	VM	0	ccof
जिससे	PRP	0	rh
यह	PRP	0	k2
सिद्ध	JJ	0	pof
किया	VM	0	nmod__relc
कि	CC	0	rs
रकाबगंज	NNP	0	k7p
मौजूदगी	NN	0	k7t
कमलनाथ	NNP	0	k1
भीड़	NN	0	k2
भड़काया	VM	0	ccof
।	SYM	0	rsym

प्रकार	NN	7	sent-adv
साठे	NNP	4	r6
वहां	PRP	4	nmod
दावे	NN	7	k2
आयोग	NN	7	k1
भ्रामक	JJ	7	pof
माना	VM	0	main
।	SYM	7	rsym

पत्रकार	NN	2	nmod
सूरी	NNP	6	k1
अपने	PRP	4	r6
बयान	NN	6	k7
आयोग	NN	6	k4
बताया	VM	0	main
कि	CC	6	k2
८४	NNP	12	k7t
कमलनाथ	NNP	12	k1
रकाबगंज	NNP	12	k7p
मौजूद	JJ	12	k1s
थे	VM	13	ccof
तथा	CC	7	ccof
वह	PRP	17	k1
भीड़	NN	17	k2
शांत	JJ	17	pof
करने	VM	18	r6-k2
प्रयास	NN	19	pof
कर	VM	13	ccof
।	SYM	6	rsym

कमलनाथ	NNP	4	k1
अपने	PRP	3	r6
जवाब	NN	4	k7
कहा	VM	0	main
कि	CC	4	k2
वे	PRP	10	k1
कांग्रेस	NNP	8	r6
नेता	NN	10	k7
वहां	PRP	10	k7p
गये	VM	5	ccof
ताकि	CC	10	vmod
व्यवस्था	NN	13	r6
स्थिति	NN	14	k1
बिगड़	VM	11	ccof
।	SYM	4	rsym

जब	PRP	4	k7t
वे	PRP	4	k1
वहां	PRP	4	k7p
पहुंचे	VM	5	nmod__relc
तो	PRP	9	k7t
वहां	PRP	9	k7p
बल	NN	9	k1
मौजूद	JJ	9	k1s
था	VM	10	ccof
और	CC	0	main
आयुक्त	NN	14	k1
तभी	PRP	14	k7t
वहां	PRP	14	k7p
पहुंच	VM	10	ccof
।	SYM	10	rsym

उन्होंने	PRP	11	k1
भीड़	NN	4	k1
बितर	JJ	4	pof
होने	VM	5	ccof
और	CC	11	rt
कानून	NN	9	k2
अपने	PRP	8	r6
हाथ	NN	9	k7
लेने	VM	5	ccof
राजी	JJ	11	pof
किया	VM	0	main
।	SYM	11	rsym

हालांकि	CC	0	main
आयोग	NN	0	k1
बात	NN	0	k7
आश्चर्य	NN	0	k2
प्रकट	JJ	0	pof
किया	VM	0	ccof
कि	CC	0	rs
कमलनाथ	NNP	0	k1
अधिकारियों	NN	0	k2
संपर्क	NN	0	pof
किये	VM	0	ras-neg
व्यवस्था	NN	0	r6
चिंता	NN	0	rh
गुरुद्वारा	NN	0	k2p
पहुंच	VM	0	ccof
।	SYM	0	rsym

लेकिन	CC	0	main
कमलनाथ	NNP	0	r6
तर्क	NN	0	k1
था	VM	0	ccof
कि	CC	0	rs
साल	NN	0	k7t
यह	PRP	0	k2
बता	VM	0	k1
संभव	JJ	0	k1s
है	VM	0	ccof
कि	CC	0	rs
वे	PRP	0	k1
वहां	PRP	0	k7p
कब	WQ	0	ccof
और	CC	0	adv
कैसे	WQ	0	ccof
गये	VM	0	ccof
।	SYM	0	rsym

बहरहाल	CC	0	main
आयोग	NN	9	k4a
दंगे	NN	4	k2
भड़काने	VM	6	k7
भूमिका	NN	6	pof
होने	VM	9	vmod
उनके	PRP	9	vmod
साक्ष्य	NN	9	k1
मिला	VM	1	ccof
।	SYM	1	rsym

साठे	NNP	2	r6
मामले	NN	10	k7
सिंह	NNP	4	jjmod
नामक	JJ	5	nmod
व्यक्ति	NN	10	k1
उनके	PRP	8	k1
रकाबगंज	NNP	8	k7p
होने	VM	9	r6-k2
दावा	NN	10	pof
किया	VM	0	main
।	SYM	10	rsym

लेकिन	CC	0	main
पत्रकार	NN	3	nmod
सूरी	NNP	5	k1
बयान	NN	5	k2
दिया	VM	1	ccof
।	SYM	1	rsym

साठे	NNP	0	r6
जवाब	NN	0	k1
है	VM	0	main
कि	CC	0	k1s
दिन	NN	0	k7t
बजे	NN	0	k7t
वे	PRP	0	k1
भवन	NNP	0	k7p
मौजूद	JJ	0	k1s
थे	VM	0	ccof
जहां	PRP	0	k7p
इंदिरा	NNP	0	r6
शरीर	NN	0	k2
रखा	VM	0	nmod__relc
।	SYM	0	rsym

वहां	PRP	7	k7p
दौरान	NST	7	k7t
उन्होंने	PRP	7	k1
दूरदर्शन	NN	5	r6
टीम	NN	7	k4
साक्षात्कार	NN	7	k2
दिया	VM	8	ccof
और	CC	0	main
लोगों	NN	13	k4
व्यवस्था	NN	11	k2
बनाये	VM	12	r6-k2
अपील	NN	13	pof
की	VM	8	ccof
।	SYM	8	rsym

आयोग	NN	5	k1
सिंह	NNP	3	r6
दावे	NN	5	k2
गलतफहमी	NN	5	k2s
माना	VM	0	main
।	SYM	5	rsym

