देश	NN	9	k7p
संस्थाओं	NN	4	k2
मजबूत	JJ	4	k2s
बनाने	VM	9	rt
सरकार	NNP	9	k1
मंत्रालय	NNP	7	r6-k2
गठन	NN	9	pof
साल	NN	9	k7t
कर	VM	10	ccof
लेकिन	CC	0	main
मंत्रालय	NN	12	jjmod
सृजित	JJ	13	nmod
पदों	NN	17	k7
पद	NN	17	k1
अभी	PRP	17	k7t
रिक्त	JJ	17	k1s
पड़े	VM	10	ccof
।	SYM	10	rsym

सालों	NN	0	k7
सरकार	NN	0	k1
पदों	NN	0	k7
नियुक्ति	NN	0	pof
कर	VM	0	main
जिसके	PRP	0	vmod
मंत्रालय	NN	0	r6
योजनाएं	NN	0	k1
धरातल	NN	0	nmod
दूर	NST	0	vmod
कागजों	NN	0	k7
ठीक	RB	0	adv
बन	VM	0	nmod__relc
।	SYM	0	rsym

सरकार	NN	2	r6
रवैये	NN	3	jjmod
नाराज	JJ	5	nmod
संसद	NN	5	r6
समिति	NN	10	k1
पदों	NN	7	k2
भरने	VM	10	k7
मंत्रालय	NN	10	k4a
फटकार	NN	10	pof
लगाई	VM	0	main
।	SYM	10	rsym

सरकार	NN	17	k1
संस्थाओं	NN	4	k2
मजबूत	JJ	4	pof
बनाने	VM	5	ccof
और	CC	12	r6-k2
निकायों	NN	11	k2
न्याय	NN	8	ccof
और	CC	10	r6
विकास	NN	8	ccof
जरिया	NN	11	k2s
बनाने	VM	5	ccof
दावा	NN	13	pof
करते	VM	17	vmod
2004	NNP	17	k7t
मंत्रालय	NNP	16	r6-k2
गठन	NN	17	pof
किया	VM	0	main
।	SYM	17	rsym

मंत्रालय	NN	0	r6
गठन	NN	0	r6
उद्देश्य	NN	0	k1
यह	PRP	0	k1s
था	VM	0	main
कि	CC	0	rs
राज	NN	0	jjmod
संबंधित	JJ	0	nmod
मुद्दों	NN	0	k7
अलग	RB	0	adv
ध्यान	NN	0	pof
दिया	VM	0	ccof
।	SYM	0	rsym

पहले	NST	6	k7t
यह	PRP	6	k1
मंत्रालय	NNP	6	k7a
विभाग	NN	6	k7
काम	NN	6	k2
कर	VM	0	main
।	SYM	6	rsym

मंत्रालय	NN	3	k2
रूप	NN	3	adv
चलाने	VM	4	ccof
और	CC	12	rt
काज	NN	4	ccof
मंत्रालय	NNP	12	k1
ग्रेडों	NN	12	k7
पद	NN	10	k2
सृजित	JJ	10	pof
किए	VM	11	r6-k2
मंजूरी	NN	12	pof
दी	VM	0	main
।	SYM	12	rsym

लेकिन	CC	0	main
साल	NN	3	jjmod
ज्यादा	QF	4	nmod
समय	NN	5	k1
बीतने	VM	9	k7t
अब	PRP	9	k7t
पदों	NN	9	k7
नियुक्ति	NN	9	pof
हो	VM	1	ccof
।	SYM	1	rsym

संसद	NN	2	r6
समिति	NN	9	k1
मंत्रालय	NN	4	r6
रवैये	NN	9	k7
नाराजगी	NN	6	ccof
और	CC	9	k2
चिंता	NN	6	ccof
जाहिर	JJ	9	pof
की	VM	0	main
।	SYM	9	rsym

समिति	NN	2	k1
कहा	VM	0	main
कि	CC	2	k2
कायदे	NN	9	adv
मंत्रालय	NN	6	r6
विभाजन	NN	9	k7t
कठिनाईयों	NN	9	k2
दूर	NST	9	pof
कर	VM	3	ccof
।	SYM	2	rsym

समिति	NN	13	k1
खाली	JJ	3	pof
पड़े	VM	4	nmod__k2inv
पदों	NN	6	k7
नियुक्ति	NN	6	pof
किए	VM	13	vmod
मंत्रालय	NN	8	r6
गठन	NN	9	r6
उद्देश्य	NN	10	r6
पूर्ति	NN	13	k7
संदेह	NN	13	k2
व्यक्त	JJ	13	pof
किया	VM	0	main
।	SYM	13	rsym

समिति	NN	0	k1
आश्चर्य	NN	0	k2
व्यक्त	JJ	0	pof
किया	VM	0	main
कि	CC	0	rs
जनशक्ति	NN	0	ras-neg
मंत्रालय	NN	0	k1
अपना	PRP	0	r6
काज	NN	0	k2
कैसे	WQ	0	adv
पूरा	JJ	0	pof
कर	VM	0	ccof
।	SYM	0	rsym

बहरहाल	CC	0	main
समिति	NN	3	r6
रिपोर्ट	NN	7	k7
मंत्रालय	NN	5	r6
बोलती	NN	7	k1
बंद	JJ	7	k1s
है	VM	1	ccof
।	SYM	1	rsym

