चुनाव	NN	8	k7a
सीटों	NN	3	r6
बंटवारे	NN	4	k2
लेकर	VM	8	vmod
यूपीए	NNP	8	k7
दरार	NN	8	k1
पैदा	JJ	8	pof
हो	VM	0	main
।	SYM	8	rsym

कांग्रेस	NNP	2	ccof
और	CC	9	k1
मोरचा	NNP	2	ccof
आज	NN	9	k7t
राज्य	NN	6	r6
सीटों	NN	9	k5
सीटें	NN	9	k2
आपस	PRP	9	k7
बांट	VM	0	main
।	SYM	9	rsym

ओर	NST	16	sent-adv
केंद्र	NNP	16	k7
सत्तारूढ़	JJ	4	nmod
यूपीए	NNP	5	r6
घटक	NN	6	nmod
राजद	NNP	7	ccof
और	CC	16	k1
उसे	PRP	11	k4
बाहर	NST	11	k7
समर्थन	NN	11	pof
दे	VM	12	nmod__k2inv
माकपा	NNP	7	ccof
इसे	PRP	16	k2
एकतरफा	JJ	16	k2s
करार	NN	16	pof
दिया	VM	0	main
।	SYM	16	rsym

झामुमो	NNP	2	r6
समझौते	NN	3	k2
बौखलाए	VM	4	nmod__k1inv
प्रवक्ता	NN	8	k1
इसे	PRP	8	k2
सरासर	RB	8	adv
विश्वासघात	NN	8	k2g
बताया	VM	0	main
।	SYM	8	rsym

ब्यूरो	NNP	2	r6
सदस्य	NN	3	nmod
येचुरी	NNP	4	k1
कहा	VM	0	main
कि	CC	4	k2
समझौता	NN	10	k1
हमारी	PRP	8	r6
सोच	NN	10	k5
अलग	JJ	10	k1s
है	VM	5	ccof
।	SYM	4	rsym

सीटों	NN	2	r6
विवाद	NN	11	rh
राज्य	NN	11	k7p
सत्तारूढ़	JJ	5	nmod
भाजपा	NNP	8	vmod
गठबंधन	NN	8	k2
खड़ा	JJ	8	pof
करने	VM	9	r6
कोशिशों	NN	11	k7
पानी	NN	11	pof
फिर	VM	0	main
।	SYM	11	rsym

हालांकि	CC	0	main
प्रवक्ता	NN	3	nmod
सिंघवी	NNP	6	k7a
यूपीए	NNP	6	k1
गठबंधन	NN	6	k1s
है	VM	7	ccof
और	CC	1	ccof
राज्य	NN	9	r6
सरकार	NN	11	k2
सत्ता	NN	11	pof
करने	VM	13	k7
संदेह	NN	13	k1
है	VM	7	ccof
'	SYM	1	rsym

इससे	PRP	0	k7t
आज	NN	0	k7t
कांग्रेस	NNP	0	k1
धर्म	NN	0	k2
निभाते	VM	0	vmod
मोरचा	NNP	0	ras-k1
सीटों	NN	0	r6
बंटवारे	NN	0	k7
दरियादिली	NN	0	r6
परिचय	NN	0	k2
दिया	VM	0	ccof
और	CC	0	main
झामुमो	NNP	0	k4
सीटें	NN	0	k2
दीं	VAUX	0	ccof
जो	PRP	0	k1
उसकी	PRP	0	r6
सीटों	NN	0	k1u
दो	QC	0	jjmod
कम	QF	0	k1s
हैं	VM	0	nmod__relc
।	SYM	0	rsym

बदले	NN	12	k7
सुप्रीमो	NNP	3	ccof
और	CC	12	k1
मंत्री	NNP	5	nmod
सोरेन	NNP	3	ccof
चुनाव	NN	12	k7t
पद	NN	8	r6
फैसला	NN	12	k2
अध्यक्ष	NN	10	nmod
गांधी	NNP	11	r6-k2
हाथ	NN	12	pof
सौंप	VM	0	main
।	SYM	12	rsym

अब	PRP	7	k7t
कांग्रेस	NNP	3	r6
उम्मीदें	NN	7	k1
सीपीआई	NNP	7	rd
मिलने	VM	6	nmod
सीटों	NN	7	k7
टिकी	VM	0	main
।	SYM	7	rsym

कांग्रेस	NNP	2	ccof
और	CC	9	k1
झामुमो	NNP	2	ccof
राज्य	NN	5	r6
सीटें	NN	9	k2
राजद	NNP	7	ccof
और	CC	9	rt
दलों	NN	7	ccof
छोड़ी	VM	0	main
।	SYM	9	rsym

सीटों	NN	2	r6
तालमेल	NN	3	r6
फैसला	NN	9	k2
सोरेन	NNP	5	ccof
व	CC	7	k7
गांधी	NNP	5	ccof
हुई	VM	8	nmod__k1inv
मुलाकात	NN	9	k7t
लिया	VM	0	main
।	SYM	9	rsym

इससे	PRP	11	k7t
कांग्रेस	NNP	3	ccof
व	CC	5	nmod
झारखंड	NNP	3	ccof
नेताओं	NN	6	k7
हुई	VM	7	nmod__k1inv
बैठक	NN	11	k7
समझौते	NN	9	r6
रूपरेखा	NN	11	k2
तय	JJ	11	pof
की	VM	0	main
।	SYM	11	rsym

कांग्रेस	NNP	14	rd
बैठक	NN	14	k7
सिंह	NNP	5	ccof
फोतेदार	NNP	5	ccof
और	CC	7	ccof
महासचिव	NN	5	ccof
व	CC	14	k1
बिहार	NNP	9	ccof
व	CC	11	r6
झारखंड	NNP	9	ccof
प्रभारी	NN	12	nmod
बहादुर	NNP	7	ccof
हिस्सा	NN	14	pof
लिया	VM	0	main
।	SYM	14	rsym

जबकि	CC	0	main
मोर्चा	NNP	8	rd
बैठक	NN	8	k7
सोरेन	NNP	5	ccof
व	CC	8	k1
मरांडी	NNP	5	ccof
शामिल	JJ	8	k1s
थे	VM	1	ccof
।	SYM	1	rsym

लेकिन	CC	0	main
समझौते	NN	7	rh
राजद	NNP	4	ccof
और	CC	6	r6
माकपा	NNP	4	ccof
भवें	NN	7	k1
तन	VM	1	ccof
।	SYM	1	rsym

प्रवक्ता	NN	2	nmod
तिवारी	NNP	5	k1
समझौते	NN	5	k2
धर्म	NN	5	vmod
बताया	VM	0	main
।	SYM	5	rsym

उन्होंने	PRP	2	k1
कहा	VM	0	main
कि	CC	2	k2
यह	PRP	7	k1
सरासर	RB	7	adv
विश्वासघात	NN	7	k1s
है	VM	3	ccof
।	SYM	2	rsym

NULL	PRP	3	k1
गौरतलब	JJ	3	k1s
है	VM	0	main
कि	CC	3	k2
राजद	NNP	9	k7
विधायकों	NN	9	vmod
सीटों	NN	9	k7
क्रम	NN	9	k7
थी	VM	4	ccof
।	SYM	3	rsym

हाल	NN	6	k7t
जेडीयू	NNP	3	r6
विधायक	NN	6	k1
राजद	NNP	6	k7
शामिल	JJ	6	pof
हो	VM	0	main
।	SYM	6	rsym

