संगठन	NN	0	k1
देशों	NN	0	r6
कंपनियों	NN	0	ccof
और	CC	0	k7
संगठनों	NN	0	ccof
शामिल	JJ	0	pof
हैं	VM	0	main
जिनकी	PRP	0	r6-k2
पहचान	NN	0	pof
महाविनाश	NN	0	r6
हथियार	NN	0	k7
इस्तेमाल	NN	0	rt
उपकरण	NN	0	ccof
अथवा	CC	0	k2
तकनीक	NN	0	ccof
खरीदने	VM	0	nmod
संगठन	NN	0	k7
की	VM	0	nmod__relc
।	SYM	0	rsym

लंदन	NNP	0	jjmod
प्रकाशित	JJ	0	nmod
दैनिक	NN	0	nmod
गार्जियन	NNP	0	k7
छपी	VM	0	nmod__k1inv
रिपोर्ट	NN	9	k7
इसकी	PRP	8	r6
जानकारी	NN	9	k2
दी	VM	0	main
।	SYM	9	rsym

ब्रिटेन	NNP	0	r6
एजेंसी	NN	0	nmod
५	NNP	0	k1
तैयार	JJ	0	pof
की	VM	0	nmod__k1inv
सूची	NN	0	r6
लंबाई	NN	0	k1
यह	PRP	0	k2
दर्शाती	VM	0	main
कि	CC	0	rs
हथियारों	NN	0	r6
फरोख्त	NN	0	r6
बाजार	NN	0	k1
अनुमान	NN	0	k1u
बड़ा	JJ	0	k1s
है	VM	0	ccof
।	SYM	0	rsym

अखबार	NN	13	k7a
भारत	NNP	7	ccof
ईरान	NNP	7	ccof
पाकिस्तान	NNP	7	ccof
इस्त्राइल	NNP	7	ccof
सीरिया	NNP	7	ccof
और	CC	9	r6
मिस्त्र	NNP	7	ccof
संगठनों	NN	13	k2
निर्यात	NN	13	rd
५	NNP	13	k1
आगाह	NN	13	pof
किया	VM	0	main
।	SYM	13	rsym

ही	RP	7	sent-adv
इसने	PRP	7	k1
अमीरात	NNP	4	r6
कंपनियों	NN	6	k2
सावधान	NN	6	pof
रहने	VM	7	k2
कहा	VM	0	main
क्योंकि	CC	7	rh
अमीरात	NNP	14	k1
हथियारों	NN	11	r6
फरोख्त	NN	12	r6
गढ़	NN	14	k1s
प्रतीत	JJ	14	pof
होता	VM	8	ccof
।	SYM	7	rsym

५	NNP	2	jjmod
संकलित	JJ	3	nmod
नौ	NNP	4	r6
दस्तावेज	NN	12	k7
लंदन	NNP	6	jjmod
स्थित	JJ	7	nmod
उच्चायोग	NN	12	vmod
संगठनों	NN	9	ccof
और	CC	11	r6
निकायों	NN	9	ccof
उल्लेख	NN	12	k1
है	VM	0	main
।	SYM	12	rsym

इनके	PRP	2	k7
कहा	VM	0	main
कि	CC	2	k2
संगठनों	NN	8	k1
देश	NN	6	r6
कार्यक्रम	NN	8	k7
सहयोग	NN	8	pof
दिया	VM	3	ccof
।	SYM	2	rsym

बहरहाल	CC	0	main
सूची	NN	5	k2
साल	NN	5	k7t
तैयार	JJ	5	pof
किया	VM	1	ccof
।	SYM	1	rsym

बासित	NNP	2	k1
कहा	VM	0	main
कि	CC	2	k2
सूची	NN	10	k7
पाकिस्तान	NNP	7	k2
शामिल	JJ	7	pof
करना	VM	10	k1
बिल्कुल	RB	10	adv
गलत	JJ	10	k1s
है	VM	11	ccof
NULL	CC	3	ccof
हम	PRP	15	k1
इसकी	PRP	14	r6-k2
भर्त्सना	NN	15	pof
करते	VM	11	ccof
।	SYM	2	rsym

NULL	PRP	0	k1
गौरतलब	JJ	0	k1s
है	VM	0	main
कि	CC	0	rs
शुक्रवार	NNP	0	k7t
संघ	NNP	0	r6
मामले	NN	0	r6-k2
निगरानी	NN	0	pof
करने	VM	0	nmod
संस्था	NN	0	nmod
एजेंसी	NNP	0	ccof
आईएईए	NNP	0	rs
और	CC	0	k2
इसके	PRP	0	r6
प्रमुख	NN	0	nmod
अलबरदेई	NNP	0	ccof
रूप	NN	0	adv
साल	NN	0	k7t
शांति	NN	0	r6
क्षेत्र	NN	0	k7
दिए	VM	0	nmod
पुरस्कार	NNP	0	rt
चुना	VM	0	ccof
।	SYM	0	rsym

इसके	PRP	4	k7a
सूची	NN	3	r6-k2
खुलासा	NN	4	pof
किया	VM	0	main
।	SYM	4	rsym

