सरकार	NNP	3	k1
बुधवार	NNP	3	k7t
कहा	VM	0	main
कि	CC	3	k2
ब्रिटेन	NNP	6	jjmod
निर्मित	JJ	7	nmod
विमान	NNP	11	k1
एजेटी	NNP	7	rs
भारत	NNP	11	k4
२००७	NNP	11	k5
मिलने	VM	13	k1
शुरू	NN	13	pof
हो	VM	4	ccof
।	SYM	3	rsym

विमानों	NN	7	rt
सेना	NNP	3	r6
पायलेटों	NN	7	k2
साल	NN	7	k7t
ब्रिटेन	NNP	7	k7p
प्रशिक्षित	JJ	7	pof
किया	VM	0	main
।	SYM	7	rsym

सवाल	NN	2	r6
जवाब	NN	5	k7
राज्यसभा	NN	5	k7p
मुखर्जी	NNP	5	k1
कहा	VM	0	main
कि	CC	5	k2
सरकार	NN	12	k1
एजेटी	NNP	12	rt
सरकार	NNP	12	ras-k1
समझौते	NN	12	k7
हस्ताक्षर	NN	12	pof
किया	VM	6	ccof
।	SYM	5	rsym

इसके	PRP	6	k7a
भारत	NNP	6	k4
२००८	NNP	6	k7t
६६	QC	6	k7
विमान	NN	6	k1
मिल	VM	0	main
।	SYM	6	rsym

विमानों	NN	2	r6-k2
निर्माण	NN	4	pof
लिमिटेड	NNP	4	k7p
किया	VM	0	main
।	SYM	4	rsym

सेना	NN	0	k4
विमानों	NN	0	r6
आपूर्ति	NN	0	k1
२००८	NNP	0	k5
शुरू	NN	0	pof
होगी	VM	0	main
जो	PRP	0	k1
२०१०	NNP	0	k7t
चलेगी	VM	0	nmod__relc
।	SYM	0	rsym

मंत्री	NNP	0	k1
बात	NN	0	k2
इन्कार	NN	0	pof
किया	VM	0	main
कि	CC	0	rs
एरोस्पेस	NNP	0	k1
वर्क	NN	0	rt
डॉलर	NN	0	r6-k2
माँग	NN	0	pof
की	VM	0	ccof
और	CC	0	ccof
इसे	PRP	0	k2
पूरा	JJ	0	pof
किए	VM	0	k7
सौदा	NN	0	k2
रद्द	JJ	0	pof
करने	VM	0	r6-k2
धमकी	NN	0	pof
दी	VM	0	ccof
।	SYM	0	rsym

पायलेटों	NN	2	r6
प्रशिक्षण	NN	4	k7
मुखर्जी	NNP	4	k1
कहा	VM	0	main
कि	CC	4	k2
महीने	NN	11	k7t
छह	QC	8	nmod
पायलेटों	NN	11	k2
ब्रिटेन	NNP	11	k7p
प्रशिक्षित	JJ	11	pof
किया	VM	5	ccof
।	SYM	4	rsym

उन्होंने	PRP	2	k1
बताया	VM	0	main
कि	CC	2	k2
अभी	PRP	8	k7t
बैच	NN	6	r6
प्रशिक्षण	NN	8	k1
शुरू	NN	8	pof
हुआ	VM	3	ccof
।	SYM	2	rsym

मंत्री	NN	2	k1
बताया	VM	0	main
कि	CC	2	k2
दूसरे	QO	5	ccof
और	CC	7	nmod
तीसरे	QO	5	ccof
बैच	NN	8	r6
प्रशिक्षण	NN	14	k2
क्रमशः	RB	14	adv
२००४	NNP	11	ccof
और	CC	14	k5
२००५	NNP	11	ccof
शुरू	NN	14	pof
किए	VM	15	r6
बात	NN	16	k1
है	VM	3	ccof
।	SYM	2	rsym

प्लेन	NN	3	k7
जानकारी	NN	3	pof
देते	VM	5	vmod
मुखर्जी	NNP	5	k1
कहा	VM	0	main
कि	CC	5	k2
वैज्ञानिकों	NN	11	k1
प्लेन	NN	9	r6
परिकल्पना	NN	11	k2
तैयार	JJ	11	pof
कर	VM	6	ccof
।	SYM	5	rsym

इसके	PRP	2	r6
आधार	NN	7	k7
संस्थानों	NN	4	r6
भागीदारी	NN	7	k3
पैकेज	NN	7	k2
विकसित	JJ	7	pof
कर	VM	0	main
।	SYM	7	rsym

इसके	PRP	3	sent-adv
उन्होंने	PRP	3	k1
बताया	VM	0	main
कि	CC	3	k2
अभी	PRP	8	k7t
प्लेन	NN	8	k2
विकसित	JJ	8	pof
करने	VM	9	r6
परियोजना	NN	11	k4
मंजूरी	NN	11	k2
दी	VM	4	ccof
।	SYM	3	rsym

उन्होंने	PRP	2	k1
बताया	VM	0	main
कि	CC	2	k2
कैलिबर	NN	5	r6
प्रणाली	NNP	8	k7
अभी	PRP	8	k7t
परीक्षण	NN	8	pof
किए	VM	3	ccof
।	SYM	2	rsym

