जेल	NN	2	jjmod
बंद	JJ	3	nmod
सांसद	NN	4	nmod
शहाबुद्दीन	NNP	6	k4
झटका	NN	6	k1
लगा	VM	0	main
।	SYM	6	rsym

सीवान	NNP	2	r6
अदालत	NN	12	k1
बृहस्पतिवार	NNP	12	k7t
अधिनियम	NNP	12	k7
शहाबुद्दीन	NNP	6	r6
पत्नी	NN	8	ccof
पिता	NN	8	ccof
और	CC	12	vmod
भाई	NN	8	ccof
वारंट	NN	12	k2
जारी	JJ	12	pof
कर	VM	0	main
।	SYM	12	rsym

सीवान	NNP	2	r6
मजिस्ट्रेट	NN	3	nmod
राम	NNP	16	k1
पुलिस	NN	5	r6
प्रार्थना	NN	16	k7
शहाबुद्दीन	NNP	7	r6
पत्नी	NN	8	nmod
सहाब	NNP	11	ccof
पिता	NN	10	nmod
हबीबुल्लाह	NNP	11	ccof
और	CC	16	vmod
भाई	NN	13	nmod
शम्सुद्दीन	NNP	11	ccof
वारंट	NN	16	k2
जारी	JJ	16	pof
कर	VM	0	main
।	SYM	16	rsym

तीनों	NN	10	k7
लाइसेंस	NN	4	k2
निरस्त	JJ	4	pof
किए	VM	10	k7t
हथियारों	NN	8	k2
पुलिस	NN	8	k7
जमा	JJ	8	pof
कराने	VM	9	r6
आरोप	NN	10	k1
है	VM	0	main
।	SYM	10	rsym

वर्ष	NN	17	k7t
सीवान	NNP	3	r6
अधिकारी	NN	4	nmod
अनिल	NNP	17	k1
शहाबुद्दीन	NNP	6	r6
पृष्ठभूमि	NN	7	ccof
और	CC	17	k7a
उन्हें	PRP	11	k4
लाइसेंस	NN	11	k2
जारी	JJ	11	pof
किए	VM	12	k7
बरती	VM	13	nmod__k1inv
अनियमितताओं	NN	7	ccof
उनके	PRP	15	r6
लाइसेंस	NN	17	k2
निरस्त	JJ	17	pof
किए	VM	0	main
।	SYM	17	rsym

लेकिन	CC	0	main
इसके	PRP	0	k7t
शहाबुद्दीन	NNP	0	ccof
व	CC	0	k1
उनके	PRP	0	r6
रिश्तेदारों	NN	0	ccof
पुलिस	NN	0	k4
हथियार	NN	0	k2
सौंपे	VM	0	ccof
जिस	PRP	0	k7
पुलिस	NN	0	k1
उनके	PRP	0	ccof
उनकी	PRP	0	r6
पत्नी	NN	0	ccof
पिता	NN	0	ccof
और	CC	0	vmod
भाई	NN	0	ccof
थाने	NN	0	k7p
मामला	NN	0	k2
दर्ज	JJ	0	pof
कराया	VM	0	nmod__relc
।	SYM	0	rsym

बात	NN	0	k1
यह	PRP	0	k1s
है	VM	0	main
कि	CC	0	rs
अदालत	NN	0	r6
फैसला	NN	0	k1
सीवान	NNP	0	r6
न्यायाधीश	NN	0	nmod
राय	NNP	0	k1
मामले	NN	0	k7
शहाबुद्दीन	NNP	0	r6
अर्जी	NN	0	k2
खारिज	JJ	0	pof
किए	VM	0	r6
दिन	NN	0	k7t
आया	VM	0	ccof
।	SYM	0	rsym

मामले	NN	13	k7
शहाबुद्दीन	NNP	13	k7
2004	NNP	4	r6
चुनाव	NN	5	r6
नामांकन	NN	13	k7t
अपने	PRP	7	jjmod
लंबित	JJ	8	nmod
मामलों	NN	13	k7
हलफनामा	NN	11	k2
दाखिल	JJ	11	pof
करने	VM	12	r6
आरोप	NN	13	k1
हैं	VM	0	main
।	SYM	13	rsym

पुलिस	NN	0	k1
शहाबुद्दीन	NNP	0	vmod
मामलों	NN	0	k7
आरोप	NN	0	k2
दाखिल	JJ	0	pof
किए	VM	0	main
जिनमें	PRP	0	k7
मामले	NN	0	k7
वर्ष	NN	0	k7t
अप्रैल	NNP	0	k7t
उनके	PRP	0	r6
प्रतापपुर	NNP	0	jjmod
स्थित	JJ	0	nmod
आवास	NN	0	k7
छापे	NN	0	k7t
हथियारों	NN	0	ccof
और	CC	0	r6
पाकिस्तान	NNP	0	r6
फैक्ट्री	NN	0	r6
मोहर	NN	0	nmod
कारतूसों	NN	0	ccof
बरामदगी	NN	0	r6
आधार	NN	0	k7
राजद्रोह	NN	0	r6-k2
आरोप	NN	0	pof
लगाया	VM	0	nmod__relc
।	SYM	0	rsym

वक्त	NN	4	k7t
वह	PRP	4	k1
जेल	NN	4	k7p
है	VM	0	main
।	SYM	4	rsym

