हाल	NN	10	k7t
नेपाल	NNP	3	jjmod
संपन्न	JJ	4	nmod
चुनावों	NN	5	r6
विश्वसनीयता	NN	8	k7
रूप	NN	8	adv
निशान	NN	8	pof
लगाते	VM	9	nmod__k1inv
भारत	NNP	10	k1
कहा	VM	0	main
कि	CC	10	k2
चुनाव	NN	13	r6
विश्वसनीयता	NN	19	rt
उसमें	PRP	19	k7
धारा	NN	16	r6
पार्टियों	NN	17	r6
भागीदारी	NN	19	k1
जरूरी	JJ	19	k1s
है	VM	11	ccof
।	SYM	10	rsym

लेकिन	CC	0	main
नेपाल	NNP	3	k7p
हुए	VM	4	nmod__k1inv
चुनावों	NN	6	k7
चीज	NN	6	k2
देखी	VM	1	ccof
।	SYM	1	rsym

बृहस्पतिवार	NNP	5	k7t
मंत्रालय	NNP	3	r6
प्रवक्ता	NN	4	nmod
सरना	NNP	5	k1
कहा	VM	0	main
कि	CC	5	k2
नेपाल	NNP	9	k1
चुनौतियों	NN	9	k2
जूझ	VM	6	ccof
।	SYM	5	rsym

वहाँ	PRP	0	k7p
समाधान	NN	0	rt
यह	PRP	0	k1
जरूरी	JJ	0	k1s
है	VM	0	main
कि	CC	0	rs
पक्षों	NN	0	ras-k2
चीत	NN	0	ccof
और	CC	0	k2
उनकी	PRP	0	r6
भागीदारी	NN	0	ccof
सुनिश्चित	JJ	0	pof
की	VM	0	ccof
।	SYM	0	rsym

सरना	NNP	0	k1
बयान	NN	0	k7
कहा	VM	0	main
कि	CC	0	k2
नेपाल	NNP	0	k7p
चुनाव	NN	0	pof
समय	NN	0	k7
हुए	VM	0	ccof
जब	PRP	0	k7t
पार्टियों	NN	0	k1
उनकी	PRP	0	r6
गतिविधियों	NN	0	k7
रोक	NN	0	pof
लगाए	VM	0	rh
इसके	PRP	0	k1
बायकॉट	NN	0	r6-k2
ऐलान	NN	0	pof
किया	VM	0	ccof
और	CC	0	nmod__relc
पार्टियों	NN	0	r6
नेताओं	NN	0	r6
गिरफ्तारी	NN	0	ccof
और	CC	0	k1
हिरासत	NN	0	k7
लिया	VM	0	ccof
जारी	JJ	0	k1s
है	VM	0	ccof
।	SYM	0	rsym

उन्होंने	PRP	0	k1
कहा	VM	0	main
कि	CC	0	k2
चुनाव	NN	0	r6
विश्वसनीयता	NN	0	rt
यह	PRP	0	k1
जरूरी	JJ	0	k1s
है	VM	0	ccof
कि	CC	0	rs
मुख्यधारा	NN	0	r6
पार्टियों	NN	0	r6-k1
उसमें	PRP	0	k7
भागीदारी	NN	0	pof
हो	VM	0	ccof
।	SYM	0	rsym

इसके	PRP	5	k7t
देश	NN	5	k7p
लोकतंत्र	NN	5	k2
बहाल	JJ	5	pof
किया	VM	6	ccof
और	CC	0	main
स्थिरता	NN	8	k2
लाई	VM	6	ccof
।	SYM	6	rsym

प्रवक्ता	NN	0	k1
कहा	VM	0	main
कि	CC	0	k2
भारत	NNP	0	r6
नेपाल	NNP	0	ras-k1
रिश्ता	NN	0	k1
है	VM	0	ccof
।	SYM	0	rsym

उसकी	PRP	0	r6
इच्छा	NN	0	k1
है	VM	0	main
कि	CC	0	rs
वहाँ	PRP	0	k7t
जल्द	RB	0	adv
शांति	NN	0	ccof
और	CC	0	k1
स्थिरता	NN	0	ccof
बहाल	JJ	0	pof
हो	VM	0	ccof
और	CC	0	ccof
वह	PRP	0	k1
विकास	NN	0	r6
रास्ते	NN	0	k7
आगे	NST	0	pof
बढ़े	VM	0	ccof
।	SYM	0	rsym

सरना	NNP	6	k1
चुनावों	NN	6	k7t
माओवादियों	NN	4	r6
हमलों	NN	5	r6-k2
जिक्र	NN	6	pof
किया	VM	0	main
।	SYM	6	rsym

ज्ञानेंद्र	NNP	6	k1
चुनावों	NN	6	k2
बहाली	NN	6	adv
कदम	NN	6	k2s
करार	NN	6	pof
दिया	VM	0	main
।	SYM	6	rsym

चुनाव	NN	7	k1
बुधवार	NNP	7	k7t
दलों	NN	4	r6
बायकॉट	NN	5	ccof
और	CC	7	k7
हमलों	NN	5	ccof
हुए	VM	0	main
।	SYM	7	rsym

नेपाल	NNP	3	k7p
पालिकाओं	NN	3	rt
कराए	VM	4	nmod__k2inv
चुनाव	NN	8	k7
संख्या	NN	8	k7
मतदाताओं	NN	8	k1
हिस्सेदारी	NN	8	pof
की	VM	0	main
।	SYM	8	rsym

प्रदर्शन	NN	6	k7t
सेना	NN	3	r6
फायरिंग	NN	6	k7
व्यक्ति	NN	5	r6-k1
मौत	NN	6	pof
हो	VM	7	ccof
तथा	CC	0	main
अन्य	NN	10	k1
घायल	JJ	10	pof
हुआ	VM	7	ccof
।	SYM	7	rsym

