पाकिस्तान	NNP	2	r6
राष्ट्रपति	NNP	3	nmod
मुशर्रफ	NNP	4	k1
कहा	VM	0	main
कि	CC	4	k2
समस्या	NN	7	r6
समाधान	NN	12	rt
वे	PRP	12	k1
माह	NN	12	k7t
सिंह	NNP	12	k2
मुलाकात	NN	12	pof
कर	VM	5	ccof
।	SYM	4	rsym

मुशर्रफ	NNP	2	k1
कहा	VM	0	main
कि	CC	2	k2
भारत	NNP	8	k1
समस्या	NN	6	r6
समाधान	NN	8	rt
संकेत	NN	8	pof
दिए	VM	9	ccof
और	CC	3	ccof
सितंबर	NNP	15	k7t
न्यूयार्क	NNP	15	k7p
इस	PRP	15	k7
सिंह	NNP	15	k2
बातचीत	NN	15	pof
करेंगे	VM	9	ccof
।	SYM	2	rsym

अखबार	NN	3	k4
बातचीत	NN	3	pof
करते	VM	5	vmod
मुशर्रफ	NNP	5	k1
कहा	VM	0	main
कि	CC	5	k2
रिश्ते	NN	12	k7
सुधार	NN	12	rt
समस्या	NN	10	r6
समाधान	NN	12	k1
जरूरी	JJ	12	k1s
है	VM	6	ccof
।	SYM	5	rsym

मुशर्रफ	NNP	4	k1
जोर	NN	3	vmod
देकर	VM	4	vmod
कहा	VM	0	main
कि	CC	4	k2
कश्मीर	NNP	8	k1
मसला	NN	8	k1s
है	VM	9	ccof
और	CC	5	ccof
इसका	PRP	11	r6-k1
हल	NN	12	pof
होते	VM	16	vmod
देशों	NN	14	r6
संबंध	NN	16	k1
सहज	JJ	16	pof
हो	VM	9	ccof
।	SYM	4	rsym

उन्होंने	PRP	5	k1
अखबार	NN	4	k4
बातचीत	NN	4	pof
करते	VM	5	vmod
कहा	VM	0	main
कि	CC	5	k2
बार	NN	11	k7t
जब	PRP	11	k7t
समस्या	NN	10	r6
समाधान	NN	11	k1
निकल	VM	12	nmod__relc
NULL	PRP	15	k7t
विवाद	NN	15	k1
आप	PRP	13	nmod__emph
सुलझ	VM	6	ccof
।	SYM	5	rsym

उन्होंने	PRP	3	k1
उम्मीद	NN	3	pof
जताई	VM	0	main
कि	CC	3	k2
भारत	NNP	9	k1
अपने	PRP	7	r6
दृष्टिकोण	NN	9	k7
बदलाव	NN	9	k2
लाएगा	VM	4	ccof
।	SYM	3	rsym

ही	RP	9	sent-adv
उन्होंने	PRP	9	k1
भारत	NNP	9	k7p
कश्मीर	NNP	5	r6
मामले	NN	9	k7
संकेत	NN	7	k2
देने	VM	8	r6-k2
आरोप	NN	9	pof
लगाया	VM	0	main
।	SYM	9	rsym

उन्होंने	PRP	2	k1
कहा	VM	0	main
कि	CC	2	k2
बार	NN	8	k7t
भारत	NNP	8	rd
सकारात्मक	JJ	7	nmod
NULL	NN	8	k1
NULL	VM	9	ccof
तो	CC	3	ccof
बार	NN	12	k7t
संकेत	NN	12	k1
मिलते	VM	9	ccof
।	SYM	2	rsym

ऐसे	PRP	4	k7
मैं	PRP	4	k1
भ्रमित	JJ	4	k1s
हो	VM	0	main
।	SYM	4	rsym

उन्होंने	PRP	2	k1
कहा	VM	0	main
कि	CC	2	k2
बातचीत	NN	8	k7t
वार्ताकार	NN	8	k1
गंभीर	JJ	7	jjmod
नजर	NN	8	pof
आते	VM	9	ccof
लेकिन	CC	3	ccof
कभी	RDP	14	adv
वे	PRP	14	k1
तौर	NN	14	k7
राग	NN	14	pof
अलापते	VM	9	ccof
।	SYM	2	rsym

ऐसे	PRP	4	k7
भ्रम	NN	4	k1
पैदा	JJ	4	pof
होता	VM	0	main
।	SYM	4	rsym

मुशर्रफ	NNP	2	k1
कहा	VM	0	main
कि	CC	2	k2
मैंने	PRP	9	k1
भारत	NNP	6	r6
रवैये	NN	9	k7
सिंह	NNP	9	k4
शिकायत	NN	9	pof
की	VM	3	ccof
।	SYM	2	rsym

मैंने	PRP	3	k1
सिंह	NNP	3	k4
बताया	VM	0	main
कि	CC	3	k2
भारत	NNP	9	rd
कश्मीर	NNP	7	k2
लेकर	VM	9	vmod
बयान	NN	9	k1
आता	VM	4	ccof
।	SYM	3	rsym

मुशर्रफ	NNP	0	k1
यह	PRP	0	k2
कहा	VM	0	main
कि	CC	0	rs
NULL	PRP	0	k1
हो	VM	0	ccof
कि	CC	0	rs
भारत	NNP	0	r6
सरकार	NN	0	r6-k1
अपनी	PRP	0	r6-k2
सीमा	NN	0	pof
होगी	VM	0	ccof
और	CC	0	ccof
वह	PRP	0	k1
जनता	NN	0	r6
डर	NN	0	rh
खुलकर	VM	0	vmod
कहने	VM	0	r6
स्थिति	NN	0	k7
होगी	VM	0	ccof
।	SYM	0	rsym

मुशर्रफ	NNP	2	k1
कहा	VM	0	main
कि	CC	2	k2
भारत	NNP	5	r6
जनता	NN	7	k1
शांति	NN	7	k2
चाहती	VM	8	ccof
और	CC	3	ccof
समुदाय	NN	13	k1
समस्या	NN	11	r6
समाधान	NN	13	rt
दबाव	NN	13	k2
बनाता	VM	8	ccof
।	SYM	2	rsym

अगर	CC	0	vmod
अल्लाह	NNP	3	r6
शुक्र	NN	6	k7t
समस्या	NN	5	r6
समाधान	NN	6	pof
हो	VM	1	ccof
तो	CC	0	main
संगठनों	NN	10	k2
बिस्तर	NN	10	pof
बांधना	VM	7	ccof
।	SYM	7	rsym

उन्होंने	PRP	2	k1
कहा	VM	0	main
कि	CC	2	k2
हाल	NN	5	r6
महीनों	NN	12	k7t
भारत	NNP	7	ccof
और	CC	12	k1
पाकिस्तान	NNP	7	ccof
रिश्ते	NN	12	k7
सुधार	NN	12	rt
कदम	NN	12	pof
उठाए	VM	3	ccof
।	SYM	2	rsym

अब	PRP	6	k7t
हम	PRP	6	k1
मसलों	NN	4	k7
खुलकर	VM	6	vmod
बातचीत	NN	6	pof
कर	VM	0	main
।	SYM	6	rsym

