भारत	NNP	2	r6
प्रदाता	NN	3	nmod
लिमिटेड	NNP	7	k1
यहां	PRP	7	k7p
रेखा	NN	7	k7p
लाइनें	NN	7	k2
NULL	VM	8	ccof
व	CC	0	main
जिले	NN	10	nmod
उरी	NNP	11	r6
सलामाबाद	NNP	13	k7p
लाइनें	NN	13	k2
बिछाई	VM	8	ccof
।	SYM	8	rsym

बीएसएनएल	NNP	2	r6
कश्मीर	NNP	3	r6
अभियंता	NN	4	nmod
वर्मा	NNP	5	k1
बताया	VM	0	main
कि	CC	5	k2
कश्मीर	NNP	8	ccof
और	CC	12	r6
पाकिस्तान	NNP	10	r6
कब्जे	NN	11	nmod
कश्मीर	NNP	8	ccof
यात्रियों	NN	13	r6
सुविधा	NN	14	nmod
पोस्ट	NNP	15	nmod
लाइनें	NN	16	ccof
व	CC	19	k2
सलामाबाद	NNP	18	nmod
लाइनें	NN	16	ccof
बिछाई	VM	6	ccof
।	SYM	5	rsym

यह	PRP	5	k1
दिनों	NN	3	r6
मेहनत	NN	4	r6
नतीजा	NN	5	k1s
है	VM	0	main
।	SYM	5	rsym

अधिकारियों	NN	2	k1
कहा	VM	0	main
कि	CC	2	k2
विश्व	NN	5	k2p
आए	VM	7	nmod__k1inv
मीडिया	NN	7	r6
लोगों	NN	13	k1
अपनी	PRP	9	r6
खबरें	NN	10	k2
भेजने	VM	13	rt
लाइनों	NN	12	r6-k2
इस्तेमाल	NN	13	pof
किया	VM	3	ccof
।	SYM	2	rsym

उन्होंने	PRP	2	k1
कहा	VM	0	main
कि	CC	2	k2
बीएसएनएल	NNP	13	k1
शहर	NN	7	ccof
पोस्ट	NNP	7	ccof
व	CC	11	k7p
सलामाबाद	NNP	7	ccof
सेवा	NN	11	k2
शुरू	NN	11	pof
करने	VM	13	rt
कोशिश	NN	13	pof
की	VM	14	ccof
लेकिन	CC	3	ccof
मौसम	NN	18	rh
योजना	NN	18	k2
रद्द	JJ	18	pof
करनी	VM	14	ccof
।	SYM	2	rsym

उन्होंने	PRP	2	k1
कहा	VM	0	main
कि	CC	2	k2
माह	NN	5	r6
अंत	NN	9	k7t
जगहों	NN	9	k7p
सेवा	NN	9	k1
शुरू	NN	9	pof
हो	VM	3	ccof
।	SYM	2	rsym

