पादरी	NN	2	ccof
या	CC	10	k1
नन	NN	2	ccof
अब	PRP	10	k7t
धार्मिक	JJ	6	ccof
और	CC	8	nmod
शैक्षिक	JJ	6	ccof
कार्यो	NN	10	k7
सीमित	JJ	10	pof
रहेंगे	VM	11	ccof
बल्कि	CC	0	main
वे	PRP	20	k1
कोट	NN	14	k2
पहनकर	VM	18	vmod
देश	NN	16	r6
अदालतों	NN	18	k7p
जिरह	NN	18	pof
करते	VM	20	vmod
नजर	NN	20	pof
आ	VM	11	ccof
।	SYM	11	rsym

हाईकोर्ट	NNP	7	k1
अपने	PRP	3	r6
फैसले	NN	7	k7
उनके	PRP	7	rt
रास्ता	NN	7	k2
साफ	JJ	7	pof
कर	VM	0	main
।	SYM	7	rsym

अदालत	NN	0	k1
कहा	VM	0	main
कि	CC	0	k2
पादरी	NN	0	ccof
या	CC	0	k1
नन	NN	0	ccof
होने	VM	0	r6
आशय	NN	0	k1
यह	PRP	0	k1s
है	VM	0	ccof
कि	CC	0	rs
वे	PRP	0	k1
पेशे	NN	0	k7
प्रवेश	NN	0	pof
कर	VM	0	ccof
।	SYM	0	rsym

बालाकृष्णन	NNP	4	k1
अपने	PRP	3	r6
आदेश	NN	4	k7
कहा	VM	0	main
कि	CC	4	k2
पादरी	NN	7	ccof
और	CC	9	r6
नन	NN	7	ccof
काम	NN	13	k1
रोजगार	NN	11	ccof
या	CC	13	k1s
पेशा	NN	11	ccof
है	VM	5	ccof
।	SYM	4	rsym

कोई	PRP	5	k1
जीवनयापन	NN	3	r6
मकसद	NN	5	vmod
इसे	PRP	5	k2
अपनाता	VM	0	main
।	SYM	5	rsym

लिहाजा	CC	0	main
इसे	PRP	4	k2
पेशा	NN	4	k2s
माना	VM	1	ccof
जैसा	PRP	8	k2
काउंसिल	NN	7	r6
एच	NNP	8	k7
कहा	VM	4	vmod
।	SYM	1	rsym

हालांकि	CC	0	main
अदालत	NN	0	k1
कहा	VM	0	ccof
कि	CC	0	k2
अधिवक्ता	NN	0	k7
पादरी	NN	0	ccof
और	CC	0	k1
नन	NN	0	ccof
पंजीकृत	JJ	0	pof
हो	VM	0	ccof
जो	PRP	0	k1
कार्य	NN	0	k2
आधार	NN	0	k7
करते	VM	0	nmod__relc
।	SYM	0	rsym

अदालत	NN	0	k1
काउंसिल	NN	0	r6
दलील	NN	0	k2
खारिज	JJ	0	pof
कर	VM	0	main
कि	CC	0	rs
कार्यो	NN	0	k4
अंजाम	NN	0	pof
देना	VM	0	k1
पेशा	NN	0	k1s
है	VM	0	ccof
लिहाजा	CC	0	ccof
पादरी	NN	0	ccof
नन	NN	0	ccof
और	CC	0	k1
संन्यासिन	NN	0	ccof
पेशे	NN	0	k7
प्रवेश	NN	0	r6
अधिकारी	NN	0	k1s
हैं	VM	0	ccof
।	SYM	0	rsym

अदालत	NN	0	k1
मानना	VM	0	k1
है	VM	0	main
कि	CC	0	k2
लोगों	NN	0	k1
आने	VM	0	rh
पेशे	NN	0	k7
पवित्रता	NN	0	ccof
ईमानदारी	NN	0	ccof
और	CC	0	k1
पारदर्शिता	NN	0	ccof
बढ़ेगी	VM	0	ccof
क्योंकि	CC	0	rh
पेशे	NN	0	k4a
लोगों	NN	0	r6
जरूरत	NN	0	k1
है	VM	0	ccof
जो	PRP	0	k1
निष्ठा	NN	0	ccof
और	CC	0	adv
भाव	NN	0	ccof
लोगों	NN	0	ccof
और	CC	0	r6-k2
संरक्षण	NN	0	ccof
मसले	NN	0	pof
उठाएं	VM	0	nmod__relc
।	SYM	0	rsym

अदालत	NN	17	k1
कांवेंट	NNP	10	ccof
चेरेथला	NNP	4	r6
जोस	NNP	10	ccof
कांवेंट	NNP	10	ccof
वालियावेली	NNP	7	r6
टेसी	NNP	8	ccof
तथा	CC	10	ccof
चर्च	NNP	8	ccof
NULL	CC	13	r6
एड्डाकुलम	NNP	12	r6
पुतुसेरी	NNP	10	ccof
याचिका	NN	15	k2
स्वीकार	NN	15	pof
करते	VM	17	vmod
फैसला	NN	17	k2
सुनाया	VM	0	main
।	SYM	17	rsym

याचियों	NN	5	k1
समिति	NNP	3	r6
फैसले	NN	5	k2
चुनौती	NN	5	pof
दी	VM	0	main
।	SYM	5	rsym

समिति	NN	5	k1
याचियों	NN	3	r6
आवेदन	NN	5	k2
खारिज	JJ	5	pof
कर	VM	0	main
।	SYM	5	rsym

याचियों	NN	4	k1
अपनी	PRP	3	r6
दलील	NN	4	k7
कहा	VM	0	main
कि	CC	4	k2
यदि	CC	0	root
वकील	NN	10	k1
अदालत	NN	10	k7p
प्रैक्टिस	NN	10	pof
कर	VM	11	ccof
और	CC	6	ccof
वह	PRP	16	k1
पादरी	NN	14	ccof
या	CC	16	k1s
नन	NN	14	ccof
बन	VM	11	ccof
तो	CC	0	root
उसे	PRP	24	k2
वकील	NN	24	k7
वकालत	NN	22	k2
जारी	JJ	22	pof
रखने	VM	24	rh
अयोग्य	JJ	24	pof
ठहराया	VM	17	ccof
।	SYM	0	root

तरह	NN	8	sent-adv
नियम	NN	8	k1
पादरी	NN	4	ccof
या	CC	8	k2
नन	NN	4	ccof
पेशे	NN	8	k7
प्रवेश	NN	8	k5
रोकते	VM	0	main
।	SYM	8	rsym

अदालत	NN	2	k1
कहा	VM	0	main
कि	CC	2	k2
लोग	NN	11	k1
अपना	PRP	6	r6
जीवन	NN	11	k2
ईश्वर	NN	8	ccof
और	CC	11	k4
मानवता	NN	8	ccof
समर्पित	JJ	11	pof
कर	VM	3	ccof
।	SYM	2	rsym

इसलिए	PRP	5	rh
उन्हें	PRP	5	k2
पेशे	NN	4	k2
जुड़ा	VM	5	vmod
माना	VM	0	main
।	SYM	5	rsym

अदालत	NN	2	r6
फैसले	NN	5	k7
टीना	NNP	5	k1
खुशी	NN	5	k2
जताई	VM	0	main
।	SYM	5	rsym

उन्होंने	PRP	4	k1
अलपुझा	NNP	4	k4
फोन	NN	4	k7
बताया	VM	0	main
कि	CC	4	k2
अंततः	RB	10	adv
ईश्वर	NN	10	k1
हमारी	PRP	9	r6-k2
प्रार्थना	NN	10	pof
सुन	VM	5	ccof
।	SYM	4	rsym

उन्होंने	PRP	2	k1
कहा	VM	0	main
कि	CC	2	k2
सप्ताह	NN	13	k7t
वे	PRP	13	k1
अदालत	NN	10	k1
अपने	PRP	8	r6
पक्ष	NN	10	k7
फैसला	NN	10	pof
दिए	VM	13	rt
ईश्वर	NN	13	k2
प्रार्थना	NN	13	pof
कर	VM	3	ccof
।	SYM	2	rsym

ईश्वर	NN	0	r6
शुक्र	NN	0	k1
है	VM	0	main
कि	CC	0	rs
अदालत	NN	0	k1
हमारे	PRP	0	r6
पक्ष	NN	0	k7
फैसला	NN	0	pof
दिया	VM	0	ccof
।	SYM	0	rsym

उन्होंने	PRP	2	k1
कहा	VM	0	main
कि	CC	2	k2
अब	PRP	9	k7t
मैं	PRP	9	k1
लोगों	NN	9	rt
अदालत	NN	9	k7p
बहस	NN	9	pof
कर	VM	3	ccof
।	SYM	2	rsym

मेरे	PRP	2	nmod
पादरी	NN	3	ccof
और	CC	9	k4
ननों	NN	3	ccof
वकालत	NN	6	r6
पेशे	NN	7	ras-k1
जुड़ने	VM	8	r6
मौका	NN	9	k1
मिलेगा	VM	0	main
।	SYM	9	rsym

