दल	NNP	2	r6
अध्यक्ष	NN	3	ccof
व	CC	5	nmod
मंत्री	NNP	3	ccof
यादव	NNP	6	k1
कहा	VM	0	main
कि	CC	6	k2
मामले	NN	9	r6
फाइल	NN	11	k1
दोबारा	RB	11	adv
खोलने	VM	12	r6
विरोध	NN	16	k7
विपक्ष	NN	16	k1
उन	PRP	16	k7
दबाव	NN	16	k2
बना	VM	7	ccof
।	SYM	6	rsym

लालू	NNP	2	k1
कहा	VM	0	main
कि	CC	2	k2
वह	PRP	8	k1
किसी	PRP	6	r6
दबाव	NN	7	k7
आने	VM	8	k1s
नहीं	NEG	3	ccof
।	SYM	2	rsym

उन्होंने	PRP	0	k1
कहा	VM	0	main
कि	CC	0	k2
कांड	NN	0	k7
रिपोर्टों	NN	0	r6
वह	PRP	0	k1
अध्ययन	NN	0	pof
कर	VM	0	ccof
और	CC	0	ccof
दोषियों	NN	0	k1
सूरत	NN	0	k7
बख्शा	VM	0	ccof
।	SYM	0	rsym

सरकार	NN	11	k7
मंत्रियों	NN	11	k7
विपक्ष	NN	4	r6
विरोध	NN	5	jjmod
क्षुब्ध	JJ	6	nmod
लालू	NNP	11	k1
गठबंधन	NNP	9	k7
मानक	NN	9	k2
अपनाने	VM	10	r6-k2
आरोप	NN	11	pof
लगाया	VM	0	main
।	SYM	11	rsym

उन्होंने	PRP	2	k1
कहा	VM	0	main
कि	CC	2	k2
सरकार	NN	7	k7
मंत्रियों	NN	7	vmod
मामले	NN	7	k1
थे	VM	8	ccof
लेकिन	CC	3	ccof
प्रधानमंत्री	NNP	13	k1
इसे	PRP	13	k2
अपना	PRP	12	r6
विशेषाधिकार	NN	13	k2s
बताया	VM	8	ccof
।	SYM	2	rsym

लालू	NNP	3	k1
आरोप	NN	3	pof
लगाया	VM	0	main
कि	CC	3	k2
राजग	NNP	6	r6
मंत्री	NN	9	k1
गतिविधियों	NN	9	k7
शामिल	JJ	9	pof
रहे	VM	10	ccof
और	CC	4	ccof
वह	PRP	14	k1
उसे	PRP	14	k2
उजागर	JJ	14	pof
करेंगे	VM	10	ccof
।	SYM	3	rsym

उन्होंने	PRP	3	k1
आरोप	NN	3	pof
लगाया	VM	0	main
कि	CC	3	k2
आडवाणी	NNP	8	k1
मामले	NN	8	k7
शामिल	JJ	8	k1s
हैं	VM	4	ccof
।	SYM	3	rsym

उन्होंने	PRP	4	k1
मामला	NN	4	k2
इंटरनेट	NN	4	k5
खोज	VM	0	main
।	SYM	4	rsym

उन्होंने	PRP	2	k1
कहा	VM	0	main
कि	CC	2	k2
विपक्ष	NN	8	k1
उनका	PRP	6	r6
मनोबल	NN	7	k2
तोड़ना	VM	8	k2
चाहता	VM	3	ccof
।	SYM	2	rsym

लेकिन	CC	0	main
ऐसा	PRP	3	k1
होगा	VM	1	ccof
क्योंकि	CC	3	rh
वह	PRP	9	k1
किसी	PRP	7	r6
दया	NN	9	k7
मंत्री	NN	9	k1s
बने	VM	10	ccof
बल्कि	CC	4	ccof
अपने	PRP	12	r6
दम	NN	13	k7
बने	VM	10	ccof
।	SYM	1	rsym

भवन	NN	0	k7p
कांफ्रेंस	NN	0	k2
बुलाकर	VM	0	vmod
लालू	NNP	0	k1
२०००	NNP	0	k7t
लोकसभा	NN	0	k7p
१८४	NNP	14	k7a
मामले	NN	11	k7
मंत्रियों	NN	10	r6
मुद्दे	NN	11	k7
हुई	VM	12	nmod__k1inv
बहस	NN	13	r6
ब्योरा	NN	14	k2
रखा	VM	0	main
।	SYM	14	rsym

बहस	NN	5	k1
नेता	NN	3	nmod
रेड्डी	NNP	4	r6
प्रस्ताव	NN	5	k7
हुई	VM	0	main
।	SYM	5	rsym

लोकसभा	NN	0	k7p
बहस	NN	0	k7t
वाजपेयी	NNP	0	k1
अपने	PRP	0	r6
मंत्रियों	NN	0	r6-k2
आडवाणी	NNP	8	ccof
जोशी	NNP	8	ccof
और	CC	5	rs
भारती	NNP	8	ccof
खुलकर	RB	12	adv
बचाव	NN	12	pof
किया	VM	0	main
।	SYM	12	rsym

वाजपेयी	NNP	2	k1
कहा	VM	0	main
मंत्रियों	NN	5	k2
मंत्रिमंडल	NN	5	k5
हटाने	VM	6	r6-k2
बात	NN	7	pof
की	VM	8	nmod__relc
उनके	PRP	9	r6
त्यागपत्र	NN	10	k2
लेने	VM	11	r6
सवाल	NN	14	k1
नहीं	NEG	14	vmod
पैदा	JJ	14	pof
होता	VM	2	k2
।	SYM	2	rsym

वे	PRP	0	k1
अगर	CC	0	vmod
त्यागपत्र	NN	4	k2
देंगे	VAUX	2	ccof
तो	CC	0	main
मैं	PRP	9	k1
त्यागपत्र	NN	9	k2
वापस	JJ	9	pof
कर	VM	5	ccof
।	SYM	5	rsym

वहीं	RB	4	sent-adv
राज्यसभा	NN	4	k7
वाजपेयी	NNP	4	k1
कहा	VM	0	main
मंत्री	NN	7	k2
नियुक्त	JJ	7	pof
करना	VM	10	k1
मेरी	PRP	9	r6
जिम्मेदारी	NN	10	k1s
है	VM	11	ccof
और	CC	4	k2
प्रधानमंत्री	NNP	17	k7
त्यागपत्र	NN	14	k2
लेना	VM	17	k1
मेरी	PRP	16	r6
जिम्मेदारी	NN	17	k1s
है	VM	11	ccof
।	SYM	4	rsym

क्या	WQ	4	adv
सदन	NN	4	k1
तय	JJ	4	pof
करेगा	VM	0	main
कि	CC	4	k2
किसे	WQ	8	k1
मंत्री	NN	8	pof
होना	VM	5	ccof
?	SYM	4	rsym

वाजपेयी	NNP	2	r6
बयानों	NN	3	r6
हवाला	NN	4	k2
देते	VM	6	vmod
लालू	NNP	6	k1
कहा	VM	0	main
कि	CC	6	k2
राजग	NNP	9	r6
प्रधानमंत्री	NNP	14	k1
जहां	RB	14	adv
अपने	PRP	12	r6
मंत्रियों	NN	13	r6-k2
बचाव	NN	14	pof
कर	VM	15	rbmod__relc
वहीं	RB	21	adv
अब	PRP	21	k7t
वे	PRP	21	k1
हमारे	PRP	19	r6
इस्तीफे	NN	20	r6-k2
मांग	NN	21	pof
कर	VM	7	ccof
।	SYM	6	rsym

लालू	NNP	2	k1
कहा	VM	0	main
कि	CC	2	k2
जयललिता	NNP	5	ccof
और	CC	8	vmod
भारती	NNP	5	ccof
आरोप	NN	8	k1
हैं	VM	9	ccof
लेकिन	CC	3	ccof
वे	PRP	13	k1
अपने	PRP	12	r6
पदों	NN	13	k7
बनी	VM	9	ccof
।	SYM	2	rsym

लालू	NNP	4	k1
विपक्ष	NN	4	k4
चेतावनी	NN	4	pof
दी	VM	0	main
कि	CC	4	k2
वे	PRP	10	k1
अपनी	PRP	8	r6
मुहिम	NN	10	k2
खत्म	JJ	10	pof
करें	VM	11	ccof
वरना	CC	5	ccof
वह	PRP	16	k1
उनके	PRP	14	r6
चरित्र	NN	15	r6-k2
पर्दाफाश	NN	16	pof
करेंगे	VM	11	ccof
।	SYM	4	rsym

