रामदास	NNP	9	k1
भारत	NNP	4	k7p
डॉक्टरों	NN	4	k1
चलाई	VM	5	nmod__k2inv
परियोजनाओं	NN	7	k2
प्रोत्साहित	JJ	7	pof
करने	VM	8	r6-k2
वादा	NN	9	pof
किया	VM	0	main
।	SYM	9	rsym

उन्होंने	PRP	8	k1
ऑरिजिन	NNP	6	nmod
एएपीआई	NNP	2	rs
के	PSP	2	fragof
अध्यक्ष	NN	6	nmod
शाह	NNP	8	k4
आश्वासन	NN	8	pof
दिया	VM	0	main
।	SYM	8	rsym

शाह	NNP	7	k1
मैरीलैंड	NNP	3	r6
इलाके	NN	4	jjmod
स्थित	JJ	5	nmod
हॉस्पिटल	NNP	6	r6
प्रमुख	NN	7	k1s
हैं	VM	0	main
।	SYM	7	rsym

शाह	NNP	2	k1
कहा	VM	0	main
कि	CC	2	k2
उन्होंने	PRP	8	k1
रामदास	NNP	8	k4
वाशिंगटन	NNP	8	k7p
बातचीत	NN	8	pof
की	VM	3	ccof
।	SYM	2	rsym

उन्होंने	PRP	10	k1
डॉक्टरों	NN	3	k1
चलाई	VM	4	nmod__k2inv
परियोजनाओं	NN	6	k2
सफल	JJ	6	k2s
बनाने	VM	8	k7
योगदान	NN	8	pof
देने	VM	9	r6-k2
वादा	NN	10	pof
किया	VM	0	main
।	SYM	10	rsym

डॉक्टरों	NN	2	ras-k1
जुड़े	VM	3	nmod__k1inv
मसलों	NN	6	k7
दोनों	NN	6	k7
बातचीत	NN	6	k1
हुई	VM	0	main
।	SYM	6	rsym

शाह	NNP	2	k1
बताया	VM	0	main
कि	CC	2	k2
मैंने	PRP	22	k1
क्षेत्र	NN	6	r6
मसलों	NN	19	k2
मसलन	RB	6	rs
अस्पतालों	NN	9	r6
पंजीकरण	NN	15	ccof
सेवा	NN	15	ccof
भारत	NNP	12	r6
महानगरों	NN	13	nmod
सेंटरों	NN	14	r6
स्थापना	NN	15	ccof
NULL	CC	7	mod
भारत	NNP	17	nmod
केंद्र	NN	18	r6
स्थापना	NN	15	ccof
लेकर	VM	22	vmod
उनसे	PRP	22	ras-k1
बातचीत	NN	22	pof
की	VM	3	ccof
।	SYM	2	rsym

मंत्री	NN	5	k1
मेरी	PRP	3	r6
बातों	NN	5	k2
ध्यान	NN	5	adv
सुना	VM	0	main
।	SYM	5	rsym

NULL	PRP	0	k1
उल्लेखनीय	JJ	0	k1s
है	VM	0	main
कि	CC	0	rs
भारत	NNP	0	k7p
डॉक्टरों	NN	0	r6
सहयोग	NN	0	k3
परियोजनाएं	NN	0	k1
चल	VM	0	ccof
।	SYM	0	rsym

शाह	NNP	2	k1
बताया	VM	0	main
कि	CC	2	k2
महीने	NN	10	k7t
मसलों	NN	10	k7
उन्होंने	PRP	10	k1
दिल्ली	NNP	10	k7p
मंत्री	NN	10	k2
बातचीत	NN	10	pof
की	VM	3	ccof
।	SYM	2	rsym

शाह	NNP	2	k1
कहा	VM	0	main
कि	CC	2	k2
रामदास	NNP	5	k1
चाहते	VM	3	ccof
कि	CC	5	k2
भारत	NNP	12	k7p
शिक्षा	NN	9	ccof
और	CC	11	r6-k1
सेवाओं	NN	9	ccof
विस्तार	NN	12	pof
हो	VM	6	ccof
।	SYM	2	rsym

उन्होंने	PRP	2	k1
बताया	VM	0	main
कि	CC	2	k2
मंत्री	NN	9	k1
वादों	NN	7	k2
पूरा	JJ	7	pof
करने	VM	8	r6-k2
आश्वासन	NN	9	pof
दिया	VM	3	ccof
।	SYM	2	rsym

रामदास	NNP	0	k1
यह	PRP	0	k2
संकेत	NN	0	pof
दिया	VM	0	main
कि	CC	0	rs
राज्य	NN	0	k1
सेंटर	NNP	0	r6-k2
स्थापना	NN	0	pof
करेगा	VM	0	nmod__relc
उसे	PRP	0	k4
मंत्रालय	NNP	0	rd
मदद	NN	0	k2
दी	VM	0	ccof
।	SYM	0	rsym

उन्होंने	PRP	6	k1
भारत	NNP	6	k7p
केंद्रों	NN	4	r6
स्थापना	NN	5	r6-k2
वादा	NN	6	pof
किया	VM	0	main
।	SYM	6	rsym

शाह	NNP	0	k7a
रामदास	NNP	0	k1
विशेषज्ञों	NN	0	k2
अमेरिका	NNP	10	k7p
पद्घति	NN	6	r6
पढ़ाई	NN	10	rt
अमेरिका	NNP	8	k2p
भेजने	VM	9	r6-k2
वादा	NN	10	pof
किया	VM	0	main
।	SYM	10	rsym

उन्होंने	PRP	8	k1
आयुर्वेद	NN	3	r6
क्षेत्र	NN	8	k7
परियोजना	NNP	6	k2
सफल	JJ	6	k2s
बनाने	VM	7	r6-k2
वादा	NN	8	pof
किया	VM	0	main
।	SYM	8	rsym

