परिसर	NN	2	k2
सटे	VM	3	nmod__k1inv
नगर	NNP	4	jjmod
स्थित	JJ	5	nmod
फैक्टरी	NN	7	k7p
आग	NN	7	k2
लगने	VM	11	rh
कारीगर	NN	11	k1
काल	NN	10	r6
गाल	NN	11	k7
समा	VM	0	main
।	SYM	11	rsym

कारीगर	NN	5	k1
जान	NN	3	k2
बचाने	VM	5	rt
मंजिल	NN	5	k5
कूद	VM	6	ccof
और	CC	0	main
घायल	JJ	8	pof
हो	VM	6	ccof
।	SYM	6	rsym

घायलों	NN	4	k2
अस्पताल	NN	4	k7p
भर्ती	NN	4	pof
कराया	VM	0	main
।	SYM	4	rsym

फैक्टरी	NN	6	k7p
रुपये	NN	3	r6
सामान	NN	4	k2
जलकर	VM	6	vmod
राख	NN	6	k2
हो	VM	0	main
।	SYM	6	rsym

फैक्टरी	NN	2	ras-k1
सटे	VM	3	nmod__k2inv
मकानों	NN	4	r6
दीवारों	NN	6	k7p
दरार	NN	6	pof
आ	VM	0	main
।	SYM	6	rsym

आग	NN	3	k7
काबू	NN	3	pof
पाने	VM	6	rt
दमकल	NN	5	r6
गाड़ियां	NN	6	k2
भेजी	VM	7	ccof
और	CC	0	main
75	QC	9	jjmod
अधिक	QF	10	nmod
दमकलकर्मियों	NN	12	k1
घंटे	NN	12	k7t
जूझना	VM	7	ccof
।	SYM	7	rsym

अधिकारियों	NN	0	k1
कहना	VM	0	k1
है	VM	0	main
कि	CC	0	k2
शवों	NN	0	k2
हाउस	NNP	0	k7p
भेजा	VM	0	ccof
।	SYM	0	rsym

शवों	NN	2	r6-k2
पहचान	NN	3	pof
कर	VM	0	main
।	SYM	3	rsym

संबंध	NN	13	k7
मालिक	NN	3	nmod
ग्रोवर	NNP	4	ccof
और	CC	9	vmod
ठेकेदार	NN	6	nmod
हरिकिशन	NNP	4	ccof
मामला	NN	9	k2
दर्ज	JJ	9	pof
कर	VM	13	vmod
उनकी	PRP	11	r6
तलाश	NN	13	k2
शुरू	NN	13	pof
कर	VM	0	main
।	SYM	13	rsym

हादसे	NN	2	r6
जानकारी	NN	3	k1
मिलने	VM	11	k7
दिल्ली	NNP	5	r6
मुख्यमंत्री	NNP	6	nmod
दीक्षित	NNP	7	ccof
और	CC	11	k1
अध्यक्ष	NN	9	nmod
नाथ	NNP	7	ccof
घटनास्थल	NN	11	k2p
पहुंचे	VM	0	main
।	SYM	11	rsym

मुख्यमंत्री	NNP	18	k1
मृतकों	NN	3	r6
परिजनों	NN	6	k4
रुपये	NN	6	k2
मुआवजा	NN	6	pof
NULL	VM	7	ccof
और	CC	17	r6-k2
रूप	NN	9	nmod
घायलों	NN	11	k4
50	RDP	11	k2
NULL	VM	12	ccof
तथा	CC	7	ccof
रूप	NN	14	nmod
घायलों	NN	16	k4
रुपये	NN	16	k2
देने	VM	12	ccof
घोषणा	NN	18	pof
की	VM	0	main
।	SYM	18	rsym

आग	NN	2	r6
घटना	NN	9	k1
सुबह	NN	9	k7t
बजे	NN	9	k7t
नगर	NNP	6	nmod
16	NNP	7	jjmod
स्थित	JJ	8	nmod
नगर	NNP	9	k7p
हुई	VM	0	main
।	SYM	9	rsym

बताया	VM	0	main
कि	CC	1	k2
फैक्टरी	NN	7	k7p
ब्यूटी	NNP	5	r6
नाम	NN	6	nmod
अंतःवस्त्र	NN	7	k2
बनाए	VM	2	ccof
।	SYM	1	rsym

मालिक	NN	0	k1
ग्रोवर	NNP	0	k1s
हैं	VM	0	main
जिनका	PRP	0	k1
संस	NNP	0	r6
नाम	NN	0	nmod
कारोबार	NN	0	k1s
है	VM	0	nmod__relc
।	SYM	0	rsym

प्रतिदिन	NN	5	vmod
सुबह	NN	5	k7t
कर्मचारी	NN	5	k1
फैक्टरी	NN	5	k2p
पहुंचे	VM	6	ccof
और	CC	0	main
काम	NN	8	k7
लग	VM	6	ccof
।	SYM	6	rsym

फैक्टरी	NN	2	r6
मंजिल	NN	3	ccof
तथा	CC	9	k7p
मंजिल	NN	3	ccof
फोम	NN	6	ccof
तथा	CC	8	r6
हौज़री	NN	6	ccof
सामान	NN	9	k2
रखा	VM	0	main
।	SYM	9	rsym

कारीगर	NN	5	k1
थिनर	NN	5	k3
कपड़े	NN	5	k2
साफ	JJ	5	pof
कर	VM	0	main
कि	CC	5	vmod
अचानक	RB	10	adv
मशीन	NN	10	k7p
स्पार्क	NN	10	pof
हो	VM	11	ccof
और	CC	6	ccof
आग	NN	13	pof
लग	VM	11	ccof
।	SYM	5	rsym

फोम	NN	2	ccof
तथा	CC	4	k7
कपड़ों	NN	2	ccof
लगी	VM	5	nmod__k1inv
आग	NN	8	k1
मिनटों	NN	8	k7t
रूप	NN	8	k2
लिया	VAUX	0	main
।	SYM	8	rsym

आग	NN	2	r6
विकरालता	NN	3	k2
देखते	VM	6	vmod
कारीगरों	NN	6	k7
अफरातफरी	NN	6	k2
मच	VM	7	ccof
और	CC	0	main
वे	PRP	12	k1
जान	NN	10	k2
बचाने	VM	12	rt
ओर	NST	12	rd
भागे	VM	7	ccof
।	SYM	7	rsym

वहीं	RB	4	sent-adv
कारीगर	NN	4	k1
मंजिल	NN	4	k5
कूद	VM	0	main
।	SYM	4	rsym

घटनास्थल	NN	2	nmod
लोगों	NN	3	k1
बताया	VM	0	main
कि	CC	3	k2
ऊपर	NST	6	k5
कूदने	VM	12	rh
संजय	NNP	8	nmod
नामक	JJ	9	nmod
कारीगर	NN	10	r6
पैरों	NN	12	k7
चोट	NN	12	k2
आई	VM	4	ccof
।	SYM	3	rsym

उसके	PRP	11	ras-k1
कमलेश	NNP	6	ccof
संजय	NNP	6	ccof
हरेंद्र	NNP	6	ccof
रवि	NNP	6	ccof
और	CC	11	k1
कृपाशंकर	NNP	6	ccof
नीचे	NST	9	k7p
कूदकर	VM	11	vmod
जान	NN	11	k2
बचाई	VM	12	ccof
और	CC	0	main
शेष	NN	15	k1
ही	RP	15	k7p
फंस	VM	12	ccof
।	SYM	12	rsym

फैक्टरी	NN	0	k5
आग	NN	0	r6
लपटें	NN	0	k2
बराबर	NST	0	r6
मकानों	NN	0	k2p
पहुंचने	VM	0	vmod
तो	CC	0	main
लोगों	NN	10	k7
खलबली	NN	10	k2
मच	VM	7	ccof
।	SYM	7	rsym

1993ए	NNP	2	nmod
निवासी	NN	3	nmod
जैन	NNP	4	ccof
तथा	CC	8	k1
1993बी	NNP	6	nmod
निवासी	NN	7	nmod
जैन	NNP	4	ccof
बताया	VM	0	main
कि	CC	8	k2
आग	NN	15	rh
उनके	PRP	12	r6
मकानों	NN	13	r6
दीवारों	NN	15	k7
दरार	NN	15	k2
आ	VM	16	ccof
और	CC	9	ccof
हिस्सा	NN	18	k1
टूट	VM	16	ccof
।	SYM	8	rsym

सेन	NNP	2	r6
मकान	NN	3	r6
दीवार	NN	6	k1
तरह	NN	6	adv
क्षतिग्रस्त	JJ	6	k1s
हो	VM	0	main
।	SYM	6	rsym

बजे	NN	8	k7t
विभाग	NNP	3	ccof
तथा	CC	8	k4
कक्ष	NN	3	ccof
आग	NN	6	k1
लगने	VM	7	r6
सूचना	NN	8	k2
दी	VM	0	main
।	SYM	8	rsym

सूचना	NN	2	k1
मिलने	VM	6	k7
विभाग	NNP	4	r6
गाड़ियां	NN	6	k2
मौके	NN	6	k7p
भेजी	VM	7	ccof
NULL	CC	0	main
उसके	PRP	11	k7t
गाड़ियां	NN	11	k2
और	QF	11	pof
मंगाई	VM	7	ccof
।	SYM	7	rsym

तिवारी	NNP	2	ccof
NULL	CC	6	ras-k1
चौधरी	NNP	2	ccof
अधिकारी	NN	6	k1
मौके	NN	6	k2p
पहुंच	VM	0	main
।	SYM	6	rsym

बजे	NN	4	k7t
आग	NN	4	k7
काबू	NN	4	k2
पाया	VM	0	main
।	SYM	4	rsym

घटना	NN	4	k7
लोगों	NN	3	r6-k2
मौत	NN	4	pof
हो	VM	0	main
।	SYM	4	rsym

मंजिल	NN	4	k5
शवों	NN	4	k2
नीचे	NST	4	k7p
उतारकर	VM	7	vmod
पोस्टमार्टम	NN	7	rt
मुर्दाघर	NNP	7	k2p
भेजा	VM	0	main
।	SYM	7	rsym

संजय	NN	4	k2
अस्पताल	NNP	4	k7p
भर्ती	NN	4	pof
कराया	VM	0	main
जबकि	CC	4	vmod
अन्य	NN	8	k2
अस्पताल	NN	8	k7p
ले	VM	5	ccof
।	SYM	4	rsym

तिवारी	NNP	2	k1
बताया	VM	0	main
कि	CC	2	k2
संबंध	NN	20	k7
मालिक	NN	6	nmod
ग्रोवर	NNP	7	ccof
तथा	CC	20	vmod
ठेकेदार	NN	7	ccof
लापरवाही	NN	10	rh
हुई	VM	11	nmod__k1inv
मौत	NN	12	ccof
तथा	CC	14	r6
आगजनी	NN	12	ccof
धारा	NN	15	nmod
304ए	NNP	16	ccof
तथा	CC	20	k7a
337	NNP	16	ccof
मामला	NN	20	k2
दर्ज	JJ	20	pof
किया	VM	3	ccof
।	SYM	2	rsym

ग्रोवर	NNP	2	r6
यूनिट	NN	3	k1
हैं	VM	4	ccof
लेकिन	CC	0	main
यूनिट	NN	6	r6
ठेकेदार	NN	8	k1
हरिकिशन	NNP	8	k1s
है	VM	4	ccof
।	SYM	4	rsym

दोनों	NN	2	r6-k2
तलाश	NN	3	pof
की	VM	0	main
।	SYM	3	rsym

