कांग्रेस	NNP	2	r6
रुख	NN	3	k2
भांपते	VM	8	vmod
यादव	NNP	8	k1
अपने	PRP	6	r6
तेवर	NN	8	k2
सख्त	JJ	8	pof
कर	VM	0	main
।	SYM	8	rsym

कल	NN	0	k7t
अमेठी	NNP	0	k7p
गांधी	NNP	0	r6
प्रदेश	NN	0	r6
व्यवस्था	NN	0	nmod
टिथी	NN	0	k7
उन्होंने	PRP	0	k1
तौर	NN	0	adv
कुछ	PRP	0	k2
कहने	VM	0	k2
इनकार	NN	0	pof
कर	VM	0	ccof
लेकिन	CC	0	main
यह	PRP	0	k2
जरूर	RB	0	adv
कहा	VM	0	ccof
कि	CC	0	k2s
उनकी	PRP	0	r6v
उम्र	NN	0	k1
अभी	PRP	0	k7t
खेलने	VMC	0	r6
है	VM	0	ccof
ऐसे	PRP	0	k7
उनकी	PRP	0	r6
बातों	NN	0	k1
गंभीरता	NN	0	adv
लिया	VM	0	nmod__relc
।	SYM	0	rsym

हालांकि	CC	0	main
यादव	NNP	5	k1
यह	PRP	4	k2
कहने	VM	5	vmod
चूके	VM	1	ccof
कि	CC	5	k2
वह	PRP	10	k1
कांग्रेस	NNP	10	ras-k1
लड़ाई	NN	10	k2
लड़	VM	11	ccof
और	CC	6	ccof
संघर्ष	NN	15	k7t
उन्हें	PRP	15	k1
जेल	NN	15	k2p
जाना	VM	11	ccof
।	SYM	1	rsym

प्रदेश	NN	0	r6
मंत्री	NNP	0	nmod
पांडेय	NNP	0	r6
मां	NN	0	r6
तेरहवीं	NN	0	k7
आज	NN	0	k7t
यहां	PRP	0	k7p
पहुंचे	VM	0	nmod
मुख्यमंत्री	NNP	0	k2
जब	PRP	0	k7t
अखबारवालों	NN	0	k1
घेरा	VM	0	nmod__relc
और	CC	0	main
उन्हें	PRP	18	k2
गांधी	NNP	16	r6
टिथी	NN	17	r6-k1
याद	NN	18	pof
दिलाई	VM	13	ccof
तो	PRP	27	k7t
उन्होंने	PRP	27	k1
उनकी	PRP	22	r6
बातों	NN	24	k2
गंभीरता	NN	24	adv
लेने	VM	26	vmod
इन्कार	NN	26	pof
करते	VM	27	vmod
कहा	VM	13	ccof
कि	CC	27	k2
खेलने	VMC	30	r6
उम्र	NN	31	r6
युवकों	NN	32	r6
बात	NN	35	k7
वह	PRP	35	k1
कुछ	PRP	35	k2
कहें	VM	28	ccof
ठीक	JJ	37	k2
है	VM	35	vmod
।	SYM	13	rsym

कांग्रेस	NNP	6	k1
प्रदेश	NN	3	r6
व्यवस्था	NN	4	r6
मामले	NN	6	k4
तूल	NN	6	k2
देने	VM	10	k7
मुलायम	NNP	10	k1
उलट	VM	10	vmod
जवाब	NN	10	k2
दिया	VM	0	main
कि	CC	10	k2s
कांग्रेस	NNP	17	k1
पहले	NST	17	k7t
दिल्ली	NNP	15	r6
व्यवस्था	NN	17	k2
तरह	NN	17	adv
संभाल	VM	11	ccof
।	SYM	10	rsym

प्रदेश	NN	4	r6
लगातार	RB	3	adv
बिगड़	VM	4	nmod__k1inv
व्यवस्था	NN	5	r6
मसले	NN	8	k7
मुख्यमंत्री	NNP	8	k1
चिंता	NN	8	k2
जताई	VM	9	ccof
और	CC	0	main
कहा	VM	9	ccof
कि	CC	10	k2
इसके	PRP	16	rt
अधिकारियों	NN	16	k4
निर्देश	NN	16	k2
ही	RP	16	k7t
दिए	VM	11	ccof
.	SYM	9	rsym

उन्होंने	PRP	2	k1
कहा	VM	0	main
कि	CC	2	k2
अब	PRP	8	k7t
जहां	PRP	8	k7p
वारदातों	NN	8	k7
बढ़ोत्तरी	NN	8	pof
होगी	VM	9	nmod__relc
वहां	PRP	12	k7
जिम्मेदारी	NN	12	k2
तय	JJ	12	pof
कर	VM	15	vmod
लोगों	NN	15	vmod
कार्रवाई	NN	15	pof
की	VM	3	ccof
।	SYM	2	rsym

बेरोजगारों	NN	2	r6
मसले	NN	9	k7
प्रदेश	NN	4	k7p
बढ़ती	VM	5	nmod__k1inv
नाराजगी	NN	6	r6
मसले	NN	9	k7
मुख्यमंत्री	NNP	9	k1
साफ	JJ	9	pof
किया	VM	0	main
कि	CC	9	k2
अभी	PRP	14	k7t
सूची	NN	14	k2
जारी	JJ	14	pof
की	VM	19	ccof
जल्दी	RB	18	adv
सूची	NN	18	k1
जारी	JJ	18	pof
होगी	VM	19	ccof
और	CC	10	ccof
प्रयास	NN	21	pof
किया	VM	19	ccof
कि	CC	21	k2
सभी	PRP	25	k2
समायोजित	JJ	25	pof
किया	VM	22	ccof
।	SYM	9	rsym

मुख्यमंत्री	NNP	9	ras-k1
मंत्री	NNP	3	nmod
चौधरी	NNP	4	ccof
और	CC	9	k1
विधायक	NN	6	nmod
सिंह	NNP	7	nmod
भैया	NNP	4	ccof
यहां	PRP	9	k7p
पहुंचे	VM	0	main
।	SYM	9	rsym

पांडेय	NNP	0	r6
यहां	PRP	0	k7p
शोक	NN	0	k2
व्यक्त	JJ	0	pof
करने	VM	0	rt
पहुंचने	VM	0	k7
दल	NN	0	r6
नेता	NN	0	nmod
तिवारी	NNP	0	ccof
सांसद	NN	0	nmod
सिंह	NNP	0	ccof
मंत्री	NN	0	nmod
सिंह	NNP	0	ccof
सदस्य	NN	0	nmod
सिंह	NNP	0	ccof
अध्यक्ष	NN	0	nmod
पटेल	NNP	0	ccof
विधायक	NN	0	nmod
सरोज	NNP	0	ccof
सांसद	NN	0	nmod
सिंह	NNP	22	ccof
,	SYM	26	vmod
यादव	NNP	22	ccof
लोग	NN	26	k1
मौजूद	JJ	26	k1s
थे	VM	0	main
।	SYM	26	rsym

