श्रीलंका	NNP	2	r6
रेडियो	NN	5	k1
शनिवार	NNP	5	k7t
दावा	NN	5	pof
किया	VM	0	main
कि	CC	5	k2
दिसंबर	NNP	8	k7t
आई	VM	9	nmod__k1inv
लहरें	NN	15	k1
ईल्म	NNP	12	nmod
लिट्टे	NNP	10	rs
प्रमुख	NN	13	nmod
प्रभाकरन	NNP	15	k2
अपने	PRP	15	ras-k1
बहा	VM	6	ccof
।	SYM	5	rsym

खबर	NN	11	rh
कहर	NN	3	nmod
तरह	NN	4	jjmod
तबाह	JJ	5	nmod
प्रायद्वीप	NN	11	k7p
सरकार	NN	7	ccof
और	CC	11	k7
विद्रोहियों	NN	7	ccof
तनाव	NN	11	k1
पैदा	JJ	11	pof
हो	VM	0	main
।	SYM	11	rsym

विद्रोहियों	NN	8	k1
सरकार	NN	3	r6
दावे	NN	5	k2
खारिज	JJ	5	pof
करते	VM	8	vmod
प्रभाकरन	NNP	8	k2
महफूज़	JJ	8	k2s
बताया	VM	0	main
।	SYM	8	rsym

लेकिन	CC	0	main
कहर	NN	7	k7t
प्रभाकरन	NNP	4	k2
लेकर	VM	7	vmod
रहस्य	NN	7	k1
बरकरार	JJ	7	k1s
है	VM	1	ccof
।	SYM	1	rsym

दिसंबर	NNP	5	k7t
प्रभाकरन	NNP	5	k2
तो	RP	5	vmod
टीवी	NN	5	k7p
देखा	VM	6	ccof
और	CC	0	main
ही	RP	12	vmod
लिट्टे	NNP	9	r6
रेडियो	NN	12	k7
उसकी	PRP	11	r6
आवाज	NN	12	k2
सुनी	VM	6	ccof
।	SYM	6	rsym

दरअसल	RB	6	sent-adv
प्रभाकरन	NNP	3	k2
लेकर	VM	6	vmod
दिसंबर	NNP	6	k7t
अटकलें	NN	6	k1
हैं	VM	0	main
।	SYM	6	rsym

ट्रिब्यून	NNP	2	jjmod
नामक	JJ	3	nmod
अखबार	NN	11	k1
सुनामी	NN	5	r6
कहर	NN	6	r6
दिन	NN	11	k7t
प्रभाकरन	NNP	9	k1
लापता	JJ	9	pof
होने	VM	10	r6-k2
दावा	NN	11	pof
किया	VM	0	main
।	SYM	11	rsym

शनिवार	NNP	0	k7t
श्रीलंका	NNP	0	r6
रेडियो	NN	0	k1
खबर	NN	0	k2
दी	VM	0	main
कि	CC	0	rs
हफ्ते	NN	0	k7t
लहरों	NN	0	r6
तांडव	NN	0	k7
प्रभाकरन	NNP	0	ccof
और	CC	0	k1
उसके	PRP	0	r6
प्रमुख	NN	0	nmod
अम्मान	NNP	0	ccof
मारे	VM	0	ccof
या	CC	0	ccof
लापता	JJ	0	k1s
हैं	VM	0	ccof
।	SYM	0	rsym

हालांकि	CC	0	main
विद्रोहियों	NN	6	k1
तुरंत	RB	6	adv
रिपोर्ट	NN	6	k2
खारिज	JJ	6	pof
कर	VM	1	ccof
।	SYM	1	rsym

अखबार	NN	2	r6
रिपोर्ट	NN	10	k7t
विद्रोहियों	NN	10	rd
प्रभाकरन	NNP	5	r6
नाम	NN	10	k2
श्रीलंका	NNP	7	r6
इलाकों	NN	10	k7p
मदद	NN	9	r6-k2
अपील	NN	10	pof
की	VM	0	main
।	SYM	10	rsym

लेकिन	CC	0	main
आमतौर	NN	8	k7
विद्रोहियों	NN	4	r6
रेडियो	NN	8	k3
अपने	PRP	6	r6
संदेश	NN	8	k2
जारी	JJ	8	pof
करने	VM	9	r6
प्रभाकरन	NNP	10	r6
आवाज	NN	14	k2
विद्रोहियों	NN	12	r6
इलाकों	NN	14	k7p
अब	PRP	14	k7t
सुनाई	VM	1	ccof
।	SYM	1	rsym

ट्रिब्यून	NNP	10	k7a
वह	PRP	10	k1
आपदा	NN	6	k7a
दिसंबर	NNP	6	k7t
जाफना	NNP	6	k7p
बुलाई	VM	8	nmod__k1inv
हाईकमान	NN	8	r6
बैठक	NN	10	k7
मौजूद	JJ	10	k1s
था	VM	0	main
।	SYM	10	rsym

NULL	PRP	0	k1
गौरतलब	JJ	0	k1s
है	VM	0	main
कि	CC	0	rs
सुनामी	NN	0	r6
कहर	NN	0	rh
श्रीलंका	NNP	0	r6
इलाका	NN	0	k1
प्रभावित	JJ	0	pof
हुआ	VM	0	ccof
।	SYM	0	rsym

इसमें	PRP	0	k7
उत्तर	NNP	0	r6
इलाका	NN	0	k1
है	VM	0	main
जहाँ	PRP	0	k7p
लिट्टे	NNP	0	r6
कब्जा	NN	0	k1
है	VM	0	nmod__relc
।	SYM	0	rsym

इलाके	NN	2	r6
मुलातिवियू	NNP	5	k7
प्रभाकरन	NNP	4	r6
ठिकाना	NN	5	k1
है	VM	0	main
।	SYM	5	rsym

इस	DEM	0	k7t
पत्र	NN	0	nmod
आईलैंड	NNP	0	jjmod
शनिवार	NNP	0	k7t
प्रकाशित	JJ	0	nmod
रिपोर्ट	NN	0	k7
कहा	VM	0	main
कि	CC	0	k2
तमिल	NNP	0	jjmod
नियंत्रित	JJ	0	nmod
इलाके	NN	0	k7p
सामग्री	NN	0	k2
लेकर	VM	0	nmod__k1inv
कंटेनर	NN	0	k7p
ताबूत	NN	0	k2
भेजा	VM	0	ccof
जो	PRP	0	k2
लिट्टे	NNP	0	r6
नेता	NN	0	rt
तैयार	JJ	0	pof
कराया	VM	0	nmod__relc
।	SYM	0	rsym

उधर	NST	0	sent-adv
लिट्टे	NNP	0	k1
अपनी	PRP	0	r6
वेबसाइट	NN	0	jjmod
जारी	JJ	0	nmod
बयान	NN	0	k7
रिपोर्ट	NN	0	k2
जारी	JJ	0	pof
करने	VM	0	rh
कॉरपोरेशन	NNP	0	r6-k2
जमकर	RB	13	adv
निंदा	NN	13	pof
की	VM	0	main
।	SYM	13	rsym

बयान	NN	2	k7
कहा	VM	0	main
कि	CC	2	k2
समय	NN	11	k1
अफवाहें	NN	6	k2
फैलाने	VM	7	ccof
या	CC	4	r6
मंशा	NN	10	adv
प्रचार	NN	10	pof
करने	VM	7	ccof
है	VM	3	ccof
।	SYM	2	rsym

बयान	NN	2	k7
कहा	VM	0	main
कि	CC	2	k2
लिट्टे	NNP	5	ccof
और	CC	13	k1
जनता	NN	5	ccof
कॉरपोरेशन	NNP	11	r6
इस	DEM	9	fragof
शरारत	NN	10	k2
भरी	VM	11	nmod__k1inv
रिपोर्ट	NN	12	r6-k2
विरोध	NN	13	pof
करेंगे	VM	3	ccof
।	SYM	2	rsym

देश	NN	0	k4
समय	NN	0	k7t
आपदा	NN	0	k2
जूझ	VM	0	ccof
और	CC	0	main
दुख	NN	0	r6
बात	NN	0	k1
है	VM	0	ccof
कि	CC	0	rs
सरकार	NN	0	r6
मीडिया	NN	0	k1
अफवाह	NN	0	k2
फैलाकर	VM	0	vmod
लोगों	NN	0	k4
गुमराह	JJ	0	pof
करने	VM	0	k7
लगा	VM	0	ccof
।	SYM	0	rsym

रिपोर्ट	NN	0	k7
संदागिरी	NNP	0	k5
कहा	VM	0	main
कि	CC	0	k2
सुनामी	NN	0	k5
मची	VM	0	nmod
तबाही	NN	0	k7
प्रभाकरन	NNP	0	ccof
और	CC	0	k2
अम्मान	NNP	0	ccof
या	CC	0	ccof
मारे	VM	0	ccof
या	CC	0	ccof
वे	PRP	0	k1
लापता	JJ	0	k1s
हैं	VM	0	ccof
।	SYM	0	rsym

