पुलिस	NN	3	ras-k1
मुठभेड़	NN	3	k7
मारे	VM	4	nmod__k1inv
डकैत	NN	5	nmod
गुर्जर	NNP	6	r6
विधवा	NN	7	nmod
परिहार	NNP	14	k1
अपने	PRP	9	r6
पति	NN	10	r6
शव	NN	14	k7
अपना	PRP	12	r6
दावा	NN	14	k2
पेश	JJ	14	pof
किया	VM	0	main
।	SYM	14	rsym

उसने	PRP	2	k1
कहा	VM	0	main
कि	CC	2	k2
वह	PRP	9	k1
रिवाज	NN	9	k7a
वाराणसी	NNP	9	k7p
शव	NN	8	r6-k2
संस्कार	NN	9	pof
करेगी	VM	3	ccof
।	SYM	2	rsym

उधर	NST	14	sent-adv
प्रदेश	NNP	3	r6
महानिदेशक	NN	4	nmod
सिंह	NNP	14	k1
गुर्जर	NNP	7	k2
ढेर	NN	7	pof
करने	VM	8	nmod
एसटीएफ	NNP	9	r6
जवानों	NN	14	rt
बारी	NN	14	k7t
प्रोन्नति	NN	12	k2
देने	VM	13	r6-k2
घोषणा	NN	14	pof
की	VM	0	main
।	SYM	14	rsym

मंगलवार	NNP	6	k7t
इटावा	NNP	6	k7p
पत्रकारों	NN	6	ras-k1
चीत	NN	6	k7
सीमा	NNP	6	k1
कहा	VM	0	main
कि	CC	6	k2
निर्भय	NNP	12	k4
अपने	PRP	10	r6
पापों	NN	11	r6
सजा	NN	12	k1
मिल	VM	7	ccof
।	SYM	6	rsym

उनकी	PRP	2	r6
पत्नी	NN	3	k1
होने	VM	9	rh
अब	PRP	9	k7t
मुझे	PRP	9	k1
अपने	PRP	7	r6
कर्तव्य	NN	8	r6-k2
पालन	NN	9	pof
करना	VM	0	main
।	SYM	9	rsym

मैं	PRP	9	k1
उनके	PRP	3	r6
शव	NN	4	r6-k2
संस्कार	NN	8	pof
काशी	NNP	8	k7p
वाराणसी	NNP	5	rs
में	PSP	5	fragof
करना	VM	9	k2
चाहती	VM	0	main
।	SYM	9	rsym

सीमा	NNP	3	k1
आगे	NST	3	k7
कहा	VM	0	main
कि	CC	3	k2
गुर्जर	NNP	6	r6
शव	NN	7	r6
दावे	NN	12	rt
मैं	PRP	12	k1
जिले	NN	10	r6
अधीक्षक	NN	12	k2
मुलाकात	NN	12	pof
करूँगी	VM	4	ccof
।	SYM	3	rsym

उधर	NST	0	sent-adv
पुलिस	NN	0	k1
कहना	VM	0	k1
है	VM	0	main
कि	CC	0	k2
शव	NN	0	k2
पोस्टमार्टम	NN	0	rt
भेज	VM	0	ccof
।	SYM	0	rsym

ही	RP	8	sent-adv
पुलिस	NN	8	k1
गुर्जर	NNP	4	r6
परिजनों	NN	8	k4
संपर्क	NN	6	pof
करने	VM	7	r6-k2
प्रयास	NN	8	pof
कर	VM	0	main
ताकि	CC	8	vmod
संस्कार	NN	13	rt
शव	NN	13	k2
परिजनों	NN	13	k4
सौंपा	VM	9	ccof
।	SYM	8	rsym

सिंह	NNP	2	k1
कहा	VM	0	main
कि	CC	2	k2
मुठभेड़	NN	10	k7
गुर्जर	NNP	6	k2
मारकर	VM	10	vmod
टीम	NN	10	k1
साहस	NN	9	r6-k2
परिचय	NN	10	pof
दिया	VM	11	ccof
और	CC	3	ccof
वे	PRP	15	k1
प्रशंसा	NN	14	r6
पात्र	NN	15	k1s
हैं	VM	11	ccof
।	SYM	2	rsym

उन्होंने	PRP	3	k1
आगे	NST	3	k7
कहा	VM	0	main
कि	CC	3	k2
कारनामों	NN	11	k7a
पुलिसकर्मियों	NN	11	rt
बारी	NN	11	k7t
प्रोन्नति	NN	9	k2
देने	VM	10	r6
प्रावधान	NN	11	k1
है	VM	4	ccof
।	SYM	3	rsym

NULL	PRP	0	k1
गौरतलब	JJ	0	k1s
है	VM	0	main
कि	CC	0	rs
सीमा	NNP	0	k1
जब	PRP	0	k7t
गिरोह	NN	0	k7
थी	VM	0	nmod__relc
तभी	PRP	0	k7t
उसने	PRP	0	k1
गुर्जर	NNP	0	k2
शादी	NN	0	pof
रचाई	VM	0	ccof
।	SYM	0	rsym

समझा	VM	0	main
कि	CC	1	k2
बाद	NST	9	k7t
जब	PRP	9	k7t
लालाराम	NNP	9	k1
सीमा	NNP	9	ras-k2
जबरन	RB	8	nmod
संबंध	NN	9	k2
बनाया	VM	10	nmod__relc
तो	PRP	18	k7t
गुस्साए	VM	12	nmod__k1inv
गुर्जर	NNP	18	k1
गिरोह	NN	15	k5
अलग	JJ	15	pof
होकर	VM	18	vmod
अपना	PRP	17	r6
गिरोह	NN	18	k2
बना	VM	2	ccof
।	SYM	1	rsym

