लखनऊ	NNP	2	jjmod
स्थित	JJ	3	nmod
नेताओं	NN	7	rd
स्थलों	NN	7	k7p
विदेशियों	NN	6	r6
प्रवेश	NN	7	k7
लगाई	VM	8	nmod__k2inv
रोक	NN	9	k2
देखते	VM	20	vmod
नागरिकों	NN	12	k4
सावधानी	NN	12	k2
बरतने	VM	13	ccof
और	CC	19	r6-k2
शहर	NN	15	r6
स्थलों	NN	16	r6
यात्रा	NN	18	k2
स्थगित	JJ	18	pof
करने	VM	13	ccof
सलाह	NN	20	pof
दी	VM	0	main
।	SYM	20	rsym

विभाग	NNP	5	rd
सोमवार	NNP	5	k7t
चेतावनी	NN	5	k2
जारी	JJ	5	pof
की	VM	0	main
।	SYM	5	rsym

इससे	PRP	26	k7t
लखनऊ	NNP	3	jjmod
स्थित	JJ	4	nmod
ट्रस्ट	NNP	26	k1
नेतृत्व	NN	6	nmod
सेना	NN	9	k1
स्थलों	NN	9	k2
अपवित्र	JJ	9	pof
करने	VM	10	ccof
और	CC	14	r6
इराकियों	NNP	13	k7
अत्याचार	NN	13	pof
करने	VM	10	ccof
विरोध	NN	26	k7
बड़ा	JJ	16	ccof
और	CC	18	nmod
छोटा	JJ	16	ccof
इमामबाड़ा	NNP	26	k7p
अमेरिकी	JJ	21	ccof
ब्रिटिश	JJ	21	ccof
और	CC	23	nmod
इस्राइली	JJ	21	ccof
नागरिकों	NN	24	r6
प्रवेश	NN	26	k7
रोक	NN	26	pof
लगा	VM	0	main
।	SYM	26	rsym

विभाग	NNP	0	k1
चेतावनी	NN	0	k7
अपने	PRP	0	r6
नागरिकों	NN	0	k4
कहा	VM	0	main
कि	CC	0	k2
उन्हें	PRP	0	k1
स्थलों	NN	0	r6-k2
दौरा	NN	0	pof
करते	VM	0	k7t
सतर्कता	NN	0	k2
बरतनी	VM	0	ccof
और	CC	0	ccof
उम्मीद	NN	0	k1
है	VM	0	ccof
कि	CC	0	rs
हालात	NN	0	k1
सामान्य	JJ	0	pof
होने	VM	0	k7t
वे	PRP	0	k1
यात्राएं	NN	0	k2
स्थगित	JJ	0	pof
करेंगे	VM	0	ccof
।	SYM	0	rsym

