यूनाइटेड	NNP	2	r6
नेतृत्व	NN	3	nmod
सरकार	NN	6	k1
मंगलवार	NNP	6	k7t
कोर्ट	NNP	6	k4
कहा	VM	0	main
कि	CC	6	k2
वह	PRP	18	k1
मंत्री	NNP	10	ccof
और	CC	12	nmod
नेता	NN	10	ccof
तस्लीमुद्दीन	NNP	13	k7
लगे	VM	14	nmod__k1inv
हत्या	NN	15	r6
प्रयास	NN	16	r6
अभियोग	NN	17	k2
हटाना	VM	18	k2
चाहती	VM	7	ccof
।	SYM	6	rsym

सरकार	NN	0	k1
कहना	VM	0	k1
है	VM	0	main
कि	CC	0	k2
आरोप	NN	0	k1
गंभीर	JJ	0	ccof
और	CC	0	nmod
जमानती	JJ	0	ccof
किस्म	NN	0	r6
है	VM	0	ccof
।	SYM	0	rsym

साल	NN	14	k7t
बिहार	NNP	14	k7p
परिवर्तन	NN	14	k7t
यू	NNP	5	ccof
और	CC	7	r6
गठबंधन	NN	5	ccof
सरकार	NN	8	k1
आने	VM	14	k7
उसने	PRP	14	k1
मामले	NN	14	k7
अपना	PRP	12	r6
रुख	NN	14	k2
स्पष्ट	JJ	14	pof
किया	VM	0	main
।	SYM	14	rsym

सरकार	NN	3	k1
कोर्ट	NNP	3	k4
बताया	VM	0	main
कि	CC	3	k2
वह	PRP	11	k1
नेता	NN	9	k7
मुकदमा	NN	9	k2
जारी	JJ	9	pof
रखने	VM	10	r6
पक्ष	NN	11	k7
है	VM	4	ccof
।	SYM	3	rsym

तस्लीमुद्दीन	NNP	6	k1
अररिया	NNP	3	r6
अदालत	NN	6	k7p
मुकदमे	NN	5	r6
सामना	NN	6	pof
कर	VM	0	main
।	SYM	6	rsym

मंगलवार	NNP	4	k7t
अदालत	NN	4	k7p
पेश	JJ	4	pof
किए	VM	6	nmod__k2inv
सरकार	NN	6	r6
हलफनामे	NN	7	k7
कहा	VM	0	main
कि	CC	7	k2
वह	PRP	16	k1
शासन	NN	11	jjmod
इतर	JJ	12	nmod
तस्लीमुद्दीन	NNP	16	vmod
मुकदमा	NN	15	k2
जारी	JJ	15	pof
रखना	VM	16	k2
चाहते	VM	8	ccof
।	SYM	7	rsym

जबकि	CC	0	main
सरकार	NN	8	k1
तस्लीमुद्दीन	NNP	8	vmod
मामला	NN	6	k2
वापस	JJ	6	pof
लेने	VM	7	r6
मन	NN	8	k2
बनाया	VM	1	ccof
।	SYM	1	rsym

NULL	PRP	0	k1
उल्लेखनीय	JJ	0	k1s
है	VM	0	main
कि	CC	0	rs
सरकार	NN	0	k1
२००४	NNP	0	k7t
तस्लीमुद्दीन	NNP	0	vmod
मामले	NN	0	k2
वापस	JJ	0	pof
लेने	VM	0	r6
हलफनामा	NN	0	k2
भरा	VM	0	ccof
।	SYM	0	rsym

सरकार	NNP	0	k1
कहना	VM	0	k1
था	VM	0	main
कि	CC	0	k2
पक्ष	NN	0	k1
मामले	NN	0	r6
सुनवाई	NN	0	k7
अभी	PRP	0	k7t
दोष	NN	0	k2
साबित	JJ	0	pof
कर	VM	0	ccof
NULL	CC	0	ccof
इसलिए	PRP	0	rh
सुनवाई	NN	0	k2
जारी	JJ	0	pof
रखना	VM	0	k1
अदालत	NN	0	r6
समय	NN	0	r6
बरबादी	NN	0	pof
होगी	VM	0	ccof
।	SYM	0	rsym

हालांकि	CC	0	main
बिहार	NNP	3	r6
विभाग	NN	4	r6
सचिव	NN	5	nmod
कुमार	NNP	6	jjmod
जारी	JJ	7	nmod
हलफनामे	NN	8	k7
कहा	VM	1	ccof
कि	CC	8	k2
२००४	NNP	14	k7t
अदालत	NN	14	k7p
मुकदमा	NN	14	k2
वापस	JJ	14	pof
लेने	VM	15	r6
याचिका	NN	16	r6
आधार	NN	19	k1
अब	PRP	19	k7t
मौजूद	JJ	19	k1s
है	VM	9	ccof
।	SYM	1	rsym

हलफनामे	NN	2	k7
कहा	VM	0	main
कि	CC	2	k2
तस्लीमुद्दीन	NNP	9	vmod
अभियोग	NN	9	k1
गंभीर	JJ	7	ccof
और	CC	9	k1s
जमानती	JJ	7	ccof
है	VM	3	ccof
।	SYM	2	rsym

