किसानों	NN	2	r6
ऋण	NN	4	k2
माफ	JJ	4	pof
करने	VM	6	vmod
इन्कार	NN	6	pof
करते	VM	9	vmod
चिदंबरम	NNP	9	k1
लोकसभा	NN	9	k4
बताया	VM	0	main
कि	CC	9	k2
समय	NN	18	k7t
किसानों	NN	18	rt
पैकेजों	NN	18	k7a
रियायत	NN	15	k2
देने	VM	16	nmod
विकल्प	NN	18	k1
मौजूद	JJ	18	k1s
है	VM	10	ccof
।	SYM	9	rsym

प्रश्नकाल	NN	0	k7t
सदन	NN	0	r6
सदस्यों	NN	0	r6
प्रश्नों	NN	0	r6
जवाब	NN	0	k2
देते	VM	0	vmod
चिदंबरम	NNP	0	k1
कहा	VM	0	main
कि	CC	0	k2
अगर	CC	0	vmod
किसानों	NN	0	r6
ऋण	NN	0	k2
माफ	JJ	0	pof
कर	VM	0	ccof
तो	CC	0	ccof
कदम	NN	0	r6
बोझ	NN	0	k2
या	CC	0	vmod
राजकोष	NN	0	k1
वहन	NN	0	pof
करना	VM	0	ccof
या	CC	0	ccof
बैंकों	NN	0	k1
NULL	NN	0	pof
NULL	VM	0	ccof
।	SYM	0	rsym

वामदलों	NN	2	nmod
पार्टियों	NN	3	r6
सदस्यों	NN	4	k1
कहा	VM	0	main
कि	CC	4	k2
समुदाय	NN	13	rt
ऋणों	NN	8	nmod
वृद्धि	NN	13	k1
कर्ज	NN	10	k2
दबे	VM	11	nmod
किसानों	NN	12	r6
मदद	NN	13	k2
करेगी	VM	5	ccof
।	SYM	4	rsym

इस	PRP	3	k7
मंत्री	NNP	3	k1
कहा	VM	0	main
कि	CC	3	k2
पैकेज	NN	6	r6
उद्देश्य	NN	10	rt
संख्या	NN	8	nmod
किसानों	NN	10	k4
संस्थानों	NN	10	k7a
लाना	VM	4	ccof
।	SYM	3	rsym

जिससे	PRP	6	vmod
किसानों	NN	6	k4
क्षेत्रों	NN	5	k5
ऋण	NN	5	k2
लेने	VM	6	vmod
बचाया	VM	0	main
।	SYM	6	rsym

संस्थान	NN	3	k1
ब्याज	NN	3	k2
लेते	VM	0	main
।	SYM	3	rsym

उन्होंने	PRP	2	k1
कहा	VM	0	main
कि	CC	2	k2
विकल्प	NN	6	k7
विचार	NN	6	pof
करने	VM	12	vmod
सरकार	NN	12	k1
पैकेज	NN	11	k2
ईमानदारी	NN	11	k3
लागू	JJ	11	pof
करना	VM	12	vmod
चाहती	VM	3	ccof
।	SYM	2	rsym

मंत्री	NNP	12	k1
पैकेज	NN	4	k2
लागू	JJ	4	pof
करने	VM	12	rt
निगरानी	NN	6	jjmod
संबंधी	JJ	7	nmod
आयोग	NN	9	k2
गठित	JJ	9	pof
करने	VM	10	r6
सुझाव	NN	12	vmod
सहमत	JJ	12	pof
हुए	VM	0	main
।	SYM	12	rsym

मंत्री	NNP	3	k1
सदस्यों	NN	3	k4
कहा	VM	0	main
कि	CC	3	k2
वे	PRP	8	k1
अपने	PRP	7	r6
क्षेत्रों	NN	8	k7p
जाएं	VM	9	ccof
और	CC	4	ccof
देखें	VM	9	ccof
पैकेज	NN	14	k2
सही	NN	13	jjmod
लागू	JJ	14	pof
किया	VM	15	ccof
या	CC	10	k2
नहीं	NEG	17	vmod
NULL	VM	15	ccof
।	SYM	3	rsym

चिदंबरम	NNP	2	k1
कहा	VM	0	main
कि	CC	2	k2
अगर	CC	3	ccof
पैकेज	NN	7	k2
लागू	JJ	7	pof
हो	VM	4	ccof
तो	CC	7	vmod
इसकी	PRP	10	r6
सूचना	NN	12	k2
उन्हें	PRP	12	k4
दी	VM	8	ccof
।	SYM	2	rsym

वह	PRP	4	k1
इसके	PRP	4	k4
कदम	NN	4	k2
उठाएंगे	VM	0	main
।	SYM	4	rsym

चिदंबरम	NNP	7	k1
अर्थव्यवस्था	NN	7	k7
फीसदी	NN	4	r6
दर	NN	7	vmod
वृद्धि	NN	6	r6
बात	NN	7	k2
कही	VM	0	main
।	SYM	7	rsym

उन्होंने	PRP	2	k1
कहा	VM	0	main
कि	CC	2	k2
तरह	NN	8	vmod
साल	NN	8	k7t
कृषि	NN	8	k7
विकास	NN	8	k2
हुआ	VM	3	ccof
हम	PRP	11	k1
वैसा	PRP	11	k2
चाहते	VM	8	vmod
।	SYM	2	rsym

हम	PRP	3	k1
उम्मीद	NN	3	pof
करते	VM	0	main
कृषि	NN	7	k7
दर	NN	7	vmod
विकास	NN	7	k2
हो	VM	3	vmod
।	SYM	3	rsym

अगर	CC	0	main
उद्योग	NN	3	ccof
और	CC	7	k1
सेवाएं	NN	3	ccof
अपनी	PRP	6	r6
दर	NN	7	k2
बनाए	VM	1	ccof
तो	CC	7	vmod
हम	PRP	12	k1
फीसदी	NN	11	r6
दर	NN	12	k7
रह	VM	8	ccof
।	SYM	1	rsym

उन्होंने	PRP	2	k1
कहा	VM	0	main
कि	CC	2	k2
वह	PRP	8	k1
दर	NN	6	nmod
फीसदी	NN	8	k2
अवश्य	RB	8	adv
चाहेंगे	VM	3	ccof
।	SYM	2	rsym

