अस्पताल	NN	2	k2
बनाने	VM	3	r6
नाम	NN	7	k7
लोगों	NN	7	k1
सरकार	NN	7	k5
भूमि	NN	7	k2
ली	VM	0	main
।	SYM	7	rsym

मगर	CC	0	main
शर्तो	NN	8	k7a
उन्होंने	PRP	8	k1
मरीज़ों	NN	5	r6-k2
इलाज	NN	6	pof
करने	VM	8	k2
इन्कार	NN	8	pof
कर	VM	1	ccof
।	SYM	1	rsym

ही	RP	0	k1
नहीं	NEG	0	vmod
NULL	VM	0	ccof
NULL	CC	0	main
इनमें	PRP	0	k5
तो	RP	0	k1
ऐसे	PRP	0	k1s
हैं	VM	0	ccof
जिनका	PRP	0	r6
रिकॉर्ड	NN	0	k1
है	VM	0	nmod__relc
कि	CC	0	k1s
भूमि	NN	0	k2
लेने	VM	0	k7t
उन्होंने	PRP	0	k1
अस्पताल	NN	0	k2
क्यों	WQ	0	adv
बनाया	VM	0	ccof
।	SYM	0	rsym

हाईकोर्ट	NNP	7	k1
इसे	PRP	4	k2
गंभीरता	NN	4	vmod
लेते	VM	7	vmod
जाँच	NN	6	r6-k2
आदेश	NN	7	pof
दिया	VM	0	main
।	SYM	7	rsym

इसके	PRP	10	vmod
अस्पतालों	NN	10	k4
फिलहाल	RB	10	vmod
आय	NN	5	nmod
परिवार	NN	6	r6
अस्पताल	NN	8	k7p
इलाज	NN	8	pof
करने	VM	9	r6-k2
निर्देश	NN	10	pof
दिया	VM	0	main
।	SYM	10	rsym

जैन	NNP	2	ccof
और	CC	4	r6
शर्मा	NNP	2	ccof
खंडपीठ	NN	12	k7
मंगलवार	NNP	12	k7t
अदालत	NN	7	r6
निर्देश	NN	8	jjmod
गठित	JJ	9	nmod
कमेटी	NN	12	k1
रिपोर्ट	NN	12	k2
दाखिल	JJ	12	pof
की	VM	0	main
।	SYM	12	rsym

अदालत	NN	5	k1
इसके	PRP	3	r6
आधार	NN	5	k7
निर्देश	NN	5	pof
दिया	VM	0	main
कि	CC	5	k2
दर	NN	10	k7
भूमि	NN	10	k2
प्राप्त	JJ	10	pof
करने	VM	11	nmod
अस्पताल	NN	21	k1
मरीज़	NN	14	k4
भर्ती	JJ	14	pof
करने	VM	21	k7t
उससे	PRP	21	k5
आय	NN	17	jjmod
संबंधी	JJ	18	nmod
दस्तावेज	NN	19	ccof
या	CC	21	k2
कार्ड	NNP	19	ccof
माँगेगा	VM	6	ccof
।	SYM	5	rsym

दाखिले	NN	4	k7t
मरीज़	NN	4	k3
फार्म	NN	4	k2
भराकर	VM	0	main
कि	CC	4	k2s
उसकी	PRP	7	r6
आय	NN	11	k1
रुपये	NN	9	nmod
मासिक	NN	10	jjmod
ज्यादा	QF	11	k1s
है	VM	12	ccof
और	CC	5	ccof
इलाज	NN	15	k2
शुरू	NN	15	pof
कर	VM	12	ccof
।	SYM	4	rsym

इसके	PRP	4	k7t
इसकी	PRP	3	r6-k2
जाँच	NN	4	pof
की	VM	0	main
।	SYM	4	rsym

अदालत	NN	5	k1
कमेटी	NN	3	r6
रिपोर्ट	NN	5	k2
गंभीरता	NN	5	adv
लिया	VM	0	main
कि	CC	5	k2s
दर	NN	9	k7
भूमि	NN	9	k2
लेने	VM	10	nmod
अस्पतालों	NN	11	r6
पता	NN	12	k1
है	VM	13	ccof
और	CC	6	ccof
बताए	VM	15	nmod__k1inv
पते	NN	18	k7
उनका	PRP	17	r6
रिकार्ड	NN	18	k1
है	VM	13	ccof
।	SYM	5	rsym

अदालत	NN	6	k1
इसकी	PRP	3	r6
रिपोर्ट	NN	5	k2
पेश	JJ	5	pof
करने	VM	6	k2
कहा	VM	0	main
।	SYM	6	rsym

प्रकार	NN	0	sent-adv
खंडपीठ	NN	0	k1
सचिव	NN	0	k4
निर्देश	NN	0	k2
दिया	VM	0	main
कि	CC	0	k2s
वे	PRP	0	k1
कमेटी	NN	0	r6
रिपोर्ट	NN	0	k7a
अस्पतालों	NN	0	k7p
बोर्ड	NN	0	k2
लगवाएँ	VM	0	ccof
जिसमें	PRP	0	k7
बेड	NN	0	r6
संख्या	NN	0	ccof
और	CC	0	k2
प्रकार	NN	0	r6
जानकारी	NN	0	ccof
दी	VM	0	nmod__relc
।	SYM	0	rsym

इसके	PRP	0	vmod
नियमों	NN	0	r6-k2
लोगों	NN	5	k4
जानकारी	NN	5	pof
देने	VM	8	rt
इसका	PRP	7	r6-k2
प्रचार	NN	8	pof
किया	VM	0	main
।	SYM	8	rsym

कमेटी	NN	3	k1
रिपोर्ट	NN	3	k7
कहा	VM	0	main
कि	CC	3	k2
उन्होंने	PRP	14	k1
बत्रा	NNP	7	ccof
,	SYM	13	r6-k2
एस्कॉर्टस	NNP	7	ccof
मोदी	NNP	7	ccof
देवी	NNP	7	ccof
एमकेडब्ल्यू	NNP	7	ccof
अस्पताल	NNP	7	ccof
दौरा	NN	14	pof
किया	VM	15	ccof
और	CC	4	ccof
पाया	VM	15	ccof
कि	CC	16	k2
अस्पताल	NN	23	k7p
मरीज़	NN	20	r6
इलाज	NN	23	rt
नियमों	NN	22	r6-k1
पालन	NN	23	pof
हुआ	VM	17	ccof
।	SYM	3	rsym

अस्पतालों	NN	5	k5
इससे	PRP	3	jjmod
संबंधित	JJ	4	nmod
रिकॉर्ड	NN	5	k1
है	VM	6	ccof
और	CC	0	main
अस्पतालों	NN	11	k1
प्रतिशत	NN	11	k2u
बेड	NN	11	k2
गरीबों	NN	11	rt
रखे	VM	6	ccof
।	SYM	6	rsym

इसके	PRP	0	vmod
भर्ती	NN	0	rt
नियम	NN	0	k1
ऐसे	PRP	0	k1s
हैं	VM	0	main
कि	CC	0	rs
उसमें	PRP	0	k7
गरीबों	NN	0	r6
भर्ती	NN	0	k1
मुश्किल	JJ	0	k1s
है	VM	0	ccof
।	SYM	0	rsym

कमेटी	NN	8	k1
आय	NN	3	r6
परिवार	NN	6	k4
इलाज	NN	5	r6
सुविधा	NN	6	k2
देने	VM	7	r6-k2
सिफारिश	NN	8	pof
की	VM	0	main
।	SYM	8	rsym

कमेटी	NN	4	k1
अस्पतालों	NN	4	k7
निगाह	NN	4	k2
रख	VM	5	nmod__relc
उनमें	PRP	17	k7
बत्रा	NNP	14	ccof
गंगाराम	NNP	14	ccof
स्टीफैंस	NNP	14	ccof
मूलचंद	NNP	14	ccof
चेरीटेबल	NNP	14	ccof
जैन	NNP	14	ccof
मिशन	NNP	14	ccof
कैंसर	NNP	14	ccof
NULL	CC	17	k1
अस्पताल	NNP	14	ccof
शामिल	JJ	17	k1s
हैं	VM	0	main
।	SYM	17	rsym

