संयोजक	NN	0	nmod
फर्नांडिस	NNP	0	k1
बुधवार	NNP	0	k7t
लोकसभा	NN	0	k7p
आरोप	NN	0	k2
लगाया	VM	0	main
कि	CC	0	rs
घोटाला	NNP	0	k2
गांधी	NNP	0	k1
सरकार	NN	0	k2
बदनाम	JJ	0	pof
करने	VM	0	rt
उठाया	VM	0	ccof
।	SYM	0	rsym

जॉर्ज	NNP	2	r6
टिथी	NN	6	k7
सदन	NN	6	k7p
देर	NN	6	k7t
हंगामा	NN	6	pof
हुआ	VM	0	main
।	SYM	6	rsym

जब	PRP	3	k7t
मामला	NN	3	k1
उठा	VM	4	nmod__relc
तो	PRP	9	k7t
समय	NN	9	k7t
कांग्रेस	NNP	7	r6
सांसद	NN	9	k1
सदन	NN	9	k7p
थे	VM	10	ccof
लेकिन	CC	0	main
उनकी	PRP	12	r6
मदद	NN	19	rt
यादव	NNP	14	ccof
व	CC	16	r6
राजद	NNP	14	ccof
सांसद	NN	19	k1
फौरन	RB	19	adv
आगे	NST	19	vmod
आए	VM	10	ccof
।	SYM	10	rsym

हंगामे	NN	3	k2
नियंत्रित	JJ	3	pof
करने	VM	6	k7
चटर्जी	NNP	6	k1
मुश्किल	NN	6	pof
आई	VM	0	main
।	SYM	6	rsym

लालू	NNP	2	k1
कहा	VM	0	main
कि	CC	2	k2
विपक्ष	NN	10	k1
बात	NN	8	k7
सोनिया	NNP	7	r6
नाम	NN	8	k2
लेने	VM	9	r6-k2
आदत	NN	10	pof
पड़	VM	3	ccof
।	SYM	2	rsym

सदन	NN	4	k7p
जब	PRP	4	k7t
मामला	NN	4	k2
उठा	VM	5	nmod__relc
तो	PRP	9	k7t
समय	NN	9	k7t
गांधी	NNP	9	k1
मौजूद	JJ	9	pof
थीं	VM	0	main
।	SYM	9	rsym

कांग्रेस	NNP	2	r6
सांसद	NN	4	k1
संख्या	NN	4	k7
थे	VM	0	main
।	SYM	4	rsym

ऐसे	PRP	5	k7
सांसदों	NN	5	k1
कमी	NN	5	k2
पूरी	JJ	5	pof
की	VM	0	main
।	SYM	5	rsym

यही	PRP	3	k1
नहीं	NEG	3	vmod
NULL	VM	4	ccof
NULL	CC	0	main
यादव	NNP	9	k1
जॉर्ज	NNP	7	k2
घेरने	VM	9	k7
कमी	NN	9	k2
छोड़ी	VM	4	ccof
।	SYM	4	rsym

उन्होंने	PRP	3	k1
जॉर्ज	NNP	3	k4
कहा	VM	0	main
कि	CC	3	k2
घोटाले	NNP	6	r6
कर्ताधर्ता	NN	8	k1
जॉर्ज	NNP	8	k1s
हैं	VM	4	ccof
।	SYM	3	rsym

राष्ट्रपति	NNP	2	r6
अभिभाषण	NN	8	k7
प्रस्ताव	NN	8	k7
बहस	NN	8	ras-neg
जॉर्ज	NNP	8	k1
घोटाले	NNP	7	r6-k2
चर्चा	NN	8	pof
छेड़	VM	0	main
।	SYM	8	rsym

उन्होंने	PRP	0	k1
सफाई	NN	0	k2
दी	VM	0	main
कि	CC	0	rs
सिंह	NNP	0	k2
लिखकर	VM	0	vmod
वह	PRP	0	k1
कह	VM	0	ccof
कि	CC	0	k2
अध्यक्ष	NN	0	k1
समय	NN	0	k7t
उनके	PRP	0	vmod
घोटाले	NNP	0	r6-k2
दुष्प्रचार	NN	0	pof
कर	VM	0	ccof
और	CC	0	ccof
अब	PRP	0	k7t
सरकार	NN	0	k1
इसकी	PRP	0	r6-k2
जांच	NN	0	pof
करनी	VM	0	ccof
।	SYM	0	rsym

जॉर्ज	NNP	0	k1
सवाल	NN	0	k2
उठाया	VM	0	main
कि	CC	0	rs
आखिर	RB	0	adv
इसकी	PRP	0	r6-k1
जांच	NN	0	pof
क्यों	WQ	0	adv
हो	VM	0	ccof
।	SYM	0	rsym

जॉर्ज	NNP	2	k1
कहा	VM	0	main
कि	CC	2	k2
अध्यक्ष	NN	5	k1
जानती	VM	3	ccof
कि	CC	5	k2
सब	PRP	9	k1
झूठ	NN	9	k1s
है	VM	6	ccof
।	SYM	2	rsym

जॉर्ज	NNP	0	k1
समय	NN	0	k7t
अचानक	RB	0	adv
भड़क	VM	0	main
जब	PRP	0	k7t
उनके	PRP	0	r6
भाषण	NN	0	k7
टोकाटाकी	NN	0	pof
की	VM	0	ccof
और	CC	0	nmod__relc
दल	NN	0	rd
घोटाले	NNP	0	ccof
और	CC	0	r6
घोटाले	NNP	0	ccof
बातें	NN	0	k2
उछाली	VM	0	ccof
।	SYM	0	rsym

जॉर्ज	NNP	0	k1
गांधी	NNP	0	k7
टिथी	NN	0	pof
की	VM	0	main
जिस	PRP	0	k7
दल	NN	0	rd
सदस्य	NN	0	k1
उत्तेजित	JJ	0	pof
हो	VM	0	nmod__relc
।	SYM	0	rsym

खासतौर	NN	6	adv
सदस्य	NN	6	k1
इसमें	PRP	5	k7
शिरकत	NN	5	pof
करते	VM	6	vmod
देखे	VM	0	main
।	SYM	6	rsym

यादव	NNP	0	k1
जॉर्ज	NNP	0	k7
फिर	RB	0	adv
शब्द	NN	0	k2
कहे	VM	0	main
जिन्हें	PRP	0	k2
लेकर	VM	0	vmod
भाजपा	NNP	0	r6
बेंच	NN	0	k5
सदस्य	NN	0	k1
उठ	VM	0	vmod
खड़े	VM	0	nmod__relc
।	SYM	0	rsym

मिनट	NN	3	k7t
हंगामा	NN	3	pof
होता	VM	0	main
।	SYM	3	rsym

इसके	PRP	3	k7t
चटर्जी	NNP	3	k1
कहा	VM	0	main
कि	CC	3	k2
बिना	RP	6	nmod
नोटिस	NN	10	ras-neg
आप	PRP	10	k1
किसी	PRP	9	r6
नाम	NN	10	k2
ले	VM	4	ccof
।	SYM	3	rsym

तब	PRP	4	k7t
प्रतिपक्ष	NN	3	nmod
आडवाणी	NNP	4	k1
कहा	VM	0	main
कि	CC	4	k2
जॉर्ज	NNP	9	k1
जब	PRP	9	k7t
रक्षामंत्री	NNP	9	k1s
थे	VM	10	nmod
तब	PRP	15	k7t
उनके	PRP	15	vmod
मुद्दे	NN	13	k2
लेकर	VM	15	vmod
प्रचार	NN	15	pof
किया	VM	5	ccof
।	SYM	4	rsym

अब	PRP	4	k7t
उन्होंने	PRP	4	k1
प्रधानमंत्री	NNP	4	k2
लिखा	VM	5	nmod__relc
तो	PRP	9	undef
उन्हें	PRP	9	k1
इसका	PRP	8	r6-k2
जिक्र	NN	9	pof
करने	VM	0	main
।	SYM	9	rsym

जॉर्ज	NNP	4	k1
फिर	RB	4	adv
दावा	NN	4	pof
किया	VM	0	main
कि	CC	4	k2
वह	PRP	13	k1
इस	PRP	8	r6
प्रति	NN	11	k2
संसद	NN	10	r6
पटल	NN	11	k7
रखने	VM	13	rt
राजी	JJ	13	k1s
हैं	VM	5	ccof
।	SYM	4	rsym

उन्होंने	PRP	0	k1
कहा	VM	0	main
कि	CC	0	k2
तहलका	NNP	0	r6
मामले	NN	0	k7
तरह	NN	0	k3
लोगों	NN	0	k1
मामला	NN	0	k2
तैयार	JJ	0	pof
किया	VM	0	nmod
उसका	PRP	0	r6
ब्योरा	NN	0	k2
वह	PRP	0	k1
सदन	NN	0	r6
पटल	NN	0	k7
रखने	VM	0	rt
तैयार	JJ	0	k1s
हैं	VM	0	ccof
।	SYM	0	rsym

जॉर्ज	NNP	2	r6
आरोप	NN	3	k1
था	VM	0	main
कि	CC	3	k2
यह	PRP	10	k1
दल	NN	7	r6
नेताओं	NN	8	r6
इशारे	NN	10	k7
तैयार	JJ	10	pof
किया	VM	4	ccof
।	SYM	3	rsym

भाषण	NN	3	rt
जॉर्ज	NNP	3	k4
दिए	VM	4	nmod__k1inv
मिनट	NN	5	r6
समय	NN	7	k1
खत्म	JJ	7	pof
हो	VM	13	k7t
सदस्यों	NN	13	k1
स्वेच्छा	NN	13	adv
अपने	PRP	11	r6
हिस्से	NN	12	r6
समय	NN	13	k2
दिया	VAUX	0	main
।	SYM	13	rsym

मामले	NN	0	k7
बात	NN	0	k1s
यह	PRP	0	k1
दिखाई	VM	0	main
कि	CC	0	rs
दिन	NN	0	k7t
बिहार	NNP	0	k7p
शासन	NNP	0	r6
फैसले	NN	0	k7
बैठक	NN	0	r6-k2
बहिष्कार	NN	0	pof
करने	VM	0	nmod
यादव	NNP	0	k1
गांधी	NNP	0	r6-k2
जमकर	RB	0	adv
बचाव	NN	0	pof
करते	VM	0	vmod
दिखाई	VM	0	ccof
।	SYM	0	rsym

कांग्रेस	NNP	6	rd
टाइटलर	NNP	3	ccof
और	CC	5	r6
बंसल	NNP	3	ccof
आवाज	NN	6	k1
सुनाई	VM	0	main
।	SYM	6	rsym

लालू	NNP	0	k1
जॉर्ज	NNP	0	k7
आरोप	NN	0	k2
लगाया	VM	0	main
कि	CC	0	rs
उन्होंने	PRP	0	k1
चैनल	NN	0	k7
कहा	VM	0	ccof
गांधी	NNP	0	r6
हश्र	NN	0	k2
वही	PRP	0	k2s
होगा	VM	0	k2
जो	PRP	0	k2
गांधी	NNP	0	r6
NULL	NN	0	k2s
हुआ	VM	0	nmod__relc
।	SYM	0	rsym

बंसल	NNP	0	k1
सवाल	NN	0	k2
उठाया	VM	0	main
कि	CC	0	rs
आखिर	RB	0	adv
गांधी	NNP	0	vmod
साजिश	NN	0	k2
रची	VM	0	ccof
।	SYM	0	rsym

दल	NN	2	rd
हुए	VM	3	nmod__k2inv
शोर	NN	7	k7t
चटर्जी	NNP	7	k1
सरकार	NN	7	k4
सवाल	NN	7	pof
किया	VM	0	main
कि	CC	7	k2
सरकार	NN	11	k1
तय	JJ	11	pof
कर	VM	8	ccof
कि	CC	11	k2
वह	PRP	16	k1
सदन	NN	15	k2
चलाना	VM	16	k2
चाहती	VM	17	ccof
या	CC	12	ccof
नहीं	NEG	19	vmod
NULL	VM	17	ccof
।	SYM	7	rsym

दल	NN	8	rd
सदस्य	NN	8	k1
जॉर्ज	NNP	4	r6
बयान	NN	6	k7
माफी	NN	6	pof
मांगने	VM	7	r6-k2
बात	NN	8	pof
कर	VM	0	main
।	SYM	8	rsym

