रिपोर्ट	NNP	5	k7
सरकार	NNP	5	k1
सोमवार	NNP	5	k7t
टर्न	NN	5	pof
लिया	VM	0	main
।	SYM	5	rsym

प्रधानमंत्री	NNP	4	k1
सिंह	NNP	4	k5
विभाग	NNP	4	k2
लिया	VAUX	0	main
।	SYM	4	rsym

विभाग	NN	5	k2
अब	PRP	5	k7t
वह	PRP	5	k1
खुद	PRP	3	nmod__emph
देखेंगे	VM	0	main
।	SYM	5	rsym

नटवर	NNP	5	k1
फिलहाल	RB	5	vmod
विभाग	NN	4	r6
मंत्री	NN	5	k1s
रहेंगे	VM	0	main
।	SYM	5	rsym

सरकार	NN	10	k1
रिपोर्ट	NNP	3	r6
तथ्यों	NN	4	r6-k2
जांच	NN	5	pof
कराने	VM	10	rt
पाठक	NNP	7	r6
अध्यक्षता	NN	10	k7
आयोग	NN	9	r6-k2
गठन	NN	10	pof
किया	VM	0	main
।	SYM	10	rsym

इसके	PRP	9	vmod
कांग्रेस	NNP	3	ccof
और	CC	9	k1
राजग	NNP	3	ccof
अन्नान	NNP	6	k2
लिखकर	VM	9	vmod
संबंध	NN	9	k7
दस्तावेज	NN	9	k2
मांगे	VM	0	main
।	SYM	9	rsym

राजग	NNP	6	k1
सोमवार	NNP	6	k7t
राष्ट्रपति	NNP	6	k4
संबंध	NN	6	k7
ज्ञापन	NN	6	k2
सौंपा	VM	0	main
।	SYM	6	rsym

NULL	PRP	0	k1
मालूम	JJ	0	k1s
हो	VM	0	main
कि	CC	0	rs
रिपोर्ट	NNP	0	jjmod
संबंधित	JJ	0	nmod
तथ्यों	NN	0	ccof
व	CC	0	k2
आंकड़ों	NN	0	ccof
जमा	NN	0	pof
करने	VM	0	rt
सरकार	NN	0	k1
शाम	NN	0	k7t
राष्ट्र	NNP	0	k7
दयाल	NNP	0	r6
अध्यक्षता	NN	0	k7
समिति	NN	0	r6-k2
गठन	NN	0	pof
किया	VM	0	ccof
।	SYM	0	rsym

मामले	NN	7	k7
आदेश	NN	7	k7t
सिंह	NNP	7	k7
इस्तीफा	NN	5	k2
देने	VM	6	r6
दबाव	NN	7	k1
बढ़	VM	0	main
।	SYM	7	rsym

पर	CC	6	k7
उन्होंने	PRP	6	k1
इस्तीफा	NN	4	pof
देने	VM	6	rt
इनकार	NN	6	pof
कर	VM	0	main
।	SYM	6	rsym

शाम	NN	6	k7t
सिंह	NNP	6	k1
उन्हें	PRP	6	k2
अपने	PRP	5	r6
आवास	NN	6	k7p
बुलाया	VM	0	main
।	SYM	6	rsym

मौके	NN	4	k7
चिदंबरम	NNP	4	k1
मौजूद	JJ	4	k1s
थे	VM	0	main
।	SYM	4	rsym

घंटे	NN	7	k7t
मंत्रणा	NN	7	k7t
सिंह	NNP	5	k1
मंत्रालय	NNP	5	k5
हटाने	VM	6	r6-k2
फैसला	NN	7	pof
किया	VM	0	main
।	SYM	7	rsym

कांग्रेस	NNP	5	k1
प्रधानमंत्री	NNP	3	r6
फैसले	NN	4	r6-k2
स्वागत	NN	5	pof
किया	VM	0	main
।	SYM	5	rsym

सिंह	NNP	0	k2
मंत्रिमंडल	NN	0	k7
बनाए	VM	0	vmod
रखने	VM	0	r6-k2
बचाव	NN	0	pof
करते	VM	0	vmod
प्रवक्ता	NN	0	nmod
संघवी	NNP	0	k1
कहना	VM	0	k1
है	VM	0	main
कि	CC	0	k2
आरोप	NN	0	r6
बुनियाद	NN	0	k7
किसी	PRP	0	k2
दोषी	JJ	0	k2s
ठहराया	VM	0	ccof
।	SYM	0	rsym

दरअसल	RB	3	sent-adv
प्रधानमंत्री	NNP	3	k1
चाहते	VM	0	main
कि	CC	3	k2
सिंह	NNP	8	k1
खुद	PRP	5	nmod__emph
इस्तीफा	NN	8	k2
दें	VAUX	9	ccof
NULL	CC	4	ccof
उन्होंने	PRP	16	k1
तौर	NN	16	k7
उन्हें	PRP	16	k4
अपनी	PRP	14	r6
राय	NN	16	k2
अवगत	JJ	16	pof
करा	VM	9	ccof
।	SYM	3	rsym

लेकिन	CC	0	main
नटवर	NNP	3	r6
जिद	NN	4	k2
देखते	VM	7	vmod
प्रधानमंत्री	NNP	7	k1
रास्ता	NN	7	k2
निकालना	VM	1	ccof
।	SYM	1	rsym

हालांकि	CC	0	main
सिंह	NNP	0	r6
दलील	NN	0	k1
थी	VM	0	ccof
कि	CC	0	rs
उन्होंने	PRP	0	k1
राष्ट्र	NNP	0	k7
भारत	NNP	0	r6
राजदूत	NN	0	nmod
सेन	NNP	0	k4
बार	NN	0	k7t
बात	NN	0	pof
की	VM	0	ccof
।	SYM	0	rsym

सेन	NNP	5	k4
यह	PRP	4	k2
पता	NN	4	pof
लगाने	VM	5	rt
कहा	VM	0	main
कि	CC	5	k2
उनका	PRP	8	ccof
और	CC	10	r6
कांग्रेस	NNP	8	ccof
नाम	NN	13	k1
रिपोर्ट	NN	13	k7
कैसे	WQ	13	adv
आया	VM	6	ccof
।	SYM	5	rsym

पर	CC	0	main
सरकार	NN	3	ccof
और	CC	7	k1
पार्टी	NN	3	ccof
दलील	NN	7	k2
सहमत	JJ	7	k1s
थीं	VM	1	ccof
।	SYM	1	rsym

पार्टी	NN	3	k7
राय	NN	3	k1
थी	VM	0	main
कि	CC	3	k2
जांच	NN	8	k7t
मंत्रालय	NNP	8	k1
सिंह	NNP	8	k7
होना	VM	4	ccof
।	SYM	3	rsym

खुद	PRP	2	nmod__emph
सिंह	NNP	6	k1
नेताओं	NN	4	r6
राय	NN	6	k2
सहमत	JJ	6	k1s
थे	VM	0	main
।	SYM	6	rsym

मामले	NN	2	r6
जांच	NN	3	r6-k2
घोषणा	NN	4	pof
करते	VM	9	vmod
प्रधानमंत्री	NNP	6	r6
सलाहकार	NN	7	nmod
बारू	NNP	9	k1
सोमवार	NNP	9	k7t
कहा	VM	0	main
कि	CC	9	k2
पाठक	NNP	20	rd
की	VM	13	r6
जांच	NN	14	r6
दायरा	NN	15	ccof
व	CC	18	r6-k2
जांच	NN	17	r6
मुद्दों	NN	15	ccof
घोषणा	NN	20	pof
जल्द	RB	20	adv
कर	VM	10	ccof
।	SYM	9	rsym

जरूरत	NN	2	pof
पड़ने	VM	5	k7
सिंह	NNP	5	k4
पूछताछ	NN	5	pof
की	VM	0	main
।	SYM	5	rsym

बारू	NNP	14	k7a
समिति	NNP	14	k1
रिपोर्ट	NNP	4	jjmod
संबंधित	JJ	5	nmod
तथ्यों	NN	6	ccof
और	CC	9	k2
आंकड़ों	NN	6	ccof
एकत्र	JJ	9	pof
करने	VM	14	rt
राष्ट्र	NNP	11	ccof
व	CC	13	r6-k2
देशों	NN	11	ccof
यात्रा	NN	14	pof
करेगी	VM	0	main
।	SYM	14	rsym

जबकि	CC	0	main
पाठक	NNP	0	r6
अगुआई	NN	0	k7
आयोग	NN	0	k1
समिति	NNP	0	r6
जुटाए	VM	0	nmod__k1inv
तथ्यों	NN	0	r6
आधार	NN	0	k7
जांच	NN	0	pof
करेगा	VM	0	ccof
।	SYM	0	rsym

उधर	NST	13	sent-adv
सिंह	NNP	3	r6
पुत्र	NN	4	nmod
सिंह	NNP	5	r6
मित्र	NN	6	nmod
सहगल	NNP	13	k1
आज	NN	13	k7t
खुद	PRP	13	k2
निदेशालय	NNP	13	k7p
ईडी	NNP	9	rs
सामने	NST	9	fragof
पेश	JJ	13	pof
किया	VM	0	main
।	SYM	13	rsym

उनके	PRP	6	ras-k1
उनकी	PRP	3	r6
पत्नी	NN	4	ccof
और	CC	6	k1
वकील	NN	4	ccof
थे	VM	0	main
।	SYM	6	rsym

दिन	NN	10	k7t
ईडी	NNP	10	k1
अंदलीब	NNP	4	ccof
और	CC	7	r6
उनके	PRP	6	r6
रिश्तेदारों	NN	4	ccof
आवासों	NN	10	k7p
नोटिस	NNP	10	k2
चस्पा	NN	10	pof
कर	VM	0	main
।	SYM	10	rsym

हालांकि	CC	0	main
ईडी	NNP	3	ccof
और	CC	9	k1
विभाग	NNP	3	ccof
अंदलीब	NNP	9	k4
रविवार	NNP	9	k7t
घंटे	NN	9	k7t
पूछताछ	NN	9	pof
की	VM	10	ccof
लेकिन	CC	1	ccof
अंदलीब	NNP	16	k1
नोटिस	NN	13	r6
जवाब	NN	16	k7
खुद	PRP	16	k2
पेश	JJ	16	pof
किया	VM	10	ccof
।	SYM	1	rsym

बीच	NST	6	k7t
नटवर	NNP	6	k1
रिपोर्ट	NNP	6	k4
रिपोर्ट	NN	5	r6
दर्जा	NN	6	k2
दिया	VM	0	main
।	SYM	6	rsym

उन्होंने	PRP	0	k1
कहा	VM	0	main
कि	CC	0	k2
वोल्कर	NNP	0	k1
जब	PRP	0	k7t
खुद	PRP	0	nmod
स्वीकार	NN	0	pof
किया	VM	0	nmod__relc
कि	CC	0	k2
उन्होंने	PRP	0	k1
अन्नान	NNP	0	k1
संकट	NN	0	k2
उबारने	VM	0	rt
इसकी	PRP	0	r6
भाषा	NN	0	k7
फेरबदल	NN	0	pof
किया	VM	0	ccof
तो	PRP	0	k7t
इससे	PRP	0	rh
इसकी	PRP	0	r6
गंभीरता	NN	0	r6-k1
अंदाजा	NN	0	pof
लगाया	VM	0	ccof
।	SYM	0	rsym

