कांड	NN	0	r6
विवाद	NN	0	k1
अभी	PRP	0	k7t
ठंडा	JJ	0	pof
पड़ा	VM	0	main
कि	CC	0	rs
असम	NNP	0	r6
जिले	NN	0	k7p
महिला	NN	0	r6
इमराना	NNP	0	nmod
मामला	NN	0	k1
सामने	NST	0	pof
आया	VM	0	ccof
।	SYM	0	rsym

इसका	PRP	0	r6-k2
उसके	PRP	3	r6
ससुर	NN	5	k1
बलात्कार	NN	5	pof
किया	VM	0	main
।	SYM	5	rsym

उसके	PRP	12	k7t
युवती	NN	3	r6
शिकायत	NN	12	k7
जमात	NN	12	k1
उल्टे	JJ	12	adv
उसे	PRP	12	k4
उसके	PRP	8	r6
पति	NN	10	k4
तलाक	NN	10	pof
देने	VM	11	r6
फरमान	NN	12	k2
सुनाया	VM	0	main
।	SYM	12	rsym

नागौन	NNP	2	r6
एसपी	NN	3	nmod
सरमा	NNP	6	k1
शुक्रवार	NNP	6	k7t
यहाँ	PRP	6	k7p
बताया	VM	0	main
कि	CC	6	k2
युवती	NN	12	k1
यहाँ	PRP	12	k7p
अपने	PRP	11	r6
बाप	NN	12	ras-k1
रही	VAUX	7	ccof
।	SYM	6	rsym

उसने	PRP	8	k1
स्टेशन	NN	8	k7p
कल	NN	4	nmod
बृहस्पतिवार	NNP	8	k7t
इस	PRP	8	k7
एफआईआर	NNP	8	k2
दर्ज	JJ	8	pof
कराई	VM	0	main
।	SYM	8	rsym

सरमा	NNP	0	k7a
युवती	NN	0	ras-k1
मई	NNP	0	k7t
उसके	PRP	0	r6
ससुर	NN	0	nmod
मोइनुद्दीन	NNP	0	k1
तब	PRP	0	k7t
बलात्कार	NN	0	pof
किया	VM	0	main
जब	PRP	0	k7t
वह	PRP	0	k1
थानान्तर्गत	NN	0	nmod
गाँव	NN	0	r6
अपने	PRP	0	r6
घर	NN	0	k7p
अकेली	JJ	0	k1s
थी	VM	0	nmod__relc
।	SYM	0	rsym

उन्होंने	PRP	2	k1
बताया	VM	0	main
कि	CC	2	k2
परिवार	NN	6	k1
आव्रजकों	NN	4	r6
है	VM	3	ccof
।	SYM	2	rsym

लोगों	NN	0	k1
बलात्कार	NN	0	r6
सूचना	NN	0	k2
पुलिस	NN	0	k4
दी	VM	0	ccof
और	CC	0	main
बुजुर्गों	NN	0	k7
गए	VM	0	ccof
जिन्होंने	PRP	0	k1
युवती	NN	0	k4
उसके	PRP	0	r6
पति	NN	0	k4
तलाक	NN	0	pof
देने	VM	0	r6
फरमान	NN	0	k2
सुना	VM	0	nmod__relc
।	SYM	0	rsym

जबकि	CC	0	main
ससुर	NN	7	k2
सजा	NN	4	nmod
दूर	NST	7	adv
उसे	PRP	7	k4
आजादी	NN	7	k2s
बख्श	VM	1	ccof
।	SYM	1	rsym

जमीन	NN	2	r6
मालिक	NN	4	rs
उसके	PRP	4	r6
पति	NN	10	k1
अपनी	PRP	6	r6
माह	NN	7	r6
पत्नी	NN	8	k2
अपनाने	VM	10	rt
इनकार	NN	10	pof
कर	VM	0	main
।	SYM	10	rsym

अधिकारियों	NN	2	k1
कहा	VM	0	main
कि	CC	2	k2
उन्होंने	PRP	7	k1
दल	NN	7	k2
गाँव	NN	7	k7p
भेजा	VM	3	ccof
जब	PRP	15	k7t
उन्हें	PRP	15	k4
व्यक्ति	NN	15	k5
घटना	NN	12	r6
ब्यौरे	NN	15	k2
इस	PRP	15	k7
शिकायत	NN	15	pof
मिली	VM	7	vmod
।	SYM	2	rsym

उन्होंने	PRP	2	k1
बताया	VM	0	main
कि	CC	2	k2
पीड़िता	NN	5	r6-k2
परीक्षण	NN	6	pof
करा	VM	11	vmod
मजिस्ट्रेट	NN	11	k7
उसका	PRP	9	r6
बयान	NN	11	k2
दर्ज	JJ	11	pof
कराया	VM	3	ccof
।	SYM	2	rsym

पुलिस	NN	7	k1
अब	PRP	7	k7t
फरार	JJ	4	pof
चल	VM	5	nmod__k1inv
मोइनुद्दीन	NNP	6	r6-k2
तलाश	NN	7	pof
कर	VM	0	main
।	SYM	7	rsym

इससे	PRP	0	k7t
महीने	NN	0	k7t
देवबंद	NNP	0	k1
वर्षीय	JJ	0	nmod
बच्चों	NN	0	r6
माँ	NN	0	k4
उसके	PRP	0	r6
ससुर	NN	0	r6-k2
बलात्कार	NN	0	pof
करने	VM	0	k7
महिला	NN	16	k4
अपने	PRP	13	r6
पति	NN	14	ras-k1
रहने	VM	15	r6
फरमान	NN	16	k2
सुनाया	VM	0	main
।	SYM	16	rsym

फरमान	NN	0	r6-k2
बोर्ड	NNP	4	k1
समर्थन	NN	4	pof
किया	VM	0	main
।	SYM	4	rsym

