गीतों	NN	2	r6
रीमिक्स	NN	9	k1u
ऋषियों	NN	5	r6
निर्देशित	JJ	5	nmod
योग	NN	6	r6
रीमिक्स	NN	9	k1
बाजार	NN	9	k7p
पॉपुलर	JJ	9	pof
हो	VM	0	main
।	SYM	9	rsym

नमस्कार	NN	5	k2
लोग	NN	5	k1
ही	RP	5	vmod
जी	NN	5	pof
चुराएं	VM	6	ccof
पर	CC	0	main
योग	NN	8	ccof
और	CC	10	nmod
योग	NN	8	ccof
नाम	NN	12	k7
लट्टू	NN	12	pof
हो	VM	6	ccof
।	SYM	6	rsym

हेलियोथैरेपी	NNP	2	ccof
और	CC	4	nmod
ओजोनथैरेपी	NNP	2	ccof
नाम	NN	9	k1
योगाभ्यास	NN	6	jjmod
ज्यादा	QF	7	jjmod
असरदार	JJ	9	k1s
सिद्ध	JJ	9	pof
हो	VM	0	main
।	SYM	9	rsym

होटल	NN	2	r6
सुविधाओं	NN	3	jjmod
युक्त	JJ	4	nmod
जिम	NN	5	ccof
और	CC	10	k7
स्पा	NN	5	ccof
योग	NN	10	k2
नूडल्स	NN	9	r6
शक्ल	NN	10	k7
परोसा	VM	0	main
।	SYM	10	rsym

मुंबई	NNP	2	jjmod
स्थित	JJ	3	nmod
योगा	NNP	7	k1
लोकप्रियता	NN	5	r6
रिकॉर्ड	NN	7	k2
कायम	JJ	7	pof
कर	VM	0	main
।	SYM	7	rsym

नजर	NN	2	k2
डालिए	VM	0	main
नमस्कार	NNP	4	r6
रीमिक्स	NN	2	k7
।	SYM	2	rsym

बाजार	NN	5	k7p
इसके	PRP	3	r6
रूपों	NN	5	k1
जादू	NN	5	pof
कर	VM	0	main
।	SYM	5	rsym

योगा	NNP	4	k7a
नमस्कार	NNP	4	k2
गति	NN	4	adv
किया	VM	5	ccof
तो	CC	0	main
योगा	NNP	11	k7a
म्यूजिक	NN	8	r6
धुन	NN	11	k7
अंगों	NN	11	k2
लय	NN	11	k7
लहराया	VM	5	ccof
।	SYM	5	rsym

इसके	PRP	2	r6
रूप	NN	5	k7
कमरे	NN	5	k7p
अगरबत्ती	NN	5	k2
जलाकर	VM	6	ccof
या	CC	10	vmod
परफ्यूम	NN	8	k2
बिखेरकर	VM	6	ccof
नमस्कार	NNP	10	pof
किया	VM	0	main
।	SYM	10	rsym

ऋषियों	NN	2	jjmod
निर्धारित	JJ	3	nmod
प्रणाली	NN	7	k7a
तरह	NN	5	r6
आसनों	NN	6	r6
विधान	NN	7	k1
है	VM	0	main
।	SYM	7	rsym

आसनों	NN	3	k2
बार	NN	3	k7t
करने	VM	6	k7
मिनट	NN	5	r6
समय	NN	6	k2
लगता	VM	0	main
।	SYM	6	rsym

पर	CC	0	main
योगा	NNP	6	k7
इसे	PRP	6	k2
मिनट	NN	6	k7t
पूरा	JJ	6	pof
कर	VM	1	ccof
।	SYM	1	rsym

वॉक	NN	0	rt
आपकी	PRP	0	r6
भले	RP	5	vmod
नींद	NN	5	k1
खुलती	VM	6	ccof
पर	CC	0	main
यदि	CC	0	root
योग	NNP	9	r6-k2
बात	NN	10	pof
करे	VM	7	ccof
तो	CC	0	root
आप	PRP	14	k1
जगे	VM	14	vmod
रहेंगे	VM	11	ccof
।	SYM	0	root

भ्रमण	NN	4	k2
योग	NNP	4	k7
पेश	JJ	4	pof
किया	VM	0	main
।	SYM	4	rsym

देर	NN	2	k7t
सोने	VM	3	nmod
सीईओ	NNP	6	k1
तड़के	NN	5	k7t
उठ	VM	6	vmod
निकल	VM	0	main
भ्रमण	NN	9	rt
नहीं	NEG	9	vmod
NULL	VM	10	ccof
बल्कि	CC	6	vmod
योग	NNP	12	rt
NULL	VM	10	ccof
।	SYM	6	rsym

परिषद	NNP	2	r6
निदेशक	NN	3	nmod
भंडारकर	NNP	4	k1
कहते	VM	0	main
नमस्कार	NNP	6	r6
प्रणालियां	NN	8	k1
उपयोगी	JJ	8	k1s
हैं	VM	4	k2
।	SYM	4	rsym

यदि	CC	0	vmod
आप	PRP	0	k1
लोगों	NN	0	r6
तन	NN	0	jjmod
चुस्त	JJ	0	ccof
और	CC	0	k2
मन	NN	0	jjmod
दुरूस्त	JJ	0	ccof
रखना	VM	0	k2
चाहते	VM	0	ccof
NULL	CC	0	ccof
उन्हें	PRP	0	k4
आरोग्य	NN	0	r6
उपहार	NN	0	k2
देना	VM	0	k2
चाहते	VM	0	ccof
तो	CC	0	main
योग	NN	20	k2
आधुनिकता	NN	20	ras-k2
जोड़ना	VM	17	ccof
।	SYM	17	rsym

योग	NN	3	k4
शक्ल	NN	3	pof
देनी	VM	4	ccof
कि	CC	0	main
आज	NN	6	r6
व्यक्ति	NN	8	k1
उसे	PRP	8	k2
अपना	VM	4	ccof
।	SYM	4	rsym

आरोग्य	NN	2	r6
मंदिर	NN	3	k7
पनप	VM	4	nmod__k1inv
स्पा	NN	5	ccof
और	CC	11	k1
सैलून	NN	5	ccof
योग	NN	11	k2
योगिलेट	NN	9	r6
शक्ल	NN	11	k7
प्रस्तुत	JJ	11	pof
कर	VM	0	main
।	SYM	11	rsym

योगिलेट	NN	4	k7
हठयोग	NN	3	r6
आसनों	NN	4	k5
लेकर	VM	11	vmod
शिथिलीकरण	NN	6	ccof
और	CC	9	r6
तोंद	NN	8	k2
पिचकाने	VM	6	ccof
पैकेज	NN	11	k1
साथ	NST	11	adv
मिल	VM	0	main
।	SYM	11	rsym

दिल्ली	NNP	12	k7p
वीएलसीसी	NNP	3	ccof
और	CC	5	jjmod
ओजोन	NNP	3	ccof
नामक	JJ	6	nmod
स्पा	NN	12	k7
योग	NN	8	r6
रूप	NN	12	k1
ग्राहकों	NN	12	k7
अपनी	PRP	11	r6-k1
पैठ	NN	12	pof
बना	VM	0	main
।	SYM	12	rsym

ओजोन	NNP	0	r6
निदेशक	NN	0	k1
कहते	VM	0	main
हम	PRP	0	k1
वही	PRP	0	k2
दे	VM	0	k2
जो	PRP	0	k2
आप	PRP	0	k1
चाहते	VM	0	nmod__relc
।	SYM	0	rsym

हां	INJ	0	vmod
हम	PRP	0	k1
इतना	QF	0	nmod
जरूर	RB	6	adv
ध्यान	NN	6	pof
रखते	VM	0	main
कि	CC	6	k2
आधुनिकता	NN	9	r6
चक्र	NN	13	k7
आपको	PRP	11	k1
लेने	VM	12	r6
देने	VM	13	k2
पड़	VM	7	ccof
।	SYM	6	rsym

आपका	PRP	2	r6
शरीर	NN	4	k1
निरोग	JJ	4	k1s
रहे	VM	5	ccof
और	CC	9	ccof
चेहरे	NN	8	k7
मुस्कान	NN	8	k1
खिली	VM	5	ccof
NULL	CC	0	main
यही	PRP	14	k1
हमारे	PRP	12	r6
एक्सपेरिमेंट	NN	13	r6
मोटिव	NN	14	k1s
है	VM	9	ccof
।	SYM	9	rsym

