कांग्रेस	NNP	2	k1
चाहती	VM	0	main
कि	CC	2	k2
राज्यसभा	NN	5	r6
पद	NN	9	k1
संघर्ष	NN	9	vmod
सहमति	NN	9	vmod
तय	JJ	9	pof
हो	VM	3	ccof
।	SYM	2	rsym

कांग्रेस	NNP	7	k1
पद	NN	7	k7
अपना	PRP	4	r6
दावा	NN	7	k2
मजबूती	NN	7	adv
पेश	JJ	7	pof
करेगी	VM	0	main
।	SYM	7	rsym

उसका	PRP	0	r6
तर्क	NN	0	k1
है	VM	0	main
कि	CC	0	rs
लोकसभा	NN	0	r6
अध्यक्ष	NN	0	ccof
NULL	CC	0	r6
उपाध्यक्ष	NN	0	ccof
फैसला	NN	0	k1
यदि	CC	0	vmod
सर्वसम्मति	NN	0	adv
हो	VM	0	ccof
तो	CC	0	ccof
राज्यसभा	NN	0	r6
उपसभापति	NN	0	k1
क्यों	WQ	0	adv
नहीं	NEG	0	ccof
NULL	VM	0	ccof
।	SYM	0	rsym

हालांकि	CC	0	main
अब	PRP	9	k7t
भाजपा	NNP	4	ccof
व	CC	9	rd
नेतृत्व	NN	4	ccof
कांग्रेस	NNP	7	r6
तर्क	NN	9	k4
समर्थन	NN	9	k1
मिला	VM	1	ccof
कि	CC	9	k2
सदनों	NN	12	r6
प्रमुखों	NN	13	r6
पदों	NN	16	k7
पद	NN	16	k1
दल	NN	16	k4
मिलना	VM	10	ccof
।	SYM	1	rsym

भाजपा	NNP	2	r6
नेता	NN	3	nmod
स्वराज	NNP	7	k1
तर्क	NN	6	k2
खारिज	JJ	6	pof
करते	VM	7	vmod
कहा	VM	0	main
कि	CC	7	k2
शेखावत	NNP	11	k1
उपराष्ट्रपति	NNP	11	k1s
हैं	VM	12	ccof
और	CC	8	ccof
उन्हें	PRP	16	k4
दल	NN	15	r6
व्यक्ति	NN	16	k2
माना	VM	12	ccof
।	SYM	7	rsym

यदि	CC	0	vmod
राज्यसभा	NN	3	r6
पद	NN	5	k2
कांग्रेस	NNP	5	k4
दिए	VM	7	k7
सहमति	NN	7	pof
बनती	VM	1	ccof
तो	CC	0	main
हाल	NN	11	k7
सदस्य	NN	11	k1
बनीं	VM	12	nmod__k1inv
किदवई	NNP	13	r6
नाम	NN	15	k2
ऊपर	NST	15	pof
माना	VM	8	ccof
।	SYM	8	rsym

किदवई	NNP	5	k2
कांग्रेस	NNP	5	k1
हेपतुल्ला	NNP	4	r6
जवाब	NN	5	k2u
देख	VM	0	main
।	SYM	5	rsym

कार्यमंत्री	NN	2	nmod
आजाद	NNP	5	k1
भी	RP	5	k7t
साफतौर	NN	5	k7
कह	VM	0	main
कि	CC	5	k2
पद	NN	9	k1
कांग्रेस	NNP	9	k4
मिलना	VM	6	ccof
।	SYM	5	rsym

कांग्रेस	NNP	6	k7
संसद	NN	3	r6
अधिकारियों	NN	4	r6
चार	QC	6	k7
पद	NN	6	k1
है	VM	0	main
।	SYM	6	rsym

चटर्जी	NNP	0	k1
मोरचे	NN	0	k5
हैं	VM	0	main
जो	PRP	0	k1
यूपीए	NNP	0	k7
शामिल	JJ	0	pof
है	VM	0	ccof
बल्कि	CC	0	nmod__relc
बाहर	NST	0	k5
समर्थन	NN	0	pof
दे	VM	0	ccof
।	SYM	0	rsym

कांग्रेस	NNP	0	r6
तर्क	NN	0	k1
यह	PRP	0	k1s
है	VM	0	main
कि	CC	0	rs
उपाध्यक्ष	NN	0	r6
पद	NN	0	k1
परंपरा	NN	0	k7a
विपक्ष	NN	0	k4
प्रस्तावित	JJ	0	pof
था	VM	0	ccof
और	CC	0	ccof
एनडीए	NNP	0	k1
दल	NNP	0	k4
पद	NN	0	k2
दिया	VAUX	0	ccof
।	SYM	0	rsym

कांग्रेस	NNP	5	k7a
शेखावत	NNP	5	k1
ही	RP	5	vmod
उपराष्ट्रपति	NNP	5	k1s
हैं	VM	6	ccof
लेकिन	CC	0	main
वह	PRP	9	k1
भाजपा	NNP	9	ras-k1
जुड़े	VM	6	ccof
।	SYM	6	rsym

इसके	PRP	4	adv
भाजपा	NNP	3	r6
तर्क	NN	4	k1
हैं	VM	0	main
।	SYM	4	rsym

स्वराज	NNP	0	k7a
शेखावत	NNP	0	k1
उपराष्ट्रपति	NNP	0	k1s
हैं	VM	0	ccof
जो	PRP	0	k1
पद	NN	0	k1s
है	VM	0	nmod__relc
NULL	CC	0	main
इसलिए	PRP	0	rh
शेखावत	NNP	0	k2
भाजपा	NNP	0	r6
NULL	NN	0	k2s
माना	VM	0	ccof
क्योंकि	CC	0	rs
वह	PRP	0	k1
सदन	NN	0	r6
सदस्य	NN	0	k1s
हैं	VM	0	ccof
।	SYM	0	rsym

जबकि	CC	0	main
पदों	NN	5	k7
सदन	NN	4	r6
सदस्य	NN	5	k2
लिया	VM	1	ccof
।	SYM	1	rsym

भाजपा	NNP	0	r6
तर्क	NN	0	k1
यह	PRP	0	k1s
है	VM	0	main
कि	CC	0	rs
एनडीए	NNP	0	r6
सत्ता	NN	0	k7
रहते	VM	0	vmod
लोकसभा	NN	0	k7
अध्यक्ष	NN	0	ccof
और	CC	0	r6
उपाध्यक्ष	NN	0	ccof
पद	NN	0	k1
उनके	PRP	0	k7
था	VM	0	ccof
।	SYM	0	rsym

बार	NN	4	k7t
पद	NN	4	k1
टीडीपी	NNP	4	k7
था	VM	5	ccof
और	CC	0	main
बाद	NST	8	k7
शिवसेना	NNP	8	k7
था	VM	5	ccof
।	SYM	5	rsym

टीडीपी	NNP	4	k1
बाहर	NST	4	k7
समर्थन	NN	4	pof
दिया	VM	0	main
।	SYM	4	rsym

पद	NN	3	k1
कांग्रेस	NNP	3	k7
था	VM	0	main
।	SYM	3	rsym

सईद	NNP	3	k1
उपाध्यक्ष	NN	3	k1s
थे	VM	0	main
।	SYM	3	rsym

राज्यसभा	NN	6	k7
हेपतुल्ला	NNP	6	k1
कांग्रेस	NNP	4	r6
सदस्य	NN	6	k7
राज्यसभा	NN	6	k7
आई	VM	7	ccof
और	CC	0	main
बाद	NST	13	k7
वह	PRP	13	k1
भाजपा	NNP	11	r6
टिकट	NN	13	k7
अब	PRP	13	k7t
आई	VM	7	ccof
।	SYM	7	rsym

बात	NN	0	r6
संभावना	NN	0	k1
है	VM	0	main
कि	CC	0	rs
कार्यमंत्री	NN	0	nmod
आजाद	NNP	0	k1
मामले	NN	0	k7
दिनों	NN	0	k7t
एनडीए	NNP	0	r6
नेताओं	NN	0	ras-k1
बात	NN	0	pof
कर	VM	0	ccof
।	SYM	0	rsym

आडवाणी	NNP	6	k2
बातचीत	NN	6	k7t
मामले	NN	6	k7
सहमति	NN	5	r6
प्रयास	NN	6	pof
किए	VM	0	main
।	SYM	6	rsym

लेकिन	CC	0	main
फिलहाल	RB	7	adv
मामला	NN	7	k1
कांग्रेस	NNP	5	r6
प्राथमिकता	NN	7	k7
ऊपर	NST	7	k7
है	VM	1	ccof
।	SYM	1	rsym

नेताओं	NN	0	k1
मानना	VM	0	k1
है	VM	0	main
कि	CC	0	k2
अभी	PRP	0	k7t
सदस्यों	NN	0	r6
पैनल	NN	0	k1
है	VM	0	ccof
जो	PRP	0	k1
उपसभापति	NN	0	k7
काम	NN	0	k2
देख	VM	0	nmod__relc
NULL	CC	0	ccof
इसलिए	PRP	0	rh
उपसभापति	NN	0	r6
मामले	NN	0	k7
फैसला	NN	0	pof
करना	VM	0	k1
तत्काल	RB	0	adv
आवश्यक	JJ	0	k1s
है	VM	0	ccof
।	SYM	0	rsym

