आडवाणी	NNP	2	r6
इस्तीफे	NN	3	r6
वापसी	NN	7	k7t
परिषद	NNP	5	r6
हाथ	NN	7	k7p
कुछ	PRP	7	k1
लगा	VM	0	main
।	SYM	7	rsym

जिन्ना	NNP	3	k2
सेक्यूलर	JJ	3	k2s
बताने	VM	6	rh
आडवाणी	NNP	6	k2
राष्ट्रद्रोही	NN	6	k2s
बताने	VM	8	nmod
नेता	NN	8	nmod
तोगड़िया	NNP	10	k4a
निराशा	NN	10	pof
हुई	VM	0	main
।	SYM	10	rsym

नेता	NN	0	nmod
किशोर	NNP	0	ccof
और	CC	0	k1
तोगड़िया	NNP	0	ccof
आडवाणी	NNP	0	r6
इस्तीफे	NN	0	r6
वापसी	NN	0	r6-k2
आलोचना	NN	0	pof
करते	VM	0	vmod
कहा	VM	0	main
कि	CC	0	k2
आडवाणी	NNP	0	r6
पद	NN	0	k7
वापसी	NN	0	k1
होनी	VM	0	ccof
।	SYM	0	rsym

नेता	NN	15	k1
पाकिस्तान	NNP	3	r6
यात्रा	NN	8	k7t
आडवाणी	NNP	8	k1
विध्वंस	NN	8	k7
खेद	NN	8	k2
प्रकट	JJ	8	pof
करने	VM	9	ccof
और	CC	14	r6-k2
भारत	NNP	11	r6
अवधारणा	NN	13	k5
पल्ला	NN	13	pof
झाड़ने	VM	9	ccof
आलोचना	NN	15	pof
कर	VM	0	main
।	SYM	15	rsym

पर	CC	0	main
मामला	NN	0	k1
गंभीर	JJ	0	k1s
तब	PRP	0	k7t
हुआ	VM	0	ccof
जब	PRP	0	k7t
आडवाणी	NNP	0	k1
जिन्ना	NNP	0	k2
नेता	NN	0	k1s
बताया	VM	0	nmod__relc
।	SYM	0	rsym

इसके	PRP	6	k7t
नेता	NN	3	nmod
तोगड़िया	NNP	6	k1
आडवाणी	NNP	6	k2
देशद्रोही	JJ	6	k2s
कहा	VM	0	main
।	SYM	6	rsym

उनकी	PRP	2	r6
भाषा	NN	5	rh
संघ	NN	5	k1
नाराजगी	NN	5	pof
जताई	VM	0	main
।	SYM	5	rsym

भाजपा	NNP	2	ccof
और	CC	9	k7
संघ	NN	2	ccof
कोई	PRP	9	k1
जिन्ना	NNP	7	k2
सेक्यूलर	JJ	7	k2s
मानने	VM	9	rt
तैयार	JJ	9	pof
था	VM	10	ccof
पर	CC	0	main
आडवाणी	NNP	13	k2
देशद्रोही	JJ	13	k2s
कहा	VM	14	rs
इस	PRP	17	k7
कोई	PRP	17	k1
सहमत	JJ	17	k1s
था	VM	10	ccof
।	SYM	10	rsym

तोगड़िया	NNP	6	k7t
संघ	NN	6	k1
उनको	PRP	6	k4
संयम	NN	5	r6
सलाह	NN	6	k2
दी	VM	0	main
।	SYM	6	rsym

आडवाणी	NNP	2	r6
इस्तीफे	NN	3	r6
वापसी	NN	4	jjmod
तैयार	JJ	5	nmod
मसौदे	NN	8	k7
संघ	NN	7	r6-k1
जीत	NN	8	pof
हुई	VM	0	main
।	SYM	8	rsym

प्रस्ताव	NN	9	k7
तरह	NN	9	sent-adv
भाजपा	NNP	9	k1
जिन्ना	NNP	9	k2
धर्म	NN	6	r6
आधार	NN	9	k7
विभाजन	NNP	8	r6
जिम्मेदार	NN	9	k2s
ठहराया	VM	10	nmod__relc
उससे	PRP	14	rh
संघ	NN	12	r6
विचारधारा	NN	13	r6-k1
जीत	NN	14	pof
हुई	VM	15	ccof
पर	CC	0	main
विहिप	NNP	19	k4
निराशा	NN	19	k1
हाथ	NN	19	pof
लगी	VM	15	ccof
।	SYM	15	rsym

नेता	NN	4	k1
लगातार	RB	4	adv
दबाव	NN	4	pof
बनाए	VM	0	main
कि	CC	4	k2
आडवाणी	NNP	7	r6
इस्तीफा	NN	9	k1
वापस	JJ	9	k1s
हो	VM	10	ccof
और	CC	5	ccof
उनकी	PRP	12	r6
जगह	NN	18	k7
अन्य	PRP	15	nmod
छवि	NN	15	nmod
व्यक्ति	NN	18	k1
अध्यक्ष	NNC	17	r6
कुर्सी	NN	18	k2
संभाले	VM	10	ccof
।	SYM	4	rsym

बृहस्पतिवार	NNP	9	k7t
शाम	NN	9	k7t
नेता	NN	4	nmod
जोशी	NNP	9	k1
मुद्दे	NN	9	k7
आडवाणी	NNP	9	vmod
खुलकर	RB	9	vmod
सामने	NST	9	k7
आने	VM	12	rh
नेताओं	NN	12	k4a
आशा	NN	12	pof
हुई	VM	0	main
कि	CC	12	k1
शायद	RB	20	adv
संघ	NN	16	r6
दबाव	NN	20	rh
चेहरे	NN	20	k4
अध्यक्ष	NN	19	r6
पद	NN	20	k2
सौंप	VM	13	ccof
।	SYM	12	rsym

नेता	NN	2	nmod
किशोर	NNP	3	k1
कहा	VM	0	main
कि	CC	3	k2
आडवाणी	NNP	10	k1
अपने	PRP	7	r6
इस्तीफे	NN	8	k2
लेकर	VM	10	vmod
अडिग	JJ	10	k1s
रहना	VM	4	ccof
।	SYM	3	rsym

उन्होंने	PRP	2	k1
कहा	VM	0	main
कि	CC	2	k2
विहिप	NNP	11	k1
विध्वंस	NN	6	ccof
और	CC	11	k7
मुद्दे	NN	6	ccof
आडवाणी	NNP	9	r6
विचारों	NN	11	ras-k1
सहमत	JJ	11	k1s
है	VM	3	ccof
।	SYM	2	rsym

नेताओं	NN	0	k1
यह	PRP	0	k2
कहा	VM	0	main
कि	CC	0	rs
अगर	CC	0	vmod
आडवाणी	NNP	0	k1
लौहपुरुष	NN	0	k1s
होते	VM	0	ccof
तो	CC	0	vmod
अपना	PRP	0	r6
इस्तीफा	NN	0	k2
कभी	PRP	0	vmod
वापस	JJ	0	pof
लेते	VM	0	ccof
।	SYM	0	rsym

