विधानसभा	NN	2	r6
स्पीकर	NN	3	ccof
और	CC	6	ccof
दल	NNP	5	r6
सांसद	NN	3	ccof
व	CC	8	nmod
नेता	NN	6	ccof
अटवाल	NNP	12	k2
लोकसभा	NN	10	r6
पद	NN	12	k7
सर्वसम्मति	NN	12	adv
चुन	VM	0	main
।	SYM	12	rsym

बुधवार	NNP	0	k7t
सदन	NN	0	k7p
वाजपेयी	NNP	0	k1
उनके	PRP	0	r6
नाम	NN	0	r6-k2
प्रस्ताव	NN	0	pof
किया	VM	0	main
जिसका	PRP	0	r6-k2
समर्थन	NN	0	pof
आडवाणी	NNP	0	ccof
और	CC	0	k1
मुखर्जी	NNP	0	ccof
किया	VM	0	nmod__relc
।	SYM	0	rsym

चटर्जी	NNP	7	k1
जैसे	RB	7	adv
अटवाल	NNP	5	k1
उपाध्यक्ष	NN	5	k1s
चुने	VM	6	r6-k2
घोषणा	NN	7	pof
की	VM	8	ccof
,	SYM	0	main
सदन	NN	13	k7p
मेजें	NN	11	k2
थपथपाकर	VM	13	vmod
स्वागत	NN	13	pof
किया	VM	8	ccof
।	SYM	8	rsym

अटवाल	NNP	0	k1
सिंह	NNP	0	k7t
नेता	NN	0	k1s
हैं	VM	0	main
जो	PRP	0	k1
देश	NN	0	r6
पद	NN	0	k7
काब़िज़	JJ	0	pof
हुए	VM	0	nmod__relc
।	SYM	0	rsym

अपने	PRP	2	r6
चुनाव	NN	5	k7t
सभी	PRP	5	k4
धन्यवाद	NN	5	k2
देते	VM	7	vmod
अटवाल	NNP	7	k1
कहा	VM	0	main
कि	CC	7	k2
प्रक्रिया	NN	13	k3
सदन	NN	11	r6
कार्रवाईयां	NN	13	k1
आसानी	NN	13	adv
चलतीं	VM	8	ccof
।	SYM	7	rsym

उन्होंने	PRP	0	k1
कहा	VM	0	main
कि	CC	0	k2
उन्हें	PRP	0	k4a
सम्मान	NN	0	k1
इसलिए	PRP	0	rh
मिला	VM	0	ccof
क्योंकि	CC	0	rh
वह	PRP	0	k1
हमेशा	RB	0	adv
दल	NNP	0	r6
सिपाही	NN	0	k7
काम	NN	0	k2
करते	VM	0	ccof
।	SYM	0	rsym

अटवाल	NNP	4	k1
जोर	NN	3	adv
देकर	VM	4	vmod
कहा	VM	0	main
कि	CC	4	k2
सत्तापक्ष	NN	7	ccof
और	CC	13	k7
विपक्ष	NN	7	ccof
वह	PRP	13	k1
तालमेल	NN	11	k2
बिठाने	VM	12	r6-k2
कोशिश	NN	13	pof
करेंगे	VM	5	ccof
।	SYM	4	rsym

उनका	PRP	0	k1
कहना	VM	0	k1
था	VM	0	main
कि	CC	0	k2
मसला	NN	0	k1
है	VM	0	ccof
जिसका	PRP	0	r6
हल	NN	0	k1
निकल	VM	0	nmod__relc
।	SYM	0	rsym

हम	PRP	7	k1
सबको	PRP	4	k2
साथ	NST	4	vmod
लेकर	VM	5	vmod
चलने	VM	6	r6-k2
कोशिश	NN	7	pof
करेंगे	VM	0	main
।	SYM	7	rsym

इसके	PRP	4	k7t
लोकसभा	NN	4	k7p
सिंह	NNP	4	k1
कहा	VM	0	main
कि	CC	4	k2
अटवाल	NNP	8	k1
सांसद	NN	8	k1s
रहे	VM	9	ccof
और	CC	5	ccof
उनके	PRP	11	r6
नेतृत्व	NN	12	ccof
और	CC	17	k7
मार्गदर्शन	NN	12	ccof
सदन	NN	15	r6
कार्यवाही	NN	17	k1
ढंग	NN	17	adv
चलेगी	VM	9	ccof
।	SYM	4	rsym

लोकसभा	NN	5	k7p
कांग्रेस	NNP	3	r6
नेता	NN	4	nmod
मुखर्जी	NNP	5	k1
कहा	VM	0	main
कि	CC	5	k2
यह	PRP	11	k1
हमारे	PRP	9	r6
लोकतंत्र	NN	10	r6
परिपक्वता	NN	11	k2
दिखाता	VM	6	ccof
कि	CC	11	k2s
लोकसभा	NN	14	nmod
अध्यक्ष	NN	15	ccof
और	CC	17	r6-k2
उपाध्यक्ष	NN	15	ccof
चुनाव	NN	19	pof
सर्वसम्मति	NN	19	adv
हुआ	VM	12	ccof
।	SYM	5	rsym

विपक्ष	NN	2	r6
नेता	NN	3	nmod
आडवाणी	NNP	7	k1
अटवाल	NNP	5	r6
नाम	NN	7	k7
थोड़ा	QF	7	vmod
गड़बड़ाए	VM	8	ccof
और	CC	0	main
उन्होंने	PRP	12	k1
उन्हें	PRP	12	k2
सिंह	NNP	12	k2s
कह	VM	8	ccof
।	SYM	8	rsym

आडवाणी	NNP	2	k1
कहा	VM	0	main
कि	CC	2	k2
उनके	PRP	7	k7
अध्यक्ष	NN	6	r6
अनुभव	NN	7	k1
है	VM	8	ccof
और	CC	3	ccof
उन्होंने	PRP	11	k1
उम्मीद	NN	11	k2
जताई	VM	8	ccof
कि	CC	11	k2s
वह	PRP	17	k1
अपने	PRP	15	r6
दायित्व	NN	17	k2
बखूबी	RB	17	adv
निभाएंगे	VM	12	ccof
।	SYM	2	rsym

वाजपेयी	NNP	3	k1
उम्मीद	NN	3	k2
जताई	VM	0	main
कि	CC	3	k2s
अटवाल	NNP	6	r6
सहयोग	NN	10	k3
कार्यवाही	NN	8	r6
ढंग	NN	10	adv
संचालन	NN	10	pof
हो	VM	4	ccof
।	SYM	3	rsym

गांधी	NNP	3	k1
उम्मीद	NN	3	k2
जताई	VM	0	main
कि	CC	3	k2s
सदन	NN	11	k4a
उनके	PRP	7	r6
मार्गदर्शन	NN	8	ccof
और	CC	10	r6
अनुभव	NN	8	ccof
लाभ	NN	11	k1
मिलता	VM	4	ccof
।	SYM	3	rsym

पार्टी	NNP	2	r6
नेता	NN	3	nmod
यादव	NNP	6	k1
अटवाल	NNP	6	k4
बधाई	NN	6	k2
दी	VM	7	ccof
और	CC	0	main
राजग	NNP	10	k7
कटाक्ष	NN	10	pof
किया	VM	7	ccof
कि	CC	10	k2
हंगामे	NN	13	k2
देखते	VM	18	vmod
सहयोग	NN	15	k2
देने	VM	16	r6
आश्वासनों	NN	18	k7
भरोसा	NN	18	k1
रहा	VM	19	ccof
लेकिन	CC	11	ccof
सपा	NNP	23	k1
उन्हें	PRP	23	k4
सहयोग	NN	23	pof
देगी	VM	19	ccof
।	SYM	7	rsym

यू	NNP	2	r6
कुमार	NNP	4	k1
चुटकी	NN	4	k2
ली	VM	0	main
कि	CC	4	k2s
उधर	NST	8	sent-adv
सिंह	NNP	8	k1
हैं	VM	9	ccof
और	CC	5	ccof
इधर	NST	12	sent-adv
अटवाल	NNP	12	k1
हैं	VM	9	ccof
।	SYM	4	rsym

बनर्जी	NNP	2	k1
कहा	VM	0	main
कि	CC	2	k2
पंजाब	NNP	5	ccof
और	CC	7	r6
बंगाल	NNP	5	ccof
संबंध	NN	9	k1
पुराना	JJ	7	nmod
रहा	VM	3	ccof
।	SYM	2	rsym

उनका	PRP	0	k1
कहना	VM	0	k1
था	VM	0	main
कि	CC	0	k2
टेगौर	NNP	0	k1
राष्ट्रगान	NN	0	k7
पंजाब	NNP	0	r6
नाम	NN	0	k2
प्रमुखता	NN	0	adv
लिया	VM	0	ccof
।	SYM	0	rsym

नेता	NN	2	nmod
ढींढसा	NNP	3	k1
कहा	VM	0	main
कि	CC	3	k2
उन्हें	PRP	7	k4a
खुशी	NN	7	pof
हो	VM	4	ccof
।	SYM	3	rsym

उन्होंने	PRP	9	k1
दल	NNP	4	k4
पद	NN	4	k2
दिए	VM	9	rt
वाजपेयी	NNP	6	ccof
और	CC	8	r6
आडवाणी	NNP	6	ccof
आभार	NN	9	k2
जताया	VM	0	main
।	SYM	9	rsym

पार्टी	NNP	2	r6
सांसद	NN	3	nmod
अठावले	NNP	7	k1
सदन	NN	5	r6
माहौल	NN	7	k2
फुल्का	JJ	7	pof
किया	VM	8	ccof
और	CC	0	main
कहा	VM	8	ccof
कि	CC	9	k2
आप	PRP	14	k1
पंजाब	NNP	13	r6
अटवाल	NNP	14	k1s
NULL	VM	15	ccof
और	CC	10	ccof
मैं	PRP	19	k1
महाराष्ट्र	NNP	18	r6
अठावले	NNP	19	k1s
NULL	VM	15	ccof
।	SYM	8	rsym

उन्होंने	PRP	3	k1
ठहाकों	NN	3	k7
कहा	VM	0	main
कि	CC	3	k2
मुझे	PRP	7	k4
मौका	NN	7	k2
देते	VM	0	root
तो	CC	0	root
सदन	NN	11	k1
ठीक	JJ	11	adv
चलता	VM	8	ccof
।	SYM	0	root

