दिन	NN	3	k7t
लंदन	NNP	3	k7p
हुए	VM	4	nmod__k1inv
धमाकों	NN	5	jjmod
खौफजदा	JJ	6	nmod
ब्रिटेन	NNP	8	k1
अभी	PRP	8	k7t
उबर	VM	9	ccof
कि	CC	0	main
रात	NN	16	k7t
शहर	NN	16	k7p
हमले	NN	13	r6
धमकी	NN	16	k7t
लोगों	NN	16	k2
जगहों	NN	16	k7p
ले	VM	9	ccof
।	SYM	9	rsym

लेकिन	CC	0	main
पैकेट	NN	4	k7p
विस्फोटक	NN	4	k1
मिलने	VM	7	k7t
चेतावनी	NN	7	k2
वापस	JJ	7	pof
ली	VAUX	1	ccof
।	SYM	1	rsym

वहीं	RB	13	sent-adv
मेट्रो	NN	3	ccof
और	CC	5	k7p
बस	NN	3	ccof
हुए	VM	6	nmod__k1inv
विस्फोटों	NN	10	k7
अलकायदा	NNP	8	r6
हाथ	NN	10	k1
सामने	NST	10	k7
आने	VM	13	k7t
मुस्लिमों	NN	13	vmod
गुस्सा	NN	13	k1
भड़क	VM	0	main
।	SYM	13	rsym

ब्रिटेन	NNP	6	k7t
न्यूजीलैंड	NNP	6	k7p
केंद्रों	NN	6	k7p
लोगों	NN	6	k1
तोड़फोड़	NN	6	pof
की	VM	0	main
।	SYM	6	rsym

इस	DEM	10	k7t
एसजीपीसी	NNP	3	ccof
और	CC	10	k1
आयोग	NNP	3	ccof
ब्रिटेन	NNP	7	k7p
गुरुद्वारे	NN	7	k7p
हुए	VM	8	nmod__k1inv
हमले	NN	9	r6-k2
निंदा	NN	10	pof
की	VM	0	main
।	SYM	10	rsym

पुलिस	NN	13	k7a
७	NNP	3	r6
हमले	NN	4	k7
मारे	VM	5	nmod__k2inv
लोगों	NN	6	r6
आत्मा	NN	7	r6
शांति	NN	13	rt
जब	PRP	13	k7t
शनिवार	NNP	13	k7t
ब्रिटेन	NNP	11	r6
चर्चों	NN	13	k7p
प्रार्थना	NN	13	pof
की	VM	14	nmod__relc
तभी	PRP	19	k7t
बर्मिंघम	NNP	16	r6
सेंटर	NNP	19	k7p
हमले	NN	18	r6
धमकी	NN	19	k1
मिली	VM	0	main
।	SYM	19	rsym

मिडलेंड	NNP	2	r6
कांस्टेबल	NN	3	nmod
ली	NNP	12	k7a
धमकी	NN	5	r6
विश्वसनीय	JJ	6	k1
पाए	VM	12	k7t
सेंटर	NNP	10	k5
लोगों	NN	10	k2
खाली	JJ	10	pof
कराए	VM	11	r6-k2
फैसला	NN	12	pof
किया	VM	0	main
।	SYM	12	rsym

उनके	PRP	7	k7a
दुनिया	NN	5	k7p
आतंकवाद	NN	4	r6
परिदृश्य	NN	5	k2
देखते	VM	7	vmod
कदम	NN	7	k2
उठाया	VM	0	main
।	SYM	7	rsym

लेकिन	CC	0	main
बाद	NST	12	k7t
दस्ते	NN	10	k1
बर्मिंघम	NNP	5	r6
सेंटर	NNP	7	k7p
बस	NN	7	k7p
पाए	VM	8	nmod__k1inv
पैकेटों	NN	10	k2
निष्क्रिय	JJ	10	pof
करने	VM	12	rh
पता	NN	12	pof
चला	VM	1	ccof
कि	CC	12	k2
ये	PRP	16	k1
बम	NN	16	k1s
थे	VM	13	ccof
।	SYM	1	rsym

लेकिन	CC	0	main
तब	PRP	5	k7t
शहर	NN	5	k7p
तफरी	NN	5	k1
फैल	VM	1	ccof
।	SYM	1	rsym

इसके	PRP	6	vmod
लोगों	NN	6	k1
विश्वविद्यालय	NNP	4	r6
कैंपस	NN	6	k7p
रात	NN	6	pof
गुजारनी	VM	0	main
।	SYM	6	rsym

पुलिस	NN	7	k1
डिस्ट्रिक्ट	NNP	3	ccof
और	CC	7	k2
क्वार्टर	NNP	3	ccof
अपने	PRP	6	r6
कब्जे	NN	7	k7
लिया	VAUX	0	main
।	SYM	7	rsym

यहां	PRP	8	k7p
बार	NN	5	ccof
थियेटर	NN	5	ccof
रेस्तरां	NN	5	ccof
और	CC	8	k1
होटल	NN	5	ccof
स्थित	JJ	8	k1s
हैं	VM	0	main
।	SYM	8	rsym

आखिरकार	RB	5	vmod
घंटे	NN	5	k7t
चेतावनी	NN	5	k2
वापस	JJ	5	pof
ली	VAUX	0	main
।	SYM	5	rsym

इस	DEM	6	k7t
ब्रिटेन	NNP	3	r6
गृहमंत्री	NNP	4	nmod
क्लार्क	NNP	6	k1
आगाह	NN	6	pof
किया	VM	0	main
कि	CC	6	k2
देश	NN	11	k7p
हमलों	NN	10	r6
खतरा	NN	11	k1
टला	VM	7	ccof
।	SYM	6	rsym

NULL	PRP	0	k1
गौरतलब	JJ	0	k1s
है	VM	0	main
कि	CC	0	rs
जुलाई	NNP	0	k7t
रेल	NN	0	ccof
और	CC	0	k7p
बस	NN	0	ccof
हुए	VM	0	nmod__k1inv
विस्फोटों	NN	0	k7
५०	QC	0	jjmod
ज्यादा	QF	0	nmod
लोग	NN	0	k2
मारे	VM	0	ccof
और	CC	0	ccof
सौ	QC	0	jjmod
ज्यादा	QF	0	nmod
लोग	NN	0	k1
घायल	JJ	0	k1s
हो	VM	0	ccof
।	SYM	0	rsym

हमलावरों	NN	4	k7
अब	PRP	4	k7t
पता	NN	4	k1
चल	VM	0	main
।	SYM	4	rsym

लेकिन	CC	0	main
कमिश्नर	NN	3	nmod
स्टीवन	NNP	4	k1
कहा	VM	1	ccof
कि	CC	4	k2
हमले	NN	7	jjmod
शामिल	JJ	8	nmod
आतंकी	NN	10	k1
ब्रिटेन	NNP	8	r6
हो	VM	5	ccof
।	SYM	1	rsym

उनके	PRP	5	k7a
आतंकी	NN	5	k1
विदेशी	JJ	5	k1s
नहीं	NEG	5	vmod
NULL	VM	6	ccof
बल्कि	CC	0	main
यहीं	PRP	8	k7p
पले	VMC	6	ccof
।	SYM	6	rsym

उधर	NST	12	sent-adv
आकलैंड	NNP	3	k5
मिली	VM	4	nmod__k1inv
खबरों	NN	12	k7a
लंदन	NNP	6	k7p
हुए	VM	7	nmod__k1inv
हमले	NN	8	r6
विरोध	NN	12	k7
न्यूजीलैंड	NNP	12	k7p
केंद्रों	NN	12	k7p
तोड़फोड़	NN	12	pof
की	VM	0	main
।	SYM	12	rsym

रात	NN	6	k7t
आकलैंड	NNP	3	jjmod
स्थित	JJ	4	nmod
मस्जिद	NNP	5	r6
खिड़कियां	NN	6	k2
तोड़	VM	0	main
।	SYM	6	rsym

इसके	PRP	6	vmod
मस्जिदों	NN	3	ccof
और	CC	6	k7p
सेंटर	NNP	3	ccof
तोड़फोड़	NN	6	pof
की	VM	0	main
।	SYM	6	rsym

न्यूजीलैंड	NNP	2	r6
प्रधानमंत्री	NNP	3	nmod
क्लार्क	NNP	6	k1
हमलों	NN	5	r6-k2
निंदा	NN	6	pof
की	VM	0	main
।	SYM	6	rsym

इस	DEM	11	k7t
भारत	NNP	3	r6
आयोग	NNP	4	ccof
और	CC	11	k1
एसजीपीसी	NNP	4	ccof
ब्रिटेन	NNP	8	k7p
गुरुद्वारे	NN	8	k7p
हुए	VM	9	nmod__k1inv
हमले	NN	10	r6-k2
निंदा	NN	11	pof
की	VM	0	main
।	SYM	11	rsym

आयोग	NNP	2	r6
अध्यक्ष	NN	3	nmod
सिंह	NNP	4	k1
कहा	VM	0	main
कि	CC	4	k2
गुरुद्वारे	NN	7	nmod
हमले	NN	8	r6
खबर	NN	11	rh
समुदाय	NN	11	k1
सकते	NN	11	k7
है	VM	5	ccof
क्योंकि	CC	11	rh
दशकों	NN	18	k7t
ब्रिटेन	NNP	18	k7p
समुदाय	NN	16	r6
लोग	NN	18	k1
तरीके	NN	18	adv
रहे	VAUX	12	ccof
।	SYM	4	rsym

