छत्तीसगढ़	NNP	2	r6
जिले	NN	9	k7p
नक्सलियों	NN	9	k1
शुक्रवार	NNP	9	k7t
तड़के	NN	9	k7t
कॉरपोरेशन	NNP	7	r6
डिपो	NN	9	k7p
हमला	NN	9	pof
कर	VM	0	main
।	SYM	9	rsym

नक्सलियों	NN	8	k5
मुठभेड़	NN	8	k7
बल	NNP	6	r6
सीआईएसएफ	NNP	3	rs
के	PSP	3	fragof
जवान	NN	8	k1
शहीद	JJ	8	pof
हो	VM	9	ccof
और	CC	0	main
नौ	QC	12	k1
घायल	JJ	12	pof
हो	VM	9	ccof
।	SYM	9	rsym

हमले	NN	4	k7t
सीमा	NNP	4	k7p
चौकसी	NN	4	k2
बढ़ा	VM	0	main
।	SYM	4	rsym

उग्रवादियों	NN	2	ccof
और	CC	7	k7
सुरक्षाबलों	NN	2	ccof
घंटे	NN	7	k7t
गोलीबारी	NN	7	k1
जारी	JJ	7	k1s
रही	VM	0	main
।	SYM	7	rsym

राज्य	NN	2	r6
महानिदेशक	NN	3	nmod
राठौर	NNP	4	k1
बताया	VM	0	main
कि	CC	4	k2
उग्रवादी	NN	16	k1
किरानदुल	NNP	16	k7p
हिरोली	NNP	9	jjmod
स्थित	JJ	10	nmod
डिपो	NN	16	k5
मात्रा	NN	16	k7
विस्फोटक	NN	13	ccof
और	CC	16	k2
हथियार	NN	13	ccof
अपने	PRP	16	vmod
ले	VM	5	ccof
।	SYM	4	rsym

दांतेवाड़ा	NNP	0	r6
सूत्रों	NN	0	k7a
हथियारों	NN	0	jjmod
लैस	JJ	0	nmod
नक्सली	NN	0	k1
डिपो	NN	0	k5
मात्रा	NN	11	k7
नाइट्रेट	NNP	9	k2
ले	VM	11	k7
सफल	JJ	11	k1s
रहे	VM	0	main
।	SYM	11	rsym

इसके	PRP	10	vmod
वे	PRP	10	k1
अपने	PRP	10	ras-k1
एसएलआर	NN	8	ccof
एमएम	NN	6	r6
पिस्तौल	NN	8	ccof
सेट	NN	8	ccof
व	CC	10	k2
गोलाबारूद	NN	8	ccof
ले	VM	0	main
।	SYM	10	rsym

विस्फोट	NN	2	pof
करने	VM	11	k7t
नक्सलियों	NN	11	k1
डिपो	NN	5	r6
सुरक्षा	NN	6	jjmod
तैनात	JJ	7	nmod
सीआईएसएफ	NNP	8	r6
जवानों	NN	11	k7
फायरिंग	NN	11	k2
शुरू	NN	11	pof
कर	VM	0	main
।	SYM	11	rsym

समझा	VM	0	main
कि	CC	1	k2
सामग्री	NN	4	ccof
व	CC	6	k2
हथियार	NN	4	ccof
लूटने	VM	7	r6
उद्देश्य	NN	11	rt
नक्सलियों	NN	11	k1
डिपो	NN	11	k7p
हमला	NN	11	pof
किया	VM	2	ccof
।	SYM	1	rsym

सूत्रों	NN	0	k7a
नक्सलियों	NN	0	k1
डिपो	NN	0	r6
आपूर्ति	NN	0	k2
काट	VM	0	main
जिससे	PRP	0	rh
वहां	PRP	0	r6
व्यवस्था	NN	0	k1
ठप	JJ	0	k1s
पड़	VM	0	nmod__relc
।	SYM	0	rsym

इसके	PRP	5	vmod
अंधेरे	NN	5	k7
कार्य	NN	5	k7
बाधा	NN	5	k1
आई	VM	0	main
।	SYM	5	rsym

हमले	NN	2	r6
घंटे	NN	5	k7t
पुलिस	NN	5	k1
घटनास्थल	NN	5	k7p
पहुंच	VM	0	main
।	SYM	5	rsym

पुलिस	NN	6	k7a
सीआईएसएफ	NNP	4	r6
मारे	VM	4	nmod__k1inv
जवानों	NN	5	r6-k2
पहचान	NN	6	pof
कर	VM	0	main
।	SYM	6	rsym

जवान	NN	9	k1
बिहार	NNP	6	ccof
कर्नाटक	NNP	6	ccof
छत्तीसगढ़	NNP	6	ccof
मध्यप्रदेश	NNP	6	ccof
व	CC	8	r6
महाराष्ट्र	NNP	6	ccof
रहने	VM	9	k1s
थे	VM	0	main
।	SYM	9	rsym

इस	DEM	14	k7t
नक्सलियों	NN	14	k1
जिले	NN	14	k7p
थाने	NN	7	k7a
गांव	NN	7	k7p
हमला	NN	7	pof
कर	VM	14	vmod
जुदुम	NNP	11	k7p
रूप	NN	11	adv
भाग	NN	11	pof
लेने	VM	12	nmod
लोगों	NN	13	r6-k2
हत्या	NN	14	pof
कर	VM	0	main
।	SYM	14	rsym

जुदुम	NNP	5	k1
हिंसा	NN	5	vmod
आदिवासियों	NN	4	r6
आंदोलन	NN	5	k1s
है	VM	0	main
।	SYM	5	rsym

आदिवासियों	NN	0	k2
आंदोलन	NN	12	k7
भाग	NN	4	pof
लेने	VM	6	k2
हतोत्साहित	JJ	6	pof
करने	VM	12	rt
नक्सलियों	NN	12	k1
बारगढ़	NNP	12	k7p
आदिवासियों	NN	10	r6
मकानों	NN	12	k2
आग	NN	12	pof
लगा	VM	0	main
।	SYM	12	rsym

महीने	NN	6	k7t
बस्तर	NNP	3	r6
लोग	NN	6	k1
नक्सलियों	NN	6	vmod
अभियान	NN	6	k2
चला	VM	0	main
।	SYM	6	rsym

हाल	NN	2	r6
दिनों	NN	7	k7t
राज्य	NN	7	k7p
हिंसा	NN	7	k7
बढ़ोतरी	NN	7	k2
दर्ज	JJ	7	pof
की	VM	0	main
।	SYM	7	rsym

सोमवार	NNP	10	k7t
नक्सलियों	NN	10	k1
जिले	NN	4	r6
क्षेत्र	NN	6	k7p
हमला	NN	6	pof
कर	VM	10	vmod
बटालियन	NNP	8	r6
जवानों	NN	9	r6-k2
हत्या	NN	10	pof
कर	VM	11	ccof
और	CC	0	main
जवानों	NN	14	k2
घायल	JJ	14	pof
कर	VM	11	ccof
।	SYM	11	rsym

जवान	NN	8	k1
क्षेत्र	NN	8	k7p
अभियान	NN	5	k4
अंजाम	NN	5	pof
देने	VM	6	nmod
दल	NN	7	r6
हिस्सा	NN	8	k1s
थे	VM	0	main
।	SYM	8	rsym

सोमवार	NNP	0	k7t
घटना	NN	0	k7
नक्सलियों	NN	10	k1
जिले	NN	7	k7p
स्टेशन	NN	7	k7p
हमला	NN	7	pof
कर	VM	10	vmod
पुलिसकर्मियों	NN	9	r6
हत्या	NN	10	pof
कर	VM	0	main
।	SYM	10	rsym

