पदार्थों	NN	3	k7
मिलावट	NN	3	k2
रोकने	VM	12	rt
ब्यूरो	NNP	5	ccof
यानि	CC	6	nmod
बीआईएस	NNP	12	k1
जल्द	RB	12	adv
किट	NN	10	k2
उपभोक्ताओं	NN	10	rt
लाने	VM	11	r6-k2
योजना	NN	12	pof
बना	VM	0	main
।	SYM	12	rsym

तकनीक	NN	10	k3
रोजमर्रा	NN	3	r6
जरूरत	NN	4	r6
पदार्थों	NN	10	k7
मिलावट	NN	6	pof
होने	VM	7	r6
शिकायत	NN	10	k7
आसानी	NN	10	adv
जांच	NN	10	pof
की	VM	0	main
।	SYM	10	rsym

दरअसल	RB	7	sent-adv
ब्यूरो	NNP	7	k4
ज्यादा	QF	7	vmod
पदार्थों	NN	7	k7
मिलावट	NN	6	r6
शिकायतें	NN	7	k2
मिलती	VM	0	main
।	SYM	7	rsym

हालांकि	CC	0	main
देश	NN	0	k7
बीआईएस	NNP	0	r6
कार्यालय	NN	0	k1
मौजूद	JJ	0	k1s
हैं	VM	0	ccof
जहां	PRP	0	k7p
पदार्थों	NN	0	k7
मिलावट	NN	0	r6-k2
जांच	NN	0	pof
की	VM	0	nmod__relc
।	SYM	0	rsym

लेकिन	CC	0	main
स्तर	NN	3	r6
तकनीक	NN	4	k2
होने	VM	12	rh
अकसर	RB	12	adv
अधिकारियों	NN	12	k4a
मिलावट	NN	8	pof
करने	VM	12	vmod
कार्रवाई	NN	10	pof
करने	VM	12	k7
दिक्कत	NN	12	pof
होती	VM	1	ccof
।	SYM	1	rsym

लेकिन	CC	0	main
अब	PRP	9	k7t
तकनीक	NN	4	k1
आ	VM	9	rh
पदार्थों	NN	9	k7
मिलावट	NN	7	r6-k2
जांच	NN	9	pof
आसानी	NN	9	adv
की	VM	1	ccof
।	SYM	1	rsym

इसके	PRP	5	rt
ब्यूरो	NN	5	k1
संस्थाओं	NN	4	r6-k2
मदद	NN	5	pof
लेगी	VM	6	ccof
और	CC	0	main
उन्हें	PRP	10	k4
किट	NN	10	k2
उपलब्ध	JJ	10	pof
कराएगी	VM	6	ccof
।	SYM	6	rsym

जो	PRP	8	k1
मिलावट	NN	3	r6-k1
शिकायत	NN	4	pof
होने	VM	8	k7
मौके	NN	6	k7
जाकर	VM	8	vmod
जांच	NN	8	pof
करेगी	VM	0	main
।	SYM	8	rsym

इससे	PRP	6	rh
उपकरण	NN	6	k3
तुरंत	RB	6	adv
मिलावट	NN	5	r6-k2
जांच	NN	6	pof
हो	VM	0	main
।	SYM	6	rsym

ब्यूरो	NNP	2	r6
अधिकारियों	NN	15	k7a
उपकरण	NN	13	k3
घी	NN	9	ccof
मसाले	NN	9	ccof
पनीर	NN	9	ccof
मक्खन	NN	9	ccof
चीनी	NN	9	ccof
NULL	CC	13	vmod
शहद	NN	9	ccof
पदार्थों	NN	12	r6-k2
जांच	NN	13	pof
करने	VM	15	k7
आसानी	NN	15	adv
होगी	VM	0	main
।	SYM	15	rsym

