प्रदेश	NNP	2	r6
जिले	NN	7	k7p
नदी	NN	4	nmod
पुल	NN	7	k1
दोपहर	NN	7	k7t
अचानक	RB	7	adv
टूट	VM	11	rh
सैन्यकर्मी	NN	9	ccof
और	CC	11	k1
सिविलियन	NN	9	ccof
डूब	VM	0	main
।	SYM	11	rsym

इनमें	PRP	8	k7
सेना	NN	3	r6
अधिकारी	NN	5	ccof
जवान	NN	5	ccof
और	CC	8	k1
नागरिक	NN	5	ccof
शामिल	JJ	8	k1s
हैं	VM	0	main
।	SYM	8	rsym

चंडीमंदिर	NNP	2	jjmod
स्थित	JJ	3	nmod
कमान	NNP	4	r6
सूत्रों	NN	10	k1
अफसरों	NN	6	ccof
और	CC	8	k1
जवानों	NN	6	ccof
मरने	VM	9	r6-k2
पुष्टि	NN	10	pof
की	VM	0	main
।	SYM	10	rsym

उनके	PRP	4	k7a
जवान	NN	4	k1
लापता	JJ	4	k1s
हैं	VM	0	main
।	SYM	4	rsym

इससे	PRP	8	k7t
हिमाचल	NNP	3	r6
सूत्रों	NN	8	k1
अफसरों	NN	6	vmod
जवानों	NN	6	k1
डूबने	VM	7	r6-k2
पुष्टि	NN	8	pof
कर	VM	0	main
।	SYM	8	rsym

युद्धस्तर	NN	4	k7
कार्य	NN	4	k2
शुरू	NN	4	pof
कर	VM	0	main
।	SYM	4	rsym

जवानों	NN	2	r6
शवों	NN	3	k2
तलाशने	VM	4	ccof
और	CC	10	rt
कार्यों	NN	4	rt
कमान	NNP	10	k5
हेलीकॉप्टर	NN	10	k3
दस्ता	NN	10	k1
घटनास्थल	NN	10	k7p
पहुंचा	VM	0	main
।	SYM	10	rsym

इस	DEM	6	k7
किन्नौर	NNP	3	r6
डीसी	NN	6	k1
वीरवार	NNP	5	r6
शाम	NN	6	k7t
कहा	VM	0	main
कि	CC	6	k2
डूबने	VM	9	nmod
अफसरों	NN	10	ccof
व	CC	13	k1
जवानों	NN	10	ccof
जिंदा	JJ	13	pof
होने	VM	14	r6
संभावना	NN	16	k1
न	NN	16	vmod
है	VM	7	ccof
।	SYM	6	rsym

पुल	NNP	2	r6v
टूटकर	VM	3	vmod
बह	VM	4	rh
डूबने	VM	5	nmod
अफसरों	NN	10	k7
सिंह	NNP	7	ccof
और	CC	10	k1
बोक्किल	NNP	7	ccof
शामिल	JJ	10	k1s
हैं	VM	0	main
।	SYM	10	rsym

विद्याधरन	NNP	3	k1
सतलुज	NNP	3	k7p
बह	VM	0	main
।	SYM	3	rsym

किन्नौर	NNP	0	r6
उपायुक्त	NN	0	nmod
गर्ग	NNP	0	k1
कहना	VM	0	k1
है	VM	0	main
कि	CC	0	k2
लाशों	NN	0	r6
झाकड़ी	NNP	0	r6
बांध	NN	0	k7p
फंसे	VM	0	r6
संभावना	NN	0	k1
है	VM	0	ccof
इसलिए	PRP	0	rh
वहां	PRP	0	k7t
जाल	NN	0	k2
डालकर	VM	0	vmod
उन्हें	PRP	0	k2
ढूंढ़ने	VM	0	r6-k1
कोशिश	NN	0	pof
हो	VM	0	vmod
।	SYM	0	rsym

उपायुक्त	NN	2	k1
कहा	VM	0	main
कि	CC	2	k2
सतलुज	NNP	5	r6
पानी	NN	6	r6
वेग	NN	8	k1
अधिक	QF	8	k1s
है	VM	9	ccof
और	CC	3	ccof
यह	PRP	12	k1
चट्टानों	NN	12	k5
गुजरती	VM	9	ccof
इसलिए	PRP	19	rh
डूबे	VM	15	nmod__k1inv
लोगों	NN	16	k1
बचने	VM	17	r6
संभावना	NN	19	k1
नहीं	NN	19	vmod
है	VM	12	rh
।	SYM	2	rsym

सरकार	NN	0	k1
हादसे	NN	0	r6-k1
शिकार	NN	0	pof
हुए	VM	0	nmod__k1inv
जवानों	NN	0	r6
परिजनों	NN	0	k4
तौर	NN	12	k7
रुपयों	NN	9	r6
राशि	NN	10	k2
देने	VM	11	r6-k2
घोषणा	NN	12	pof
की	VM	0	main
।	SYM	12	rsym

पुल	NN	2	k2
टूटने	VM	4	rh
कमी	NN	4	k2
बताई	VM	0	main
।	SYM	4	rsym

खारो	NNP	4	k7p
पुल	NN	4	k1
क्षतिग्रस्त	JJ	4	pof
होने	VM	11	rh
जिले	NN	11	k7p
जनजीवन	NN	7	r6
पटरी	NN	8	k7
लौटने	VM	11	k7
अब	PRP	11	k7t
समय	NN	11	k2
लगेगा	VM	0	main
।	SYM	11	rsym

NULL	PRP	0	k1
गौरतलब	JJ	0	k1s
है	VM	0	main
कि	CC	0	rs
नदी	NN	0	k7
जून	NNP	0	k7t
आई	VM	0	nmod__k1inv
बाढ़	NN	0	rh
खारो	NNP	0	ccof
व	CC	0	k7p
पोआरी	NNP	0	ccof
बने	VM	0	nmod__k1inv
पुल	NN	0	k1
बह	VM	0	ccof
।	SYM	0	rsym

जिले	NN	0	k7p
जनजीवन	NN	0	k2
पटरी	NN	0	k7
लाने	VM	0	ccof
और	CC	0	r6
किसानों	NN	0	ccof
व	CC	0	r6
बागवानों	NN	0	ccof
फसलों	NN	0	k2
मंडियों	NN	0	k7t
पहुंचाने	VM	0	ccof
मकसद	NN	18	rt
सरकार	NN	18	k1
पुलों	NN	15	r6
कार्य	NN	18	k2
स्तर	NN	18	k7
जारी	JJ	18	pof
किया	VM	0	main
।	SYM	18	rsym

खारो	NNP	2	nmod
ब्रिज	NNP	3	r6
निर्माण	NN	4	r6
काम	NN	7	k1
रेजिमेंट	NNP	6	r6
जिम्मे	NN	7	k1s
है	VM	0	main
।	SYM	7	rsym

पुल	NN	2	r6
कार्य	NN	4	k1
पूरा	JJ	4	pof
होने	VM	5	ccof
मगर	CC	0	main
इससे	PRP	12	k7t
सेना	NN	8	r6
जवान	NN	12	k1
पुल	NN	12	k2
जनता	NN	12	k4
समर्पित	JJ	12	pof
कर	VM	17	vmod
काल	NN	14	r6
हाथों	NN	17	k1
उन्हें	PRP	17	k2
सतलुज	NNP	17	k7
धकेल	VM	5	ccof
।	SYM	5	rsym

पुल	NN	2	r6
काम	NN	4	k2
अंजाम	NN	4	pof
देने	VM	9	rt
सैनिक	NN	9	k1
रोजमर्रा	NN	9	adv
बृहस्पतिवार	NNP	9	k7t
खारो	NNP	9	k2p
पहुंचे	VM	0	main
।	SYM	9	rsym

दोपहर	NN	4	k7t
कुछ	PRP	4	k1
ठाक	JJ	4	adv
चल	VM	5	ccof
मगर	CC	0	main
दोपहर	NN	10	k7t
बजे	NN	10	k7t
अचानक	RB	10	adv
पुल	NN	10	k1
टूट	VM	5	ccof
।	SYM	5	rsym

पुल	NN	2	r6
लंबाई	NN	4	k1
मीटर	NN	4	k1s
है	VM	5	ccof
मगर	CC	0	main
टूटने	VM	10	k7t
इसका	PRP	8	r6
हिस्सा	NN	10	k1
सड़क	NN	10	k7p
दिखाई	VM	5	ccof
।	SYM	5	rsym

पुल	NN	2	r6
कार्य	NN	4	k2
अंजाम	NN	4	pof
दे	VM	5	nmod__k1inv
जवान	NN	7	k1
डूबने	VM	7	k5
बचे	VM	0	main
।	SYM	7	rsym

जवान	NN	7	k1
प्रभाकरण	NNP	5	ccof
मुगेसकेटी	NNP	5	ccof
सुब्रह्मण्यम	NNP	5	ccof
व	CC	7	k1s
संजीवन	NNP	5	ccof
हैं	VM	0	main
।	SYM	7	rsym

उधर	NST	9	sent-adv
रिकांगपिओ	NNP	9	k5
प्रतिनिधि	NN	9	k7a
कार्य	NN	6	k1
पूर्ण	JJ	6	pof
होने	VM	7	nmod
घंटे	NN	9	k7t
क्षतिग्रस्त	JJ	9	pof
हुआ	VM	0	main
।	SYM	9	rsym

पुल	NN	2	r6
निर्माण	NN	4	k1
हवाले	NN	4	k1s
है	VM	0	main
।	SYM	4	rsym

पुल	NN	2	k1
टूटने	VM	3	r6
कारणों	NN	4	r6
अभी	PRP	6	k7t
पता	NN	6	pof
चल	VM	0	main
।	SYM	6	rsym

हादसे	NN	2	r6
प्रत्यक्षदर्शी	NN	3	nmod
राम	NNP	4	k1
बताया	VM	0	main
कि	CC	4	k2
पुल	NN	7	k1
बहने	VM	9	k7t
आवाज	NN	9	pof
हुई	VM	5	ccof
।	SYM	4	rsym

हादसे	NN	4	k7t
पुल	NN	4	k7
ड्यूटी	NN	4	pof
दे	VM	7	nmod__k1inv
गार्ड	NN	6	r6
जवान	NN	7	nmod
डुनडुप	NNP	8	k1
बताया	VM	0	main
कि	CC	8	k2
हादसे	NN	15	k7t
पुल	NN	15	k7p
३५	QC	13	nmod
जवान	NN	15	k1
काम	NN	15	k2
कर	VM	9	ccof
।	SYM	8	rsym

खारो	NNP	2	k7p
बना	VM	3	nmod__k1inv
पुल	NN	5	k1
बार	NN	5	k7t
बहा	VM	0	main
।	SYM	5	rsym

बार	NN	6	k7t
सतलुज	NNP	3	r6
बाढ़	NN	6	k1
इसे	PRP	5	k2
बहा	VM	6	vmod
ले	VM	7	ccof
तो	CC	0	main
बार	NN	11	k7t
यह	PRP	11	k1
क्षतिग्रस्त	JJ	11	pof
हो	VM	7	ccof
।	SYM	7	rsym

पंचकूला	NNP	2	k5
मिली	VM	3	nmod__k1inv
खबर	NN	12	k7a
पुल	NN	5	k2
टूटने	VM	6	r6
सूचना	NN	7	k1
मिलते	VM	12	vmod
चंडीमंदिर	NNP	9	jjmod
स्थित	JJ	10	nmod
मुख्यालय	NN	12	k7p
बैठक	NN	12	k1
बुलाई	VM	0	main
।	SYM	12	rsym

