निर्माता	NN	2	nmod
धारीवाल	NNP	17	k1
अंडरवर्ल्ड	NN	17	ras-k1
संबंधों	NN	5	r6
मामले	NN	17	k7
कोर्ट	NN	8	k7
पेश	JJ	8	pof
होने	VM	9	jjmod
जारी	JJ	10	nmod
वारंट	NN	12	k2
रद्द	JJ	12	pof
करने	VM	17	rt
अब	PRP	17	k7t
कोर्ट	NNP	17	k7
याचिका	NN	17	k2
दायर	JJ	17	pof
की	VM	0	main
।	SYM	17	rsym

धारीवाल	NNP	15	k7
दायर	JJ	3	nmod
याचिका	NN	15	k7
हाईकोर्ट	NNP	15	k1
उनकी	PRP	6	r6
वारंट	NN	8	k2
रद्द	JJ	8	pof
करने	VM	9	r6
याचिका	NN	11	k2
खारिज	JJ	11	pof
करने	VM	13	r6
फरवरी	NNP	13	r6
आदेश	NN	15	k4
चुनौती	NN	15	k2
दी	VM	0	main
।	SYM	15	rsym

पुलिस	NN	4	k1
अपनी	PRP	3	r6
दलील	NN	4	k7
कहा	VM	0	main
कि	CC	4	k2
सच्चाई	NN	7	k2
जानने	VM	14	rt
धारीवाल	NNP	10	k2
हिरासत	NN	10	k7
लेकर	VM	14	vmod
पूछताछ	NN	12	pof
करना	VM	14	k1
जरूरी	JJ	14	k1s
है	VM	5	ccof
।	SYM	4	rsym

जबकि	CC	0	main
सीबीआई	NNP	0	k1
कहना	VM	0	k1
है	VM	0	ccof
कि	CC	0	k2
फिलहाल	RB	0	adv
धारीवाल	NNP	0	k2
गिरफ्तार	JJ	0	pof
करने	VM	0	r6
उसकी	PRP	0	r6
मंशा	NN	0	k1
है	VM	0	ccof
लेकिन	CC	0	vmod
पूछताछ	NN	0	k7t
जरूरी	JJ	0	pof
होने	VM	0	k7
मामला	NN	0	k2
दर्ज	JJ	0	pof
कराया	VM	0	ccof
।	SYM	0	rsym

अंडरवर्ल्ड	NN	2	ras-k2
रिश्ते	NN	3	r6
मामले	NN	4	r6-k2
जांच	NN	7	pof
पहले	NST	7	k7t
पुलिस	NN	7	k1
कर	VM	8	ccof
और	CC	0	main
उसके	PRP	10	r6
अनुरोध	NN	14	k7
धारीवाल	NNP	14	vmod
वारंट	NN	14	k2
जारी	JJ	14	pof
किए	VM	8	ccof
।	SYM	8	rsym

सीबीआई	NNP	5	k4
मामले	NN	3	r6
जांच	NN	5	k2
हाल	NN	5	k7
सौंपी	VM	0	main
।	SYM	5	rsym

