यू	NNP	2	r6
नेता	NN	3	nmod
कुमार	NNP	14	k1
चुनाव	NN	6	k7t
पर्यवेक्षक	NN	6	k1
रहे	VM	7	nmod__k1inv
सप्तऋषि	NNP	14	k2
आयोग	NNP	10	k7
आरोप	NN	10	k2
लगाने	VM	14	rh
बर्खास्त	JJ	12	pof
करने	VM	13	r6-k2
माँग	NN	14	pof
की	VM	0	main
।	SYM	14	rsym

नितीश	NNP	15	k1
सरकार	NN	15	k5
आयोग	NNP	4	nmod
संस्था	NN	6	k7p
दोषारोपण	NN	6	pof
करने	VM	15	rt
दल	NNP	8	r6
प्रमुख	NN	9	ccof
व	CC	11	nmod
मंत्री	NNP	9	ccof
यादव	NNP	15	vmod
कार्रवाई	NN	13	pof
करने	VM	14	r6-k2
माँग	NN	15	pof
की	VM	0	main
।	SYM	15	rsym

उधर	NST	13	sent-adv
पार्टी	NNP	6	r6
लोजपा	NNP	2	nmod
के	PSP	2	fragof
अध्यक्ष	NN	6	nmod
पासवान	NNP	13	k1
लालू	NNP	9	k1
आयोग	NNP	9	k7
लगाए	VM	10	nmod__k1inv
आरोप	NN	12	k2
खारिज	JJ	12	pof
करते	VM	13	vmod
कहा	VM	0	main
कि	CC	13	k2
आयोग	NNP	25	k1
राज्य	NN	25	k7p
प्रभावी	JJ	18	ccof
व	CC	20	nmod
निष्पक्ष	JJ	18	ccof
चुनाव	NN	21	pof
कराकर	VM	25	vmod
अपना	PRP	23	r6-k2
दायित्व	NN	25	pof
ईमानदारीपूर्वक	RB	25	adv
निभाया	VM	14	ccof
।	SYM	13	rsym

नितीश	NNP	0	k1
कहा	VM	0	main
कि	CC	0	k2
सप्तऋषि	NNP	0	k1
आयोग	NNP	0	k7
आरोप	NN	0	k2
लगाकर	VM	0	vmod
नियमों	NN	0	r6-k2
उल्लंघन	NN	0	pof
किया	VM	0	ccof
उन्हें	PRP	0	k2
जल्द	RB	0	adv
नौकरी	NN	0	k5
बर्खास्त	JJ	0	pof
किया	VM	0	nmod__relc
।	SYM	0	rsym

नितीश	NNP	7	k1
सप्तऋषि	NNP	3	k1
उठाए	VM	4	nmod__k2inv
मुद्दे	NN	7	k2
किसी	PRP	7	k3
प्रेरित	JJ	7	k2s
बताया	VM	0	main
।	SYM	7	rsym

यादव	NNP	3	k7
हमला	NN	3	pof
करते	VM	8	vmod
नितीश	NNP	8	k1
उन्हें	PRP	8	k2
राजनीति	NN	7	r6
बीमारी	NN	8	k2s
बताया	VM	0	main
।	SYM	8	rsym

उन्होंने	PRP	2	k1
कहा	VM	0	main
कि	CC	2	k2
लालू	NNP	9	k1
संगठनों	NN	6	r6-k2
आलोचना	NN	7	pof
करने	VM	8	r6
आदत	NN	9	k2
पड़	VM	3	ccof
।	SYM	2	rsym

नितीश	NNP	6	k1
लालू	NNP	6	vmod
कार्रवाई	NN	4	pof
करने	VM	5	r6-k2
माँग	NN	6	pof
की	VM	0	main
।	SYM	6	rsym

नितीश	NNP	9	k1
सप्तऋषि	NNP	3	ccof
व	CC	9	k7
यादव	NNP	3	ccof
गाँठ	NN	6	r6-k2
जाँच	NN	7	pof
कराने	VM	8	r6-k2
माँग	NN	9	pof
की	VM	0	main
।	SYM	9	rsym

उधर	NST	11	sent-adv
पासवान	NNP	11	k1
आयोग	NNP	4	k7
लगाए	VM	5	nmod__k1inv
आरोप	NN	7	k2
खारिज	JJ	7	pof
करते	VM	11	vmod
उसके	PRP	9	r6
काम	NN	10	r6-k2
प्रशंसा	NN	11	pof
की	VM	0	main
।	SYM	11	rsym

पासवान	NNP	2	k1
कहा	VM	0	main
कि	CC	2	k2
आयोग	NN	15	k1
राज्य	NN	15	k7p
लोकसभा	NNP	7	ccof
व	CC	9	nmod
विधानसभा	NNP	7	ccof
चुनाव	NN	15	k2
निष्पक्ष	JJ	11	ccof
व	CC	13	nmod
प्रभावी	JJ	11	ccof
ढंग	NN	15	adv
पूरा	JJ	15	pof
कराया	VM	3	ccof
।	SYM	2	rsym

पासवान	NNP	2	k1
कहा	VM	0	main
कि	CC	2	k2
उनके	PRP	5	r6
मन	NN	8	k7
आयोग	NNP	8	rd
इज्जत	NN	8	k1
है	VM	3	ccof
।	SYM	2	rsym

आयोग	NN	0	k1
संस्था	NN	0	k1s
है	VM	0	ccof
और	CC	0	main
इसमें	PRP	0	k7
संदेह	NN	0	k1
है	VM	0	ccof
कि	CC	0	rs
वह	PRP	0	k1
रूप	NN	0	adv
तटस्थ	JJ	0	k1s
है	VM	0	ccof
।	SYM	0	rsym

