भोजन	NN	3	ccof
पेयजल	NN	3	ccof
और	CC	7	k1
सेवा	NN	3	ccof
लोगों	NN	7	k4
उपलब्ध	JJ	7	pof
करवाने	VM	12	rt
अब	PRP	12	k7t
आयोग	NNP	12	k1
एनएचआरसी	NNP	9	rs
आगे	NST	12	k7
आ	VM	0	main
।	SYM	12	rsym

साल	NN	5	k7t
आयोग	NN	5	k1
मुद्दों	NN	5	k7
ध्यान	NN	5	pof
देगा	VM	6	ccof
और	CC	0	main
इसके	PRP	10	rt
रूपरेखा	NN	10	k1
तैयार	JJ	10	pof
हो	VM	6	ccof
।	SYM	6	rsym

आयोग	NN	5	k1
कैदियों	NN	3	r6
स्थिति	NN	5	k7
गंभीर	JJ	5	k1s
है	VM	6	ccof
और	CC	0	main
उनकी	PRP	8	r6
स्थिति	NN	9	k2
सुधारने	VM	12	rt
तरह	RDP	11	r6-k2
प्रयास	NN	12	pof
कर	VM	6	ccof
।	SYM	6	rsym

अभी	PRP	9	k7t
आयोग	NN	3	r6
ध्यान	NN	9	k1
आतंकवाद	NN	5	ccof
और	CC	7	jjmod
उग्रवाद	NN	5	ccof
प्रभावित	JJ	8	nmod
इलाके	NN	9	k7p
रहता	VM	0	main
।	SYM	9	rsym

क्योंकि	CC	0	main
हनन	NN	3	r6
शिकायतें	NN	5	k1
इलाकों	NN	5	k5
थीं	VM	1	ccof
।	SYM	1	rsym

भूख	NN	2	rh
मरने	VM	3	r6
घटनाएं	NN	10	ccof
जल	NN	6	k1
उपलब्ध	JJ	6	pof
होने	VM	10	ccof
सुविधा	NN	8	k1
मिलने	VM	10	ccof
विभेद	NN	10	ccof
NULL	CC	13	nmod
कैदियों	NN	12	r6
स्थिति	NN	10	ccof
सरोकार	NN	14	r6
मुद्दे	NN	17	k1
आयोग	NN	16	r6
प्राथमिकता	NN	17	k7
हैं	VM	0	main
।	SYM	17	rsym

आयोग	NNP	0	r6
अधिकारी	NN	0	k1
कहना	VM	0	k1
है	VM	0	main
कि	CC	0	k2
पेयजल	NN	0	k1
व्यक्ति	NN	0	k4
मुहैया	JJ	0	pof
हो	VM	0	rs
यह	PRP	0	k1
मानवाधिकार	NN	0	r6
दायरे	NN	0	k7
है	VM	0	ccof
।	SYM	0	rsym

स्वस्थ	JJ	2	ccof
और	CC	4	nmod
सम्मानपूर्ण	JJ	2	ccof
जीवन	NN	7	rt
पेयजल	NN	7	k1
जरूरी	JJ	7	k1s
है	VM	0	main
।	SYM	7	rsym

मुद्दे	NN	10	k7
बातचीत	NN	10	rt
आयोग	NN	10	k1
राज्यों	NN	5	ccof
और	CC	10	k5
संघ	NN	7	jjmod
शासित	JJ	8	nmod
प्रदेशों	NN	5	ccof
सूचना	NN	10	pof
मांगी	VM	0	main
कि	CC	10	k2
उनके	PRP	13	r6
राज्य	NN	16	k7p
लोगों	NN	16	k4
पेयजल	NN	16	k1
मिल	VM	17	ccof
या	CC	11	ccof
नहीं	NEG	19	vmod
NULL	VM	17	ccof
।	SYM	10	rsym

पेयजल	NN	5	rt
पैमाना	NN	5	k2
आयोग	NN	5	k1
तय	JJ	5	pof
किया	VM	0	main
।	SYM	5	rsym

तरह	NN	5	adv
सुविधा	NN	5	k1
मानवाधिकार	NN	4	r6
दायरे	NN	5	k7
है	VM	0	main
।	SYM	5	rsym

इसके	PRP	4	rt
स्तर	NN	4	k7
प्लान	NN	4	k2
बनाया	VM	0	main
।	SYM	4	rsym

प्लान	NN	8	k2
क्षेत्रीय	JJ	3	ccof
और	CC	5	nmod
राष्ट्रीय	JJ	3	ccof
अदालत	NN	6	r6
निष्कर्षों	NN	8	k7
तैयार	JJ	8	pof
किया	VM	0	main
।	SYM	8	rsym

तरह	NN	7	adv
भूख	NN	7	rh
मौत	NN	4	r6
मामलों	NN	7	k2
आयोग	NN	7	k1
गंभीरता	NN	7	adv
लिया	VM	8	ccof
और	CC	0	main
इसके	PRP	13	rt
सरकारों	NN	13	k4
निर्देश	NN	13	k2
जारी	JJ	13	pof
किया	VM	8	ccof
।	SYM	8	rsym

अधिकारियों	NN	0	k1
कहना	VM	0	k1
है	VM	0	main
कि	CC	0	k2
आयोग	NN	0	k1
साल	NN	0	k7
मुद्दों	NN	0	k7
अपना	PRP	0	r6
ध्यान	NN	0	k2
रूप	NN	0	adv
केंद्रित	JJ	0	pof
करेगा	VM	0	ccof
।	SYM	0	rsym

इसके	PRP	8	vmod
जेलों	NN	3	k7p
पड़े	VM	4	nmod__k1inv
कैदियों	NN	5	r6
स्थिति	NN	8	k7
आयोग	NN	8	k1
गंभीर	JJ	8	k1s
है	VM	0	main
।	SYM	8	rsym

देश	NN	2	r6
जेलों	NN	6	k7
क्षमता	NN	5	nmod
अधिक	QF	5	nmod
कैदी	NN	6	k1
हैं	VM	0	main
।	SYM	6	rsym

दिल्ली	NNP	4	ccof
झारखंड	NNP	4	ccof
छत्तीसगढ़	NNP	4	ccof
और	CC	6	r6
गुजरात	NNP	4	ccof
जेलों	NN	11	k7p
क्षमता	NN	9	jjmod
दो	QC	9	jjmod
अधिक	JJ	10	nmod
कैदी	NN	11	k1
हैं	VM	0	main
।	SYM	11	rsym

कैदियों	NN	4	k7
फीसदी	NN	4	k1
विचाराधीन	JJ	4	k1s
हैं	VM	0	main
।	SYM	4	rsym

कैदी	NN	4	k1
वर्षों	NN	4	k5
जेल	NN	4	k7p
पड़े	VM	0	main
।	SYM	4	rsym

कैदियों	NN	2	r6
स्थिति	NN	7	k7
सुधार	NN	7	rt
आयोग	NN	7	k1
तरह	RDP	6	r6-k2
प्रयास	NN	7	pof
कर	VM	0	main
।	SYM	7	rsym

आयोग	NN	0	k1
इसके	PRP	0	r6
सुझाव	NN	0	k2
दिए	VM	0	main
जिसमें	PRP	0	k7
जिला	NN	0	ccof
व	CC	0	fragof
सत्र	NN	0	ccof
न्यायाधीश	NN	0	k1
जेलों	NN	0	k7p
दौरा	NN	0	pof
करने	VM	0	ccof
जेलों	NN	0	k7p
अदालत	NN	0	k2
लगाने	VM	0	ccof
सुविधा	NN	0	k2
उपलब्ध	JJ	0	pof
कराने	VM	0	ccof
NULL	CC	0	nmod
कैदियों	NN	0	k2
बॉंड	NN	0	k7
छोड़ने	VM	0	ccof
सुझाव	NN	0	k1
हैं	VM	0	nmod__relc
।	SYM	0	rsym

