सर्वेक्षण	NN	2	nmod
०४	NNP	9	k7t
शिक्षा	NN	4	ccof
और	CC	9	k2
स्वास्थ्य	NN	4	ccof
विकास	NN	7	r6
पूंजी	NN	9	k2s
घोषित	JJ	9	pof
किया	VM	10	ccof
और	CC	0	main
इसे	PRP	15	k4
विकास	NN	13	r6
ढांचे	NN	14	r6
दर्जा	NN	15	k2
दिया	VM	10	ccof
।	SYM	10	rsym

सर्वेक्षण	NN	0	k7
कहा	VM	0	main
कि	CC	0	k2
शिक्षा	NN	0	ccof
और	CC	0	nmod
स्वास्थ्य	NN	0	ccof
इन्फ्रास्ट्रक्चर	NN	0	k1
महत्वपूर्ण	JJ	0	k1s
हैं	VM	0	ccof
कि	RP	0	k1
सड़क	NN	0	ccof
और	CC	0	nmod
परिवहन	NN	0	ccof
इन्फ्रास्ट्रक्चर	NN	0	k1s
NULL	VM	0	jjmod__relc
।	SYM	0	rsym

विकास	NN	2	r6
दर	NN	4	k2
हासिल	JJ	4	pof
करने	VM	5	ccof
और	CC	12	rt
कल्याण	NN	8	k2
बढ़ावा	NN	8	pof
देने	VM	5	ccof
क्षेत्रों	NN	10	r6
विकास	NN	12	k1
जरूरी	JJ	12	k1s
है	VM	0	main
।	SYM	12	rsym

गरीबी	NN	2	r6
जड़	NN	4	k1
अशिक्षा	NN	4	k1s
है	VM	5	ccof
और	CC	0	main
यदि	CC	0	root
२००७	NNP	11	k7t
गरीबी	NN	11	k7
फीसदी	NN	10	r6
कमी	NN	11	k2
लानी	VM	6	ccof
तो	CC	0	root
शिक्षा	NN	14	ccof
और	CC	18	k7
स्वास्थ्य	NN	14	ccof
निवेश	NN	18	k7
बढ़ोतरी	NN	18	pof
करनी	VM	12	ccof
।	SYM	0	root

सर्वेक्षण	NN	2	k7
कहा	VM	0	main
कि	CC	2	k2
कार्यक्रम	NNP	15	k1u
शिक्षा	NN	8	k7
व्यय	NN	8	k2
तरीके	NN	8	adv
बढ़ाकर	VM	11	vmod
जीडीपी	NNP	10	r6
फीसदी	NN	11	pof
करने	VM	15	rh
क्षेत्र	NN	13	r6
मुश्किलों	NN	14	r6
हल	NN	15	k1
निकल	VM	3	ccof
।	SYM	2	rsym

सर्वेक्षण	NN	2	nmod
०४	NNP	3	k7
कहा	VM	0	main
कि	CC	3	k2
स्वास्थ्य	NN	6	r6
स्तर	NN	7	k2
बनाए	VM	11	rt
क्षेत्र	NN	11	k7
निवेश	NN	10	r6
जरूरत	NN	11	k1
होगी	VM	4	ccof
क्योंकि	CC	11	rh
संक्रमणरोधी	JJ	14	ccof
और	CC	16	nmod
संचारी	JJ	14	ccof
रोगों	NN	17	r6
प्रौद्योगिकी	NN	19	k1
खर्चीली	JJ	19	k1s
है	VM	12	ccof
।	SYM	3	rsym

इसलिए	PRP	0	rh
सरकार	NN	0	r6
विचार	NN	0	k1
है	VM	0	main
कि	CC	0	rs
२००२	NNP	0	k7a
स्वास्थ्य	NN	0	k7
निवेश	NN	0	k2
जीडीपी	NNP	0	r6
फीसदी	NN	0	k5
बढ़ाकर	VM	0	vmod
२०१०	NNP	0	k7t
जीडीपी	NNP	0	r6
फीसदी	NN	0	k7
लाया	VM	0	ccof
।	SYM	0	rsym

सर्वेक्षण	NN	4	k7
बात	NN	3	r6
खुलासा	NN	4	pof
किया	VM	0	main
कि	CC	4	k2
०४	NNP	13	k7t
क्षेत्र	NN	8	r6
योजनाओं	NN	13	rt
आबंटित	JJ	10	nmod
रकम	NN	13	k7
०३	NNP	13	k2u
वृद्धि	NN	13	pof
की	VM	5	ccof
।	SYM	4	rsym

सर्वेक्षण	NN	2	nmod
०४	NNP	3	k7
कहा	VM	0	main
कि	CC	3	k2
१९८६	NNP	12	k7a
निरक्षरता	NN	9	k2
तरह	NN	9	adv
समाप्त	JJ	9	pof
करने	VM	12	rt
रूपरेखा	NN	12	k2
तैयार	JJ	12	pof
की	VM	13	ccof
और	CC	4	ccof
उत्पाद	NN	15	r6
फीसदी	NN	16	r6
दर	NN	22	k3
शिक्षा	NN	19	k7
खर्च	NN	19	pof
करने	VM	20	r6
लक्ष्य	NN	22	k2
निर्धारित	JJ	22	pof
किया	VM	13	ccof
।	SYM	3	rsym

NULL	PRP	0	k1
गौरतलब	JJ	0	k1s
है	VM	0	main
कि	CC	0	rs
०३	NNP	0	k7t
शिक्षा	NN	0	k7
केंद्र	NN	0	ccof
और	CC	0	nmod
राज्य	NN	0	ccof
सरकार	NN	0	k1
कुल	QF	0	vmod
मिलाकर	VM	0	vmod
जीडीपी	NNP	0	r6
फीसदी	NN	0	k2
व्यय	NN	0	pof
किया	VM	0	ccof
।	SYM	0	rsym

सर्वेक्षण	NN	4	k7t
पहलू	NN	4	k1
सामने	NST	4	k7
आए	VM	0	main
।	SYM	4	rsym

बार	NN	5	k7t
वृद्धि	NN	5	k7
साक्षरता	NN	5	k7
वृद्धि	NN	5	k1
हुई	VM	6	ccof
और	CC	0	main
लोगों	NN	8	r6
संख्या	NN	9	k1
घटने	VM	6	ccof
।	SYM	6	rsym

साक्षरता	NN	0	r6
दर	NN	0	k1
१९५१	NNP	0	r6
फीसदी	NN	0	k5
रूप	NN	9	adv
बढ़कर	VM	9	vmod
२००१	NNP	9	k7t
फीसदी	NN	9	k1s
हो	VM	0	main
।	SYM	9	rsym

२०००	NNP	7	k7t
लोगों	NN	3	r6
संख्या	NN	7	k7
फीसदी	NN	5	r6
दर	NN	7	k3
वृद्धि	NN	7	k1
हुई	VM	8	ccof
जबकि	CC	0	main
अवधि	NN	14	k7t
साक्षरता	NN	14	k7
फीसदी	NN	12	r6
रफ्तार	NN	14	rh
बढ़त	NN	14	k1
हुई	VM	8	ccof
।	SYM	8	rsym

बार	NN	3	k7t
ऐसा	PRP	3	k1
हुआ	VM	0	main
कि	CC	3	k2
साक्षरता	NN	6	r6
दर	NN	9	k1
पुरुषों	NN	9	k2
मात	NN	9	pof
दे	VM	4	ccof
।	SYM	3	rsym

२००१	NNP	6	k7t
साक्षरता	NN	6	k7
फीसदी	NN	4	r6
दर	NN	6	k3
वृद्धि	NN	6	k1
हुई	VM	7	ccof
जबकि	CC	0	main
साक्षरता	NN	11	k7
फीसदी	NN	10	r6
दर	NN	11	k3
NULL	VM	7	ccof
।	SYM	7	rsym

तरह	NN	5	adv
साक्षरता	NN	5	k7
भेद	NN	4	r6
अनुपात	NN	5	k1
घटा	VM	0	main
।	SYM	5	rsym

सर्वेक्षण	NN	2	nmod
०४	NNP	3	k7
कहा	VM	0	main
कि	CC	3	k2
कक्षा	NN	10	k7
नामांकन	NN	7	r6
मामले	NN	10	k7
लड़कियां	NN	10	k1
लड़कों	NN	10	k7
रही	VM	4	ccof
।	SYM	3	rsym

शिक्षा	NN	2	r6
स्तर	NN	5	k7
लड़कियों	NN	4	r6
भागीदारी	NN	5	k1
बढ़ी	VM	0	main
।	SYM	5	rsym

पूर्व	NNP	2	r6
राज्य	NN	7	k1
लड़कियों	NN	4	r6
शिक्षा	NN	5	r6
मामले	NN	7	k7
आगे	NST	7	k7
रहे	VM	0	main
।	SYM	7	rsym

शिक्षा	NN	4	k7
विद्यार्थियों	NN	3	r6
संख्या	NN	4	k1
बढ़ी	VM	5	ccof
और	CC	0	main
९८	NNP	7	r6
मिलियन	QC	8	k5
बढ़कर	VM	11	vmod
०३	NNP	11	k7
मिलियन	QC	11	k1
हो	VM	5	ccof
।	SYM	5	rsym

दौरान	NST	7	k7t
शिक्षा	NN	7	k7
महिलाओं	NN	4	r6
भागीदारी	NN	5	pof
बढ़	VM	7	vmod
फीसदी	NN	7	k1
हो	VM	0	main
।	SYM	7	rsym

