आदिवासी	NN	4	k1
लहरों	NN	3	r6
कहर	NN	4	k5
बच	VM	0	main
।	SYM	4	rsym

उन्होंने	PRP	7	k1
जंगलों	NN	4	k7p
शरण	NN	4	pof
लेकर	VM	7	vmod
अपनी	PRP	6	r6
जान	NN	7	k2
बचाई	VM	0	main
।	SYM	7	rsym

लेकिन	CC	0	main
गिनती	NN	3	vmod
बचे	VM	4	nmod__k1inv
आदिवासियों	NN	9	k4a
अब	PRP	9	k7t
खतरा	NN	9	k1
अन्य	NN	9	k5
नहीं	NEG	9	vmod
NULL	VM	10	ccof
बल्कि	CC	1	ccof
खुद	PRP	12	r6
बदलती	VM	13	nmod__k1inv
आदतों	NN	14	rh
है	VM	10	ccof
।	SYM	1	rsym

पचास	QC	2	k1
रह	VM	3	nmod__k1inv
आदिवासियों	NN	8	k1
अपनी	PRP	5	r6
परंपराओं	NN	8	k2
खुद	PRP	8	k1s
खुशी	RDP	8	adv
छोड़	VM	0	main
।	SYM	8	rsym

इसके	PRP	4	rh
जनजाति	NN	3	r6-k1
क्षरण	NN	4	pof
हो	VM	0	main
।	SYM	4	rsym

परंपराएं	NN	7	k1
इन्हें	PRP	7	k4
बाहर	NST	4	r6
दुनिया	NN	5	jjmod
अलग	JJ	6	nmod
पहचान	NN	7	pof
देती	VM	0	main
।	SYM	7	rsym

ये	PRP	6	k1
बाहर	NST	3	r6
दुनिया	NN	6	rt
अपनी	PRP	5	r6
पहचान	NN	6	k2
खोते	VM	0	main
।	SYM	6	rsym

बार	NN	7	k7t
खुद	PRP	4	nmod
अंडमानीज	NNP	4	r6
राजा	NN	7	k1
बातें	NN	7	k2
स्वीकार	NN	7	pof
की	VM	0	main
।	SYM	7	rsym

ब्लेयर	NNP	2	r6
अस्पताल	NN	3	jjmod
भर्ती	JJ	6	nmod
जनजाति	NN	5	r6
राजा	NN	6	nmod
जिरोकी	NNP	7	k1
बताया	VM	0	main
कि	CC	7	pof
सुनामी	NN	14	k7
उनकी	PRP	11	r6
जनजाति	NN	12	r6
कोई	PRP	14	k1
हताहत	JJ	14	pof
हुआ	VM	8	ccof
।	SYM	7	rsym

राजा	NN	0	r6
पत्नी	NN	0	nmod
सुरमई	NNP	0	k1
हादसे	NN	0	r6-k2
जिक्र	NN	0	pof
करते	VM	0	vmod
बताती	VM	0	main
पानी	NN	0	k1
तेजी	NN	0	adv
आया	VM	0	ccof
NULL	CC	0	k2
ऐसा	PRP	0	adv
लगा	VM	0	ccof
जैसे	PRP	0	adv
वह	PRP	0	k1
हमारा	PRP	0	r6-k2
पीछा	NN	0	pof
कर	VM	0	nmod__relc
।	SYM	0	rsym

हम	PRP	5	k1
दिन	NN	5	k7t
जंगलों	NN	5	k7p
शरण	NN	5	pof
लिए	VM	0	main
।	SYM	5	rsym

हमारे	PRP	3	k7
चावल	NN	3	k1
था	VM	4	ccof
NULL	CC	0	main
वह	PRP	8	k1
जल्द	RB	8	adv
खत्म	JJ	8	pof
हो	VM	4	ccof
।	SYM	4	rsym

इसके	PRP	4	k7t
हमें	PRP	4	k1
भूखे	JJ	4	pof
रहना	VM	0	main
।	SYM	4	rsym

अंडमानीज	NNP	5	k1
समय	NN	5	k7t
क्षेत्र	NN	4	r6
समूह	NN	5	k1s
था	VM	0	main
।	SYM	5	rsym

१७८९	NNP	5	k7
इनकी	PRP	3	r6
जनसंख्या	NN	5	k1
१०,०००	QC	5	k1s
थी	VM	0	main
।	SYM	5	rsym

सरकार	NN	0	k1
कहना	VM	0	k1
है	VM	0	main
कि	CC	0	k2
अब	PRP	0	k7t
अंडमानीज	NNP	0	k1
बचे	VM	0	ccof
जबकि	CC	0	vmod
अंडमानीज	NNP	0	r6
राजा	NN	0	nmod
जिरोकी	NNP	0	k1
बताया	VM	0	ccof
कि	CC	0	k2
लोग	NN	0	k1
५०	QC	0	k1s
हैं	VM	0	ccof
जिनमें	PRP	0	k5
तो	RP	0	nmod
उनके	PRP	0	r6
बच्चे	NN	0	k1
हैं	VM	0	nmod__relc
।	SYM	0	rsym

राहत	NN	2	ccof
और	CC	4	nmod
बचाव	NN	2	ccof
कर्मी	NN	11	k1
द्वीप	NNP	6	r6
जंगलों	NN	7	k7p
रहने	VM	8	nmod
आदिवासियों	NN	11	k2
हफ्ते	NN	11	k7t
ब्लेयर	NNP	11	k7p
लाये	VM	0	main
।	SYM	11	rsym

मौके	NN	2	r6-k1
फायदा	NN	3	pof
उठाते	VM	10	vmod
इनके	PRP	5	r6
राजा	NN	6	nmod
जिरोकी	NNP	10	k1
यहां	PRP	10	k7p
मिरगी	NNP	9	r6-k2
इलाज	NN	10	pof
कराया	VM	0	main
।	SYM	10	rsym

शर्ट	NN	2	ccof
और	CC	4	k2
शॉर्टस	NN	2	ccof
पहने	VM	5	nmod__k1inv
जिरोकी	NNP	7	k1
हिंदी	NNP	7	k7
बताते	VM	0	main
कि	CC	7	k2
झटके	NN	12	adv
उनके	PRP	11	r6
घर	NN	12	k1
हिलने	VM	8	ccof
।	SYM	7	rsym

इसके	PRP	6	k7t
मैंने	PRP	6	k1
सभी	PRP	4	k2
भागने	VM	5	r6-k2
निर्देश	NN	6	pof
दिए	VM	0	main
।	SYM	6	rsym

मैं	PRP	3	k1
राजा	NN	3	k1s
हूं	VM	0	main
।	SYM	3	rsym

मैं	PRP	0	k1
जैसा	RB	0	adv
कहूंगा	VM	0	rbmod__relc
उन्हें	PRP	6	k1
वैसा	RB	6	adv
करना	VM	0	main
।	SYM	6	rsym

मानवशास्त्रियों	NN	2	r6
अटकलों	NN	4	vmod
सुरमई	NNP	4	k1
कहती	VM	0	main
उन्हें	PRP	9	k4a
आपदा	NN	7	r6
तरह	NN	8	r6-k2
पूर्वाभास	NN	9	pof
हुआ	VM	4	k2
।	SYM	4	rsym

अंडमानीज	NNP	5	k1
सुनामी	NN	3	k1
आने	VM	4	r6
खतरे	NN	5	k2
भांप	VM	0	main
।	SYM	5	rsym

मानवशास्त्रियों	NN	0	k1
कहना	VM	0	k1
है	VM	0	main
कि	CC	0	k2
अंडमानीज	NNP	0	k1
लोगों	NN	0	r6
उदाहरण	NN	0	k1s
हैं	VM	0	ccof
जो	PRP	0	k1
दुनिया	NN	0	r6
संपर्क	NN	0	k7
आकर	VM	0	vmod
अपनी	PRP	0	r6
परंपराओं	NN	0	ccof
व	CC	0	k2
संस्कृति	NN	0	ccof
भूल	VM	0	nmod__relc
।	SYM	0	rsym

सोसाइटी	NNP	2	r6
प्रमुख	NN	3	nmod
आचार्य	NNP	4	k1
बताया	VM	0	main
कि	CC	4	k2
उन्होंने	PRP	10	k1
आदिवासियों	NN	8	r6
बारीकी	NN	10	adv
अध्ययन	NN	10	pof
किया	VM	5	ccof
।	SYM	4	rsym

इनमें	PRP	6	k7
अपनी	PRP	3	r6
परंपराओं	NN	4	r6
चिन्ह	NN	6	k1
नजर	NN	6	pof
आता	VM	0	main
।	SYM	6	rsym

वह	PRP	4	k1
अपनी	PRP	3	r6
खूबी	NN	4	k2
भूल	VM	0	main
।	SYM	4	rsym

उनके	PRP	2	r6
साथी	NN	6	k1
पुलिस	NN	4	ccof
व	CC	6	k7
नौकरियों	NN	4	ccof
हैं	VM	0	main
।	SYM	6	rsym

नेता	NN	2	k1
माना	VM	0	main
कि	CC	2	k2
उनकी	PRP	5	r6
जिंदगी	NN	10	k1
उनके	PRP	7	r6
पूर्वजों	NN	8	r6
जीनवशैली	NN	10	k5
एकदम	RB	10	adv
बदल	VM	3	ccof
।	SYM	2	rsym

अब	PRP	5	k7t
वह	PRP	5	k1
कमान	NN	5	k2
इस्तेमाल	NN	5	pof
करते	VM	6	ccof
बल्कि	CC	0	main
भाले	NN	12	k3
मछलियों	NN	9	ccof
व	CC	11	r6-k2
सूअरों	NN	9	ccof
शिकार	NN	12	pof
करते	VM	6	ccof
।	SYM	6	rsym

अंडमानीज	NNP	9	k1
रूप	NN	9	adv
जड़ें	NN	6	ccof
पदार्थ	NN	6	ccof
कछुए	NN	6	ccof
व	CC	9	k2
उनके	PRP	8	r6
अंडे	NN	6	ccof
खाते	VM	0	main
।	SYM	9	rsym

लेकिन	CC	0	main
सालों	NN	11	k7t
उन्होंने	PRP	11	k1
भारतवासियों	NN	11	k1u
चावल	NN	7	ccof
दाल	NN	7	ccof
व	CC	9	k2
रोटी	NN	7	ccof
खाना	VM	11	k2
शुरू	NN	11	pof
किया	VM	1	ccof
।	SYM	1	rsym

पेय	NN	2	k2
पीकर	VM	7	vmod
वे	PRP	7	k1
तरह	RDP	5	r6
बीमारियों	NN	7	k4
न्योता	NN	7	pof
दे	VM	0	main
।	SYM	7	rsym

तरह	NN	9	sent-adv
भारतीयों	NN	3	r6
संपर्क	NN	4	k7
आकर	VM	9	vmod
अंडमानीज	NNP	9	k1
अपने	PRP	7	r6
अस्तित्व	NN	9	k2
खतरे	NN	9	k7
डाल	VM	0	main
।	SYM	9	rsym

जनजाति	NN	2	k7
आ	VM	3	nmod__k1inv
बदलाव	NN	4	r6-k2
झलक	NN	11	pof
अंडमानीज	NNP	6	r6
राजा	NN	7	ccof
और	CC	10	r6
उनकी	PRP	9	r6
पत्नी	NN	7	ccof
जिंदगी	NN	11	k7
दिखाई	VM	0	main
।	SYM	11	rsym

सुरमई	NNP	4	k4a
पोर्टब्लेयर	NNP	4	k7p
रास	NN	4	pof
आया	VM	0	main
।	SYM	4	rsym

उन्होंने	PRP	2	k1
कहा	VM	0	main
मैं	PRP	6	k1
वापस	JJ	5	pof
जाना	VM	6	k2
चाहती	VM	2	k2
।	SYM	2	rsym

मुझे	PRP	4	k4a
यहां	PRP	4	k7p
अच्छा	JJ	4	pof
लग	VM	0	main
।	SYM	4	rsym

मैं	PRP	5	k1
जंगलों	NN	3	k7p
रहने	VM	4	r6
आदी	JJ	5	k1s
हूं	VM	0	main
।	SYM	5	rsym

लेकिन	CC	0	main
उनके	PRP	3	r6
पति	NN	4	nmod
जिरोकी	NNP	7	k1
इससे	PRP	7	rt
असहमत	JJ	7	pof
थे	VM	1	ccof
।	SYM	1	rsym

वह	PRP	2	k1
कहते	VM	0	main
दुनिया	NN	4	r6
संपर्क	NN	5	k7
आकर	VM	7	vmod
अच्छा	JJ	7	pof
लग	VM	2	k2
।	SYM	2	rsym

इससे	PRP	5	k7t
हमारा	PRP	3	r6
ध्यान	NN	5	k1
शिकार	NN	5	k7
था	VM	0	main
।	SYM	5	rsym

यही	PRP	3	k1
नहीं	NEG	3	vmod
NULL	VM	4	ccof
NULL	CC	0	main
जिरोकी	NNP	6	k1
बताते	VM	4	ccof
कि	CC	6	k2
दुनिया	NN	9	r6
संपर्क	NN	10	k7
आने	VM	14	rh
उन्हें	PRP	14	k2
फिल्मों	NN	14	k7
पता	NN	14	pof
चला	VM	7	ccof
।	SYM	4	rsym

निकोबार	NNP	2	r6
द्वीप	NN	3	nmod
स्ट्रैट	NNP	4	k7p
रहने	VM	5	nmod
आदिवासियों	NN	6	r6
राजा	NN	7	nmod
जिरोकी	NNP	15	k4
बार	NN	15	k7t
अस्पताल	NN	15	k7p
अपनी	PRP	11	r6
मिरगी	NN	12	r6-k2
इलाज	NN	13	pof
कराने	VM	14	r6
मौका	NN	15	k1
मिला	VM	0	main
।	SYM	15	rsym

