नेता	NN	2	nmod
बसु	NNP	18	k1
बिहार	NNP	4	k7p
होने	VM	5	nmod__k1inv
विधानसभा	NN	6	r6
चुनावों	NN	18	k7
माकपा	NNP	9	ccof
ब्लॉक	NNP	9	ccof
व	CC	16	k1
आरएसपी	NNP	9	ccof
पार्टी	NNP	12	ras-k1
मिलकर	VM	16	vmod
चुनाव	NN	14	k2
लड़ने	VM	15	r6-k2
फैसला	NN	16	pof
करने	VM	18	k7
अफसोस	NN	18	k2
जताया	VM	0	main
।	SYM	18	rsym

उन्होंने	PRP	0	k1
कहा	VM	0	main
कि	CC	0	k2
इससे	PRP	0	rh
मतों	NN	0	r6
विभाजन	NN	0	k2
होगा	VM	0	ccof
जिसका	PRP	0	r6
फायदा	NN	0	k2
भाजपा	NNP	0	r6
नेतृत्व	NN	0	nmod
राजग	NNP	0	k4
मिलेगा	VM	0	nmod__relc
।	SYM	0	rsym

बसु	NNP	2	k1
कहा	VM	0	main
कि	CC	2	k2
चुनाव	NN	9	k7
मतों	NN	7	k2
एकजुट	RB	7	vmod
रखना	VM	9	k2
मुश्किल	JJ	9	pof
हो	VM	3	ccof
।	SYM	2	rsym

यह	PRP	2	k2
पूछे	VM	0	root
कि	CC	0	root
क्या	WQ	10	adv
वे	PRP	10	k1
मतों	NN	7	r6
विभाजन	NN	8	k2
रोकने	VM	10	rt
पहल	NN	10	pof
करेंगे	VM	3	ccof
उन्होंने	PRP	12	k1
कहा	VM	0	root
कि	CC	12	k2
मैं	PRP	16	k1
क्या	WQ	16	k2
कर	VM	13	ccof
।	SYM	12	rsym

दिल्ली	NNP	6	k7p
हमारे	PRP	3	r6
नेता	NN	6	k1
इसके	PRP	6	rt
प्रयास	NN	6	pof
कर	VM	0	main
।	SYM	6	rsym

मतों	NN	2	r6
विभाजन	NN	5	k7
लोगों	NN	5	k1
निर्णय	NN	5	k2
लेना	VM	0	main
।	SYM	5	rsym

सवाल	NN	2	r6
जवाब	NN	4	k7
उन्होंने	PRP	4	k1
कहा	VM	0	main
कि	CC	4	k2
मतों	NN	10	k7
विभाजन	NN	8	r6
लाभ	NN	10	k2
एनडीए	NNP	10	k4
मिलेगा	VM	5	ccof
।	SYM	4	rsym

उन्होंने	PRP	2	k1
कहा	VM	0	main
कि	CC	2	k2
यादव	NNP	5	r6
राजद	NNP	6	r6
नेतृत्व	NN	7	nmod
कांग्रेस	NNP	8	ccof
व	CC	10	nmod
एनसीपी	NNP	8	ccof
गठबंधन	NN	13	k4
माकपा	NNP	13	k1
समर्थन	NN	13	k2
दे	VM	3	ccof
।	SYM	2	rsym

इससे	PRP	13	k7t
वामदलों	NN	13	k1
बिहार	NNP	4	r6
परिदृश्य	NN	13	k7a
मतभेदों	NN	7	vmod
राज्य	NN	7	k7p
होने	VM	8	nmod
चुनाव	NN	13	k7
मतों	NN	10	r6
विभाजन	NN	11	k2
रोकने	VM	12	r6-k2
फैसला	NN	13	pof
किया	VM	0	main
।	SYM	13	rsym

वामदलों	NN	0	r6
नेताओं	NN	0	nmod
बातचीत	NN	0	k7t
माकपा	NNP	0	r6
महासचिव	NN	0	nmod
करात	NNP	0	k1
कहा	VM	0	main
कि	CC	0	k2
बिहार	NNP	0	k7p
चुनाव	NN	0	k2
लेकर	VM	0	vmod
वामदलों	NN	0	k7
मतभेद	NN	0	k1
हैं	VM	0	ccof
लेकिन	CC	0	ccof
हमारा	PRP	0	r6
मानना	VM	0	k1
है	VM	0	ccof
कि	CC	0	k2
मतों	NN	0	r6
विभाजन	NN	0	k2
होना	VM	0	ccof
।	SYM	0	rsym

