सरकार	NN	20	k1
फीसदी	NN	3	r6
दर	NN	4	k2
बनाए	VM	20	rt
अपनी	PRP	6	r6
प्राथमिकताएं	NN	8	k2
तय	JJ	8	pof
करते	VM	11	vmod
इसे	PRP	11	k2
हासिल	JJ	11	pof
करने	VM	20	rt
कृषि	NN	15	ccof
शिक्षा	NN	15	ccof
स्वास्थ्य	NN	15	ccof
व	CC	18	k7
क्षेत्र	NN	15	ccof
घ्यान	NN	18	pof
देने	VM	19	r6
बात	NN	20	k2
कही	VM	0	main
।	SYM	20	rsym

बुधवार	NNP	11	k7t
लोकसभा	NN	5	k7t
सर्वेक्षण	NN	5	k2
पेश	JJ	5	pof
करते	VM	11	vmod
चिदंबरम	NNP	11	k1
अर्थव्यवस्था	NN	8	r6
तसवीर	NN	11	ras-k1
खतरों	NN	11	rd
इशारा	NN	11	pof
किया	VM	0	main
।	SYM	11	rsym

खासकर	RB	10	adv
पदार्थो	NN	3	r6
कीमतों	NN	5	k7
रुझान	NN	5	k2
देखते	VM	10	vmod
महंगाई	NN	7	ccof
और	CC	10	k7
दरों	NN	7	ccof
तेजी	NN	10	pof
आ	VM	0	main
।	SYM	10	rsym

इससे	PRP	5	rh
सरकार	NN	3	r6
अनुमान	NN	5	k1
धरे	RB	5	adv
रह	VM	0	main
।	SYM	5	rsym

खासकर	RB	0	adv
बाजार	NN	0	k7
तेल	NN	5	r6
बढ़ती	VM	5	nmod__k1inv
कीमतों	NN	6	r6
देश	NN	7	r6
दर	NN	8	k7
पड़ने	VM	9	nmod
असर	NN	10	k2
लेकर	VM	13	vmod
सर्वे	NN	13	k1
गंभीर	JJ	13	k1s
है	VM	0	main
।	SYM	13	rsym

इसमें	PRP	2	k7
कहा	VM	0	main
कि	CC	2	k2
दबाव	NN	6	ras-k2
दबाव	NN	6	k2
झेलने	VM	3	ccof
।	SYM	2	rsym

जगत	NN	11	rd
ऋण	NN	3	r6
मांग	NN	11	k7
बढ़ोतरी	NN	5	ccof
और	CC	11	k7
घाटे	NN	5	ccof
वृद्धि	NN	11	rh
दरों	NN	9	r6
फायदे	NN	11	k1
छूमंतर	JJ	11	pof
हो	VM	0	main
।	SYM	11	rsym

दरों	NN	4	k7
तेजी	NN	4	adv
महंगाई	NN	4	k1
बढ़	VM	0	main
।	SYM	4	rsym

सर्वे	NN	3	k7
कर	NN	3	k2
देने	VM	4	r6
प्रवृत्ति	NN	7	k7
चिंता	NN	7	k2
जाहिर	JJ	7	pof
की	VM	0	main
।	SYM	7	rsym

साथ	NST	7	sent-adv
इस	PRP	4	k7
रोक	NN	4	pof
लगाने	VM	5	r6
उपायों	NN	6	r6-k2
घोषणा	NN	7	pof
की	VM	0	main
।	SYM	7	rsym

सर्वे	NN	2	k7
कहा	VM	0	main
कि	CC	2	k2
शिक्षा	NN	5	r6-k2
फीस	NN	6	pof
बढ़ाने	VM	7	r6
जरूरत	NN	8	k1
है	VM	3	ccof
।	SYM	2	rsym

मानसून	NN	9	rh
खाद्यान्नों	NN	3	r6
पैदावार	NN	6	k1
०३	NNP	5	r6
टन	NN	6	k2
बढ़	VM	9	vmod
०४	NNP	8	r6
टन	NN	9	k1
पहुंच	VM	0	main
।	SYM	9	rsym

दौरान	NST	8	k7t
अनाज	NN	3	ccof
और	CC	5	nmod
दलहन	NN	3	ccof
दोनों	NN	6	r6
पैदावार	NN	8	k7
वृद्धि	NN	8	pof
हुई	VM	0	main
।	SYM	8	rsym

मानसून	NN	2	r6
संभावना	NN	8	k7a
०४	NNP	6	k7
खाद्यान्नों	NN	5	r6-k2
पैदावार	NN	6	pof
बढ़ने	VM	7	r6
उम्मीद	NN	8	k1
है	VM	0	main
।	SYM	8	rsym

सर्वे	NN	2	k7
कहा	VM	0	main
कि	CC	2	k2
क्षेत्र	NN	6	k7
कार्य	NN	6	k2
कर	VM	7	nmod__k1inv
श्रमिकों	NN	10	k4
उद्योग	NN	10	k7
रोजगार	NN	10	k2
देने	VM	11	ccof
और	CC	3	ccof
इसके	PRP	17	rt
उद्योगों	NN	15	k4
बढ़ावा	NN	15	pof
देने	VM	17	rt
अभियान	NN	17	k2
चलाया	VM	11	ccof
।	SYM	2	rsym

सरकार	NN	6	k1
स्फीति	NN	4	k7
नियंत्रण	NN	4	pof
रखने	VM	5	r6
वचनबद्धता	NN	6	k2
दोहराई	VM	0	main
।	SYM	6	rsym

साथ	NST	7	sent-adv
दर	NN	5	k2
फीसदी	NN	4	jjmod
अधिक	QF	5	pof
करने	VM	6	r6
लक्ष्य	NN	7	k2
रखा	VM	0	main
।	SYM	7	rsym

सरकार	NNP	0	k7a
यद्यपि	CC	0	vmod
टेलीकॉम	NN	5	ccof
सड़क	NN	5	ccof
और	CC	7	nmod
बंदरगाह	NN	5	ccof
सुविधाओं	NN	8	r6
क्षेत्र	NN	14	k7
मांग	NN	10	ccof
और	CC	12	r6
पूर्ति	NN	10	ccof
अंतर	NN	14	k1
कम	QF	14	k1s
हुआ	VM	2	ccof
पर	CC	0	main
सुविधाओं	NN	17	r6
अभाव	NN	20	rh
विकास	NN	20	k7
बाधा	NN	20	pof
आ	VM	15	ccof
।	SYM	15	rsym

क्षेत्र	NN	4	k7
निवेश	NN	4	k1
अपर्याप्त	JJ	4	k1s
रहा	VM	5	ccof
NULL	CC	0	main
ही	RP	12	sent-adv
माहौल	NN	8	k1
मिलने	VM	12	rh
क्षेत्र	NN	12	k7
निवेश	NN	12	k7
बढ़ोत्तरी	NN	12	pof
हुई	VM	5	ccof
।	SYM	5	rsym

२००४	NNP	2	k7
कहा	VM	0	main
कि	CC	2	k2
इन्फ्रास्ट्रक्चर	NN	7	k4
इन्फ्रास्ट्रक्चर	NN	7	k2
महत्व	NN	7	k2s
देने	VM	8	r6
गरज	NN	14	rh
कार्यक्रम	NNP	14	k2u
शिक्षा	NN	11	ccof
और	CC	14	k7
स्वास्थ्य	NN	11	ccof
बल	NN	14	k2
दिया	VM	3	ccof
।	SYM	2	rsym

नतीजतन	RB	0	adv
०४	NNP	0	k7t
शिक्षा	NN	0	ccof
और	CC	0	k7
स्वास्थ्य	NN	0	ccof
व्यय	NN	0	k2
बढ़ा	VM	0	vmod
जीडीपी	NNP	0	r6
क्रमशः	RB	13	adv
फीसदी	NN	11	ccof
और	CC	13	pof
फीसदी	NN	11	ccof
करने	VM	14	r6
निर्णय	NN	15	k2
लिया	VM	0	main
।	SYM	15	rsym

सर्वेक्षण	NN	2	k7
कहा	VM	0	main
कि	CC	2	k2
०४	NNP	9	k7t
अर्थवयवस्था	NN	9	k7
फीसदी	NN	7	r6
दर	NN	9	k3
वृद्धि	NN	9	pof
हुई	VM	3	ccof
।	SYM	2	rsym

साथ	NST	0	root
विकास	NN	4	ccof
स्फीति	NN	4	ccof
और	CC	0	root
संतुलन	NN	6	r6
मामले	NN	0	root
अर्थव्यवस्था	NN	0	root
सुदृढ़	JJ	9	pof
हुई	VM	0	root
।	SYM	9	rsym

उद्योग	NN	2	ccof
और	CC	8	k7
क्षेत्र	NN	2	ccof
वृद्धि	NN	8	rh
जीडीपी	NNP	6	r6
बढ़त	NN	8	k4
सहयोग	NN	8	k1
मिला	VM	0	main
।	SYM	8	rsym

क्षेत्र	NN	5	k7
फीसदी	NN	3	r6
दर	NN	5	k3
वृद्धि	NN	5	pof
हुई	VM	6	ccof
और	CC	0	main
इसका	PRP	8	r6
जीडीपी	NNP	10	k7
योगदान	NN	10	k1
रहा	VM	6	ccof
।	SYM	6	rsym

०४	NNP	5	k7t
मूल्यों	NN	5	k7
कमोबेश	RB	5	adv
स्थिरता	NN	5	k1
बनी	VM	0	main
।	SYM	5	rsym

मुद्रास्फीति	NN	2	r6
दर	NN	4	k1
फीसदी	NN	4	k1s
रही	VM	0	main
।	SYM	4	rsym

मूल्यों	NN	2	r6
बढ़त	NN	5	k7
क्षेत्र	NN	4	r6
योगदान	NN	5	k1
रहा	VM	0	main
।	SYM	5	rsym

२००४	NNP	5	k7t
भंडार	NN	5	k1
डॉलर	NN	4	r6
ऊंचाई	NN	5	k2
छू	VM	0	main
।	SYM	5	rsym

