चुनाव	NN	5	k7
साल	NN	3	r6
समय	NN	5	k7t
शेष	JJ	5	pof
रह	VM	0	main
।	SYM	5	rsym

लेकिन	CC	0	main
पार्टी	NN	3	nmod
परिषद	NNP	8	k7
अगप	NNP	3	rs
में	PSP	3	fragof
तान	NN	8	k1
जोरों	NN	8	k7
है	VM	1	ccof
।	SYM	1	rsym

सोमवार	NNP	0	k7t
पार्टी	NN	0	r6
समिति	NN	0	r6
बैठक	NN	0	k1
शुरू	NN	0	pof
हो	VM	0	main
जिसमें	PRP	0	k7
नेतृत्व	NN	0	r6
मुद्दा	NN	0	k2
छाए	VM	0	r6
संभावना	NN	0	k1
है	VM	0	nmod__relc
।	SYM	0	rsym

पार्टी	NN	2	r6
नेताओं	NN	3	nmod
महंत	NNP	4	ccof
तथा	CC	6	r6
फूकन	NNP	4	ccof
साथ	NST	7	vmod
आना	VM	13	k2
गोस्वामी	NNP	9	ccof
और	CC	13	rt
उनके	PRP	11	nmod
समर्थकों	NN	9	ccof
संकेत	NN	13	k2s
माना	VM	0	main
।	SYM	13	rsym

कैंप	NN	4	k1
महंत	NNP	4	k4a
दरकिनार	RB	4	pof
कर	VM	0	main
।	SYM	4	rsym

उनके	PRP	2	r6
समर्थकों	NN	5	k1
महिला	NN	5	k4
संबंध	NN	5	pof
रखने	VM	6	r6
आरोप	NN	11	k7
उन्हें	PRP	9	k1
इस्तीफा	NN	9	k2
देने	VM	11	rt
मजबूर	JJ	11	pof
कर	VM	0	main
।	SYM	11	rsym

पार्टी	NN	2	r6
संस्थापक	NN	3	nmod
महंत	NNP	6	k1
अब	PRP	6	k7t
झटके	NN	6	k2
उबर	VM	7	ccof
और	CC	0	main
उन्होंने	PRP	12	k1
नेतृत्व	NN	12	k7
हमला	NN	12	k2
तेज	JJ	12	pof
कर	VM	7	ccof
।	SYM	7	rsym

पार्टी	NN	2	r6
गतिविधियों	NN	5	k7
फिर	RB	5	adv
दिलचस्पी	NN	5	k2
ले	VM	6	nmod__k1inv
महंत	NNP	14	k4a
दोस्त	NN	9	k5
दुश्मन	NN	9	pof
बन	VM	10	nmod__k1inv
फूकन	NNP	12	k2
हाथ	NN	12	pof
मिलाने	VM	14	vmod
गुरेज	NN	14	k1
है	VM	0	main
।	SYM	14	rsym

फूकन	NNP	6	k1
पार्टी	NN	6	k7
अपनी	PRP	4	r6
उपेक्षा	NN	6	adv
आहत	JJ	6	k1s
हैं	VM	0	main
।	SYM	6	rsym

फूकन	NNP	2	r6
हिल	NNP	3	jjmod
स्थित	JJ	4	nmod
आवास	NN	5	k7p
हुई	VM	6	nmod__k1inv
बैठक	NN	11	k7a
अगप	NNP	8	r6
किस्मत	NN	9	k2
बदलने	VM	10	r6-k2
उम्मीद	NN	11	pof
जताई	VM	0	main
।	SYM	11	rsym

गोस्वामी	NNP	3	k1
पहले	NST	3	k7t
कह	VM	0	main
कि	CC	3	k2
पार्टी	NN	8	k7
कीमत	NN	8	k7
अनुशासन	NN	8	k2
बनाए	VM	4	ccof
।	SYM	3	rsym

लेकिन	CC	0	main
उन्होंने	PRP	11	k1
महंत	NNP	4	ccof
और	CC	6	r6
फूकन	NNP	4	ccof
नेतृत्व	NN	7	r6
आरोप	NN	9	k7
टिथी	NN	9	pof
करने	VM	11	k2
इन्कार	NN	11	pof
कर	VM	1	ccof
।	SYM	1	rsym

नेताओं	NN	0	k1
गोस्वामी	NNP	0	k7
आरोप	NN	0	k2
लगाया	VM	0	main
कि	CC	0	rs
उनके	PRP	0	r6
नेतृत्व	NN	0	rh
पार्टी	NN	0	k1
जनता	NN	0	k7
लोकप्रिय	JJ	0	pof
हो	VM	0	ccof
।	SYM	0	rsym

अध्यक्ष	NN	0	k1
कहा	VM	0	main
कि	CC	0	k2
यदि	CC	0	vmod
सदस्य	NN	0	k1
बात	NN	0	k2
कहनी	VM	0	ccof
तो	CC	0	ccof
वह	PRP	0	k1
मीडिया	NN	0	k7
नहीं	NEG	0	vmod
NULL	VM	0	ccof
बल्कि	CC	0	ccof
पार्टी	NN	0	r6
मंच	NN	0	k7
अपनी	PRP	0	r6
बात	NN	0	k2
रखे	VM	0	ccof
।	SYM	0	rsym

गोस्वामी	NNP	0	k1
कहा	VM	0	main
कि	CC	0	k2
उन्हें	PRP	0	k2
तरीके	NN	0	k3
चुना	VM	0	ccof
और	CC	0	ccof
उन्होंने	PRP	0	k1
पार्टी	NN	0	r6
नियमों	NN	0	r6-k2
सख्ती	NN	0	adv
पालन	NN	0	pof
किया	VM	0	ccof
।	SYM	0	rsym

यह	PRP	0	k2
असम	NNP	0	r6
जनता	NN	0	k1
फैसला	NN	0	pof
करना	VM	0	main
कि	CC	0	rs
पार्टी	NN	0	k1
सरकार	NN	0	k2
बनाएगी	VM	0	ccof
।	SYM	0	rsym

