कश्मीर	NNP	2	r6
जिले	NN	11	k7
शुक्रवार	NNP	11	k7t
सेना	NN	5	ccof
और	CC	7	k7
आतंकियों	NN	5	ccof
हुई	VM	8	nmod__k1inv
मुठभेड़	NN	11	k7
ताइबा	NNP	10	r6
आतंकी	NN	11	k2
मारे	VM	0	main
।	SYM	11	rsym

आतंकवादी	NN	4	k1
घुसपैठ	NN	3	r6
फिराक	NN	4	k7
थे	VM	0	main
।	SYM	4	rsym

मुठभेड़	NN	6	k7
जेसीओ	NNP	6	ras-k1
सेना	NN	4	r6
जवान	NN	6	k1
शहीद	JJ	6	pof
हो	VM	0	main
।	SYM	6	rsym

उधर	NST	0	sent-adv
सेना	NN	0	k1
ग्रुप	NN	0	r6-k2
फोड़	NN	0	pof
किया	VM	0	main
जो	PRP	0	k1
जिहाद	NN	0	r6
नाम	NN	0	k7
युवकों	NN	0	k2
बरगला	VM	0	vmod
गुटों	NN	0	k7
भर्ती	NN	0	pof
करता	VM	0	nmod__relc
।	SYM	0	rsym

सेना	NN	2	r6
प्रवक्ता	NN	3	nmod
बत्रा	NNP	4	k1
कहा	VM	0	main
कि	CC	4	k2
गुट	NN	7	r6
प्रमुख	NN	11	k1
जिले	NN	9	r6
कुलगाम	NNP	10	r6
नेता	NN	11	k1s
था	VM	5	ccof
।	SYM	4	rsym

पुंछ	NNP	2	k7p
हुई	VM	3	nmod__k1inv
मुठभेड़	NN	5	k7
अधिकारी	NN	5	k1
बताया	VM	0	main
कि	CC	5	k2
इनफेंट्री	NNP	12	k1
गुट	NN	9	r6
आतंकियों	NN	12	k4
रेखा	NN	12	k7
चुनौती	NN	12	pof
देने	VM	17	k7
मुठभेड़	NN	17	k1
रात	NN	17	k7t
बजे	NN	17	k7t
शुरू	NN	17	pof
हुई	VM	6	ccof
।	SYM	5	rsym

आतंकी	NN	9	k1
इलाके	NN	9	k7p
रेखा	NN	5	k2
पार	NN	5	pof
कर	VM	9	vmod
घुसपैठ	NN	7	pof
करने	VM	8	r6-k2
कोशिश	NN	9	pof
कर	VM	0	main
।	SYM	9	rsym

सेना	NN	3	k1
चुनौती	NN	3	pof
देने	VM	8	k7
आतंकियों	NN	8	k1
गोली	NN	6	k2
चलानी	VM	8	k2
शुरू	NN	8	pof
कर	VM	0	main
।	SYM	8	rsym

सेना	NN	2	r6
कार्रवाई	NN	4	k7
आतंकी	NN	4	k1
मारे	VM	0	main
।	SYM	4	rsym

मुठभेड़	NN	6	k7
सूबेदार	NN	3	nmod
सिंह	NNP	6	ras-k1
जवान	NN	6	k1
शहीद	JJ	6	pof
हो	VM	0	main
।	SYM	6	rsym

मुठभेड़	NN	2	nmod
स्थान	NN	12	k5
राइफल	NN	9	ccof
मैगजीन	NN	9	ccof
ग्रेनेड	NN	9	ccof
आईइडी	NNP	9	ccof
सेट	NN	9	ccof
पिस्तौल	NN	9	ccof
व	CC	12	k2
हथियार	NN	9	ccof
बरामद	JJ	12	pof
किए	VM	0	main
।	SYM	12	rsym

उधर	NST	9	sent-adv
जिहाद	NN	3	r6
नाम	NN	6	k7
गुट	NN	6	k7
शामिल	JJ	6	pof
करने	VM	7	nmod
गुट	NN	9	k7
बत्रा	NNP	9	k1
कहा	VM	0	main
कि	CC	9	k2
गुट	NN	18	k1
रूप	NN	13	nmod
युवकों	NN	18	k2
पैसे	NN	15	r6
लालच	NN	18	k7
गुटों	NN	18	k7
शामिल	JJ	18	pof
करता	VM	10	ccof
।	SYM	9	rsym

