आतंकियों	NN	9	k1
विमान	NN	3	r6
अपहरण	NN	4	ccof
या	CC	7	k4
हमले	NN	4	ccof
अंजाम	NN	7	pof
देने	VM	8	r6-k2
कोशिश	NN	9	pof
किए	VM	10	r6
जानकारी	NN	15	k7
देश	NN	12	r6
अड्डों	NN	15	k7p
व्यवस्था	NN	15	k2
कड़ी	JJ	15	pof
कर	VM	0	main
।	SYM	15	rsym

मंत्रालय	NNP	0	k1
रात	NN	0	k7t
अलर्ट	NN	0	k2
जारी	JJ	0	pof
कर	VM	0	main
जिसमें	PRP	0	k7
खासतौर	NN	0	k7
एयरपोर्ट	NN	0	r6-k2
जिक्र	NN	0	pof
करते	VM	0	vmod
बलों	NN	0	k5
अड्डे	NN	0	k2p
आने	VM	0	nmod
वाहनों	NN	0	k7
निगरानी	NN	0	pof
रखने	VM	0	k2
कहा	VM	0	nmod__relc
।	SYM	0	rsym

समझा	VM	0	main
कि	CC	0	k2
विभाग	NN	0	k1
आतंकियों	NN	0	k7
बातचीत	NN	0	r6
अंश	NN	0	k2
सुने	VM	0	k7t
अलर्ट	NN	0	k2
जारी	JJ	0	pof
किया	VM	0	ccof
जिसमें	PRP	0	k7
अपहरण	NN	0	r6
उद्देश्य	NN	0	rh
हमले	NN	0	r6-k2
प्रयास	NN	0	pof
करने	VM	0	r6-k2
संकेत	NN	0	pof
मिले	VM	0	nmod__relc
।	SYM	0	rsym

अलर्ट	NN	11	k7t
अड्डों	NN	3	r6
सुरक्षा	NN	4	jjmod
तैनात	JJ	8	nmod
बल	NNP	8	r6
सीआईएसएफ	NNP	5	rs
के	PSP	5	fragof
दलों	NN	10	k2
तैयार	JJ	10	pof
रहने	VM	11	k2
कहा	VM	12	ccof
और	CC	0	main
स्थानों	NN	17	k7p
बैरिकेड	NN	15	k2
लगाकर	VM	17	vmod
इंतजाम	NN	17	k2
बढ़ा	VM	12	ccof
।	SYM	12	rsym

दिल्ली	NNP	2	jjmod
स्थित	JJ	3	nmod
अड्डे	NNP	5	k7p
बैरिकेड	NN	5	k2
लगाए	VM	0	main
।	SYM	5	rsym

हालांकि	CC	0	main
बात	NN	0	r6-k2
ध्यान	NN	0	pof
रखा	VM	0	ccof
कि	CC	0	rs
इससे	PRP	0	rh
यात्रियों	NN	0	r6
आवागमन	NN	0	k7
बाधा	NN	0	pof
हो	VM	0	ccof
।	SYM	0	rsym

श्रीनगर	NNP	2	ccof
और	CC	7	k7p
जम्मू	NNP	2	ccof
जवानों	NN	7	k1
एयरपोर्ट	NN	7	k7p
गश्त	NN	7	k2
बढ़ा	VM	8	ccof
और	CC	0	main
हमले	NN	10	k2
रोकने	VM	13	rt
परिसर	NN	13	rd
व्यवस्था	NN	13	pof
कर	VM	8	ccof
।	SYM	8	rsym

कोलकाता	NNP	2	jjmod
स्थित	JJ	3	nmod
अड्डे	NNP	6	k7p
सुरक्षा	NN	6	k2
कड़ी	JJ	6	pof
कर	VM	0	main
।	SYM	6	rsym

हैदराबाद	NNP	2	ccof
व	CC	4	nmod
चेन्नई	NNP	2	ccof
राज्यों	NN	5	r6
राजधानियों	NN	11	k7p
कर्मियों	NN	11	ras-k2
अड्डे	NN	8	k2p
आने	VM	9	nmod
यात्रियों	NN	10	r6-k2
जांच	NN	11	pof
की	VM	0	main
।	SYM	11	rsym

कोच्चि	NNP	6	k7p
स्थित	JJ	3	nmod
अड्डे	NNP	6	k7p
व्यवस्था	NN	6	k2
कड़ी	JJ	6	pof
कर	VM	0	main
।	SYM	6	rsym

