विधानसभा	NN	0	k7p
बुधवार	NNP	0	k7t
समय	NN	0	k7t
जबरदस्त	RB	0	adv
हंगामा	NN	0	pof
हुआ	VM	0	main
जब	PRP	0	k7t
विपक्ष	NN	0	k1
पक्ष	NN	0	r6
सदस्यों	NN	0	k7
अपराधियों	NN	0	k5
सांठगांठ	NN	0	r6-k2
आरोप	NN	0	pof
लगाया	VM	0	nmod__relc
।	SYM	0	rsym

मोहंती	NNP	7	k1
शोरशराबे	NN	7	rh
विधानसभा	NN	4	r6
कार्यवाही	NN	7	k2
बार	NN	6	jjmod
स्थगित	JJ	7	pof
करना	VM	0	main
।	SYM	7	rsym

विधानसभा	NN	2	r6
कार्यवाही	NN	4	k2
शुरू	NN	4	pof
होते	VM	9	vmod
सदस्य	NN	6	nmod
बाहिनीपति	NNP	9	k1
अखबार	NN	8	k2
लहराते	VM	9	vmod
कहा	VM	0	main
कि	CC	9	k2
इसमें	PRP	16	k7
अपराधी	NN	16	ras-k2
पार्टी	NN	14	r6
सदस्य	NN	15	r6-k2
तस्वीर	NN	16	pof
छपी	VM	10	ccof
।	SYM	9	rsym

अपराधी	NN	6	k2
भुवनेश्वर	NNP	6	k7p
हत्या	NN	4	r6
आरोप	NN	6	k7
गिरफ्तार	JJ	6	pof
किया	VM	0	main
।	SYM	6	rsym

इस	PRP	3	k7
अध्यक्ष	NN	3	k1
कहा	VM	0	main
कि	CC	3	k2
प्रश्नकाल	NN	9	k7t
वह	PRP	9	k1
उनकी	PRP	8	r6-k2
बात	NN	9	pof
सुनेंगे	VM	10	ccof
लेकिन	CC	4	ccof
कांग्रेस	NNP	12	r6
सदस्य	NN	23	k1
हाल	NN	15	k7t
टेंडर	NN	15	pof
देने	VM	16	r6
मामले	NN	23	k7
लोगों	NN	18	r6
हत्या	NN	19	r6-k2
जांच	NN	21	pof
सीबीआई	NNP	21	k5
कराने	VM	22	r6-k2
मांग	NN	23	pof
करते	VM	10	ccof
।	SYM	3	rsym

