बजट	NN	2	nmod
सर्वेक्षण	NN	5	k7
सरकार	NN	5	k4
सिफारिश	NN	5	pof
की	VM	0	main
कि	CC	5	k2
इंटरनेट	NN	9	ras-k2
लोगों	NN	9	k2
जोड़ने	VM	10	r6-k2
उपाय	NN	11	pof
किए	VM	6	ccof
।	SYM	5	rsym

सर्वेक्षण	NN	2	k7
कहा	VM	0	main
कि	CC	2	k2
ब्रॉडबैंड	NN	5	ccof
या	CC	12	rh
माध्यम	NN	5	ccof
इंटरनेट	NN	9	k2
इस्तेमाल	NN	9	pof
करने	VM	10	r6
संख्या	NN	12	k7
ठहराव	NN	12	pof
आ	VM	3	ccof
।	SYM	2	rsym

कनेक्शन	NN	0	k3
अप	UNK	0	pof
कर	VM	0	vmod
इंटरनेट	NN	0	k2
इस्तेमाल	NN	0	pof
करने	VM	0	nmod
ग्राहकों	NN	0	rt
समस्या	NN	0	k1
यह	PRP	0	k1s
है	VM	0	main
कि	CC	0	rs
एक्सेस	NN	0	rt
योजना	NN	0	k1
है	VM	0	ccof
।	SYM	0	rsym

सर्वे	NN	6	k7a
सुविधा	NN	6	k7
विकास	NN	6	k1
देशों	NN	6	k7
समस्या	NN	6	k1s
बनी	VM	7	rbmod__relc
वहीं	RB	14	sent-adv
कोरिया	NNP	9	nmod
देशों	NN	14	k7
ब्रॉडबैंड	NN	14	k3
इंटरनेट	NN	14	k1
घरों	NN	14	k7
पहुंच	NN	14	pof
बना	VM	0	main
।	SYM	14	rsym

०४	NNP	0	k7t
कनेक्शन	NN	0	k7
वृद्धि	NN	0	k2
दर्ज	JJ	0	pof
करने	VM	0	k7t
सर्वे	NN	0	k7
उम्मीद	NN	0	k1
जताई	VM	0	main
कि	CC	0	k2
०५	NNP	0	k7t
यदि	CC	0	vmod
गति	NN	0	k3
बढ़ोतरी	NN	0	k1
हुई	VM	0	ccof
तो	CC	0	ccof
०६	NNP	0	r6
अंत	NN	0	k7t
ग्राहकों	NN	0	r6
संख्या	NN	0	k1
करोड़	QC	0	k1s
पहुंच	VM	0	ccof
।	SYM	0	rsym

सर्वे	NN	4	k7
बात	NN	4	k7
चिंता	NN	4	pof
जताई	VM	0	main
कि	CC	4	k2
इसके	PRP	10	k7a
२००६	NNP	10	k7t
घनत्व	NN	10	k1
१४	QC	10	k1s
रहेगा	VM	5	ccof
।	SYM	4	rsym

हालांकि	CC	0	main
फोन	NN	4	k7
दर	NN	4	k2
देखते	VM	10	vmod
०६	NNP	10	k7t
घनत्व	NN	8	k1
१७	QC	8	k7
पहुंचने	VM	9	r6-k2
उम्मीद	NN	10	pof
की	VM	1	ccof
।	SYM	1	rsym

२००४	NNP	9	k7t
इंटरनेट	NN	4	k2
इस्तेमाल	NN	4	pof
करने	VM	5	r6
संख्या	NN	9	k1
लाख	QC	7	k5
बढ़कर	VM	9	vmod
लाख	QC	9	k1s
हो	VM	0	main
।	SYM	9	rsym

वृद्धि	NN	3	k1
फीसदी	NN	3	k1s
है	VM	0	main
।	SYM	3	rsym

सर्वे	NN	0	k7
कहा	VM	0	main
कि	CC	0	k2
बेसिक	JJ	0	ccof
व	CC	0	nmod
सेलुलर	JJ	0	ccof
सेवाओं	NN	0	rt
व्यवस्था	NN	0	k2
साल	NN	0	k7t
शुरू	NN	0	pof
चुकी	VAUX	0	ccof
।	SYM	0	rsym

फिलहाल	RB	0	vmod
योजना	NN	0	k7
विचार	NN	0	pof
किया	VM	0	main
जिससे	PRP	0	rh
ऑपरेटर	NN	0	k1
कोई	PRP	0	ccof
या	CC	0	k2
सेवाएं	NN	0	ccof
प्रदान	JJ	0	pof
करा	VM	0	nmod__relc
।	SYM	0	rsym

प्रतियोगिता	NN	0	rh
खासकर	RB	0	adv
क्षेत्र	NN	0	k7
एसटीडी	NNP	0	ccof
और	CC	0	nmod
आईएसडी	NNP	0	ccof
शुल्क	NN	0	k7
आई	VM	0	nmod__k1inv
गिरावट	NN	0	r6-k2
सर्वे	NN	12	k7
सराहना	NN	12	pof
की	VM	0	main
।	SYM	12	rsym

रकम	NN	2	r6
इस्तेमाल	NN	9	pof
ग्रामीण	JJ	4	ccof
व	CC	6	nmod
आर्थिक	JJ	4	ccof
क्षेत्रों	NN	9	k7p
सुविधा	NN	8	r6
विस्तार	NN	9	rt
किया	VM	0	main
।	SYM	9	rsym

ओर	NST	7	rd
लाइन	NN	7	k7
उपक्रमों	NN	4	r6
ग्राहकों	NN	5	r6
संख्या	NN	7	k7
कमी	NN	7	pof
आ	VM	8	rbmod__relc
वहीं	RB	17	adv
ओर	NST	17	rd
क्षेत्र	NN	11	r6
उपक्रमों	NN	12	r6
ग्राहकों	NN	13	r6
संख्या	NN	17	k7
फीसदी	NN	15	r6
वृद्धि	NN	17	k2
दर्ज	JJ	17	pof
की	VM	0	main
।	SYM	17	rsym

हालांकि	CC	0	main
फोन	NN	3	r6
मामले	NN	10	k7
क्षेत्र	NN	5	r6
ग्राहकों	NN	6	r6
संख्या	NN	8	k2
लाख	QC	8	k5
बढ़कर	VM	10	vmod
लाख	QC	10	k1
हो	VM	1	ccof
।	SYM	1	rsym

