हुकूमत	NN	2	r6
राजधानी	NN	3	k2
रही	VM	4	nmod__k1inv
शिमला	NNP	5	r6
बयार	NN	8	k7p
फुरसत	NN	7	r6
दिन	NN	8	k7t
गुजारने	VM	9	rt
आई	VM	10	nmod__k1inv
वढेरा	NNP	17	k1
सोमवार	NNP	17	k7t
रिट्रीट	NNP	13	r6-k1
दीदार	NN	14	pof
करने	VM	15	r6
हसरत	NN	17	k2
पूरी	JJ	17	pof
कर	VM	0	main
।	SYM	17	rsym

अपने	PRP	2	r6
पति	NN	3	nmod
वढेरा	NNP	5	ras-k1
रिट्रीट	NNP	5	k2p
पहुंची	VM	6	nmod__k1inv
प्रियंका	NNP	9	k1
बचपन	NN	8	r6
यादों	NN	9	k7
खो	VM	0	main
।	SYM	9	rsym

वह	PRP	0	k1
हैलीपेड	NN	0	k2
निहारना	VM	0	k2
भूलीं	VM	0	main
जिसकी	PRP	0	r6
यादें	NN	0	k1
उनके	PRP	0	r6
पापा	NN	0	ccof
यानि	CC	0	rs
गांधी	NNP	0	k2
जुड़ी	VM	0	nmod__relc
।	SYM	0	rsym

अपने	PRP	2	r6
कार्यक्रम	NN	7	k7a
उन्होंने	PRP	7	k1
सुबह	RDP	7	k7t
रिट्रीट	NNP	7	rt
कूच	NN	7	pof
किया	VM	0	main
।	SYM	7	rsym

हॉल	NNP	7	k7p
फासले	NN	3	jjmod
स्थित	JJ	4	nmod
रिट्रीट	NNP	7	k1
राष्ट्रपति	NNP	6	r6
रिहाइश	NN	7	k7
जाना	VM	0	main
।	SYM	7	rsym

यहां	PRP	8	k7p
राष्ट्रपति	NNP	3	ccof
व	CC	8	k1
प्रधानमंत्री	NNP	3	ccof
गर्मियों	NN	6	r6
छुट्टियां	NN	7	k2
बिताने	VM	8	rt
आते	VM	0	main
।	SYM	8	rsym

प्रियंका	NNP	0	r6
दादी	NN	0	nmod
गांधी	NNP	0	ccof
और	CC	0	r6
पिता	NN	6	nmod
गांधी	NNP	4	ccof
रिट्रीट	NNP	9	k1
जगहों	NN	9	k7
रही	VM	0	main
।	SYM	9	rsym

प्रियंका	NNP	9	k4
जगह	NN	7	k7p
अपनी	PRP	4	r6
दादी	NN	7	ras-k1
बचपन	NN	6	r6
दिन	NN	7	k7t
गुजारने	VM	8	r6
अवसर	NN	9	k1
मिला	VM	0	main
।	SYM	9	rsym

बचपन	NN	2	r6
यादें	NN	7	k1
उनके	PRP	4	r6
पटल	NN	7	k7
आज	NN	7	k7t
ओझल	JJ	7	pof
हो	VM	0	main
।	SYM	7	rsym

वजह	NN	0	k1
है	VM	0	main
कि	CC	0	rs
होटल	NN	0	k7p
रहकर	VM	0	vmod
उन्होंने	PRP	0	k1
रिट्रीट	NNP	0	k2p
जाने	VM	0	r6
तमन्ना	NN	0	r6-k2
इजहार	NN	0	pof
ही	RP	0	k7t
कर	VM	0	ccof
।	SYM	0	rsym

पता	NN	2	pof
चला	VM	0	main
कि	CC	2	k2
प्रियंका	NNP	9	k1
देवदार	NNP	6	r6
जंगलों	NN	7	k7p
फैले	VM	8	nmod__k1inv
परिसर	NN	9	k7p
टहलीं	VM	3	ccof
।	SYM	2	rsym

उन्होंने	PRP	0	k1
अपने	PRP	0	r6
पति	NN	0	ras-k1
बचपन	NN	0	r6
क्षणों	NN	0	k2
बांटा	VM	0	main
जो	PRP	0	k1
उनकी	PRP	0	r6
स्मृतियों	NN	0	k7
अभी	PRP	0	k7t
हैं	VM	0	nmod__relc
।	SYM	0	rsym

वह	PRP	0	k1
हेलीपैड	NN	0	k2
निहारना	VM	0	rt
भूलीं	VM	0	main
जिसकी	PRP	0	r6
यादें	NN	0	k1
उनके	PRP	0	r6
पिता	NN	0	r6
शौक	NN	0	k2
जुड़ी	VM	0	nmod__relc
।	SYM	0	rsym

बताते	VM	0	main
कि	CC	1	k2
विमान	NN	4	k2
उड़ाने	VM	5	jjmod
शौकीन	JJ	6	nmod
राजीव	NNP	7	r6
पहल	NN	11	k7
हेलीपैड	NN	9	r6
दिन	NN	11	k1
बहुतेरे	QF	11	k1s
थे	VM	2	ccof
।	SYM	1	rsym

कल्याणी	NNP	2	r6
नाम	NN	3	k7
जाना	VM	4	nmod
हेलीपैड	NN	6	k1
दर्शनीय	JJ	6	k1s
है	VM	0	main
।	SYM	6	rsym

हेलीपैड	NN	5	k7p
प्रियंका	NNP	3	r6
पिता	NN	5	k1
उड़ान	NN	5	pof
भर	VM	0	main
।	SYM	5	rsym

रिट्रीट	NNP	2	r6
दुनिया	NN	3	k5
निकलकर	VM	4	nmod__k1inv
प्रियंका	NNP	8	k1
दोपहर	NN	8	k7t
होटल	NN	8	k2p
वापस	JJ	8	pof
लौट	VM	0	main
।	SYM	8	rsym

इसके	PRP	5	k7t
वह	PRP	5	k1
कहीं	PRP	4	k7p
घूमने	VM	5	rt
निकलीं	VM	0	main
।	SYM	5	rsym

अलबत्ता	CC	0	main
शाम	NN	7	k7t
जरूर	RB	7	adv
वह	PRP	7	k1
परिसर	NN	7	k7p
देर	NN	7	k7t
टहलीं	VM	1	ccof
।	SYM	1	rsym

मंगलवार	NNP	5	k7t
प्रियंका	NNP	3	k1
लौट	VM	4	r6
संभावना	NN	5	k1
है	VM	0	main
।	SYM	5	rsym

उनके	PRP	2	r6
दौरे	NN	3	r6
गोपनीयता	NN	4	k2
लेकर	VM	10	vmod
प्रबंधन	NN	10	k1
अपने	PRP	7	r6
मुलाजिमों	NN	10	k4
हिदायतें	NN	10	k2
जारी	JJ	10	pof
की	VM	0	main
।	SYM	10	rsym

इन्हीं	PRP	0	r6
प्रभाव	NN	0	k1
था	VM	0	main
कि	CC	0	rs
आज	NN	0	k7t
होटल	NN	0	vmod
जुड़े	VM	0	nmod__k1inv
सूत्रों	NN	0	k1
प्रियंका	NNP	0	r6
कार्यक्रम	NN	0	k2
लेकर	VM	0	vmod
मुंह	NN	0	k2
खोले	VM	0	ccof
।	SYM	0	rsym

प्रियंका	NNP	2	k1
लौट	VM	5	rh
कर्मियों	NN	5	k7
मायूसी	NN	5	k1
है	VM	0	main
।	SYM	5	rsym

उनके	PRP	2	r6
प्रयासों	NN	8	vmod
प्रियंका	NNP	5	k2
मुलाकात	NN	5	pof
करने	VM	6	r6
हसरतें	NN	8	k1
पूरी	JJ	8	pof
हो	VM	0	main
।	SYM	8	rsym

कांग्रेस	NNP	2	r6
नेताओं	NN	8	k1
प्रियंका	NNP	4	r6
यात्रा	NN	6	k7
दखलंदाजी	NN	6	pof
करने	VM	8	k2
परहेज	NN	8	pof
किया	VM	0	main
।	SYM	8	rsym

प्रियंका	NNP	2	k2
मिलने	VM	3	r6
उन्होंने	PRP	5	k1
चाह	NN	5	k2
दिखाई	VM	0	main
।	SYM	5	rsym

हालांकि	CC	0	main
चर्चाएं	NN	0	k1
ये	PRP	0	k1s
थीं	VM	0	ccof
कि	CC	0	rs
मुख्यमंत्री	NNP	0	ccof
व	CC	0	k1
चीफ	NN	0	ccof
दंपत्ति	NN	0	k4
भोज	NN	0	r6
दावत	NN	0	k2
दे	VM	0	ccof
।	SYM	0	rsym

