सिंह	NNP	6	k1
शुक्रवार	NNP	6	k7t
श्रीलंका	NNP	4	r6
यात्रा	NN	6	k7
रवाना	JJ	6	pof
होने	VM	0	main
।	SYM	6	rsym

सिंह	NNP	2	r6
दौरा	NN	10	k2
देशों	NN	10	k7
आर्थिक	JJ	5	ccof
एवं	CC	7	nmod
राजनीतिक	JJ	5	ccof
सहयोग	NN	8	r6
दृष्टि	NN	10	adv
महत्वपूर्ण	JJ	10	k2s
माना	VM	0	main
।	SYM	10	rsym

NULL	PRP	0	k1
गौरतलब	JJ	0	k1s
है	VM	0	main
कि	CC	0	rs
श्रीलंका	NNP	0	r6
परियोजना	NNP	0	k7
भारत	NNP	0	k1
श्रीलंका	NNP	0	k4
रूप	NN	0	adv
मदद	NN	0	k2
प्रदान	NN	0	pof
कर	VM	0	ccof
।	SYM	0	rsym

दौरे	NN	0	k7t
सिंह	NNP	0	k1
आयोग	NNP	0	r6
बैठक	NN	0	r6-k2
श्रीलंका	NNP	6	r6
मंत्री	NN	7	nmod
गमर	NNP	8	ras-k1
मिलकर	VM	10	vmod
अध्यक्षता	NN	10	pof
करेंगे	VM	0	main
।	SYM	10	rsym

मंत्रालय	NNP	2	jjmod
जारी	JJ	3	nmod
बयान	NN	4	k7
कहा	VM	0	main
कि	CC	4	k2
सिंह	NNP	14	k1
श्रीलंका	NNP	8	r6
राष्ट्रपति	NNP	10	ccof
प्रधानमंत्री	NNP	10	ccof
तथा	CC	14	ras-k1
नेताओं	NN	10	ccof
मुद्दों	NN	14	k7
चीत	NN	14	pof
करेंगे	VM	5	ccof
।	SYM	4	rsym

NULL	PRP	0	k1
गौरतलब	JJ	0	k1s
है	VM	0	main
कि	CC	0	rs
2003	NNP	0	k7t
आयोग	NNP	0	r6
बैठक	NN	0	k7t
देशों	NN	0	k7
सहयोग	NN	0	r6
दौर	NN	0	r6-k1
शुरुआत	NN	0	pof
हुई	VM	0	ccof
।	SYM	0	rsym

मंत्रालय	NNP	7	k7a
देशों	NN	7	k7
व्यापार	NN	4	ccof
एवं	CC	7	k7
निवेश	NN	4	ccof
वृद्घि	NN	7	pof
हुई	VM	8	ccof
NULL	CC	0	main
वहीं	RB	13	sent-adv
सुरक्षा	NN	11	r6
क्षेत्र	NN	13	k7
सहयोग	NN	13	k1
बढ़ा	VM	8	ccof
।	SYM	8	rsym

सिंह	NNP	0	r6
दौरा	NN	0	k1
समय	NN	0	k7t
हो	VM	0	main
जब	PRP	0	k7t
योजना	NNP	0	k7
श्रीलंका	NNP	0	k1
ऋण	NN	0	r6-k2
सामना	NN	0	pof
करना	VM	0	nmod__relc
।	SYM	0	rsym

श्रीलंका	NNP	2	r6
योजना	NN	6	k1
ही	RP	6	k7t
विवाद	NN	5	r6
केन्द्र	NN	6	k7
आ	VM	0	main
।	SYM	6	rsym

सरकार	NNP	0	k1
यह	PRP	0	k2
चाहती	VM	0	main
कि	CC	0	rs
रुपये	NN	0	r6
योजना	NN	0	k7
टाईगर	NNP	0	k1
सहयोग	NN	0	pof
करे	VM	0	ccof
लेकिन	CC	0	ccof
श्रीलंका	NNP	0	r6
दल	NN	0	k1
सरकार	NN	0	r6
योजना	NN	0	r6-k2
विरोध	NN	0	pof
कर	VM	0	ccof
।	SYM	0	rsym

गठबंधन	NN	2	jjmod
शामिल	JJ	3	nmod
पेरामुना	NNP	5	k1
धमकी	NN	5	pof
दी	VM	0	main
कि	CC	5	k2
अगर	CC	0	root
योजना	NN	11	k7
टाईगर	NNP	11	k2
शामिल	JJ	11	pof
किया	VM	7	ccof
तो	CC	0	root
वह	PRP	16	k1
सरकार	NN	16	k5
अलग	JJ	16	pof
हो	VM	12	ccof
।	SYM	0	root

भारत	NNP	11	k1
श्रीलंका	NNP	3	r6
अखंडता	NN	5	k4
महत्व	NN	5	pof
देने	VM	11	ras-k1
श्रीलंका	NNP	7	r6
विवाद	NN	9	k7
मध्यस्थता	NN	9	pof
करने	VM	10	r6
प्रस्ताव	NN	11	k2
रख	VM	0	main
।	SYM	11	rsym

सिंह	NNP	2	r6
दौरे	NN	6	k7t
देशों	NN	6	k7
मुद्दे	NN	6	k7
चीत	NN	6	pof
की	VM	0	main
।	SYM	6	rsym

श्रीलंका	NNP	2	r6
योजना	NNP	7	rt
भारत	NNP	7	k1
डॉलर	NN	5	r6
मदद	NN	6	r6-k2
प्रस्ताव	NN	7	pof
दिया	VM	0	main
।	SYM	7	rsym

