सांसद	NN	2	ccof
और	CC	4	r6
समूह	NNP	2	ccof
उपाध्यक्ष	NN	5	nmod
अंबानी	NNP	11	k1
अपना	PRP	7	r6
फोन	NN	9	k2
टैप	UNK	9	pof
किये	VM	10	r6
आरोप	NN	11	k2
लगाया	VM	0	main
।	SYM	11	rsym

उनका	PRP	0	k1
कहना	VM	0	k1
है	VM	0	main
कि	CC	0	k2
इंफोकॉम	NNP	0	r6
निदेशक	NN	0	ccof
और	CC	0	k1
अधिकारी	NN	0	ccof
मिल	VM	0	vmod
कृत्य	NN	0	k2
अंजाम	NN	0	pof
दे	VM	0	ccof
।	SYM	0	rsym

उन्होंने	PRP	7	k1
पाटिल	NNP	3	k2
लिख	VM	7	vmod
मामले	NN	5	r6
जांच	NN	6	r6-k2
मांग	NN	7	pof
की	VM	0	main
।	SYM	7	rsym

इंफोकॉम	NNP	2	r6
अध्यक्ष	NN	4	k1
अंबानी	NNP	4	k1s
हैं	VM	5	ccof
और	CC	0	main
कंपनी	NN	10	k1
बृहस्पतिवार	NNP	10	k7t
आरोप	NN	9	r6-k2
खंडन	NN	10	pof
किया	VM	5	ccof
।	SYM	5	rsym

उन्होंने	PRP	6	k1
इसे	PRP	6	k2
आधारहीन	JJ	4	ccof
और	CC	6	k2s
द्वेषपूर्ण	JJ	4	ccof
बताया	VM	0	main
।	SYM	6	rsym

NULL	PRP	0	k1
गौरतलब	JJ	0	k1s
है	VM	0	main
कि	CC	0	rs
समूह	NNP	0	k7
विवाद	NN	0	r6
निपटारे	NN	0	rt
फॉर्मूले	NN	0	k7
अमल	NN	0	r6
बात	NN	0	k1
चल	VM	0	ccof
और	CC	0	ccof
घटनाक्रम	NN	0	k2
इससे	PRP	0	k2
जोड़कर	VM	0	vmod
देखा	VM	0	ccof
।	SYM	0	rsym

खबरें	NN	2	k1
हैं	VM	0	main
कि	CC	2	k1s
इंफोकॉम	NNP	6	ccof
कैपिटल	NNP	6	ccof
और	CC	10	k1
एनर्जी	NNP	6	ccof
अनिल	NNP	9	r6
हिस्से	NN	10	k7
आ	VM	3	ccof
।	SYM	2	rsym

अनिल	NNP	4	k1
पाटिल	NNP	3	k2
लिख	VM	4	adv
कहा	VM	0	main
कि	CC	4	k2
सूत्रों	NN	9	k5
उन्हें	PRP	9	k4
पता	NN	9	pof
चला	VM	5	ccof
कि	CC	9	k2
कृत्य	NN	15	k7
दिमाग	NN	15	k1
इंफोकॉम	NNP	14	r6
निदेशक	NN	12	r6
है	VM	10	ccof
।	SYM	4	rsym

पत्र	NN	5	k7
अनिल	NNP	5	k1
निदेशक	NN	4	r6
नाम	NN	5	k2
लिखा	VM	0	main
।	SYM	5	rsym

माना	VM	0	main
कि	CC	1	k2
सरकार	NN	7	k1
जांच	NN	7	rt
यह	PRP	7	k2
एजेंसियों	NN	7	k7
भेज	VM	2	ccof
।	SYM	1	rsym

मंत्रालय	NNP	11	k1
धमकी	NN	3	k2
भरे	VM	4	nmod
फोन	NN	5	k2
मिलने	VM	6	r6
शिकायत	NN	11	k7t
अनिल	NNP	11	k4
महीने	NN	11	k7t
सुरक्षा	NN	11	k2
प्रदान	NN	11	pof
की	VM	0	main
।	SYM	11	rsym

विवाद	NN	3	rd
इशारा	NN	3	pof
करते	VM	5	vmod
अनिल	NNP	5	k1
कहा	VM	0	main
कि	CC	5	k2
मसलों	NN	8	k2
लेकर	VM	12	vmod
मीडिया	NN	12	k7
खबरें	NN	12	k2
प्रकाशित	JJ	12	pof
हुई	VM	13	ccof
और	CC	6	ccof
जिसका	PRP	15	r6
निपटारा	NN	18	k2
आने	VM	17	nmod__k2inv
दिनों	NN	18	k7t
होने	VM	19	ccof
NULL	CC	13	ccof
निदेशक	NN	25	k1
हल	NN	23	k3
प्रभावित	JJ	23	pof
होने	VM	24	nmod
पक्ष	NN	25	k1s
है	VM	19	ccof
।	SYM	5	rsym

अनिल	NNP	9	k1
निदेशक	NN	3	r6-k2
मदद	NN	4	pof
करने	VM	5	nmod
समूह	NNP	6	r6
अधिकारियों	NN	7	r6
नामों	NN	8	r6-k2
उल्लेख	NN	9	pof
किया	VM	0	main
।	SYM	9	rsym

अनिल	NNP	0	k1
कहना	VM	0	k1
है	VM	0	main
कि	CC	0	k2
उनके	PRP	0	r6
मोबाइल	NN	0	ccof
और	CC	0	k2
फोन	NN	0	ccof
टैप	UNK	0	pof
करने	VM	0	jjmod
लिप्त	JJ	0	nmod
लोगों	NN	0	k7
मशीनें	NN	0	ccof
और	CC	0	k2
उपकरण	NN	0	ccof
हो	VM	0	ccof
जो	PRP	0	k1
इस्राइल	NNP	0	ccof
और	CC	0	k7p
देशों	NN	0	ccof
बिक्री	NN	0	rt
उपलब्ध	JJ	0	pof
हैं	VM	0	nmod__relc
।	SYM	0	rsym

अनिल	NNP	2	k1
कहा	VM	0	main
कि	CC	2	k2
यदि	CC	0	root
लोगों	NN	7	k1
हरकत	NN	7	k2
की	VM	4	ccof
तो	CC	0	root
संसद	NN	10	k2
चुने	VM	11	nmod__k1inv
सदस्य	NN	12	ccof
और	CC	21	k7
नागरिक	NN	12	ccof
उनके	PRP	15	r6
अधिकारों	NN	16	r6
उल्लंघन	NN	17	ccof
और	CC	21	k1
उनकी	PRP	19	r6
निजता	NN	20	r6
हनन	NN	17	ccof
है	VM	8	ccof
।	SYM	0	root

अनिल	NNP	3	k1
इसमें	PRP	3	k7
लिखा	VM	0	main
कि	CC	3	k2
आरोपों	NN	6	r6
गंभीरता	NN	7	k2
देखते	VM	15	vmod
वह	PRP	15	k1
एजेंसी	NN	15	k2
मामले	NN	11	r6
जांच	NN	12	r6
आदेश	NN	13	k2
देने	VM	14	r6-k2
अनुरोध	NN	15	pof
करते	VM	4	ccof
।	SYM	3	rsym

दूसरी	QO	16	sent-adv
बंधुओं	NN	16	k7
स्वामित्व	NN	4	r6
निपटाने	VM	16	k7a
अनिल	NNP	10	k4
इंफोकॉम	NNP	8	ccof
एनर्जी	NNP	8	ccof
और	CC	10	k2
कैपिटल	NNP	8	ccof
मिलने	VM	11	r6
संभावना	NN	12	r6
रिपोर्टो	NN	16	k7
घटनाक्रम	NN	14	r6
प्रक्रिया	NN	16	k7
असर	NN	16	k1
दिख	VM	0	main
।	SYM	16	rsym

