बीते	VM	2	nmod__k1inv
सालों	NN	8	k7t
कार	NN	4	k2
खरीदने	VM	5	nmod
अपने	PRP	6	k2
ठगा	VM	8	vmod
महसूस	JJ	8	pof
कर	VM	0	main
।	SYM	8	rsym

कैग	NNP	2	r6
रिपोर्ट	NN	18	k7a
२००१	NNP	4	rsp
२००४	NNP	18	k7t
मंत्रालय	NNP	8	k1
कारों	NN	8	k7
कर	NN	8	k2
घटाने	VM	18	vmod
मारुति	NNP	12	ccof
मोटर्स	NNP	12	ccof
होंडा	NNP	12	ccof
और	CC	14	nmod
महेंद्रा	NNP	12	ccof
कंपनियों	NN	18	k1
उपभोक्ताओं	NN	18	k4
तरह	NN	17	r6-k2
रियायत	NN	18	pof
दी	VM	0	main
।	SYM	18	rsym

यही	PRP	2	k1
NULL	VM	3	ccof
NULL	CC	0	main
शुक्ल	NN	9	k7
कटौती	NN	9	vmod
कंपनियों	NN	9	k1
कारों	NN	8	r6
दाम	NN	9	k2
बढ़ा	VM	3	ccof
।	SYM	3	rsym

संसद	NN	2	jjmod
पेश	JJ	4	nmod
अपनी	PRP	4	r6
रिपोर्ट	NN	10	k7
कैग	NNP	10	k1
इसे	PRP	7	k2
लेकर	VM	10	vmod
मंत्रालय	NNP	9	r6-k2
खिंचाई	NN	10	pof
की	VM	0	main
।	SYM	10	rsym

उसके	PRP	2	r6
निशाने	NN	4	k7
मंत्रालय	NNP	4	k1
है	VM	0	main
।	SYM	4	rsym

रिपोर्ट	NN	12	k7a
०४	NNP	12	k7t
रेलवे	NN	12	k1
सड़क	NN	5	ccof
और	CC	7	r6
बिज्र	NN	5	ccof
निर्माण	NN	8	rt
मिले	VM	9	nmod__k1inv
फंड	NN	10	r6
इस्तेमाल	NN	12	k7
बेरुखी	NN	12	pof
दिखाई	VM	0	main
।	SYM	12	rsym

परीक्षक	NNP	4	r6
कैग	NNP	1	rs
की	PSP	1	fragof
रिपोर्ट	NN	15	k7a
मध्यम	JJ	6	ccof
और	CC	8	nmod
लग्जरी	JJ	6	ccof
सेगमेंट	NN	9	r6
कारों	NN	10	r6
मामले	NN	15	k7
शुल्क	NN	15	k7
कटौती	NN	13	r6
लाभ	NN	15	k1
उपभोक्ताओं	NN	15	k7t
पहुँचा	VM	0	main
।	SYM	15	rsym

इसके	PRP	8	rh
सरकार	NN	4	k4
कंपनियों	NN	4	k5
मिलने	VM	5	nmod
राजस्व	NN	8	k7
फीसदी	NN	7	r6-k1
नुकसान	NN	8	pof
हुआ	VM	0	main
।	SYM	8	rsym

NULL	PRP	0	k1
गौरतलब	JJ	0	k1s
है	VM	0	main
कि	CC	0	rs
मंत्रालय	NNP	0	k1
०१	NNP	0	k7
कारों	NN	0	k7
फीसदी	NN	0	nmod
शुल्क	NN	0	k2
घटाया	VM	0	ccof
।	SYM	0	rsym

तरह	NN	7	sent-adv
०२	NNP	7	k7t
कारों	NN	4	r6
कर	NN	7	k2
फीसदी	NN	7	ras-neg
फीसदी	NN	7	pof
कर	VM	0	main
।	SYM	7	rsym

इसके	PRP	6	k7t
०३	NNP	6	k7t
इसमें	PRP	6	k7
फीसदी	NN	5	r6-k2
कटौती	NN	6	pof
की	VM	0	main
।	SYM	6	rsym

इससे	PRP	7	rh
०२	NNP	7	k7t
शुल्क	NN	5	k1
फीसदी	NN	5	k5
घटकर	VM	7	vmod
फीसदी	NN	7	k1
हो	VM	0	main
।	SYM	7	rsym

जबकि	CC	0	main
०४	NNP	7	k7t
शुल्क	NN	5	k1
फीसदी	NN	5	k5
घटकर	VM	7	vmod
फीसदी	NN	7	k1
रह	VM	1	ccof
।	SYM	1	rsym

रिपोर्ट	NN	4	k7a
२००१	NNP	3	rsp
२००२	NNP	4	k7t
पाया	VM	0	main
कि	CC	4	k2
मारुति	NNP	9	ccof
मोटर्स	NNP	9	ccof
सिएल	NNP	9	ccof
और	CC	15	k1
महेंद्रा	NNP	9	ccof
शुल्क	NN	15	k7
कटौती	NN	15	k7a
कारों	NN	14	r6
दाम	NN	15	k2
घटाए	VM	5	ccof
।	SYM	4	rsym

बल्कि	CC	0	main
कंपनियों	NN	6	k1
महीने	NN	6	k7t
कारों	NN	5	r6
दाम	NN	6	k2
बढ़ा	VM	1	ccof
।	SYM	1	rsym

रिपोर्ट	NN	7	k7a
कंपनियों	NN	7	k5
सरकार	NN	7	k4
२००३	NNP	7	k7t
रुपये	NN	6	r6
राजस्व	NN	7	k1
मिलना	VM	0	main
।	SYM	7	rsym

लेकिन	CC	0	main
कंपनियों	NN	6	k1
इसमें	PRP	6	k5
रुपये	NN	6	k2
अपने	PRP	6	k7
रख	VM	1	ccof
।	SYM	1	rsym

