मंगलोर	NNP	2	r6
छात्रा	NN	3	r6
पाती	NN	8	k1
पाकिस्तान	NNP	5	r6
राष्ट्रपति	NNP	6	nmod
मुशर्रफ	NNP	7	r6
दिल	NN	8	k2
छू	VM	0	main
।	SYM	8	rsym

मुशर्रफ	NNP	5	k1
छात्रा	NN	3	k2
लिखकर	VM	5	vmod
आश्वस्त	JJ	5	pof
किया	VM	0	main
कि	CC	5	k2
देशों	NN	13	k7
संबंध	NN	9	pof
होने	VM	10	r6
उसके	PRP	11	r6
सपनों	NN	13	k2
साकार	JJ	13	pof
किया	VM	6	ccof
।	SYM	5	rsym

विद्यालय	NNP	2	r6
१०वीं	NNP	3	r6
छात्रा	NN	4	nmod
कृष्णमूर्ति	NNP	5	r6
पिता	NN	6	ccof
और	CC	9	k1
स्कूल	NN	8	r6
प्रधानाचार्य	NN	6	ccof
बताया	VM	0	main
कि	CC	9	k2
सृष्टि	NNP	17	k1
सीरीज़	NNP	17	k7t
शीर्षक	NN	14	nmod
कविता	NN	15	k2
लिखकर	VM	17	vmod
मुशर्रफ	NNP	17	k4
भेजी	VM	10	ccof
।	SYM	9	rsym

हालांकि	CC	0	main
सृष्टि	NNP	0	k4a
बात	NN	0	r6
कतई	RB	0	adv
उम्मीद	NN	0	k1
थी	VM	0	ccof
कि	CC	0	rs
मुशर्रफ	NNP	0	k1
कविता	NN	0	k7
लिखे	VM	0	nmod__k2inv
उसके	PRP	0	r6
पत्र	NN	0	r6-k2
जवाब	NN	0	pof
देंगे	VM	0	ccof
।	SYM	0	rsym

कविता	NN	4	k7
सृष्टि	NNP	4	k1
उम्मीद	NN	4	pof
जताई	VM	0	main
कि	CC	4	k2
देशों	NN	11	k7p
संबंध	NN	11	k1
खेल	NN	9	r6
मैदान	NN	11	k7p
सीमित	JJ	11	k1s
रहेंगे	VM	5	ccof
।	SYM	4	rsym

कविता	NN	0	k7
उसने	PRP	0	k1
कहा	VM	0	main
कि	CC	0	k2
वह	PRP	0	k1
यह	PRP	0	k2
सोच	VM	0	vmod
रोमांचित	JJ	0	pof
हो	VM	0	ccof
कि	CC	0	rs
सभी	PRP	0	k7
आत्मा	NN	0	k1
है	VM	0	ccof
।	SYM	0	rsym

सृष्टि	NNP	0	r6
पिता	NN	0	k1
बताया	VM	0	main
कि	CC	0	k2
संबंधों	NN	0	k7
पुल	NN	0	r6
काम	NN	0	k2
करने	VM	0	nmod
सीरीज	NN	0	jjmod
प्रसन्न	JJ	0	nmod
पाकिस्तान	NNP	0	r6
राष्ट्रपति	NNP	0	k1
सृष्टि	NNP	0	k4
भेजे	VM	0	nmod__k2inv
पत्र	NN	0	k7p
उसकी	PRP	0	r6
बुद्धिमत्ता	NN	0	r6-k2
जमकर	RB	0	adv
तारीफ	NN	0	pof
की	VM	0	ccof
।	SYM	0	rsym

ही	RP	4	adv
उन्होंने	PRP	4	k1
आश्वासन	NN	4	pof
दिया	VM	0	main
कि	CC	4	k2
उसके	PRP	7	r6
सपनों	NN	9	k2
साकार	JJ	9	pof
करने	VM	12	rt
वह	PRP	12	k1
प्रयास	NN	12	pof
करेंगे	VM	5	ccof
।	SYM	4	rsym

