रात्रि	NN	8	k7t
मनाली	NNP	3	r6
चोटियों	NN	4	nmod
हिमपात	NN	5	ccof
व	CC	8	pof
क्षेत्रों	NN	7	nmod
बारिश	NN	5	ccof
होने	VM	12	rh
क्षेत्र	NN	12	k7p
ठंड	NN	11	r6
चपेट	NN	12	k7
आ	VM	0	main
।	SYM	12	rsym

रविवार	NNP	2	r6
रात	NN	22	k7t
मनाली	NNP	4	r6
पास	NNP	17	ccof
पास	NNP	17	ccof
पीक	NNP	17	ccof
टिब्बा	NNP	17	ccof
जोत	NNP	17	ccof
पीक	NNP	17	ccof
पीक	NNP	17	ccof
टिब्बा	NNP	17	ccof
कुंड	NNP	17	ccof
तुंग	NNP	17	ccof
शलीणधार	NNP	17	ccof
पीक	NNP	17	ccof
पीक	NNP	17	ccof
तथा	CC	19	nmod
पंजाल	NNP	17	ccof
श्रृंखलाओं	NN	20	r6
चोटियों	NN	22	k7p
हिमपात	NN	22	pof
हुआ	VM	0	main
।	SYM	22	rsym

हिमपात	NN	2	pof
होने	VM	6	rh
घाटी	NN	4	r6
तापमान	NN	6	k7
गिरावट	NN	6	k1
आने	VM	11	rh
लोगों	NN	11	k1
वस्त्र	NN	9	k2
पहनने	VM	11	k2
शुरू	NN	11	pof
कर	VM	0	main
।	SYM	11	rsym

जबकि	CC	0	main
मनाली	NNP	3	k7p
घूमने	VM	4	r6
आए	VM	5	nmod__k1inv
पर्यटक	NN	11	k1
अपने	PRP	7	nmod
होटल	NN	8	r6
कमरों	NN	11	k7p
होटल	NN	10	r6
प्रांगण	NN	11	k7p
निकले	VM	12	ccof
और	CC	1	ccof
बारिश	NN	14	k7
भीगकर	VM	18	vmod
बारिश	NN	16	r6
बूंदों	NN	17	r6-k1
मजा	NN	18	pof
लेने	VM	12	ccof
।	SYM	1	rsym

वहीं	RB	0	sent-adv
लोगों	NN	0	rt
बारिश	NN	0	k2
वरदान	NN	0	jjmod
कम	QF	0	k2s
मानी	VM	0	main
क्योंकि	CC	0	rh
सेब	NN	0	r6
फसल	NN	0	rt
समय	RDP	0	k7t
बारिश	NN	0	k1
होना	VM	0	k2
जरूरी	JJ	0	pof
माना	VM	0	ccof
।	SYM	0	rsym

वहीं	RB	9	sent-adv
पशुओं	NN	3	r6
चारे	NN	4	ccof
व	CC	6	r6
फसलों	NN	4	ccof
बिजाई	NN	9	rt
बारिश	NN	9	k2
उत्तम	JJ	9	k2s
मानी	VM	0	main
।	SYM	9	rsym

समय	RDP	2	k7t
हो	VM	3	nmod__k1inv
बारिश	NN	4	ccof
तथा	CC	11	rh
तापमान	NN	6	r6
अनुकूलता	NN	4	ccof
वर्ष	NN	11	k7t
फसल	NN	9	pof
होने	VM	10	r6-k2
उम्मीद	NN	11	pof
जताई	VM	0	main
।	SYM	11	rsym

उधर	NST	18	sent-adv
उदयपुर	NNPC	18	k7p
स्पीति	NNP	2	rs
में	PSP	2	fragof
रात	NN	18	k7t
उदयपुर	NNP	9	ccof
मयाड़नाला	NNP	9	ccof
तिंदी	NNP	9	ccof
तथा	CC	11	rs
थिरोट	NNP	9	ccof
इलाके	NN	18	k7p
बारिश	NN	13	r6
बूंदाबांदी	NN	18	rh
किसानों	NN	18	k1
राहत	NN	16	r6
सांस	NN	18	k2
महसूस	JJ	18	pof
की	VM	0	main
।	SYM	18	rsym

रात्रि	NN	4	k7t
घाटी	NN	4	k7p
बादल	NN	4	k1
मंडराने	VM	6	k1
शुरू	NN	6	pof
हो	VM	7	ccof
मगर	CC	0	main
घाटी	NN	14	k7p
इंद्रदेव	NNP	10	r6
नाराजगी	NN	14	rh
बारिश	NN	12	r6
बौछारें	NN	14	k1
शुरू	NN	14	pof
हुई	VM	7	ccof
।	SYM	7	rsym

सूत्रों	NN	0	k7a
घाटी	NN	0	r6
क्षेत्रों	NN	0	k7p
पीक	NNP	0	ccof
व	CC	0	k7p
पीक	NNP	0	ccof
हिमपात	NN	0	k2
होने	VM	0	rh
घाटी	NN	0	r6
तापमान	NN	0	k7
गिरावट	NN	0	k2
दर्ज	JJ	0	pof
की	VM	0	main
जिससे	PRP	0	rh
घाटी	NN	0	r6
लोगों	NN	0	k1
पुनः	RB	0	adv
कपड़ों	NN	0	k2
पहनना	VM	0	k2
शुरू	NN	0	pof
कर	VM	0	nmod__relc
।	SYM	0	rsym

