वायुसेना	NNP	2	r6
दल	NN	11	k1
सेना	NNP	7	ras-k1
अभ्यास	NN	5	nmod
२	NNP	7	k7
हिस्सा	NN	7	pof
लेने	VM	11	rt
बृहस्पतिवार	NNP	11	k7t
फ्रांस	NNP	11	k7p
रवाना	JJ	11	pof
हो	VM	0	main
।	SYM	11	rsym

दल	NN	7	k7
३०	NN	3	r6
विमान	NN	4	ccof
और	CC	7	k1
रीफ्यूलर	NN	4	ccof
शामिल	JJ	7	k1s
हैं	VM	0	main
।	SYM	7	rsym

वायुसेना	NN	2	r6
उपाध्यक्ष	NN	3	nmod
मलिक	NNP	14	k1
स्क्वॅड्रन	NNP	5	nmod
३०	NN	6	ccof
और	CC	14	k2
आगरा	NNP	8	jjmod
स्थित	JJ	9	nmod
स्क्वॅड्रन	NNP	10	nmod
७८	NN	6	ccof
झंडी	NN	12	k2
दिखा	VM	14	vmod
रवाना	JJ	14	pof
किया	VM	0	main
।	SYM	14	rsym

मौके	NN	10	k7
मलिक	NNP	10	k1
वायुसैनिकों	NN	10	k4
अभ्यास	NN	5	pof
कर	VM	10	vmod
सेना	NNP	7	r6
प्रतिष्ठा	NN	8	k2
बढ़ाने	VM	9	r6-k2
आह्वान	NN	10	pof
किया	VM	0	main
।	SYM	10	rsym

उन्होंने	PRP	2	k1
कहा	VM	0	main
कि	CC	2	k2
प्रतिष्ठा	NN	5	k2
बनाना	VM	7	k1
मुश्किल	JJ	7	k1s
है	VM	8	ccof
और	CC	3	ccof
उससे	PRP	13	k1u
मुश्किल	JJ	13	k1s
उसे	PRP	12	k2
बनाए	VM	13	k1
है	VM	8	ccof
।	SYM	2	rsym

उन्होंने	PRP	2	k1
कहा	VM	0	main
कि	CC	2	k2
अभ्यास	NN	10	rh
उन्हें	PRP	10	k4
माहौल	NN	8	k7
उड़ान	NN	8	pof
भरने	VM	9	r6
चुनौती	NN	10	k1
मिलेगी	VM	3	ccof
।	SYM	2	rsym

अभ्यास	NN	2	r6
मकसद	NN	5	k7
पत्रकारों	NN	5	k4
जानकारी	NN	5	k2
देते	VM	6	nmod__k1inv
उन्होंने	PRP	7	k1
कहा	VM	0	main
कि	CC	7	k2
२	NNP	15	k1
तकनीकों	NN	12	k7
केंद्रित	JJ	12	pof
होने	VM	15	ras-k1
वायुसेना	NNP	15	k7
जानकारी	NN	15	k2
दे	VM	8	ccof
।	SYM	7	rsym

जिसमें	PRP	12	k7
विमानों	NN	12	k4
फ्रांस	NNP	4	r6
वायुसेना	NN	5	r6
५	NNP	6	nmod
विमानों	NN	10	k2
मिराज	NN	8	nmod
संस्करण	NN	10	ras-k2
अभ्यास	NN	10	pof
करने	VM	11	r6
मौका	NN	12	k1
मिल	VM	0	main
।	SYM	12	rsym

अभ्यास	NN	2	r6
लक्ष्य	NN	5	k1
हमलों	NN	5	ras-neg
रक्षा	NN	5	k1s
है	VM	0	main
।	SYM	5	rsym

मलिक	NNP	2	k1
कहा	VM	0	main
कि	CC	2	k2
पक्ष	NN	9	k1
भूमिका	NN	6	k7
रहने	VM	9	ras-k1
समूहों	NN	9	k7
उड़ान	NN	9	pof
भरेंगे	VM	3	ccof
।	SYM	2	rsym

उन्होंने	PRP	2	k1
कहा	VM	0	main
कि	CC	2	k2
हमारे	PRP	5	r6
वायुसेनाकर्मी	NN	8	k1
फ्रांस	NNP	7	r6
अनुभवों	NN	8	k3
सीख	VM	3	ccof
।	SYM	2	rsym

विशेषकर	RB	6	adv
रेंज	NNP	6	k7
बीवीआर	NNP	2	rs
के	PSP	2	fragof
उन्होंने	PRP	6	k1
कहा	VM	0	main
कि	CC	6	k2
मशीनों	NN	11	ras-k1
फ्रांस	NNP	10	r6
वायुसेना	NN	11	k1
है	VM	7	ccof
।	SYM	6	rsym

