समस्या	NN	8	k7
मध्यस्थता	NN	3	pof
करने	VM	4	r6
अनुरोध	NN	8	k2
अमेरिका	NNP	8	rd
रूप	NN	8	vmod
खारिज	JJ	8	pof
किए	VM	15	k7t
पाकिस्तान	NNP	15	k1
बृहस्पतिवार	NNP	15	k7t
इसके	PRP	12	r6
रुख	NN	15	k7
बदलाव	NN	14	r6-k2
घोषणा	NN	15	pof
की	VM	0	main
।	SYM	15	rsym

पाकिस्तान	NNP	2	r6
राष्ट्रपति	NNP	3	nmod
मुशर्रफ	NNP	4	k1
कहा	VM	0	main
कि	CC	4	k2
समस्या	NN	8	k1
मसला	NN	8	k1s
है	VM	9	ccof
और	CC	5	ccof
वह	PRP	17	k1
इसे	PRP	16	k2
त्रिपक्षीय	JJ	13	ccof
या	CC	15	nmod
बहुपक्षीय	JJ	13	ccof
मसला	NN	16	k2s
बनाना	VM	17	k2
चाहते	VM	9	ccof
।	SYM	4	rsym

चैनल	NN	2	k4
दिए	VM	3	nmod__k2inv
इंटरव्यू	NN	5	k7
मुशर्रफ	NNP	5	k1
कहा	VM	0	main
कि	CC	5	k2
हम	PRP	10	k1
वार्ता	NN	10	k7
शामिल	JJ	10	k1s
हैं	VM	6	ccof
।	SYM	5	rsym

हम	PRP	8	k1
इसे	PRP	7	k2
त्रिपक्षीय	JJ	4	ccof
या	CC	6	nmod
बहुपक्षीय	JJ	4	ccof
मसला	NN	7	k2s
बनाना	VM	8	k2
चाहते	VM	0	main
।	SYM	8	rsym

मुशर्रफ	NNP	8	k1
बुश	NNP	3	r6
हाल	NN	4	r6
टिप्पणियों	NN	5	k7
पूछे	VM	6	nmod__k2inv
सवालों	NN	7	r6-k2
जवाब	NN	8	pof
दे	VM	0	main
।	SYM	8	rsym

बुश	NNP	2	k1
कहा	VM	0	main
कि	CC	2	k2
वह	PRP	7	k1
मुद्दे	NN	7	k7
मध्यस्थता	NN	7	pof
करेंगे	VM	8	ccof
लेकिन	CC	3	ccof
समस्या	NN	10	r6
हल	NN	14	rt
देशों	NN	14	k4
लगातार	RB	14	vmod
प्रोत्साहित	JJ	14	pof
करते	VM	8	ccof
।	SYM	2	rsym

इससे	PRP	6	k7t
मुशर्रफ	NNP	6	k1
सप्ताह	NN	6	k7t
इस्लामाबाद	NNP	6	k7p
प्रेस	NN	6	k7
कहा	VM	0	main
कि	CC	6	k2
उन्होंने	PRP	16	k1
बुश	NNP	16	k4
कश्मीर	NNP	12	ras-k2
मुद्दों	NN	12	k2
सुलझाने	VM	14	k7
मध्यस्थता	NN	14	pof
करने	VM	15	r6-k2
अनुरोध	NN	16	pof
किया	VM	7	ccof
।	SYM	6	rsym

मौके	NN	0	k7
मुशर्रफ	NNP	0	k1
कहा	VM	0	main
कि	CC	0	k2
वह	PRP	0	k1
शब्दों	NN	0	r6
विस्तार	NN	0	k7
जाना	VM	0	k2
चाहते	VM	0	ccof
लेकिन	CC	0	ccof
रूप	NN	0	adv
जब	PRP	0	k7t
इसके	PRP	0	k7
बात	NN	0	pof
NULL	VM	0	ccof
या	CC	0	nmod__relc
प्रोत्साहित	JJ	0	pof
किया	VM	0	ccof
तो	PRP	0	k7t
मेरा	PRP	0	k1
मानना	VM	0	k1
है	VM	0	ccof
कि	CC	0	k2
यह	PRP	0	k1
बात	NN	0	k1s
है	VM	0	ccof
।	SYM	0	rsym

मुशर्रफ	NNP	2	k1
कहा	VM	0	main
कि	CC	2	k2
बुश	NNP	7	k1
हमें	PRP	7	k4
प्रोत्साहित	JJ	7	pof
कर	VM	8	ccof
या	CC	3	ccof
मध्यस्थता	NN	10	pof
NULL	VM	8	ccof
।	SYM	2	rsym

उन्हें	PRP	2	k1
लगता	VM	0	main
कि	CC	2	k2
चीजों	NN	5	r6
मायने	NN	6	k1
हैं	VM	3	ccof
।	SYM	2	rsym

भारत	NNP	2	ccof
और	CC	4	k7
पाकिस्तान	NNP	2	ccof
चल	VM	5	nmod__k2inv
वार्ता	NN	6	r6
स्थिति	NN	7	k7
पूछे	VM	9	k7
राष्ट्रपति	NNP	9	k1
कहा	VM	0	main
कि	CC	9	k2
विश्वास	NN	13	vmod
काम	NN	13	k2
करने	VM	14	r6
उपायों	NN	16	k1
परिणाम	NN	16	k1s
हैं	VM	17	ccof
लेकिन	CC	10	ccof
विवादों	NN	19	r6
समाधान	NN	20	r6
दिशा	NN	22	k7
प्रगति	NN	22	k1
है	VM	17	ccof
।	SYM	9	rsym

