सरकार	NNP	2	r6
योजना	NN	3	nmod
निर्माण	NNP	6	k2
रूप	NN	6	adv
लाँच	NN	6	pof
करते	VM	12	vmod
सिंह	NNP	12	k1
इसे	PRP	12	k4
विकास	NN	10	r6
योजना	NN	12	k2
करार	NN	12	pof
दिया	VM	0	main
।	SYM	12	rsym

योजना	NN	30	k7a
रुपये	NN	3	r6
लागत	NN	9	k3
2009	NNP	9	k7t
ऊपर	NST	6	r6
आबादी	NN	7	nmod
गाँवों	NN	9	k7p
सड़कें	NN	9	k2
बनाने	VM	24	ccof
क्षेत्रों	NN	11	nmod
मकानों	NN	12	r6
निर्माण	NN	24	ccof
भूमि	NN	14	r6
व्यवस्था	NN	24	ccof
गाँवों	NN	17	k2
नेटवर्क	NN	17	ras-k1
जोड़ने	VM	24	ccof
गाँव	NN	23	k7p
साफ	JJ	20	vmod
पीने	VM	21	r6
पानी	NN	23	k2
मुहैया	JJ	23	pof
कराने	VM	24	ccof
और	CC	28	r6
गाँवों	NN	27	k7p
बिजली	NN	27	k2
पहुँचाने	VM	24	ccof
काम	NN	30	k2
अंजाम	NN	30	pof
दिया	VM	0	main
।	SYM	30	rsym

प्रधानमंत्री	NNP	2	k1
कहा	VM	0	main
कि	CC	2	k2
वह	PRP	8	k1
किसानों	NN	7	k4
बिजली	NN	7	k2
देने	VM	8	vmod
हैं	VM	3	ccof
।	SYM	2	rsym

अगर	CC	0	vmod
किसानों	NN	5	k4a
लगातार	RB	5	adv
बिजली	NN	5	k1
मिले	VM	1	ccof
तो	CC	0	main
वे	PRP	12	k1
इसकी	PRP	9	r6
क़ीमत	NN	10	k2
चुकाने	VM	12	rt
तैयार	JJ	12	pof
होंगे	VM	6	ccof
।	SYM	6	rsym

सिलसिले	NN	0	k7
चैंबर	NN	0	nmod
सीआईआई	NNP	0	jjmod
आयोजित	JJ	0	nmod
सम्मेलन	NN	0	k7
सिंह	NNP	0	k1
कहा	VM	0	main
कि	CC	0	k2
ग्रामीण	JJ	0	ccof
व	CC	0	nmod
शहरी	JJ	0	ccof
भारत	NNP	0	r6
अंतर	NN	0	k1
लगातार	RB	0	adv
बढ़ता	VM	0	ccof
जो	PRP	0	k1
देश	NN	0	r6
सामाजिक	JJ	0	ccof
व	CC	0	nmod
आर्थिक	JJ	0	ccof
स्थिरता	NN	0	rt
खतरा	NN	0	k1s
है	VM	0	nmod__relc
।	SYM	0	rsym

अंतर	NN	2	k2
पाटने	VM	3	r6
जरूरत	NN	4	k1
है	VM	5	ccof
और	CC	0	main
कार्यक्रम	NNP	14	k1
भारत	NNP	8	ccof
व	CC	12	k7
इंडिया	NNP	8	ccof
अंतर	NN	12	k2
कम	QF	12	pof
करने	VM	14	k7
मददगार	NN	14	pof
होगा	VM	5	ccof
।	SYM	5	rsym

उन्होंने	PRP	2	k1
कहा	VM	0	main
कि	CC	2	k2
संस्थानों	NN	13	k1
चौपाल	NNP	7	ccof
हाट	NNP	7	ccof
NULL	CC	9	nmod
शक्ति	NNP	7	ccof
कार्यक्रमों	NN	13	k3
अंतर	NN	11	k2
पाटने	VM	12	r6-k2
कोशिश	NN	13	pof
की	VM	3	ccof
।	SYM	2	rsym

अवसर	NN	10	k7
अंग्रेजी	NNP	3	r6
कवि	NN	4	nmod
गोल्डस्मिथ	NNP	5	r6
कविता	NN	6	nmod
विलेज	NNP	7	r6-k2
याद	NN	8	pof
दिलाते	VM	10	vmod
प्रधानमंत्री	NNP	10	k1
कहा	VM	0	main
कि	CC	10	k2
लोगों	NN	13	r6
विकास	NN	17	rh
देश	NN	15	r6
विकास	NN	17	k1
संभव	JJ	17	k1s
है	VM	11	ccof
।	SYM	10	rsym

मनमोहन	NNP	2	k1
कहा	VM	0	main
कि	CC	2	k2
क्षेत्र	NN	13	k7
विकास	NN	6	r6
संभावना	NN	8	k2
पैदा	JJ	8	pof
करने	VM	13	rt
व्यवस्था	NN	13	k7
ध्यान	NN	11	pof
देना	VM	13	k1
जरूरी	JJ	13	k1s
है	VM	3	ccof
।	SYM	2	rsym

वजह	NN	7	rh
कार्यक्रम	NNP	7	k7a
भूमि	NN	5	k2
क्षेत्र	NN	5	k2s
बनाने	VM	6	r6
लक्ष्य	NN	7	k2
रखा	VM	0	main
।	SYM	7	rsym

कार्यक्रम	NN	7	k7a
1000	QC	3	jjmod
ज्यादा	QF	4	nmod
आबादी	NN	5	nmod
गाँवों	NN	7	k2
सड़कों	NN	7	k3
जोड़ा	VM	0	main
।	SYM	7	rsym

इसके	PRP	11	vmod
पहाड़ी	JJ	3	ccof
व	CC	5	nmod
आदिवासी	JJ	3	ccof
क्षेत्रों	NN	8	r6
500	QC	7	jjmod
अधिक	QF	8	nmod
आबादी	NN	9	nmod
गाँवों	NN	11	k7p
सड़कें	NN	11	k1
पहुँचाई	VM	0	main
।	SYM	11	rsym

मनमोहन	NNP	2	k1
कहा	VM	0	main
कि	CC	2	k2
देश	NN	8	k7p
फिलहाल	RB	8	vmod
मकानों	NN	7	r6
कमी	NN	8	k1
है	VM	3	ccof
।	SYM	2	rsym

कार्यक्रम	NNP	3	k7a
मकान	NN	3	k2
बनाए	VM	0	main
।	SYM	3	rsym

ही	RP	7	sent-adv
2007	NNP	7	k7t
घर	NN	4	r6
सेवाओं	NN	7	k7t
पहुँच	NN	7	k2
सुनिश्चित	JJ	7	pof
की	VM	0	main
।	SYM	7	rsym

उन्होंने	PRP	0	k1
कहा	VM	0	main
कि	CC	0	k2
वर्ष	NN	0	k7t
रुपये	NN	0	r6-k1
निवेश	NN	0	pof
होने	VM	0	vmod
अभी	PRP	0	k7t
गाँव	NN	0	k1
ऐसे	PRP	0	k1s
हैं	VM	0	ccof
जहाँ	PRP	0	k7p
पीने	VM	0	r6
पानी	NN	0	k1
उपलब्ध	JJ	0	k1s
है	VM	0	nmod__relc
।	SYM	0	rsym

समस्या	NN	4	k2
कार्यक्रम	NNP	4	k7a
दूर	NST	4	pof
किया	VM	0	main
।	SYM	4	rsym

मनमोहन	NNP	2	k1
कहा	VM	0	main
कि	CC	2	k2
योजना	NNP	9	k7a
2009	NNP	9	k7t
देश	NN	7	r6
गाँव	NN	9	k7p
बिजली	NN	9	k1
पहुँचाई	VM	3	ccof
।	SYM	2	rsym

ही	RP	10	sent-adv
बिजली	NN	3	r6
महत्व	NN	4	k2
समझते	VM	10	vmod
उपभोक्ताओं	NN	10	k1
इसकी	PRP	7	r6
कीमत	NN	8	k2
चुकाने	VM	10	rt
तैयार	JJ	10	pof
रहना	VM	0	main
।	SYM	10	rsym

उन्होंने	PRP	2	k1
कहा	VM	0	main
कि	CC	2	k2
निर्माण	NNP	7	k7a
सरकार	NN	6	r6
लक्ष्य	NN	7	k2
रखे	VM	8	ccof
लेकिन	CC	3	ccof
सरकारों	NN	10	r6
सहयोग	NN	12	rh
लक्ष्यों	NN	12	k2
पाने	VM	13	r6
उम्मीद	NN	14	k1
है	VM	8	ccof
।	SYM	2	rsym

