सुनामी	NN	0	k7t
समुद्र	NN	0	r6
स्वभाव	NN	0	ccof
व	CC	0	k7
प्रकृति	NN	0	ccof
परिवर्तन	NN	0	k2
आया	VM	0	ccof
या	CC	0	rs
नहीं	NEG	10	vmod
NULL	VM	8	ccof
वैज्ञानिकों	NN	12	ccof
व	CC	17	rt
विशेषज्ञों	NN	12	ccof
अब	PRP	17	k7t
अध्ययन	NN	16	r6
विषय	NN	17	k2
होगा	VM	0	main
।	SYM	17	rsym

हालांकि	CC	0	main
समंदर	NN	0	r6
लहर	NN	0	k2
पहचानने	VM	0	nmod
मछुआरों	NN	0	r6
दावा	NN	0	k1
है	VM	0	ccof
कि	CC	0	rs
क्षेत्र	NN	0	k7p
फेर	NN	0	pof
हुआ	VM	0	ccof
।	SYM	0	rsym

लहरों	NN	2	r6
उफान	NN	8	k7t
सागर	NN	4	r6
गहराई	NN	6	k1
कम	QF	6	pof
होने	VM	7	r6-k2
दावा	NN	8	pof
किया	VM	0	main
।	SYM	8	rsym

यानि	CC	0	main
समुद्र	NN	3	k7p
ठहरे	VM	4	nmod__k1inv
पानी	NN	5	r6
स्तर	NN	7	k1
कम	QF	7	pof
हुआ	VM	8	ccof
बल्कि	CC	1	ccof
तल	NN	11	k1
ऊँचा	JJ	11	pof
हुआ	VM	8	ccof
।	SYM	1	rsym

मछुआरों	NN	10	k7a
इसके	PRP	10	vmod
समुद्र	NN	4	k2
घिरे	VM	5	nmod__k1inv
तट	NN	10	k2
मीटर	NN	10	k7p
समुद्र	NN	10	k1
अपने	PRP	9	r6
आगोश	NN	10	k7
लिए	VAUX	0	main
।	SYM	10	rsym

ही	RP	3	k1
नहीं	NEG	3	vmod
NULL	VM	4	ccof
NULL	CC	0	main
सुनामी	NN	9	k7t
मछलियों	NN	9	k1
समुद्र	NN	8	r6-k2
साथ	NST	9	pof
छोड़	VM	4	ccof
।	SYM	4	rsym

हालांकि	CC	0	main
क्षेत्रों	NN	0	k7p
मछुआरों	NN	0	k1
मछलियाँ	NN	0	k2
देखने	VM	0	r6-k2
दावा	NN	0	pof
किया	VM	0	ccof
जो	PRP	0	k1
क्षेत्र	NN	0	k7p
पहले	NST	0	k7t
कभी	PRP	0	k7t
देखी	VM	0	nmod__relc
।	SYM	0	rsym

फेडरेशन	NNP	2	r6
अध्यक्ष	NN	3	nmod
विवेकानंदन	NNP	4	k1
बताया	VM	0	main
कि	CC	4	k2
मछुआरों	NN	8	k1
उनसे	PRP	8	k4
कहा	VM	5	ccof
कि	CC	8	k2
समुद्र	NN	11	r6
गहराई	NN	13	k7
कमी	NN	13	k1
आई	VM	9	ccof
।	SYM	4	rsym

उन्होंने	PRP	2	k1
बताया	VM	0	main
कि	CC	2	k2
शनिवार	NNP	8	k7t
गाँव	NN	6	r6
मछुआरे	NN	8	k1
समुद्र	NN	8	k7p
गए	VM	3	ccof
।	SYM	2	rsym

मछुआरों	NN	2	k1
बताया	VM	0	main
कि	CC	2	k2
मछलियाँ	NN	8	k1
क्षेत्र	NN	6	k7p
छोड़	VM	8	vmod
स्थानों	NN	8	k7p
जा	VM	3	ccof
।	SYM	2	rsym

उन्होंने	PRP	2	k1
बताया	VM	0	main
कि	CC	2	k2
आमतौर	NN	12	k7
चक्रवात	NN	6	ccof
या	CC	8	k2
बाढ़	NN	6	ccof
आने	VM	12	k7
मछुआरों	NN	12	k4a
मछलियाँ	NN	12	k1
ज्यादा	QF	12	pof
मिलती	VM	3	ccof
।	SYM	2	rsym

लेकिन	CC	0	main
बार	NN	5	k7t
उन्हें	PRP	5	k4a
मछलियाँ	NN	5	k1
मिलीं	VM	1	ccof
।	SYM	1	rsym

इसके	PRP	3	vmod
परिवर्तन	NN	3	k2
देखा	VM	4	nmod__relc
उसके	PRP	9	k7a
तटों	NN	6	r6
मीटर	NN	7	r6
भूमि	NN	9	k1
समुद्र	NN	9	k7
समा	VM	0	main
।	SYM	9	rsym

नागपट्टिनम	NNP	0	r6
आयुक्त	NN	0	nmod
नायर	NNP	0	k1
बताया	VM	0	main
कि	CC	0	k2
राज्य	NN	0	ccof
व	CC	0	nmod
केंद्र	NNP	0	ccof
सरकारों	NN	0	k1
सुनामी	NN	0	k7t
समुद्र	NN	0	r6
रासायनिक	JJ	0	nmod
NULL	NN	0	ccof
भूगोल	NN	0	ccof
व	CC	0	r6
परिवर्तनों	NN	0	ccof
अध्ययन	NN	0	rt
परियोजनाओं	NN	0	r6
श्रृंखला	NN	0	k2
शुरू	NN	0	pof
की	VM	0	ccof
।	SYM	0	rsym

अध्ययन	NN	5	pof
तुतिकोरिन	NNP	3	jjmod
स्थित	JJ	4	nmod
इंस्टीट्यूट	NNP	5	k1
करेगा	VM	0	main
।	SYM	5	rsym

इसके	PRP	8	k7a
समुद्र	NN	6	r6
भौतिक	JJ	4	ccof
व	CC	6	nmod
जैविक	JJ	4	ccof
स्थितियों	NN	7	r6-k2
आंकलन	NN	8	pof
होगा	VM	0	main
।	SYM	8	rsym

अध्ययन	NN	0	k2
विभाग	NN	0	k1
कराएगा	VM	0	main
जिसमें	PRP	0	k7
सुनामी	NN	0	r6
प्रभाव	NN	0	k7
जीवन	NN	0	ccof
व	CC	0	k7
जल	NN	0	r6
गुणवत्ता	NN	0	r6
प्रभाव	NN	0	ccof
विमर्श	NN	0	pof
होगा	VM	0	nmod__relc
।	SYM	0	rsym

