सरहदें	NN	4	k1
मुल्कों	NN	4	k2
ही	RP	4	vmod
बांटती	VM	5	ccof
मगर	CC	0	main
दिलों	NN	7	k2
बांट	VM	5	ccof
।	SYM	5	rsym

दिन	NN	5	k7t
यहां	PRP	5	k7p
बंदूकों	NN	4	r6
आवाजें	NN	5	k1
गूंजा	VM	6	ccof
लेकिन	CC	0	main
अब	PRP	15	k7t
कश्मीर	NNP	9	r6
क्षेत्र	NN	10	r6
पोस्ट	NNP	15	k1
रेखा	NN	12	k3
बंटे	VM	13	nmod__k1inv
राज्य	NN	14	r6
द्वार	NN	15	k1s
बन	VM	6	ccof
।	SYM	6	rsym

ब्रिज	NNP	2	rs
जो	PRP	9	k1
पहले	NST	9	k7t
प्रदेशों	NN	6	k2
विभाजित	JJ	6	pof
करने	VM	7	nmod
रेखा	NN	8	r6
पर्याय	NN	9	k1s
था	VM	10	nmod__relc
वह	PRP	18	k1
अब	PRP	18	k7t
रेखा	NN	13	r6
ओर	NST	14	rd
बसे	VM	15	nmod__k1inv
लोगों	NN	16	k2
जोड़ने	VM	17	nmod
मंच	NN	18	k1s
बन	VM	0	main
।	SYM	18	rsym

संभवतः	RB	6	adv
इसीलिए	PRP	6	rh
ब्रिज	NN	6	k4
सेतु	NNP	6	k2
नाम	NN	6	pof
दिया	VM	0	main
।	SYM	6	rsym

उरी	NNP	2	ccof
और	CC	5	k7p
मुजफ्फराबाद	NNP	2	ccof
सुरंगों	NN	5	k2
पटे	VM	6	nmod__k1inv
रास्ते	NN	8	k2
सड़क	NN	8	k7
बदल	VM	0	main
ताकि	CC	8	vmod
ओर	NST	11	r6
बसों	NN	17	k2
यात्रियों	NN	13	k2
ले	VM	14	ccof
और	CC	17	k7
ले	VM	14	ccof
दिक्कत	NN	17	pof
हो	VM	9	ccof
।	SYM	8	rsym

बृहस्पतिवार	NNP	4	k7t
सेवा	NN	4	k1
शुरू	NN	4	pof
होने	VM	8	rh
उरी	NNP	6	r6
लोगों	NN	8	k4
उम्मीद	NN	8	k1
मिली	VM	0	main
।	SYM	8	rsym

पोस्ट	NNP	0	nmod
गांव	NN	0	nmod
उरूसा	NNP	0	r6
जमान	NNP	0	k1
बताया	VM	0	main
कि	CC	0	k2
मेरा	PRP	0	r6
सपना	NN	0	k1
था	VM	0	ccof
कि	CC	0	rs
मेरे	PRP	0	k1
मरने	VM	0	k7t
सड़क	NN	0	k1
खुल	VM	0	ccof
और	CC	0	ccof
मेरा	PRP	0	r6
सपना	NN	0	k1
साकार	JJ	0	pof
हो	VM	0	ccof
।	SYM	0	rsym

बीते	VM	2	nmod__k1inv
दिनों	NN	4	k2
याद	NN	4	pof
करते	VM	6	vmod
जमान	NNP	6	k1
बताया	VM	0	main
कि	CC	6	k2
१९४७	NNP	16	k7t
वह	PRP	16	k1
अपने	PRP	11	r6
पिता	NN	16	ras-k1
तांगे	NN	14	k7p
सवार	JJ	14	pof
होकर	VM	16	vmod
मुजफ्फराबाद	NNP	16	k2p
जाया	VM	7	ccof
।	SYM	6	rsym

वह	PRP	0	k1
दिन	NN	0	k7t
कोसते	VM	0	main
जब	PRP	0	k7t
मार्ग	NN	0	k2
बंद	JJ	0	pof
कर	VM	0	nmod__relc
।	SYM	0	rsym

जमान	NNP	2	k1
कहा	VM	0	main
कि	CC	2	rs
राज्य	NN	5	r6
बंटवारे	NN	9	k7t
उरी	NNP	9	k1
मुजफ्फराबाद	NNP	8	r6
तहसील	NN	9	k1s
हुआ	VM	3	ccof
।	SYM	2	rsym

उन्होंने	PRP	0	k1
बताया	VM	0	main
कि	CC	0	k2
मेरे	PRP	0	r6
गांव	NN	0	k7
घर	NN	0	k1
ऐसा	PRP	0	adv
है	VM	0	ccof
जिसके	PRP	0	r6
परिजन	NN	0	k1
रेखा	NN	0	r6
पार	NN	0	k7p
हों	VM	0	nmod__relc
।	SYM	0	rsym

उन्होंने	PRP	0	k1
बताया	VM	0	main
कि	CC	0	k2
१९४७	NNP	0	k7t
युद्घ	NN	0	k7t
लोग	NN	0	k1
अपनी	PRP	0	r6
मरजी	NN	0	vmod
नहीं	NEG	0	vmod
NULL	VM	0	ccof
बल्कि	CC	0	ccof
डर	NN	0	rh
इलाका	NN	0	k2
छोड़	VM	0	vmod
चले	VM	0	ccof
।	SYM	0	rsym

लोगों	NN	2	k1
बताया	VM	0	main
कि	CC	2	k2
मुजफ्फराबाद	NNP	7	k1
उरी	NNP	7	k5
किमी	NN	7	k1s
है	VM	3	ccof
।	SYM	2	rsym

सुलेमान	NNP	2	k1
बताया	VM	0	main
कि	CC	2	k2
यहां	PRP	7	k5
घंटे	NN	6	r6
सफर	NN	7	k1
है	VM	8	ccof
लेकिन	CC	3	ccof
दूरी	NN	10	k2
पाटने	VM	12	k7
दशक	NN	12	k7t
लग	VM	8	ccof
।	SYM	2	rsym

बहरहाल	CC	0	main
उरी	NNP	3	r6
लोग	NN	8	k1
सेवा	NN	6	k1
शुरू	NN	6	pof
होने	VM	7	r6
जशन	NN	8	k2
मनाएंगे	VM	1	ccof
।	SYM	1	rsym

NULL	PRP	0	k1
गौरतलब	JJ	0	k1s
है	VM	0	main
कि	CC	0	rs
ब्रिज	NNP	0	r6-k2
निर्माण	NN	0	pof
१८८०	NNP	0	k7t
हुआ	VM	0	ccof
।	SYM	0	rsym

१९०६	NNP	5	k7t
यह	PRP	5	k1
लकड़ी	NN	4	r6
NULL	NN	5	k1s
बना	VM	0	main
।	SYM	5	rsym

१९४७	NNP	2	r6
लड़ाई	NN	6	k7t
जब	PRP	6	k7t
सैनिक	NN	6	k1
पलायन	NN	6	pof
कर	VM	7	nmod__relc
तो	PRP	11	k7t
उन्होंने	PRP	11	k1
ब्रिज	NN	11	k2
क्षतिग्रस्त	JJ	11	pof
कर	VM	12	ccof
और	CC	0	main
महीने	NN	16	k7t
ब्रिज	NN	16	k1
अवस्था	NN	16	k7
था	VM	12	ccof
।	SYM	12	rsym

भारत	NNP	2	ccof
और	CC	9	k1
पाकिस्तान	NNP	2	ccof
फरवरी	NNP	9	k7t
जब	PRP	9	k7t
बस	NN	7	k2
चलाने	VM	8	r6-k2
निर्णय	NN	9	pof
किया	VM	10	nmod__relc
तो	PRP	19	k7t
इसके	PRP	19	k7t
संगठन	NNP	19	k1
बीआरओ	NNP	12	rs
ने	PSP	12	fragof
सड़क	NN	16	k2
बनाने	VM	17	r6
काम	NN	19	k2
शुरू	NN	19	pof
किया	VM	20	ccof
और	CC	0	main
घंटे	NN	27	k7t
लकड़ी	NN	23	r6
जगह	NN	27	k7
लोहे	NN	25	r6
ब्रिज	NNP	27	k2
तैयार	JJ	27	pof
कर	VM	20	ccof
।	SYM	20	rsym

उरी	NNP	2	r6
लोग	NN	7	k1
सेवा	NN	5	k1
शुरू	NN	5	pof
होने	VM	7	rh
खुश	JJ	7	k1s
हैं	VM	8	ccof
और	CC	0	main
विराम	NN	14	rt
उन्होंने	PRP	14	k1
देश	NN	12	r6
सरकारों	NN	14	k4
धन्यवाद	NN	14	pof
दिया	VM	8	ccof
।	SYM	8	rsym

उन्होंने	PRP	2	k1
कहा	VM	0	main
कि	CC	2	k2
विराम	NN	11	rh
उनका	PRP	6	r6
जीवन	NN	11	k1
सुरक्षित	JJ	8	ccof
और	CC	11	pof
जीने	VM	10	jjmod
काबिल	JJ	8	ccof
हो	VM	3	ccof
।	SYM	2	rsym

