सिंघल	NNP	2	k1
कहा	VM	0	main
कि	CC	2	k2
गुरु	NN	5	nmod
सिंह	NNP	6	r6
समय	NN	10	k7t
सिखों	NN	8	r6-k1
उदय	NN	10	pof
समुदाय	NN	10	k7
हुआ	VM	3	ccof
।	SYM	2	rsym

परिषद	NN	6	k1
रूप	NN	6	adv
सिखों	NN	6	k2
हिंदुओं	NN	5	r6
हिस्सा	NN	6	k2s
बताए	VM	7	r6
बयान	NN	8	rh
उभरे	VM	9	nmod__k1inv
विवाद	NN	12	k7
सिंघल	NNP	11	r6
बयान	NN	12	k1
आया	VM	0	main
।	SYM	12	rsym

आयोग	NNP	2	r6
अध्यक्ष	NN	3	nmod
सिंह	NNP	4	k4
लिखे	VM	6	nmod__k2inv
अपने	PRP	6	r6
बयान	NN	8	k7
सिंघल	NNP	8	k1
कहा	VM	0	main
सिंह	NNP	10	r6
काल	NN	14	k7t
सिखों	NN	12	r6-k1
उदय	NN	14	pof
समुदाय	NN	14	k7
हुआ	VM	8	k2
।	SYM	8	rsym

उन्होंने	PRP	0	k1
कहा	VM	0	main
कि	CC	0	k2
वजह	NN	0	k1
है	VM	0	ccof
कि	CC	0	rs
यह	PRP	0	k1
धर्मों	NN	0	k2u
विहिप	NNP	0	rs
पंथ	NN	0	k2
प्रशंसा	NN	0	ccof
और	CC	0	vmod
गर्व	NN	0	ccof
देखता	VM	0	ccof
।	SYM	0	rsym

मंच	NNP	2	rd
मिली	VM	3	nmod__k1inv
शिकायत	NN	9	k7a
सिंह	NNP	9	k1
लिखकर	VM	9	vmod
सिंघल	NNP	9	k5
मुद्दे	NN	9	k7
बयान	NN	9	k2
चाहा	VM	0	main
।	SYM	9	rsym

इसी	PRP	2	r6
जवाब	NN	5	k7
सिंघल	NNP	5	k1
यह	PRP	5	k2
लिखा	VM	0	main
।	SYM	5	rsym

कहा	VM	0	main
कि	CC	1	k2
हाल	NN	13	k7t
अमृतसर	NNP	13	k7p
परिवार	NN	6	r6
सम्मेलन	NN	13	k7t
विहिप	NNP	8	r6
नेताओं	NN	13	k1
रूप	NN	13	adv
सिखों	NN	13	k2
हिंदुओं	NN	12	r6
हिस्सा	NN	13	k2s
बताया	VM	2	ccof
।	SYM	1	rsym

सिंह	NNP	2	k1
कहा	VM	0	main
हमें	PRP	4	k4a
लगता	VM	2	k2
कि	CC	4	k1
सिखों	NN	8	k2
समुदाय	NN	8	k2s
मानने	VM	11	k7
विहिप	NNP	11	k4a
आपत्ति	NN	11	k1
है	VM	5	ccof
।	SYM	2	rsym

