कमेटी	NN	7	k1
बजट	NN	3	k7
बढ़ती	VM	4	nmod__k1inv
निर्भरता	NN	7	rt
रेलवे	NN	6	r6-k2
निंदा	NN	7	pof
की	VM	0	main
।	SYM	7	rsym

कमेटी	NN	0	r6
सुझाव	NN	0	k1
है	VM	0	main
कि	CC	0	rs
देश	NN	0	r6
क्षेत्र	NN	0	r6
उपक्रम	NN	0	nmod
रेलवे	NN	0	k1
अपने	PRP	0	r6
रुख	NN	0	k7
बदलाव	NN	0	pof
करते	VM	0	vmod
उपभोक्ता	NN	0	rt
सरल	JJ	0	ccof
और	CC	0	k1s
बाजारोन्मुखी	JJ	0	ccof
बनना	VM	0	ccof
।	SYM	0	rsym

इससे	PRP	0	root
वह	PRP	0	root
उपक्रम	NN	4	pof
होने	VM	0	root
बजट	NN	7	k7
निर्भर	JJ	7	pof
रहकर	VM	0	root
अपने	PRP	9	r6
संसाधन	NN	0	root
खुद	PRP	0	root
जुटा	VM	0	root
।	SYM	11	rsym

लोकसभा	NN	0	k7p
पेश	JJ	0	pof
की	VM	0	nmod__k2inv
अपनी	PRP	0	r6
रिपोर्ट	NN	0	k7
कमेटी	NN	0	k1
कहना	VM	0	k1
है	VM	0	main
कि	CC	0	k2
रेलवे	NN	0	k4
मदद	NN	0	k1
अब	PRP	0	k7t
फीसदी	NN	0	jjmod
अधिक	QF	0	k1s
मिलने	VM	0	ccof
।	SYM	0	rsym

उपक्रम	NN	2	k1
होने	VM	9	rh
पहले	NST	9	k7t
रेलवे	NN	9	k1
अपनी	PRP	6	r6
योजना	NN	7	r6
वित्त	NN	8	r6-k2
प्रबंध	NN	9	pof
करना	VM	10	ccof
और	CC	0	main
परियोजनाओं	NN	14	k2
स्रोतों	NN	14	k3
पूरा	JJ	14	pof
करना	VM	10	ccof
।	SYM	10	rsym

आयोग	NN	2	r6
राय	NN	4	k7
गौर	NN	4	pof
करते	VM	6	vmod
कमेटी	NN	6	k1
कहा	VM	0	main
कि	CC	6	k2
समस्या	NN	12	k1
रेलवे	NN	10	k4
मिलने	VM	11	nmod
मदद	NN	12	k1s
है	VM	7	ccof
।	SYM	6	rsym

बल्कि	CC	0	main
आंतरिक	JJ	3	ccof
व	CC	5	nmod
अतिरिक्त	JJ	3	ccof
मदद	NN	6	k1
होना	VM	9	k1
इसकी	PRP	8	r6
समस्या	NN	9	k1s
है	VM	1	ccof
।	SYM	1	rsym

योजना	NN	7	k7t
सरकार	NN	7	k1
रेलवे	NN	7	k4
रुपये	NN	5	r6
सहायता	NN	7	k2
मंजूरी	NN	7	pof
दे	VM	0	main
।	SYM	7	rsym

योजना	NN	2	r6
रकम	NN	5	k2
सालों	NN	5	k7t
उपलब्ध	JJ	5	pof
कराई	VM	0	main
।	SYM	5	rsym

कमेटी	NN	2	r6-k2
अध्यक्षता	NN	4	pof
आचार्य	NNP	4	k1
की	VM	0	main
।	SYM	4	rsym

अपने	PRP	2	r6
तर्क	NN	3	r6
समर्थन	NN	9	k7
उन्होंने	PRP	9	k1
आयोग	NN	6	r6
नजरिए	NN	7	r6-k2
उल्लेख	NN	8	pof
करते	VM	9	vmod
कहा	VM	0	main
कि	CC	9	k2
ट्रैकों	NN	12	r6
लंबाई	NN	14	ccof
क्षेत्रफल	NN	14	ccof
और	CC	16	k2
आबादी	NN	14	ccof
देखते	VM	22	vmod
चीन	NNP	18	ccof
और	CC	20	r6
भारत	NNP	18	ccof
प्रणाली	NN	22	k7
समानताएं	NN	22	k1
हैं	VM	10	ccof
।	SYM	9	rsym

जबकि	CC	0	main
चीन	NNP	5	k7p
बजट	NN	5	rh
पूरा	JJ	5	pof
किए	VM	7	nmod
रेलवे	NN	7	r6
खर्च	NN	9	k1
फीसदी	NN	9	k1s
है	VM	1	ccof
।	SYM	1	rsym

जबकि	CC	0	main
भारत	NNP	5	k7p
रकम	NN	5	k1
फीसदी	NN	5	k1s
हो	VM	1	ccof
।	SYM	1	rsym

चीन	NNP	5	k7
बजट	NN	5	vmod
संसाधनों	NN	4	r6
भरमार	NN	5	k1
है	VM	0	main
।	SYM	5	rsym

वह	PRP	5	k1
संसाधनों	NN	5	k3
रकम	NN	4	r6-k2
प्रबंध	NN	5	pof
करता	VM	6	ccof
और	CC	0	main
बाजार	NN	10	k5
रकम	NN	10	k2
हासिल	JJ	10	pof
करता	VM	6	ccof
।	SYM	6	rsym

हालांकि	CC	0	main
भारत	NNP	3	r6
मामले	NN	9	k7
यह	PRP	9	k1
क्रमशः	RB	9	adv
२४	QC	7	ccof
और	CC	9	k1s
प्रतिशत	NN	7	ccof
है	VM	1	ccof
।	SYM	1	rsym

इसलिए	PRP	0	rh
भारत	NNP	0	k7p
रेलवे	NN	0	r6
कार्यक्रम	NN	5	ccof
और	CC	13	k1
योजनाएं	NN	5	ccof
तकरीबन	RB	13	adv
तरह	NN	13	adv
सरकार	NN	10	k5
मिलने	VM	11	nmod
बजट	NN	13	k7
निर्भर	JJ	13	k1s
हैं	VM	0	main
।	SYM	13	rsym

इसके	PRP	6	vmod
भारत	NNP	6	k1
अब	PRP	6	k7t
धीरे	RDP	6	adv
प्रणाली	NN	6	rd
बढ़ना	VM	0	main
।	SYM	6	rsym

बजट	NN	0	r6
प्रावधान	NN	0	k1
क्षेत्रों	NN	0	k7
सीमित	JJ	0	pof
होना	VM	0	main
जो	PRP	0	k2
संस्थान	NN	0	k1
प्रायोजित	JJ	0	pof
करना	VM	0	k2
चाहता	VM	0	nmod__relc
।	SYM	0	rsym

