बार	NN	7	k7t
बजट	NN	7	k7
सेना	NN	4	r6
इकाइयों	NN	7	rt
खर्चों	NN	7	k7
बढ़ोतरी	NN	7	pof
की	VM	0	main
।	SYM	7	rsym

इससे	PRP	3	rh
अपेक्षा	NN	3	pof
की	VM	0	main
कि	CC	3	k2
सेना	NNP	11	k1
अपने	PRP	11	rt
किस्म	NN	8	r6
हथियारों	NN	9	k2
खरीदने	VM	10	r6-k2
व्यवस्था	NN	11	pof
कर	VM	4	ccof
।	SYM	3	rsym

बजट	NN	5	k7
इसके	PRP	5	rt
रुपये	NN	4	r6
फंड	NN	5	k2
रखा	VM	0	main
।	SYM	5	rsym

बजट	NN	4	k7
राशि	NN	4	k1
रुपये	NN	4	k1s
थी	VM	0	main
।	SYM	4	rsym

राशि	NN	4	k5
रुपये	NN	4	k2
प्रयोग	NN	4	k7
लाये	VM	0	main
।	SYM	4	rsym

सूत्रों	NN	3	k1
स्पष्ट	JJ	3	pof
किया	VM	0	main
कि	CC	3	k2
फंड	NN	7	k7
बढ़ोत्तरी	NN	7	pof
होने	VM	13	rh
सेना	NN	13	rt
उपकरणों	NN	10	r6-k2
फरोख्त	NN	11	pof
करने	VM	13	k7
मदद	NN	13	pof
मिलेगी	VM	4	ccof
।	SYM	3	rsym

उन्होंने	PRP	0	k1
बताया	VM	0	main
कि	CC	0	k2
सरकार	NN	0	k1
सौदे	NN	0	pof
किए	VM	0	ccof
जिनको	PRP	0	k2
पूरा	JJ	0	pof
करने	VM	0	k7
अब	PRP	0	k7t
आसानी	NN	0	pof
होगी	VM	0	nmod__relc
।	SYM	0	rsym

सौदों	NN	8	k7
एयरक्राफ्ट	NN	3	nmod
गाशकोव	NNP	5	ccof
ट्रेनर	NN	5	ccof
और	CC	8	k1
प्रणाली	NNP	5	ccof
शामिल	JJ	8	k1s
हैं	VM	0	main
।	SYM	8	rsym

सूत्रों	NN	0	k1
कहना	VM	0	k1
है	VM	0	main
कि	CC	0	k2
सरकार	NN	0	k7
वक्त	NN	0	k7t
सौदे	NN	0	k1
रास्ते	NN	0	k7
लटके	VM	0	ccof
।	SYM	0	rsym

इनमें	PRP	5	k7
कुछ	PRP	5	rt
स्वीकृति	NN	4	r6
जरूरत	NN	5	k1
है	VM	6	ccof
और	CC	0	main
सौदे	NN	11	k1
पैसे	NN	9	r6
लेनदेन	NN	10	k2
लेकर	VM	11	vmod
अटके	VM	6	ccof
।	SYM	6	rsym

बजट	NN	7	k7
सेना	NNP	3	r6
हिस्से	NN	7	k7
विमानों	NN	5	r6
खरीद	NN	7	rt
रुपये	NN	7	k2
रखे	VM	0	main
।	SYM	7	rsym

इसके	PRP	6	vmod
उपकरणों	NN	3	r6
खरीद	NN	6	rt
रुपयों	NN	5	r6
प्रावधान	NN	6	k2
रखा	VM	0	main
।	SYM	6	rsym

विमानों	NN	5	k7
एस	NN	5	k7
५	NNP	4	nmod
विमानों	NN	5	k2
खरीदे	VM	6	r6-k2
बात	NN	7	pof
चल	VM	0	main
।	SYM	7	rsym

सेना	NNP	5	k4
उपकरणों	NN	3	r6
खरीद	NN	5	rt
रुपये	NN	5	k2
दिए	VM	0	main
।	SYM	5	rsym

बजट	NN	5	k7
नौसेना	NN	5	rt
रुपये	NN	4	r6
प्रस्ताव	NN	5	k2
रखा	VM	0	main
।	SYM	5	rsym

इसमें	PRP	5	k7
सौदों	NN	5	k2
सीमा	NN	5	k7t
पूरा	JJ	5	pof
किया	VM	0	main
।	SYM	5	rsym

