क्रांति	NNP	2	r6
जनक	NN	4	nmod
विजेता	NN	4	nmod
बोर्लेग	NNP	6	k1
टूक	RB	6	adv
कहा	VM	0	main
कि	CC	6	k2
खेती	NN	11	k3
दुनिया	NN	10	r6
भूख	NN	11	k2
मिटाया	VM	7	ccof
।	SYM	6	rsym

धरती	NN	2	r6
आबादी	NN	9	k2
अन्न	NN	5	k2
मुहैया	JJ	5	pof
कराने	VM	9	rt
फिलहाल	RB	9	adv
खादों	NN	8	r6
जरूरत	NN	9	k1
बनी	VM	0	main
।	SYM	9	rsym

खादों	NN	5	r6
खेती	NN	3	r6
अस्तित्व	NN	4	r6-k2
बात	NN	5	pof
करने	VM	7	k1
कल्पनाओं	NN	7	k7
जी	VM	0	main
।	SYM	7	rsym

खादों	NN	5	k5
भूमि	NN	3	ccof
व	CC	5	k4a
मनुष्य	NN	3	ccof
होने	VM	6	nmod
नुकसान	NN	8	k2
दरकिनार	RB	8	pof
करते	VM	10	vmod
नार्मन	NNP	10	k1
कहा	VM	0	main
कि	CC	10	k2
अगर	CC	0	root
फर्टीलाईज़र	NN	14	k1
हों	VM	12	ccof
तो	CC	0	root
अन्न	NN	17	k2
लेकर	VM	21	vmod
दुनिया	NN	21	k7p
तफरी	NN	21	k1
उत्पन्न	JJ	21	pof
हो	VM	15	ccof
।	SYM	0	root

अमादलपुर	NNP	2	r6
किसान	NN	3	nmod
सिंह	NNP	4	r6
फार्म	NNP	5	k2
देखने	VM	6	rt
पहुंचे	VM	7	nmod__k1inv
बोर्लेग	NNP	11	k1
शुक्रवार	NNP	11	k7t
उजाला	NNP	11	k4
चीत	NN	11	k7
कहा	VM	0	main
कि	CC	11	k2
सत्तर	QC	14	r6
दशक	NN	19	k7t
जब	PRP	19	k7t
दुनिया	NN	19	k1
क्रांति	NNP	19	ras-k1
रूबरू	RB	19	pof
हो	VM	20	nmod__relc
तब	PRP	25	k7t
भारत	NNP	25	k1
अन्न	NN	25	rt
देशों	NN	24	r6-k2
मुँह	NN	25	pof
ताकता	VM	12	ccof
।	SYM	11	rsym

समय	NN	0	k7t
अमेरिका	NNP	0	ccof
व	CC	0	r6
देशों	NN	0	ccof
सोच	NN	0	k1
थी	VM	0	main
कि	CC	0	rs
भारत	NNP	0	k1
उत्पादन	NN	0	k7
निर्भर	JJ	0	pof
हो	VM	0	ccof
लेकिन	CC	0	ccof
भारत	NNP	0	k1
दुनिया	NN	0	k2
अचंभित	JJ	0	pof
कर	VM	0	ccof
।	SYM	0	rsym

किसानों	NN	8	k1
उर्वरकों	NN	3	ccof
और	CC	5	r6-k2
समय	NN	3	ccof
इस्तेमाल	NN	6	pof
कर	VM	8	vmod
कमाल	NN	8	pof
दिखाया	VM	0	main
।	SYM	8	rsym

कृषि	NN	3	k2
उन्नत	JJ	3	pof
करने	VM	7	k7
नाथन	NNP	7	vmod
वैज्ञानिकों	NN	6	r6
योगदान	NN	7	k1
रहा	VM	0	main
।	SYM	7	rsym

बोर्लेग	NNP	6	k7a
साल	NN	6	k7t
जब	PRP	6	k7t
मैं	PRP	6	k1
पैदा	JJ	6	pof
हुआ	VM	7	nmod__relc
तब	PRP	10	k7t
दुनिया	NN	10	k7p
लोग	NN	10	k1
थे	VM	0	main
।	SYM	10	rsym

अब	PRP	5	k7t
संख्या	NN	5	k1
अरब	QC	5	k2
पार	NN	5	pof
कर	VM	0	main
।	SYM	5	rsym

लोगों	NN	2	r6
पेट	NN	3	k2
भरने	VM	6	rt
खादों	NN	5	r6
विकल्प	NN	6	k1
है	VM	0	main
।	SYM	6	rsym

हालांकि	CC	0	main
उन्होंने	PRP	3	k1
माना	VM	1	ccof
कि	CC	3	k2
खाद	NN	7	k1
बढ़िया	JJ	7	k1s
है	VM	8	ccof
लेकिन	CC	4	ccof
खादों	NN	10	r6
जगह	NN	11	k2
ले	VM	8	ccof
।	SYM	1	rsym

अब	PRP	8	k7t
फोरेस्टरी	NNP	5	r6
वानिकी	NNP	2	rs
के	PSP	2	fragof
क्षेत्र	NN	8	k7
भारत	NNP	8	k1
प्रगति	NN	8	pof
कर	VM	9	ccof
और	CC	0	main
क्रांति	NN	11	rd
बढ़	VM	9	ccof
।	SYM	9	rsym

बोर्लेग	NNP	0	k1
मानना	VM	0	k1
है	VM	0	main
कि	CC	0	k2
फोरेस्टरी	NNP	0	k1
रोजगार	NN	0	r6
माध्यम	NN	0	k1s
बन	VM	0	ccof
।	SYM	0	rsym

इससे	PRP	4	rh
सिर्फ	RP	4	vmod
किसानों	NN	4	k4
NULL	VM	5	ccof
बल्कि	CC	0	main
लोगों	NN	8	k4
काम	NN	8	k1
मिल	VM	5	ccof
।	SYM	5	rsym

फार्म	NNP	6	k7p
पापुलर	NN	3	ccof
और	CC	6	k2
गेहूं	NN	3	ccof
खेत	NN	6	k7
देखकर	VM	9	vmod
वे	PRP	9	k1
हैरान	JJ	9	pof
हुए	VM	0	main
।	SYM	9	rsym

उन्होंने	PRP	2	k1
कहा	VM	0	main
कि	CC	2	k2
भारत	NNP	7	k7p
अन्न	NN	7	k1
पैदा	JJ	7	pof
हो	VM	8	ccof
लेकिन	CC	3	ccof
लोगों	NN	13	k7
उसे	PRP	11	k2
खरीदने	VM	13	rt
पैसे	NN	13	k1
हैं	VM	8	ccof
।	SYM	2	rsym

अब	PRP	5	k7t
फोरेस्टरी	NNP	5	k3
लोगों	NN	4	r6
स्थिति	NN	5	k1
बदलेगी	VM	6	ccof
और	CC	0	main
उनकी	PRP	8	r6
क्षमता	NN	9	k1
बढ़	VM	6	ccof
।	SYM	6	rsym

१९७०	NNP	0	k7t
कृषि	NN	0	r6
क्षेत्र	NN	0	k7
पुरस्कार	NNP	0	k2
पाने	VM	0	nmod
बोर्लेग	NNP	0	k1
कहना	VM	0	k1
है	VM	0	main
कि	CC	0	k2
पुरस्कार	NN	0	r6
श्रेय	NN	0	k1
स्वामीनाथन्	NNP	0	vmod
दुनिया	NN	0	r6
वैज्ञानिकों	NN	0	ccof
और	CC	0	k2
किसान	NN	0	ccof
जाता	VM	0	ccof
।	SYM	0	rsym

हारा	NNP	0	k1
बताया	VM	0	main
कि	CC	0	k2
वे	PRP	0	k1
बोर्लेग	NNP	0	k1s
थे	VM	0	ccof
जिन्होंने	PRP	0	k1
७०	NNP	0	r6
दशक	NN	0	k7t
सरकार	NNP	0	k4
किसानों	NN	0	rt
ज्यादा	QF	0	nmod
ऋण	NN	0	k2
देने	VM	0	r6-k1
प्रावधान	NN	0	pof
रखने	VM	0	r6-k2
सुझाव	NN	0	pof
दिया	VM	0	nmod__relc
।	SYM	0	rsym

हारा	NNP	0	k1
बताया	VM	0	main
कि	CC	0	k2
वे	PRP	0	k1
अपने	PRP	0	r6
खेतों	NN	0	k5
साल	NN	0	r6
चक्र	NN	0	k7
लकड़ी	NN	0	r6-k2
पैदावार	NN	0	pof
कर	VM	0	ccof
जो	PRP	0	k1
देशों	NN	0	k1u
ज्यादा	QF	0	k1s
है	VM	0	nmod__relc
।	SYM	0	rsym

उन्होंने	PRP	2	k1
कहा	VM	0	main
कि	CC	2	k2
वानिकी	NNP	6	k7
संभावनाएं	NN	6	k1
हैं	VM	3	ccof
चूँकि	CC	6	vmod
भारत	NNP	13	k7p
साल	NN	13	k7t
रुपये	NN	11	r6
लकड़ी	NN	13	k1
आयात	NN	13	pof
होती	VM	7	ccof
।	SYM	2	rsym

फोरेस्टरी	NNP	0	k1
कारगर	JJ	0	k1s
है	VM	0	main
नगर	NNP	0	k1
इसका	PRP	0	r6
उदाहरण	NN	0	k1s
है	VM	0	rs
जहाँ	PRP	0	k7p
साल	NN	0	k7t
प्लाइवुड	NN	0	r6
भी	RP	0	jjmod
ज्यादा	QF	0	nmod
फैक्टरियाँ	NN	0	k1
लगी	VM	0	nmod__relc
जिनमें	PRP	0	k7
लोगों	NN	0	k4
रोज़गार	NN	0	k1
मिला	VM	0	nmod__relc
।	SYM	0	rsym

यहाँ	PRP	2	k7p
आए	VM	3	nmod__k1inv
क्रॉप्स	NNP	4	r6
डायरेक्टर	NN	5	nmod
शुक्ला	NNP	13	k1
फोरेस्टरी	NNP	7	ras-k1
जुड़े	VM	8	nmod__k1inv
किसानों	NN	13	k4
मदद	NN	11	k2
मुहैया	JJ	11	pof
करवाने	VM	12	r6
बात	NN	13	k2
कही	VM	0	main
।	SYM	13	rsym

उर्वरकों	NN	2	r6
इस्तेमाल	NN	4	k7
उन्होंने	PRP	4	k1
कहा	VM	0	main
कि	CC	4	k2
खाद	NN	8	k1
इस्तेमाल	NN	8	pof
की	VM	5	ccof
।	SYM	4	rsym

