आज	NN	9	k7t
देश	NN	3	r6
कर्जदार	NN	9	k1
किसानों	NN	9	k5
जनजाति	NN	7	ccof
जाति	NN	7	ccof
व	CC	9	k7
वर्ग	NN	7	ccof
हैं	VM	0	main
।	SYM	9	rsym

बात	NN	2	r6
जानकारी	NN	4	k1
सर्वे	NNP	4	k5
मिली	VM	0	main
।	SYM	4	rsym

देश	NN	6	k7t
किसानों	NN	3	r6
स्थिति	NN	6	k2
खासकर	RB	6	adv
किसानों	NN	6	k7
किए	VM	7	nmod__k1inv
सर्वेक्षण	NN	13	k7a
किसानों	NN	9	r6
संख्या	NN	13	k1
प्रदेश	NNP	11	ccof
व	CC	13	k7p
तमिलनाडु	NNP	11	ccof
है	VM	0	main
।	SYM	13	rsym

प्रदेश	NNP	2	r6
किसानों	NN	10	k7
फीसदी	NN	4	nmod
जनजाति	NN	7	ccof
फीसदी	NN	6	nmod
जाति	NN	7	ccof
व	CC	10	k7
फीसदी	NN	9	nmod
वर्ग	NN	7	ccof
हैं	VM	0	main
।	SYM	10	rsym

जबकि	CC	0	main
तमिलनाडु	NNP	0	k7p
अनुपात	NN	0	k1
प्रकार	NN	0	k1s
है	VM	0	ccof
फीसदी	NN	0	nmod
जनजाति	NN	0	ccof
फीसदी	NN	0	nmod
जाति	NN	0	ccof
व	CC	0	k5
फीसदी	NN	0	nmod
वर्ग	NN	0	ccof
हैं	VM	0	k1s
।	SYM	0	rsym

यहाँ	PRP	5	k7p
श्रेणी	NN	3	r6
किसान	NN	5	k1
कर्जदार	JJ	5	k1s
है	VM	0	main
।	SYM	5	rsym

देश	NN	9	k7p
किसानों	NN	3	r6
स्थिति	NN	5	k7
जानकारी	NN	5	k2
लेकर	VM	9	vmod
पहले	NST	9	k7t
२००३	NNP	9	k7t
सर्वेक्षण	NN	9	pof
कराया	VM	0	main
।	SYM	9	rsym

इसका	PRP	2	r6
उद्देश्य	NN	9	k1
सहन	NN	4	r6
आधार	NN	8	k7
किसानों	NN	6	r6
स्थिति	NN	7	r6-k2
आकलन	NN	8	pof
करना	VM	9	k1s
था	VM	0	main
।	SYM	9	rsym

इसमें	PRP	14	k7
व्यय	NN	8	ccof
कृषि	NN	4	ccof
व	CC	8	ccof
व्यवसाय	NN	4	ccof
परिसंपत्तियाँ	NN	8	ccof
आय	NN	8	ccof
और	CC	10	r6
कर्ज	NN	8	ccof
आधार	NN	14	k7
किसानों	NN	12	r6
स्थिति	NN	13	r6-k2
सर्वेक्षण	NN	14	pof
किया	VM	0	main
।	SYM	14	rsym

