सिंह	NNP	2	k1
कहा	VM	0	main
कि	CC	2	k2
अमेरिका	NNP	7	k1
पाकिस्तान	NNP	7	k4
विमान	NN	7	k2
बेचने	VM	8	r6
निर्णय	NN	12	vmod
संबंध	NN	12	k1
बेहतर	JJ	12	k1s
कभी	PRP	12	adv
थे	VM	3	ccof
।	SYM	2	rsym

इसके	PRP	3	vmod
उन्होंने	PRP	3	k1
कहा	VM	0	main
कि	CC	3	k2
भारत	NNP	11	k1
पाकिस्तान	NNP	7	r6
प्रस्तावों	NN	9	k7
विचार	NN	9	pof
करने	VM	11	rt
तैयार	JJ	11	k1s
है	VM	12	ccof
लेकिन	CC	4	ccof
वह	PRP	20	k1
नक्शे	NN	17	k7
तब्दीली	NN	17	k2
स्वीकार	NN	17	pof
करके	VM	20	vmod
बंटवारे	NN	20	k2
न्योता	NN	20	pof
दे	VM	12	ccof
।	SYM	3	rsym

वर्ल्ड	NNP	0	k2
दिए	VM	0	nmod__k1inv
इंटरव्यू	NN	0	k7
वह	PRP	0	k1
भारत	NNP	0	r6
नक्शा	NN	0	k2
बनाकर	VM	0	vmod
बंटवारे	NN	0	r6
बात	NN	0	k2
छोड़कर	VM	0	vmod
पाकिस्तान	NNP	13	r6
सुझाए	VM	13	nmod__k2inv
विकल्पों	NN	14	k2
सुनने	VM	16	rt
राजी	JJ	16	k1s
हैं	VM	0	main
।	SYM	16	rsym

उन्होंने	PRP	2	k1
कहा	VM	0	main
कि	CC	2	k2
पाक	NNP	8	k7
बातचीत	NN	6	r6
प्रगति	NN	8	k1
संतोषजनक	JJ	8	k1s
है	VM	3	ccof
।	SYM	2	rsym

उन्होंने	PRP	2	k1
कहा	VM	0	main
कि	CC	2	k2
इससे	PRP	9	k7t
उन्होंने	PRP	9	k1
कभी	PRP	9	k7t
सीमा	NN	9	k7p
माहौल	NN	9	k2
देखा	VM	3	ccof
।	SYM	2	rsym

उन्होंने	PRP	6	k1
सेवा	NN	3	r6-k1
शुरू	NN	4	pof
होने	VM	6	k2
घटनाक्रम	NN	6	k2s
बताया	VM	0	main
।	SYM	6	rsym

इसे	PRP	4	k2
सावधानीपूर्वक	RB	4	adv
आगे	NST	4	pof
बढ़ाना	VM	5	ccof
और	CC	0	main
प्रक्रिया	NN	8	rt
समाधान	NN	8	k1
है	VM	5	ccof
।	SYM	5	rsym

इसके	PRP	0	vmod
सिंह	NNP	0	k1
कहा	VM	0	main
कि	CC	0	k2
संबंध	NN	0	k1
परिपक्वता	NN	0	r6
मुकाम	NN	0	k7
पहुंच	VM	0	ccof
जहां	PRP	0	k7
हमारे	PRP	0	r6
मतभेद	NN	0	k1
हमारे	PRP	0	r6
संबंध	NN	0	k2
प्रभावित	JJ	0	pof
करते	VM	0	nmod__relc
।	SYM	0	rsym

अमेरिका	NNP	5	ras-k1
भारत	NNP	3	r6
संबंध	NN	5	k1
आयाम	NN	5	k7
पहुंचे	VM	0	main
।	SYM	5	rsym

संबंध	NN	4	k1
बेहतर	JJ	4	k1s
कभी	PRP	4	k7t
थे	VM	0	main
।	SYM	4	rsym

अपने	PRP	4	r6
इस	PSP	4	fragof
बदले	VM	4	nmod__k1inv
रुख	NN	6	k7
सिंह	NNP	6	k1
कहा	VM	0	main
कि	CC	6	k2
वह	PRP	10	k1
नटवर	NNP	10	k1s
थे	VM	11	ccof
NULL	CC	7	ccof
यह	PRP	14	k1
नटवर	NNP	14	k1s
हैं	VM	11	ccof
।	SYM	6	rsym

विपक्ष	NN	2	k7
रहते	VM	4	vmod
सिंह	NNP	4	k1
लिखा	VM	0	main
कि	CC	4	k2
भारत	NNP	7	nmod
राष्ट्र	NN	12	k1
कभी	PRP	12	k7t
शक्ति	NN	10	nmod
अमेरिका	NNP	11	r6
सहयोगी	NN	12	k1s
हो	VM	5	ccof
।	SYM	4	rsym

विभाग	NNP	2	r6
अधिकारी	NN	3	k1
कहा	VM	0	main
कि	CC	3	k2
अमेरिका	NNP	13	k1
भारत	NNP	13	k4
सदी	NNP	8	r6
महाशक्ति	NN	10	k7
विकसित	JJ	10	pof
करने	VM	12	k7
मदद	NN	12	pof
करना	VM	13	k2
चाहता	VM	4	ccof
।	SYM	3	rsym

बयान	NN	6	k7
अपनी	PRP	3	r6
असहमति	NN	4	k2
जताते	VM	6	vmod
सिंह	NNP	6	k1
कहा	VM	0	main
कि	CC	6	k2
भारत	NNP	13	k1
महाशक्ति	NN	10	k2
बनने	VM	11	r6
जुगत	NN	13	k7
शामिल	JJ	13	k1s
है	VM	7	ccof
।	SYM	6	rsym

नेपाल	NNP	2	r6
हालात	NN	4	k7
अप्रसन्नता	NN	4	k2
जताते	VM	6	vmod
उन्होंने	PRP	6	k1
कहा	VM	0	main
कि	CC	6	k2
आपातकाल	NN	10	k1
खत्म	JJ	10	pof
होना	VM	7	ccof
।	SYM	6	rsym

यह	PRP	3	k1
स्थिति	NN	3	k1s
है	VM	0	main
।	SYM	3	rsym

