मामले	NNP	6	k7
जांच	NN	6	rt
समिति	NNP	6	k2
जेपीसी	NNP	3	rs
गठित	JJ	6	pof
किए	VM	7	r6
राजग	NNP	8	r6
मांग	NN	10	k2
खारिज	JJ	10	pof
करते	VM	13	vmod
सरकार	NN	13	k1
शुक्रवार	NNP	13	k7p
कहा	VM	0	main
कि	CC	13	k2
प्राधिकरण	NNP	19	k1
अपना	PRP	17	r6
काम	NN	19	k2
शुरू	NN	19	pof
कर	VM	20	ccof
और	CC	14	ccof
उसकी	PRP	22	r6
जांच	NN	23	r6
दायरा	NN	25	k1
व्यापक	JJ	25	k1s
है	VM	20	ccof
।	SYM	13	rsym

लिहाजा	RB	7	adv
उसे	PRP	7	k1
अभी	PRP	7	k7t
जेपीसी	NNP	5	r6
गठन	NN	6	r6-k2
औचित्य	NN	7	pof
दिखता	VM	0	main
।	SYM	7	rsym

संसद	NN	2	r6
सदनों	NN	7	k7
शुक्रवार	NNP	7	k7p
राजग	NNP	7	k1
शून्यकाल	NN	7	k7t
मांग	NN	7	k2
उठाई	VM	0	main
।	SYM	7	rsym

लेकिन	CC	0	main
सरकार	NN	6	k1
विपक्ष	NN	4	r6
मांग	NN	6	k2
नामंजूर	JJ	6	pof
कर	VM	1	ccof
।	SYM	1	rsym

इसके	PRP	2	r6
विरोध	NN	6	k7
राजग	NNP	6	k1
लोकसभा	NN	6	k7p
वाकआउट	NN	6	pof
किया	VM	0	main
।	SYM	6	rsym

वहीं	RB	9	sent-adv
चिदंबरम	NNP	9	k1
मामले	NNP	9	k7
निदेशालय	NNP	9	k3
ईडी	NNP	4	rs
द्वारा	PSP	4	fragof
जांच	NN	8	r6-k2
भरोसा	NN	9	pof
दिलाया	VM	0	main
।	SYM	9	rsym

चिदंबरम	NNP	0	k1
बात	NN	0	k2
इनकार	NN	0	pof
किया	VM	0	main
कि	CC	0	rs
संबंध	NN	0	k7
ईडी	NNP	0	r6
रिपोर्ट	NN	0	r6
प्रति	NN	0	k1
उन्हें	PRP	0	k4
मिली	VM	0	ccof
।	SYM	0	rsym

लोकसभा	NN	5	k7
विपक्ष	NN	3	r6
मांग	NN	5	k2
नांमजूर	JJ	5	pof
करते	VM	7	vmod
मुखर्जी	NNP	7	k1
कहा	VM	0	main
कि	CC	7	k2
सरकार	NN	14	k1
ही	RP	14	k7t
मामले	NN	12	r6
जांच	NN	14	k2
प्राधिकरण	NNP	14	k4
सौंप	VM	8	ccof
।	SYM	7	rsym

जांच	NN	4	k7
पहलुओं	NN	4	k2
शामिल	JJ	4	pof
किया	VM	0	main
।	SYM	4	rsym

इसलिए	PRP	9	rh
विपक्ष	NN	6	r6
जेपीसी	NNP	5	k2
गठित	JJ	5	pof
करने	VM	6	r6
मांग	NN	8	k2
मंजूर	JJ	8	pof
करने	VM	9	k1
है	VM	0	main
।	SYM	9	rsym

इससे	PRP	8	k7t
सदन	NN	8	k7
शून्यकाल	NN	8	k7t
भाजपा	NNP	5	r6
मल्होत्रा	NNP	8	k1
मामला	NN	7	k2
उठाते	VM	8	vmod
कहा	VM	0	main
कि	CC	8	k2
प्रकरण	NNP	15	k7
दिनों	NN	15	k7t
लगातार	RB	15	adv
तथ्य	NN	15	k2
सामने	NST	15	pof
आ	VM	16	ccof
NULL	CC	9	ccof
इसलिए	PRP	22	rh
मामले	NN	19	r6
जांच	NN	22	rt
समिति	NNP	22	k2
गठित	JJ	22	pof
की	VM	23	ccof
और	CC	16	ccof
रिपोर्ट	NN	25	k1
आने	VM	30	k7t
गांधी	NNP	30	k4
परिषद	NNP	28	r6
पद	NN	30	k2
इस्तीफा	NN	30	pof
देना	VAUX	23	ccof
।	SYM	8	rsym

उन्होंने	PRP	0	k1
कहा	VM	0	main
कि	CC	0	k2
मथेरानी	NNP	0	k1
अब	PRP	0	k7t
बात	NN	0	k2
कही	VM	0	ccof
कि	CC	0	rs
पार्टी	NN	0	k1
इस	PRP	0	k7
पहले	NST	0	k7t
पता	NN	0	k1s
था	VM	0	ccof
।	SYM	0	rsym

प्रकरण	NN	6	k7
संसद	NN	3	r6
रिपोर्ट	NN	6	k7
सिंह	NNP	5	r6
नाम	NN	6	k1
आया	VM	7	ccof
NULL	CC	0	main
इसलिए	PRP	13	rh
हालातों	NN	10	k2
देखते	VM	13	vmod
जेपीसी	NNP	12	r6-k2
गठन	NN	13	pof
किया	VM	7	ccof
।	SYM	7	rsym

बाद	NST	9	k7t
मांग	NN	3	k2
ठुकराए	VM	4	r6
विरोध	NN	9	k7
विपक्ष	NN	9	k1
सदन	NN	7	r6
कार्यवाही	NN	9	k5
वाकआउट	NN	9	pof
कर	VM	0	main
।	SYM	9	rsym

राज्यसभा	NN	6	k7p
प्रतिपक्ष	NN	3	r6
नेता	NN	4	nmod
सिंह	NNP	6	k1
मामला	NN	6	k2
उठाया	VM	0	main
।	SYM	6	rsym

जिसका	PRP	0	r6-k2
कांग्रेस	NNP	3	ccof
और	CC	6	k1
माकपा	NNP	3	ccof
विरोध	NN	6	pof
किया	VM	0	main
।	SYM	6	rsym

सपा	NNP	0	r6
सिंह	NNP	0	k1
कहा	VM	0	main
कि	CC	0	k2
अब	PRP	0	k7t
चूंकि	CC	0	rs
जांच	NN	0	k2
मामले	NN	0	k7
शुरू	NN	0	pof
हो	VM	0	ccof
इसलिए	PRP	0	rh
जांच	NN	0	r6
औचित्य	NN	0	k1
है	VM	0	ccof
।	SYM	0	rsym

राजग	NNP	4	k1
मांग	NN	4	k2
पहले	NST	4	k7t
करनी	VM	0	main
।	SYM	4	rsym

सरकार	NN	8	rd
राज्यमंत्री	NN	3	nmod
पचौरी	NNP	8	k1
विपक्ष	NN	5	r6
मांग	NN	7	k2
खारिज	JJ	7	pof
करते	VM	8	vmod
कहा	VM	0	main
कि	CC	8	k2
परिस्थितियों	NN	13	k7
इसकी	PRP	12	r6
जरूरत	NN	13	k1
है	VM	14	ccof
तथा	CC	9	ccof
प्राधिकरण	NNP	16	nmod
मामले	NN	17	r6-k1
तह	NN	18	pof
जाएगा	VM	14	ccof
।	SYM	8	rsym

उन्होंने	PRP	4	k1
सदन	NN	4	k4
आश्वस्त	JJ	4	pof
किया	VM	0	main
कि	CC	4	k2
पाठक	NNP	7	r6
रिपोर्ट	NN	8	ccof
और	CC	14	k2
उस	PRP	10	nmod
रिपोर्ट	NN	8	ccof
सरकार	NN	14	k1
सदन	NN	13	r6
पटल	NN	14	k7
रखेगी	VM	5	ccof
।	SYM	4	rsym

