अफ्रीका	NNP	2	r6
गरीबी	NN	3	ccof
और	CC	7	k7
परिवर्तन	NN	3	ccof
चर्चा	NN	6	pof
करने	VM	7	pof
आए	VM	9	nmod__k1inv
दुनिया	NN	9	r6
देश	NN	10	nmod
८	NNP	15	k1
आतंकवाद	NN	13	k7
चर्चा	NN	13	pof
करते	VM	15	vmod
नज़र	NN	15	pof
आए	VM	0	main
।	SYM	15	rsym

वजह	NN	5	rh
लंदन	NNP	5	k7
अलक़ायदा	NNP	4	r6
हमला	NN	5	k1
NULL	VM	0	main
।	SYM	5	rsym

अंततः	RB	0	adv
नेताओं	NN	0	k1
घोषणा	NN	0	k2
जारी	JJ	0	pof
करनी	VM	0	main
जिसमें	PRP	0	k7
आतंकवाद	NN	0	k5
लड़ने	VM	0	r6
चुनौती	NN	0	k1
फेहरिस्त	NN	0	k7
ऊपर	NST	0	k7
थी	VM	0	nmod__relc
।	SYM	0	rsym

ग्लेनईगल्स	NNP	9	k7p
८	NNP	3	r6
नेता	NN	9	k1
परिवर्तन	NN	5	ccof
और	CC	8	r6-k2
अफ्रीका	NNP	7	r6
गरीबी	NN	5	ccof
बात	NN	9	pof
कर	VM	10	nmod__relc
वे	PRP	15	k1
आतंकवाद	NN	15	vmod
मुहिम	NN	15	k7
तेजी	NN	14	r6-k2
वकालत	NN	15	pof
करने	VM	0	main
।	SYM	15	rsym

लंदन	NNP	2	k7p
हुए	VM	3	nmod__k1inv
हमले	NN	8	rh
आतंकवाद	NN	8	k1
८	NNP	6	r6
एजेंडे	NN	7	r6
केंद्र	NN	8	k7
आ	VM	0	main
।	SYM	8	rsym

बृहस्पतिवार	NNP	15	k7t
सुबह	NN	3	nmod
९	QC	4	k7t
बजकर	VM	5	rsp
मिनट	NN	6	k7t
हुए	VM	7	nmod__k1inv
धमाके	NN	8	nmod
मिनट	NN	15	k7t
बुश	NNP	15	k1
परिवर्तन	NN	11	r6
मुद्दे	NN	15	k7
सहमति	NN	13	k2
बनाए	VM	14	r6-k2
बात	NN	15	pof
कर	VM	16	ccof
लेकिन	CC	0	main
जैसे	RB	20	adv
लंदन	NNP	20	k2
धमाकों	NN	20	rh
थर्राया	VM	21	ccof
NULL	CC	16	ccof
बुश	NNP	25	k1
आतंकवाद	NN	25	k7
बयान	NN	25	k2
देने	VM	21	ccof
।	SYM	16	rsym

अखबार	NN	7	k7a
लंदन	NNP	7	k7p
धमाकों	NN	7	k7t
बुश	NNP	7	k1
बैठक	NN	7	k2
ही	RP	7	k7
छोड़	VM	8	ccof
और	CC	0	main
अपनी	PRP	10	r6
टीम	NNP	14	k2
तुरंत	RB	14	adv
कांफ्रेंस	NN	14	k3
बात	NN	14	pof
की	VM	8	ccof
।	SYM	8	rsym

उन्होंने	PRP	7	k1
वाशिंगटन	NNP	3	jjmod
स्थित	JJ	4	nmod
अधिकारियों	NN	7	k4
चौकसी	NN	6	k2
बरतने	VM	7	k2
कहा	VM	0	main
।	SYM	7	rsym

हालांकि	CC	0	main
उनके	PRP	3	r6
सचिव	NN	4	nmod
मैकक्लेलन	NNP	8	k1
बाद	NST	8	k7t
जोर	NN	7	adv
देकर	VM	8	pof
कहा	VM	1	ccof
कि	CC	8	k2
बुश	NNP	14	k1
हमले	NN	14	rh
बीच	NST	14	k7
बैठक	NN	14	k2
छोड़ी	VM	9	ccof
।	SYM	1	rsym

वैसे	PRP	9	adv
८	NNP	3	r6
एजेंडे	NN	4	k7
आए	VM	5	nmod__k1inv
बदलाव	NN	9	k5
बुश	NNP	7	r6
परेशानी	NN	9	k1
कम	QF	9	pof
हुई	VM	0	main
।	SYM	9	rsym

दुनिया	NN	2	r6
नेताओं	NN	8	ras-k1
परिवर्तन	NN	4	r6
मुद्दे	NN	8	k7
उनका	PRP	6	r6
मतभेद	NN	8	k1
जगजाहिर	JJ	8	k1s
है	VM	0	main
।	SYM	8	rsym

वे	PRP	4	k1
प्रोटोकॉल	NNP	4	k2
व्यवस्था	NN	4	vmod
मानते	VM	0	main
।	SYM	4	rsym

अगर	CC	0	vmod
लंदन	NNP	4	k7p
धमाके	NN	4	k1
होते	VM	1	ccof
तो	CC	0	main
बैठक	NN	9	k7
परिवर्तन	NN	9	k1
मुद्दा	NN	9	k2
बना	VM	10	ccof
और	CC	5	ccof
इस	PRP	15	k7
देशों	NN	15	k7p
मतभेद	NN	15	k1
लक्षित	JJ	15	pof
हो	VM	10	ccof
।	SYM	5	rsym

यूं	RB	7	vmod
८	NNP	7	k1
अभी	PRP	7	k7t
परिवर्तन	NN	7	k7
समझौते	NN	6	r6-k2
प्रयास	NN	7	pof
कर	VM	8	ccof
लेकिन	CC	0	main
धमाकों	NN	14	k7t
अब	PRP	14	k7t
उसके	PRP	14	rt
आतंकवाद	NN	14	k1
मुद्दा	NN	14	pof
बन	VM	8	ccof
।	SYM	8	rsym

उधर	NST	8	sent-adv
सिंह	NNP	3	r6
ब्रिटेन	NNP	4	r6
प्रधानमंत्री	NNP	5	nmod
ब्लेयर	NNP	8	ras-k1
ही	RP	8	vmod
मुलाकात	NN	8	k1
हो	VAUX	9	ccof
लेकिन	CC	0	main
फ्रांस	NNP	11	r6
राष्ट्रपति	NNP	12	nmod
शिराक	NNP	17	ras-k1
उनकी	PRP	14	r6
मुलाकात	NN	17	k1
मायने	NN	17	k7
महत्वपूर्ण	JJ	17	pof
रही	VM	9	ccof
।	SYM	9	rsym

सब्सिडी	NN	0	k2
खत्म	JJ	0	pof
करने	VM	0	k7
हालाँकि	CC	0	main
उन्हें	PRP	0	k4
अमेरिका	NNP	0	ccof
और	CC	0	k5
ब्रिटेन	NNP	0	ccof
चतुराई	NN	0	nmod
समर्थन	NN	0	pof
मिला	VM	0	ccof
लेकिन	CC	0	ccof
शिराक़	NNP	0	ras-k1
हुई	VM	0	nmod__k1inv
मुलाकात	NN	0	k1
इसलिए	PRP	0	rh
खास	JJ	0	k1s
है	VM	0	ccof
कि	CC	0	rs
फ्रांस	NNP	0	k1
डब्लूटीओ	NNP	0	k7
मुद्दे	NN	0	k7
जंग	NN	0	pof
छेड़े	VM	0	ccof
।	SYM	0	rsym

