कांग्रेस	NNP	2	r6
अध्यक्ष	NN	3	nmod
बनर्जी	NNP	13	k1
आयोग	NNP	13	k4
आज	NN	13	k7t
पार्टी	NNP	13	vmod
निकायों	NN	8	ccof
और	CC	11	k7
चुनावों	NN	8	ccof
धांधली	NN	11	pof
करने	VM	12	r6-k2
शिकायत	NN	13	pof
की	VM	0	main
।	SYM	13	rsym

उन्होंने	PRP	7	k1
माकपा	NNP	7	k7
राज्य	NN	7	k7p
लोकतंत्र	NN	5	r6
हत्या	NN	6	r6-k2
आरोप	NN	7	pof
लगाया	VM	0	main
।	SYM	7	rsym

माकपा	NNP	6	vmod
शिकायतों	NN	3	ccof
और	CC	5	r6
आरोपों	NN	3	ccof
पिटारा	NN	6	k2
लेकर	VM	8	vmod
आयोग	NNP	8	k7
पहुंची	VM	9	nmod__k1inv
ममता	NNP	16	k1
आयोग	NNP	16	k5
मामले	NN	12	r6
जांच	NN	16	rh
पर्यवेक्षक	NN	14	pof
भेजने	VM	15	r6-k2
मांग	NN	16	pof
की	VM	0	main
।	SYM	16	rsym

ममता	NNP	5	k1
टंडन	NNP	5	k4
अपना	PRP	4	r6
ज्ञापन	NN	5	k2
सौंपा	VM	0	main
।	SYM	5	rsym

उनके	PRP	4	ras-k1
तृणमूल	NNP	3	r6
नेता	NN	4	k1
थे	VM	0	main
।	SYM	4	rsym

घंटे	NN	2	k7t
चली	VM	3	nmod__k1inv
मुलाकात	NN	6	k7t
बनर्जी	NNP	6	k1
पत्रकारों	NN	6	k4
बताया	VM	0	main
कि	CC	6	k2
राज्य	NN	16	k7p
निष्पक्ष	JJ	10	ccof
और	CC	12	nmod
स्वतंत्र	JJ	10	ccof
चुनाव	NN	13	pof
कराना	VM	16	k1
वक्त	NN	15	r6
जरूरत	NN	16	k1s
है	VM	7	ccof
।	SYM	6	rsym

क्योंकि	CC	0	main
सीपीएम	NNP	11	k1
चुनाव	NN	11	k7
पैमाने	NN	11	k7
धांधली	NN	6	ccof
और	CC	9	pof
लोकतंत्र	NN	8	r6-k2
हत्या	NN	6	ccof
कर	VM	11	vmod
बार	RDP	11	adv
जीत	VM	1	ccof
।	SYM	1	rsym

उन्होंने	PRP	4	k1
आरोप	NN	3	pof
लगाते	VM	4	vmod
कहा	VM	0	main
कि	CC	4	k2
लोग	NN	10	k1
माकपा	NNP	9	k4
वोट	NN	9	k2
देना	VM	10	k2
चाहते	VM	11	nmod
उनके	PRP	13	ras-k1
जबरदस्ती	NN	13	pof
की	VM	14	ccof
और	CC	5	ccof
वोट	NN	16	k2
डाले	VM	14	ccof
।	SYM	4	rsym

प्रक्रिया	NN	8	k7
सीपीएम	NNP	3	r6
भूमिका	NN	6	k2
संदेह	NN	5	r6
घेरे	NN	6	k7
लेते	VM	8	vmod
उन्होंने	PRP	8	k1
कहा	VM	0	main
कि	CC	8	k2
सूची	NN	11	ccof
और	CC	14	k7
मशीनों	NN	11	ccof
छेड़खानी	NN	14	pof
कर	VM	15	ccof
और	CC	22	vmod
केंद्र	NN	17	pof
लूट	VM	15	ccof
नेता	NN	22	k1
सालों	NN	22	k7t
बंगाल	NNP	22	k7p
सत्ता	NN	22	k7
बने	VM	9	ccof
।	SYM	8	rsym

ममता	NNP	2	k1
कहा	VM	0	main
कि	CC	2	k2
यदि	CC	0	root
आयोग	NN	11	k1
राज्य	NN	11	k7p
निष्पक्ष	JJ	8	ccof
और	CC	10	nmod
स्वतंत्र	JJ	8	ccof
चुनाव	NN	11	pof
कराए	VM	4	ccof
तो	CC	0	root
राज्य	NN	16	k5
माकपा	NNP	15	r6
नामोनिशान	NN	16	k1
मिट	VM	12	ccof
।	SYM	0	root

