सरकार	NNP	7	k1
चीत	NN	7	rt
बुधवार	NNP	7	k7t
नक्सलियों	NN	7	vmod
विराम	NN	6	r6-k2
घोषणा	NN	7	pof
की	VM	0	main
।	SYM	7	rsym

राज्य	NN	2	r6
मंत्री	NNP	3	nmod
जानारेड्डी	NNP	8	k1
काँफ्रेंस	NN	8	k7
महीने	NN	8	rt
विराम	NN	7	r6-k2
घोषणा	NN	8	pof
की	VM	0	main
।	SYM	8	rsym

मंगलवार	NNP	23	k7t
संगठन	NN	3	nmod
ग्रुप	NNP	23	k1
विराम	NN	5	rs
इसके	PRP	7	k1
लागू	JJ	7	pof
होने	VM	23	k7
पड़ने	VM	9	nmod
प्रभाव	NN	10	r6-k2
अध्ययन	NN	11	pof
करने	VM	13	rt
कमेटी	NN	13	k2
बनाने	VM	14	ccof
और	CC	21	rt
इसके	PRP	16	r6
प्रतिनिधियों	NN	19	k4a
वार्ता	NN	19	k7
भाग	NN	19	pof
लेने	VM	14	ccof
सुरक्षा	NN	21	k2
देने	VM	22	r6-k2
माँग	NN	23	pof
की	VM	0	main
।	SYM	23	rsym

