भवन	NNP	0	k7p
शुक्रवार	NNP	0	r6
शाम	NN	0	k7t
आतंकियों	NN	0	k1
दाखिल	JJ	0	pof
होने	VM	0	k7t
शुरू	NN	0	pof
हुई	VM	0	nmod__k2inv
मुठभेड़	NN	0	k1
घंटे	NN	0	k7t
चलने	VM	0	k7t
शनिवार	NNP	0	r6
शाम	NN	17	k7t
आतंकी	NN	15	r6
मौत	NN	17	vmod
समाप्त	JJ	17	pof
हो	VM	0	main
।	SYM	17	rsym

हालांकि	CC	0	main
पहले	NST	3	k7t
माना	VM	1	ccof
कि	CC	3	k2
आतंकी	NN	6	k2
मारा	VM	7	ccof
लेकिन	CC	4	ccof
सुबह	NN	13	k7t
जब	PRP	13	k7t
जवान	NN	13	k1
इमारत	NN	13	k7p
दाखिल	JJ	13	pof
हुए	VM	14	k7t
तो	PRP	18	k7t
उन	PRP	18	k7
फायरिंग	NN	18	k1
शुरू	NN	18	pof
हो	VM	7	ccof
।	SYM	1	rsym

आज	NN	7	k7t
दिन	NN	7	k7t
मुठभेड़	NN	7	k7t
एसओजी	NNP	5	r6
जवान	NN	7	k1
शहीद	JJ	7	pof
हो	VM	8	ccof
जबकि	CC	0	main
जवान	NN	11	k1
जख्मी	JJ	11	pof
हो	VM	8	ccof
।	SYM	8	rsym

मुठभेड़	NN	4	k7
सुरक्षाकर्मी	NN	4	k1
शहीद	JJ	4	pof
हुए	VM	5	ccof
व	CC	0	main
सात	QC	8	k1
घायल	JJ	8	pof
हुए	VM	5	ccof
।	SYM	5	rsym

इसके	PRP	6	vmod
विभाग	NNP	3	r6
कर्मचारी	NN	4	r6
लाश	NN	6	k1
बरामद	JJ	6	pof
हुई	VM	0	main
।	SYM	6	rsym

उधर	NST	11	sent-adv
पुंछ	NNP	4	ccof
डोडा	NNP	4	ccof
और	CC	6	k7p
पुलवामा	NNP	4	ccof
हुई	VM	7	nmod__k1inv
मुठभेड़	NN	8	r6
घटनाओं	NN	11	k7
ताइबा	NNP	10	r6
आतंकी	NN	11	k2
मारा	VM	12	ccof
जबकि	CC	0	main
सेना	NN	14	r6
जवान	NN	16	k1
शहीद	JJ	16	pof
हो	VM	12	ccof
।	SYM	12	rsym

आतंकियों	NN	2	r6
संबंध	NN	5	k1
ताइबा	NNP	4	r6
गुट	NN	5	k1s
था	VM	0	main
।	SYM	5	rsym

आतंकियों	NN	6	k7
राइफलें	NN	4	ccof
मैगज़ीन	NN	4	ccof
व	CC	6	k1
सामग्री	NN	4	ccof
मिली	VM	0	main
।	SYM	6	rsym

शुक्रवार	NNP	2	r6
रात	NN	5	k7t
जब	PRP	5	k7t
आतंकी	NN	5	k2
मारे	VM	13	k7t
आतंकी	NN	13	k1
देर	NN	9	k7t
फायरिंग	NN	9	pof
करने	VM	13	k7t
इमारत	NN	11	r6
कमरे	NN	12	k7p
छिपकर	VM	13	vmod
बैठ	VM	14	nmod__relc
तो	PRP	18	k7t
बलों	NN	16	ccof
व	CC	18	k1
एजेंसियों	NN	16	ccof
मान	VM	0	main
कि	CC	18	k2
वह	PRP	21	k2
मारा	VM	19	ccof
।	SYM	18	rsym

शनिवार	NNP	2	r6
सुबह	NN	3	nmod
बजे	NN	8	k7t
बलों	NN	8	k1
इमारत	NN	8	k7p
तलाशी	NN	8	k2
शुरू	NN	8	pof
की	VM	0	main
।	SYM	8	rsym

पुलिस	NN	2	r6
दस्ते	NN	3	r6
जवान	NN	7	k1
जैसे	RB	7	adv
इमारत	NN	7	k7p
दाखिल	JJ	7	pof
हुए	VM	11	vmod
आतंकी	NN	11	k1
फायरिंग	NN	11	k2
शुरू	NN	11	pof
कर	VM	0	main
।	SYM	11	rsym

आतंकी	NN	5	k1
जवानों	NN	5	k7p
पहले	NST	5	k7t
ग्रेनेड	NN	5	k2
फेंका	VM	0	main
।	SYM	5	rsym

हमले	NN	7	k7
एसओजी	NNP	3	r6
जवान	NN	4	nmod
खान	NNP	7	k1
मौके	NN	7	k7p
शहीद	JJ	7	pof
हो	VM	0	main
।	SYM	7	rsym

इसके	PRP	7	k7t
सुबह	NN	7	k7t
बजे	NN	7	k7t
लगातार	RB	7	adv
तरफ	NST	7	rd
फायरिंग	NN	7	pof
होती	VM	0	main
।	SYM	7	rsym

इसके	PRP	0	k7t
आतंकी	NN	0	k1
तभी	PRP	0	k7t
फायर	NN	0	pof
करता	VM	0	main
जब	PRP	0	k7t
सुरक्षाकर्मी	NN	0	k1
इमारत	NN	0	r6
हिस्से	NN	0	k7p
दाखिल	JJ	0	pof
होने	VM	0	r6-k2
प्रयास	NN	0	pof
करते	VM	0	nmod__relc
जहाँ	PRP	0	k7p
वह	PRP	0	k1
पोजीशन	NN	0	pof
लिए	VM	0	nmod__relc
।	SYM	0	rsym

शाम	NN	11	k7t
बजे	NN	11	k7t
एसओजी	NNP	4	r6
बलों	NN	11	k1
आतंकी	NN	7	k1
कमरे	NN	7	k7p
छिपा	VM	8	nmod__relc
उसमें	PRP	11	k7p
पहले	NST	11	k7t
हथगोले	NN	11	k2
फेंके	VM	12	ccof
और	CC	0	main
बाद	NST	15	k7t
फायरिंग	NN	15	pof
की	VM	12	ccof
।	SYM	12	rsym

कमरे	NN	3	k7p
हथगोला	NN	3	k2
फटने	VM	8	k7t
आतंकी	NN	8	k1
फायरिंग	NN	6	pof
करता	VM	8	vmod
बाहर	NST	8	k2p
निकला	VM	0	main
।	SYM	8	rsym

बाहर	NST	6	k7p
जवान	NN	6	k1
पोजीशन	NN	4	pof
लिए	VM	6	vmod
तैयार	JJ	6	k1s
खड़े	VM	0	main
।	SYM	6	rsym

उन्होंने	PRP	4	k1
आतंकी	NN	4	k2
ढेर	JJ	4	pof
कर	VM	0	main
।	SYM	4	rsym

उधर	NST	10	sent-adv
जिले	NN	3	r6
इलाके	NN	10	k7p
बलों	NN	10	k1
सुबह	NN	10	k7t
मुठभेड़	NN	10	k7
ताइबा	NNP	9	r6
मूल	NN	9	r6
आतंकी	NN	10	k2
मार	VM	0	main
।	SYM	10	rsym

दूसरी	QO	8	sent-adv
पुलवामा	NNP	8	k7p
आतंकियों	NN	8	ras-k1
मुठभेड़	NN	8	k7
सेना	NN	6	r6
जवान	NN	8	k1
शहीद	JJ	8	pof
हो	VM	0	main
।	SYM	8	rsym

डोडा	NNP	2	k7p
हुई	VM	3	nmod__k1inv
मुठभेड़	NN	7	k7
सेना	NN	5	r6
जवान	NN	7	k1
शहीद	JJ	7	pof
हुआ	VM	0	main
।	SYM	7	rsym

इस	DEM	0	k7t
जिले	NN	0	k7p
आतंकियों	NN	0	k1
पीडीपी	NNP	0	r6
कार्यकर्ता	NN	0	r6-k2
गोली	NN	7	k2
मारकर	VM	9	vmod
हत्या	NN	9	pof
कर	VM	0	main
।	SYM	9	rsym

उधर	NST	7	sent-adv
जिले	NN	6	k7p
आतंकियों	NN	6	k1
ग्रामीण	NN	5	r6-k2
अपहरण	NN	6	pof
कर	VM	7	ccof
और	CC	0	main
बर्बरता	NN	9	r6
हदें	NN	11	k2
पार	NN	11	pof
करते	VM	16	vmod
गला	NN	13	k2
काटकर	VM	16	vmod
उसकी	PRP	15	r6-k2
हत्या	NN	16	pof
कर	VM	7	ccof
।	SYM	7	rsym

