जहाँ	PRP	11	sent-adv
तबका	NN	11	k1
फसलों	NN	11	rt
मूल्य	NN	6	k2
निर्धारित	JJ	6	pof
करने	VM	7	nmod
आयोग	NNP	9	k2
समाप्त	JJ	9	pof
करने	VM	10	r6
पक्षधर	NN	11	k1s
है	VM	0	main
।	SYM	11	rsym

वहीं	RB	8	sent-adv
मामलों	NN	3	r6
समिति	NN	8	k1
आयोग	NNP	8	k7
किसानों	NN	6	r6
प्रतिनिधित्व	NN	7	r6
पक्षधर	NN	8	k1s
है	VM	0	main
।	SYM	8	rsym

समिति	NN	0	k1
कहना	VM	0	k1
है	VM	0	main
कि	CC	0	k2
इससे	PRP	0	rh
फसलों	NN	0	r6
निर्धारण	NN	0	k7
आयोग	NN	0	k4
किसानों	NN	0	k5
जानकारी	NN	0	k1
मिल	VM	0	ccof
।	SYM	0	rsym

इसके	PRP	10	vmod
समिति	NN	10	k1
किसानों	NN	4	k4
दिए	VM	5	nmod
ऋण	NN	8	k7
दर	NN	8	k2
लागू	JJ	8	pof
करने	VM	9	r6-k2
सिफारिश	NN	10	pof
की	VM	0	main
।	SYM	10	rsym

इसके	PRP	6	vmod
सीमा	NN	4	k2
रुपए	NN	4	k5
बढ़ाकर	VM	6	vmod
लाख	QC	6	k2
किया	VM	7	ccof
और	CC	0	main
इस	PRP	12	k7
फीसदी	NN	12	k3
दर	NN	12	k1
लागू	JJ	12	pof
होनी	VM	7	ccof
।	SYM	7	rsym

आयोग	NNP	5	k2
स्वतंत्र	JJ	3	ccof
और	CC	5	k2s
मजबूत	JJ	3	ccof
बनाने	VM	10	rt
लोकसभा	NN	7	r6
मामलों	NN	8	r6
समिति	NN	10	k1
प्रयास	NN	10	pof
कर	VM	0	main
।	SYM	10	rsym

समिति	NN	0	k1
मानना	VM	0	k1
है	VM	0	main
कि	CC	0	k2
किसानों	NN	0	k4
उनकी	PRP	0	r6
फसल	NN	0	r6
मूल्य	NN	0	k1
मिल	VM	0	ccof
और	CC	0	ccof
इसलिए	PRP	0	rh
आयोग	NN	0	k7
किसानों	NN	0	r6
प्रतिनिधित्व	NN	0	k1
होना	VM	0	ccof
।	SYM	0	rsym

हालांकि	CC	0	main
अभी	PRP	6	k7t
समिति	NN	6	k7
किसानों	NN	5	r6
प्रतिनिधित्व	NN	6	k1
है	VM	1	ccof
।	SYM	1	rsym

समिति	NN	0	k1
कहना	VM	0	k1
है	VM	0	main
कि	CC	0	k2
इससे	PRP	0	rh
आयोग	NN	0	k1
सीधे	RB	0	adv
किसानों	NN	0	r6
संपर्क	NN	0	k7
रहेगा	VM	0	ccof
और	CC	0	ccof
उनकी	PRP	0	r6
समस्याओं	NN	0	k2
तरीके	NN	0	adv
निपटाया	VM	0	ccof
।	SYM	0	rsym

समिति	NN	0	r6
अध्यक्ष	NN	0	nmod
यादव	NNP	0	k1
कहना	VM	0	k1
है	VM	0	main
कि	CC	0	k2
समिति	NN	0	k1
यह	PRP	0	k2
महसूस	JJ	0	pof
करती	VM	0	ccof
कि	CC	0	rs
सरकारें	NN	0	k1
फसलों	NN	0	rt
मूल्य	NN	0	k2
तय	JJ	0	pof
करने	VM	0	r6
सुझाव	NN	0	k2
देती	VM	0	ccof
।	SYM	0	rsym

आयोग	NN	4	k1
मूल्यों	NN	4	k2
लागू	JJ	4	pof
करता	VM	5	ccof
और	CC	0	main
उनकी	PRP	7	r6
सिफारिशों	NN	10	k3
मूल्य	NN	10	k2
निर्धारित	JJ	10	pof
करता	VM	5	ccof
।	SYM	5	rsym

इससे	PRP	6	rh
किसानों	NN	6	k4
उनकी	PRP	4	r6
फसल	NN	5	r6
कीमत	NN	6	k1
मिलती	VM	0	main
।	SYM	6	rsym

उनका	PRP	0	k1
कहना	VM	0	k1
है	VM	0	main
साल	NN	0	k7t
सरकार	NN	0	k1
धान	NN	0	rt
क्विंटल	NN	0	nmod
मूल्य	NN	0	k2
निर्धारित	JJ	0	pof
करने	VM	0	r6-k2
सिफारिश	NN	0	pof
आयोग	NN	0	k2
की	VM	0	k2
।	SYM	0	rsym

क्योंकि	CC	0	main
धान	NN	6	rt
प्रदेश	NNP	6	k7p
मूल्य	NN	6	k1
रुपये	NN	6	k1s
था	VM	1	ccof
।	SYM	1	rsym

लेकिन	CC	0	main
आयोग	NN	7	k1
धान	NN	7	rt
क्विंटल	NN	5	r6
मूल्य	NN	7	k2
निर्धारित	JJ	7	pof
किया	VM	1	ccof
।	SYM	1	rsym

यानि	CC	0	main
सरकार	NN	3	r6
सिफारिशों	NN	6	k3
मूल्य	NN	6	k1
किसानों	NN	6	k4
मिला	VM	1	ccof
।	SYM	1	rsym

यादव	NNP	0	k1
इसके	PRP	0	r6
पक्षधर	NN	0	k1s
हैं	VM	0	main
कि	CC	0	rs
आयोग	NN	0	k1
निर्धारण	NN	0	r6
दायरे	NN	0	k7
फसलों	NN	0	k2
शामिल	JJ	0	pof
करना	VM	0	ccof
।	SYM	0	rsym

हालांकि	CC	0	main
अभी	PRP	7	k7t
फसलों	NN	4	r6
मूल्य	NN	7	k2
आयोग	NN	7	k1
निर्धारित	JJ	7	pof
किया	VM	1	ccof
।	SYM	1	rsym

उनका	PRP	0	k1
कहना	VM	0	k1
है	VM	0	main
कि	CC	0	k2
फसलें	NN	0	k1
हैं	VM	0	ccof
जिनका	PRP	0	r6
मूल्य	NN	0	k1
किसानों	NN	0	k4
मिल	VM	0	ccof
और	CC	0	nmod__relc
इसके	PRP	0	rt
सरकार	NN	0	k1
पहल	NN	0	pof
करनी	VM	0	ccof
।	SYM	0	rsym

यादव	NNP	0	k1
कहना	VM	0	k1
है	VM	0	main
कि	CC	0	k2
कृषि	NN	0	k7
समस्या	NN	0	k1
ऋण	NN	0	k7
लगने	VM	0	nmod
दर	NN	0	r6
है	VM	0	ccof
।	SYM	0	rsym

क्योंकि	CC	0	main
वर्तमान	NN	8	k7t
किसानों	NN	4	k4
दिए	VM	5	nmod
ऋणों	NN	6	r6
दरें	NN	8	k1
ज्यादा	QF	8	k1s
हैं	VM	9	ccof
और	CC	1	ccof
दरों	NN	18	k1
नाबार्ड	NNP	16	k1
राज्यों	NN	16	k4
दिए	VM	14	nmod
ऋण	NN	16	k7
लागू	JJ	16	pof
होने	VM	17	nmod
दर	NN	18	k1u
होना	VM	9	ccof
।	SYM	1	rsym

उनका	PRP	0	k1
कहना	VM	0	k1
है	VM	0	main
कि	CC	0	k2
समिति	NN	0	k1
इसकी	PRP	0	r6
पक्षधर	NN	0	k1s
है	VM	0	ccof
कि	CC	0	rs
किसानों	NN	0	k1
दर	NN	0	k7
ऋण	NN	0	k2
मुहैया	JJ	0	pof
कराया	VM	0	ccof
।	SYM	0	rsym

