सर्वेक्षण	NN	2	k7
जताई	VM	3	nmod__k2inv
आशंकाओं	NN	6	k7
बृहस्पतिवार	NNP	6	k7t
पेश	JJ	6	pof
होने	VM	7	nmod
बजट	NN	11	k7
निर्णय	NN	9	k2
लिए	VM	10	r6
उम्मीद	NN	11	k1
है	VM	0	main
।	SYM	11	rsym

सरकार	NN	11	k1
वित्तीय	JJ	3	nmod
घाटे	NN	4	ccof
और	CC	7	k7
खर्च	NN	4	ccof
अंकुश	NN	7	k2
लगाने	VM	11	vmod
वर्ग	NN	11	k4
टैक्स	NN	11	k7
राहत	NN	11	k2
दे	VM	0	main
।	SYM	11	rsym

चिदंबरम	NNP	6	k1
कल	NN	6	k7t
सरकार	NN	4	r6
बजट	NN	6	k2
पेश	JJ	6	pof
करेंगे	VM	0	main
।	SYM	6	rsym

बात	NN	0	r6
उम्मीद	NN	0	k1
है	VM	0	main
कि	CC	0	rs
पूर्ववर्तियों	NN	0	k5
सबक	NN	0	k2
लेते	VM	0	vmod
वह	PRP	0	k1
हिस्से	NN	0	k7
बजट	NN	0	k2
पेश	JJ	0	pof
करें	VM	0	ccof
।	SYM	0	rsym

बजट	NN	14	k7
सीमा	NN	4	k2
1,00,000	QC	4	k2s
करने	VM	5	ccof
तथा	CC	13	r6
शिक्षा	NN	8	rt
धन	NN	8	k2
जुटाने	VM	9	r6
मकसद	NN	12	rt
करों	NN	12	k7
उपकर	NN	12	k2
लगाए	VM	5	ccof
आशा	NN	14	k1
है	VM	0	main
।	SYM	14	rsym

सूत्रों	NN	10	k7a
बजट	NN	10	ras-k2
चिदंबरम	NNP	10	k1
दस्तावेज	NN	5	nmod
स्टेटमेंट	NNP	7	ccof
स्टेटमेंट	NNP	7	ccof
तथा	CC	10	k2
स्टेटमेंट	NNP	7	ccof
पेश	JJ	10	pof
करेंगे	VM	0	main
।	SYM	10	rsym

स्टेटमेंट	NNP	6	k7a
मानकों	NN	6	rt
साल	NN	4	r6
टॉरगेट	NN	6	k2
तय	JJ	6	pof
किया	VM	0	main
।	SYM	6	rsym

यह	PRP	8	k1
घाटे	NN	4	k2
कम	QF	4	pof
करने	VM	8	rt
सरकार	NN	6	r6
प्रयासों	NN	7	r6
आधार	NN	8	k2
बनेगा	VM	0	main
।	SYM	8	rsym

सूत्रों	NN	2	k1
बताया	VM	0	main
कि	CC	2	k2
जिम्मेदारी	NN	5	ccof
और	CC	14	k7a
एफआरबीएम	NNP	7	r6
शर्तो	NN	5	ccof
घाटे	NN	14	k2
उत्पाद	NN	10	r6
फीसदी	NN	12	k5
कम	QF	12	pof
रखने	VM	13	r6-k2
उपाय	NN	14	pof
किया	VM	3	ccof
।	SYM	2	rsym

एफआरबीएम	NNP	0	k7a
यह	PRP	0	k1
जरूरी	JJ	0	k1s
है	VM	0	main
कि	CC	0	rs
सरकार	NN	0	k1
घाटे	NN	0	k2
उत्पाद	NN	0	r6
फीसदी	NN	0	pof
NULL	VM	0	ccof
तथा	CC	0	ccof
घाटे	NN	0	k2
उत्पाद	NN	0	r6
फीसदी	NN	0	jjmod
कम	QF	0	pof
रखे	VM	0	ccof
।	SYM	0	rsym

दर	NN	3	k2
फीसदी	NN	3	k2s
रखने	VM	9	k7a
बजट	NN	9	k7
उपायों	NN	7	k2
जारी	JJ	7	pof
रखने	VM	8	r6
उम्मीद	NN	9	k1
है	VM	0	main
।	SYM	9	rsym

इसमें	PRP	8	k7
बुनियादी	JJ	4	ccof
कृषि	NN	4	ccof
और	CC	6	nmod
क्षेत्रों	NN	4	ccof
निवेश	NN	8	k2
शामिल	JJ	8	pof
है	VM	0	main
।	SYM	8	rsym

वहीं	RB	12	sent-adv
फीसदी	NN	3	nmod
दर	NN	5	k2
हासिल	JJ	5	pof
करने	VM	12	rt
निवेश	NNP	8	nmod
एफडीआई	NNP	6	rs
व्यवस्था	NN	10	k2
उदार	JJ	10	pof
बनाए	VM	11	r6
संभावना	NN	12	k1
है	VM	0	main
।	SYM	12	rsym

सूत्रों	NN	2	k1
बताया	VM	0	main
कि	CC	2	k2
स्तर	NN	7	k7
दरों	NN	7	k7
उछाल	NN	7	pof
आने	VM	8	ccof
तथा	CC	17	k7a
हफ्तों	NN	11	k7
मुद्रास्फीती	NN	11	pof
बढ़ने	VM	8	ccof
बजट	NN	15	k7
दरों	NN	15	k2
फीसदी	NN	15	k2s
रखे	VM	16	r6
उम्मीद	NN	17	k1
है	VM	3	ccof
।	SYM	2	rsym

प्रत्यक्ष	JJ	2	ccof
और	CC	4	nmod
अप्रत्यक्ष	JJ	2	ccof
करों	NN	5	nmod
दोनों	NN	8	k7
परिवर्तन	NN	7	r6
संभावना	NN	8	k1
है	VM	0	main
।	SYM	8	rsym

सूत्रों	NN	2	k1
बताया	VM	0	main
कि	CC	2	k2
मंत्री	NNP	6	k1
अधिभार	NN	6	k2
हटा	VM	7	ccof
लेकिन	CC	3	ccof
उसके	PRP	10	k7
उपकर	NN	10	k2
लगाया	VM	7	ccof
।	SYM	2	rsym

सर्वे	NN	7	k7
शुल्क	NN	7	k2
स्तर	NN	4	k7
लाने	VM	5	r6
जरूरत	NN	7	k7
बल	NN	7	pof
दिया	VM	13	ccof
इसलिए	PRP	12	rh
मालों	NN	10	r6
दरों	NN	12	k7
बदलाव	NN	12	pof
किया	VM	7	rh
लेकिन	CC	0	main
रेट	NN	16	k1
फीसदी	NN	16	k1s
रहेगा	VM	13	ccof
।	SYM	13	rsym

इसके	PRP	4	vmod
क्षेत्र	NN	4	k4
राहत	NN	4	k1
मिल	VM	0	main
।	SYM	4	rsym

