बिहार	NNP	4	k7p
शासन	NNP	4	k2
लागू	JJ	4	pof
करने	VM	5	r6
फैसले	NN	7	k7
कोर्ट	NNP	7	k1
कहा	VM	0	main
कि	CC	7	k2
सिंह	NNP	10	vmod
लगाए	VM	11	nmod__k1inv
आरोपों	NN	12	r6-k2
जाँच	NN	13	pof
की	VM	8	ccof
।	SYM	7	rsym

अदालत	NN	0	k1
कहा	VM	0	main
कि	CC	0	k2
बात	NN	0	r6-k2
जाँच	NN	0	pof
की	VM	0	ccof
कि	CC	0	k2
क्या	WQ	0	adv
राज्यपाल	NNP	0	k1
दुर्भावनाओं	NN	0	rh
ग्रस्त	JJ	0	pof
होकर	VM	0	vmod
केंद्र	NNP	0	k4
रिपोर्ट	NN	0	k2
भेजी	VM	0	ccof
जिसकी	PRP	0	rh
शासन	NNP	0	k2
लगाया	VM	0	nmod__relc
।	SYM	0	rsym

केंद्र	NNP	2	r6
सलाह	NN	4	k2
स्वीकार	JJ	4	pof
करते	VM	21	vmod
सब्बरवाल	NNP	9	ccof
बालकृष्ण	NNP	9	ccof
अग्रवाल	NNP	9	ccof
भान	NNP	9	ccof
और	CC	11	r6
पसायत	NNP	9	ccof
खंडपीठ	NN	21	k1
संविधान	NN	13	r6
३६१	NNP	21	k7a
कार्यवाही	NN	15	r6
मामले	NN	20	k7
राज्यपाल	NNP	17	jjmod
प्राप्त	JJ	18	nmod
विशेषाधिकार	NN	19	r6-k2
हवाला	NN	20	pof
देते	VM	21	vmod
कहा	VM	0	main
कि	CC	21	k2
अदालत	NN	27	k1
राज्यपाल	NNP	27	k4
नोटिस	NN	27	k2
जारी	JJ	27	pof
करेगी	VM	22	ccof
।	SYM	21	rsym

हालांकि	CC	0	main
अदालत	NN	0	k1
यह	PRP	0	k2
साफ	JJ	0	pof
कर	VM	0	ccof
कि	CC	0	rs
राज्यपाल	NNP	0	k1
अगर	CC	0	vmod
दुर्भावनाओं	NN	0	rh
ग्रस्त	JJ	0	pof
होकर	VM	0	vmod
इस	PRP	0	rt
फैसला	NN	0	k2
लिया	VM	0	ccof
तो	CC	0	ccof
यह	PRP	0	k1
उनके	PRP	0	r6
विशेषाधिकार	NN	0	r6
दायरे	NN	0	k5
है	VM	0	ccof
और	CC	0	ccof
अदालत	NN	0	k4a
मामले	NN	0	r6
जाँच	NN	0	r6
अधिकार	NN	0	k1
है	VM	0	ccof
।	SYM	0	rsym

खंडपीठ	NN	14	k1
विधानसभा	NN	4	k2
भंग	JJ	4	pof
करने	VM	5	r6
राज्यपाल	NNP	6	r6
फैसले	NN	7	jjmod
दायर	JJ	8	nmod
याचिका	NN	9	r6
सुनवाई	NN	10	r6
तारीख	NN	12	k2
सितंबर	NNP	12	k5
घटाकर	VM	14	vmod
सितंबर	NNP	14	k7t
कर	VM	0	main
।	SYM	14	rsym

अदालत	NN	7	k1
आयोग	NNP	4	nmod
चुनाव	NN	4	r6
घोषणा	NN	7	k7
सुनवाई	NN	6	r6
तारीख	NN	7	k2
घटा	VM	0	main
।	SYM	7	rsym

खंडपीठ	NN	5	k1
आयोग	NNP	3	r6
वकील	NN	4	nmod
मुरलीधरन	NNP	5	k4
पूछा	VM	0	root
कि	CC	5	k2
अगर	CC	0	root
अदालत	NN	11	k1
शासन	NNP	11	k4
करार	NN	11	pof
देती	VM	7	ccof
तो	CC	0	root
प्रक्रिया	NN	14	r6-k1
क्या	WQ	15	pof
होगा	VM	12	ccof
NULL	CC	0	root
इस	PRP	19	k7
मुरलीधरन	NNP	19	k1
कहा	VM	16	ccof
कि	CC	19	k2
सितंबर	NNP	27	k7t
अधिसूचना	NN	24	k1
जारी	JJ	24	pof
होने	VM	27	k7t
प्रक्रिया	NN	27	k1
शुरू	NN	27	pof
हो	VM	28	ccof
और	CC	20	ccof
इसके	PRP	33	k7t
अदालत	NN	33	k1
मामले	NN	33	k7
हस्तक्षेप	NN	33	pof
कर	VM	28	ccof
।	SYM	16	rsym

लेकिन	CC	0	main
जवाब	NN	4	k2
संतुष्ट	JJ	4	pof
होने	VM	11	k7
अदालत	NN	11	k1
बनर्जी	NNP	8	ccof
सुब्रह्मण्यम्	NNP	8	ccof
और	CC	11	k4
सोराबजी	NNP	8	ccof
राय	NN	11	pof
ली	VM	1	ccof
।	SYM	1	rsym

तीनों	NN	3	k1
मत	NN	3	adv
कहा	VM	0	main
कि	CC	3	k2
शासन	NNP	7	k4
करार	NN	7	pof
देने	VM	11	k7
आयोग	NNP	11	k1
प्रक्रिया	NN	11	k2
रद्द	JJ	11	pof
करनी	VM	4	ccof
।	SYM	3	rsym

