मठ	NN	2	r6
परमाचार्य	NN	3	nmod
सरस्वती	NNP	4	r6
समारोह	NN	9	k1
शुक्रवार	NNP	9	k7t
सरस्वती	NNP	7	r6
गैरमौजूदगी	NN	9	k7
संपन्न	JJ	9	pof
हो	VM	0	main
।	SYM	9	rsym

मौका	NN	2	k1
है	VM	0	main
जब	PRP	8	k7t
समारोह	NN	5	r6
अध्यक्षता	NN	8	rt
सरस्वती	NNP	8	k1
उपस्थित	JJ	8	k1s
थे	VM	2	vmod
।	SYM	2	rsym

हत्याकांड	NN	2	r6
सिलसिले	NN	8	k7
नवंबर	NNP	5	k7t
गिरफ्तार	JJ	5	pof
होने	VM	8	k5
शंकराचार्य	NN	8	k1
हिरासत	NN	8	k7
हैं	VM	9	ccof
और	CC	0	main
जेल	NN	12	k7p
बंद	JJ	12	k1s
हैं	VM	9	ccof
।	SYM	9	rsym

यज्ञों	NN	3	ccof
मंत्रों	NN	3	ccof
और	CC	6	k2
विद्वानों	NN	3	ccof
अलंकृत	JJ	6	pof
करने	VM	9	k7
समारोह	NN	9	k1
दिन	NN	9	k7t
चला	VM	10	ccof
और	CC	0	main
शुक्रवार	NNP	20	k7t
मठ	NN	13	jjmod
स्थित	JJ	14	nmod
समाधि	NN	20	k7p
श्रद्धालुओं	NN	20	k7
आराधना	NN	17	ccof
और	CC	20	ras-pof
पूजा	NN	17	ccof
संपन्न	JJ	20	pof
हुआ	VM	10	ccof
।	SYM	10	rsym

परमाचार्य	NN	0	k1
१९९३	NNP	0	k7t
मुक्ति	NN	0	k2
प्राप्त	JJ	0	pof
करने	VM	0	k7t
वर्ष	NN	0	k7t
समारोह	NN	0	k2
आयोजित	JJ	0	pof
किया	VM	0	main
जिसमें	PRP	0	k7
संख्या	NN	0	k7
श्रद्धालु	NN	0	k1
हिस्सा	NN	0	pof
लेते	VM	0	nmod__relc
।	SYM	0	rsym

हालांकि	CC	0	main
बार	NN	11	k7t
सरस्वती	NNP	4	r6
गैरमौजूदगी	NN	11	k1
मौके	NN	6	jjmod
मौजूद	JJ	7	nmod
व्यक्तियों	NN	11	k7
चर्चा	NN	9	r6
विषय	NN	11	k2
जरूर	RB	11	adv
रही	VM	12	ccof
लेकिन	CC	1	ccof
देश	NN	14	k2p
आने	VM	15	nmod
श्रद्धालुओं	NN	16	r6
संख्या	NN	18	k7
कमी	NN	18	k1
देखी	VM	12	ccof
।	SYM	1	rsym

समारोह	NN	10	k7t
सरस्वती	NNP	10	k1
यज्ञ	NN	4	ccof
और	CC	10	k7t
भजन	NN	4	ccof
आहुति	NN	7	k2
देने	VM	10	k7t
कलश	NN	10	k2
ग्रहण	NN	10	pof
किया	VM	0	main
।	SYM	10	rsym

मौके	NN	2	jjmod
मौजूद	JJ	4	nmod
कर्नाटक	NNP	4	r6
पीठाधिपति	NN	5	nmod
स्वामी	NNP	10	k1
आदिस्थानम	NN	10	k4
अपनी	PRP	8	r6
श्रद्धांजलि	NN	10	k2
अर्पित	JJ	10	pof
की	VM	0	main
।	SYM	10	rsym

