युद्ध	NN	6	k7
गठित	JJ	3	nmod
समिति	NNP	4	r6
रिपोर्ट	NN	6	k2
खारिज	JJ	6	pof
करते	VM	7	nmod__k1inv
सिंह	NNP	9	k1
आरोप	NN	9	pof
लगाया	VM	0	main
कि	CC	9	k2
दृष्टिकोण	NN	12	jjmod
महत्वपूर्ण	JJ	13	nmod
सेक्टर	NNP	14	r6
चौकी	NN	18	k1
अब	PRP	18	k7t
पाकिस्तान	NNP	17	r6
कब्जे	NN	18	k7
है	VM	10	ccof
।	SYM	9	rsym

क्षेत्र	NN	5	k7p
घुसपैठ	NN	5	k7
पहले	NST	5	k7t
जानकारी	NN	5	k2
देने	VM	6	nmod
सिंह	NNP	7	k1
कहा	VM	0	main
कि	CC	7	k2
हिल	NNP	10	nmod
रेखा	NN	11	r6
मीटर	NN	12	jjmod
स्थित	JJ	13	nmod
५३५३	NNP	17	k1
अब	PRP	17	k7t
पाकिस्तान	NNP	16	r6
कब्जे	NN	17	k7
है	VM	8	ccof
।	SYM	7	rsym

युद्ध	NN	4	k7t
सिंह	NNP	4	k1
कमांडर	NN	4	k1s
थे	VM	0	main
।	SYM	4	rsym

सिंह	NNP	8	k1
समिति	NNP	3	r6
रिपोर्ट	NN	4	r6
जज	NN	6	k4
जांच	NN	6	pof
कराने	VM	7	r6-k2
मांग	NN	8	pof
की	VM	0	main
।	SYM	8	rsym

साथ	NST	12	sent-adv
उन्होंने	PRP	12	k1
मुखर्जी	NNP	12	k5
५३५३	NNP	8	k7p
उपस्थिति	NN	6	r6
सच्चाई	NN	8	k7
पता	NN	8	pof
लगाने	VM	10	rt
दखल	NN	10	pof
देने	VM	11	r6-k2
मांग	NN	12	pof
की	VM	0	main
।	SYM	12	rsym

सिंह	NNP	0	k1
आरोप	NN	0	k2
लगाया	VM	0	main
कि	CC	0	rs
समिति	NN	0	r6-k2
गठन	NN	0	pof
सरकार	NN	0	r6
विफलता	NN	0	k2
छिपाने	VM	0	vmod
अधिकारियों	NN	0	k2
बचाने	VM	0	rt
किया	VM	0	ccof
।	SYM	0	rsym

लड़ाई	NN	2	r6
दिनों	NN	4	k2
याद	NN	4	pof
करते	VM	5	nmod__k1inv
सिंह	NNP	6	k1
कहा	VM	0	main
कि	CC	6	k2
हिल	NNP	9	ccof
और	CC	17	k7p
तोलोलिंग	NNP	9	ccof
हमले	NN	17	k7t
सैनिकों	NN	17	k1
५३५३	NNP	17	k5
हमारी	PRP	15	nmod
सेना	NN	17	k7
गोलीबारी	NN	17	pof
की	VM	7	ccof
।	SYM	6	rsym

उन्होंने	PRP	0	k1
कहा	VM	0	main
कि	CC	0	k2
उपग्रह	NN	0	r6
चित्रों	NN	0	k3
यह	PRP	0	k2
पता	NN	0	pof
चला	VM	0	ccof
कि	CC	0	rs
सेना	NN	0	k1
चौकी	NN	0	k7p
अपना	PRP	0	r6-k2
कब्जा	NN	0	pof
जमाया	VM	0	ccof
।	SYM	0	rsym

